ARM GAS  C:\Users\phamt\AppData\Local\Temp\ccsYNc9w.s 			page 1


   1              		.cpu cortex-m4
   2              		.arch armv7e-m
   3              		.fpu fpv4-sp-d16
   4              		.eabi_attribute 27, 1
   5              		.eabi_attribute 28, 1
   6              		.eabi_attribute 20, 1
   7              		.eabi_attribute 21, 1
   8              		.eabi_attribute 23, 3
   9              		.eabi_attribute 24, 1
  10              		.eabi_attribute 25, 1
  11              		.eabi_attribute 26, 1
  12              		.eabi_attribute 30, 6
  13              		.eabi_attribute 34, 1
  14              		.eabi_attribute 18, 4
  15              		.file	"event_groups.c"
  16              		.text
  17              		.section	.text.xEventGroupCreate,"ax",%progbits
  18              		.align	1
  19              		.global	xEventGroupCreate
  20              		.syntax unified
  21              		.thumb
  22              		.thumb_func
  24              	xEventGroupCreate:
  25              		@ args = 0, pretend = 0, frame = 8
  26              		@ frame_needed = 1, uses_anonymous_args = 0
  27 0000 80B5     		push	{r7, lr}
  28 0002 82B0     		sub	sp, sp, #8
  29 0004 00AF     		add	r7, sp, #0
  30 0006 1C20     		movs	r0, #28
  31 0008 FFF7FEFF 		bl	pvPortMalloc
  32 000c 7860     		str	r0, [r7, #4]
  33 000e 7B68     		ldr	r3, [r7, #4]
  34 0010 002B     		cmp	r3, #0
  35 0012 07D0     		beq	.L2
  36 0014 7B68     		ldr	r3, [r7, #4]
  37 0016 0022     		movs	r2, #0
  38 0018 1A60     		str	r2, [r3]
  39 001a 7B68     		ldr	r3, [r7, #4]
  40 001c 0433     		adds	r3, r3, #4
  41 001e 1846     		mov	r0, r3
  42 0020 FFF7FEFF 		bl	vListInitialise
  43              	.L2:
  44 0024 7B68     		ldr	r3, [r7, #4]
  45 0026 1846     		mov	r0, r3
  46 0028 0837     		adds	r7, r7, #8
  47 002a BD46     		mov	sp, r7
  48              		@ sp needed
  49 002c 80BD     		pop	{r7, pc}
  51              		.section	.text.xEventGroupSync,"ax",%progbits
  52              		.align	1
  53              		.global	xEventGroupSync
  54              		.syntax unified
  55              		.thumb
  56              		.thumb_func
  58              	xEventGroupSync:
  59              		@ args = 0, pretend = 0, frame = 48
  60              		@ frame_needed = 1, uses_anonymous_args = 0
ARM GAS  C:\Users\phamt\AppData\Local\Temp\ccsYNc9w.s 			page 2


  61 0000 80B5     		push	{r7, lr}
  62 0002 8CB0     		sub	sp, sp, #48
  63 0004 00AF     		add	r7, sp, #0
  64 0006 F860     		str	r0, [r7, #12]
  65 0008 B960     		str	r1, [r7, #8]
  66 000a 7A60     		str	r2, [r7, #4]
  67 000c 3B60     		str	r3, [r7]
  68 000e FB68     		ldr	r3, [r7, #12]
  69 0010 BB62     		str	r3, [r7, #40]
  70 0012 0023     		movs	r3, #0
  71 0014 7B62     		str	r3, [r7, #36]
  72 0016 7B68     		ldr	r3, [r7, #4]
  73 0018 03F07F43 		and	r3, r3, #-16777216
  74 001c 002B     		cmp	r3, #0
  75 001e 0AD0     		beq	.L5
  76              		.syntax unified
  77              	@ 217 "FreeRTOS/portable/GCC/ARM_CM4F/portmacro.h" 1
  78 0020 4FF05003 		   mov r3, #80                                              
  79 0024 83F31188 	   msr basepri, r3                                         
  80 0028 BFF36F8F 	   isb                                                     
  81 002c BFF34F8F 	   dsb                                                     
  82              	
  83              	@ 0 "" 2
  84              		.thumb
  85              		.syntax unified
  86 0030 BB61     		str	r3, [r7, #24]
  87 0032 00BF     		nop
  88              	.L6:
  89 0034 FEE7     		b	.L6
  90              	.L5:
  91 0036 7B68     		ldr	r3, [r7, #4]
  92 0038 002B     		cmp	r3, #0
  93 003a 0AD1     		bne	.L7
  94              		.syntax unified
  95              	@ 217 "FreeRTOS/portable/GCC/ARM_CM4F/portmacro.h" 1
  96 003c 4FF05003 		   mov r3, #80                                              
  97 0040 83F31188 	   msr basepri, r3                                         
  98 0044 BFF36F8F 	   isb                                                     
  99 0048 BFF34F8F 	   dsb                                                     
 100              	
 101              	@ 0 "" 2
 102              		.thumb
 103              		.syntax unified
 104 004c 7B61     		str	r3, [r7, #20]
 105 004e 00BF     		nop
 106              	.L8:
 107 0050 FEE7     		b	.L8
 108              	.L7:
 109 0052 FFF7FEFF 		bl	xTaskGetSchedulerState
 110 0056 0346     		mov	r3, r0
 111 0058 002B     		cmp	r3, #0
 112 005a 02D1     		bne	.L9
 113 005c 3B68     		ldr	r3, [r7]
 114 005e 002B     		cmp	r3, #0
 115 0060 01D1     		bne	.L10
 116              	.L9:
 117 0062 0123     		movs	r3, #1
ARM GAS  C:\Users\phamt\AppData\Local\Temp\ccsYNc9w.s 			page 3


 118 0064 00E0     		b	.L11
 119              	.L10:
 120 0066 0023     		movs	r3, #0
 121              	.L11:
 122 0068 002B     		cmp	r3, #0
 123 006a 0AD1     		bne	.L12
 124              		.syntax unified
 125              	@ 217 "FreeRTOS/portable/GCC/ARM_CM4F/portmacro.h" 1
 126 006c 4FF05003 		   mov r3, #80                                              
 127 0070 83F31188 	   msr basepri, r3                                         
 128 0074 BFF36F8F 	   isb                                                     
 129 0078 BFF34F8F 	   dsb                                                     
 130              	
 131              	@ 0 "" 2
 132              		.thumb
 133              		.syntax unified
 134 007c 3B61     		str	r3, [r7, #16]
 135 007e 00BF     		nop
 136              	.L13:
 137 0080 FEE7     		b	.L13
 138              	.L12:
 139 0082 FFF7FEFF 		bl	vTaskSuspendAll
 140 0086 BB6A     		ldr	r3, [r7, #40]
 141 0088 1B68     		ldr	r3, [r3]
 142 008a 3B62     		str	r3, [r7, #32]
 143 008c B968     		ldr	r1, [r7, #8]
 144 008e F868     		ldr	r0, [r7, #12]
 145 0090 FFF7FEFF 		bl	xEventGroupSetBits
 146 0094 3A6A     		ldr	r2, [r7, #32]
 147 0096 BB68     		ldr	r3, [r7, #8]
 148 0098 1A43     		orrs	r2, r2, r3
 149 009a 7B68     		ldr	r3, [r7, #4]
 150 009c 1340     		ands	r3, r3, r2
 151 009e 7A68     		ldr	r2, [r7, #4]
 152 00a0 9A42     		cmp	r2, r3
 153 00a2 0DD1     		bne	.L14
 154 00a4 3A6A     		ldr	r2, [r7, #32]
 155 00a6 BB68     		ldr	r3, [r7, #8]
 156 00a8 1343     		orrs	r3, r3, r2
 157 00aa FB62     		str	r3, [r7, #44]
 158 00ac BB6A     		ldr	r3, [r7, #40]
 159 00ae 1A68     		ldr	r2, [r3]
 160 00b0 7B68     		ldr	r3, [r7, #4]
 161 00b2 DB43     		mvns	r3, r3
 162 00b4 1A40     		ands	r2, r2, r3
 163 00b6 BB6A     		ldr	r3, [r7, #40]
 164 00b8 1A60     		str	r2, [r3]
 165 00ba 0023     		movs	r3, #0
 166 00bc 3B60     		str	r3, [r7]
 167 00be 13E0     		b	.L15
 168              	.L14:
 169 00c0 3B68     		ldr	r3, [r7]
 170 00c2 002B     		cmp	r3, #0
 171 00c4 0BD0     		beq	.L16
 172 00c6 BB6A     		ldr	r3, [r7, #40]
 173 00c8 181D     		adds	r0, r3, #4
 174 00ca 7B68     		ldr	r3, [r7, #4]
ARM GAS  C:\Users\phamt\AppData\Local\Temp\ccsYNc9w.s 			page 4


 175 00cc 43F0A063 		orr	r3, r3, #83886080
 176 00d0 3A68     		ldr	r2, [r7]
 177 00d2 1946     		mov	r1, r3
 178 00d4 FFF7FEFF 		bl	vTaskPlaceOnUnorderedEventList
 179 00d8 0023     		movs	r3, #0
 180 00da FB62     		str	r3, [r7, #44]
 181 00dc 04E0     		b	.L15
 182              	.L16:
 183 00de BB6A     		ldr	r3, [r7, #40]
 184 00e0 1B68     		ldr	r3, [r3]
 185 00e2 FB62     		str	r3, [r7, #44]
 186 00e4 0123     		movs	r3, #1
 187 00e6 7B62     		str	r3, [r7, #36]
 188              	.L15:
 189 00e8 FFF7FEFF 		bl	xTaskResumeAll
 190 00ec F861     		str	r0, [r7, #28]
 191 00ee 3B68     		ldr	r3, [r7]
 192 00f0 002B     		cmp	r3, #0
 193 00f2 2CD0     		beq	.L17
 194 00f4 FB69     		ldr	r3, [r7, #28]
 195 00f6 002B     		cmp	r3, #0
 196 00f8 07D1     		bne	.L18
 197 00fa 174B     		ldr	r3, .L22
 198 00fc 4FF08052 		mov	r2, #268435456
 199 0100 1A60     		str	r2, [r3]
 200              		.syntax unified
 201              	@ 254 "FreeRTOS/event_groups.c" 1
 202 0102 BFF34F8F 		dsb
 203              	@ 0 "" 2
 204              	@ 254 "FreeRTOS/event_groups.c" 1
 205 0106 BFF36F8F 		isb
 206              	@ 0 "" 2
 207              		.thumb
 208              		.syntax unified
 209              	.L18:
 210 010a FFF7FEFF 		bl	uxTaskResetEventItemValue
 211 010e F862     		str	r0, [r7, #44]
 212 0110 FB6A     		ldr	r3, [r7, #44]
 213 0112 03F00073 		and	r3, r3, #33554432
 214 0116 002B     		cmp	r3, #0
 215 0118 15D1     		bne	.L19
 216 011a FFF7FEFF 		bl	vPortEnterCritical
 217 011e BB6A     		ldr	r3, [r7, #40]
 218 0120 1B68     		ldr	r3, [r3]
 219 0122 FB62     		str	r3, [r7, #44]
 220 0124 FA6A     		ldr	r2, [r7, #44]
 221 0126 7B68     		ldr	r3, [r7, #4]
 222 0128 1340     		ands	r3, r3, r2
 223 012a 7A68     		ldr	r2, [r7, #4]
 224 012c 9A42     		cmp	r2, r3
 225 012e 06D1     		bne	.L20
 226 0130 BB6A     		ldr	r3, [r7, #40]
 227 0132 1A68     		ldr	r2, [r3]
 228 0134 7B68     		ldr	r3, [r7, #4]
 229 0136 DB43     		mvns	r3, r3
 230 0138 1A40     		ands	r2, r2, r3
 231 013a BB6A     		ldr	r3, [r7, #40]
ARM GAS  C:\Users\phamt\AppData\Local\Temp\ccsYNc9w.s 			page 5


 232 013c 1A60     		str	r2, [r3]
 233              	.L20:
 234 013e FFF7FEFF 		bl	vPortExitCritical
 235 0142 0123     		movs	r3, #1
 236 0144 7B62     		str	r3, [r7, #36]
 237              	.L19:
 238 0146 FB6A     		ldr	r3, [r7, #44]
 239 0148 23F07F43 		bic	r3, r3, #-16777216
 240 014c FB62     		str	r3, [r7, #44]
 241              	.L17:
 242 014e FB6A     		ldr	r3, [r7, #44]
 243 0150 1846     		mov	r0, r3
 244 0152 3037     		adds	r7, r7, #48
 245 0154 BD46     		mov	sp, r7
 246              		@ sp needed
 247 0156 80BD     		pop	{r7, pc}
 248              	.L23:
 249              		.align	2
 250              	.L22:
 251 0158 04ED00E0 		.word	-536810236
 253              		.section	.text.xEventGroupWaitBits,"ax",%progbits
 254              		.align	1
 255              		.global	xEventGroupWaitBits
 256              		.syntax unified
 257              		.thumb
 258              		.thumb_func
 260              	xEventGroupWaitBits:
 261              		@ args = 4, pretend = 0, frame = 64
 262              		@ frame_needed = 1, uses_anonymous_args = 0
 263 0000 80B5     		push	{r7, lr}
 264 0002 90B0     		sub	sp, sp, #64
 265 0004 00AF     		add	r7, sp, #0
 266 0006 F860     		str	r0, [r7, #12]
 267 0008 B960     		str	r1, [r7, #8]
 268 000a 7A60     		str	r2, [r7, #4]
 269 000c 3B60     		str	r3, [r7]
 270 000e FB68     		ldr	r3, [r7, #12]
 271 0010 7B63     		str	r3, [r7, #52]
 272 0012 0023     		movs	r3, #0
 273 0014 BB63     		str	r3, [r7, #56]
 274 0016 0023     		movs	r3, #0
 275 0018 3B63     		str	r3, [r7, #48]
 276 001a FB68     		ldr	r3, [r7, #12]
 277 001c 002B     		cmp	r3, #0
 278 001e 0AD1     		bne	.L25
 279              		.syntax unified
 280              	@ 217 "FreeRTOS/portable/GCC/ARM_CM4F/portmacro.h" 1
 281 0020 4FF05003 		   mov r3, #80                                              
 282 0024 83F31188 	   msr basepri, r3                                         
 283 0028 BFF36F8F 	   isb                                                     
 284 002c BFF34F8F 	   dsb                                                     
 285              	
 286              	@ 0 "" 2
 287              		.thumb
 288              		.syntax unified
 289 0030 3B62     		str	r3, [r7, #32]
 290 0032 00BF     		nop
ARM GAS  C:\Users\phamt\AppData\Local\Temp\ccsYNc9w.s 			page 6


 291              	.L26:
 292 0034 FEE7     		b	.L26
 293              	.L25:
 294 0036 BB68     		ldr	r3, [r7, #8]
 295 0038 03F07F43 		and	r3, r3, #-16777216
 296 003c 002B     		cmp	r3, #0
 297 003e 0AD0     		beq	.L27
 298              		.syntax unified
 299              	@ 217 "FreeRTOS/portable/GCC/ARM_CM4F/portmacro.h" 1
 300 0040 4FF05003 		   mov r3, #80                                              
 301 0044 83F31188 	   msr basepri, r3                                         
 302 0048 BFF36F8F 	   isb                                                     
 303 004c BFF34F8F 	   dsb                                                     
 304              	
 305              	@ 0 "" 2
 306              		.thumb
 307              		.syntax unified
 308 0050 FB61     		str	r3, [r7, #28]
 309 0052 00BF     		nop
 310              	.L28:
 311 0054 FEE7     		b	.L28
 312              	.L27:
 313 0056 BB68     		ldr	r3, [r7, #8]
 314 0058 002B     		cmp	r3, #0
 315 005a 0AD1     		bne	.L29
 316              		.syntax unified
 317              	@ 217 "FreeRTOS/portable/GCC/ARM_CM4F/portmacro.h" 1
 318 005c 4FF05003 		   mov r3, #80                                              
 319 0060 83F31188 	   msr basepri, r3                                         
 320 0064 BFF36F8F 	   isb                                                     
 321 0068 BFF34F8F 	   dsb                                                     
 322              	
 323              	@ 0 "" 2
 324              		.thumb
 325              		.syntax unified
 326 006c BB61     		str	r3, [r7, #24]
 327 006e 00BF     		nop
 328              	.L30:
 329 0070 FEE7     		b	.L30
 330              	.L29:
 331 0072 FFF7FEFF 		bl	xTaskGetSchedulerState
 332 0076 0346     		mov	r3, r0
 333 0078 002B     		cmp	r3, #0
 334 007a 02D1     		bne	.L31
 335 007c BB6C     		ldr	r3, [r7, #72]
 336 007e 002B     		cmp	r3, #0
 337 0080 01D1     		bne	.L32
 338              	.L31:
 339 0082 0123     		movs	r3, #1
 340 0084 00E0     		b	.L33
 341              	.L32:
 342 0086 0023     		movs	r3, #0
 343              	.L33:
 344 0088 002B     		cmp	r3, #0
 345 008a 0AD1     		bne	.L34
 346              		.syntax unified
 347              	@ 217 "FreeRTOS/portable/GCC/ARM_CM4F/portmacro.h" 1
ARM GAS  C:\Users\phamt\AppData\Local\Temp\ccsYNc9w.s 			page 7


 348 008c 4FF05003 		   mov r3, #80                                              
 349 0090 83F31188 	   msr basepri, r3                                         
 350 0094 BFF36F8F 	   isb                                                     
 351 0098 BFF34F8F 	   dsb                                                     
 352              	
 353              	@ 0 "" 2
 354              		.thumb
 355              		.syntax unified
 356 009c 7B61     		str	r3, [r7, #20]
 357 009e 00BF     		nop
 358              	.L35:
 359 00a0 FEE7     		b	.L35
 360              	.L34:
 361 00a2 FFF7FEFF 		bl	vTaskSuspendAll
 362 00a6 7B6B     		ldr	r3, [r7, #52]
 363 00a8 1B68     		ldr	r3, [r3]
 364 00aa FB62     		str	r3, [r7, #44]
 365 00ac 3A68     		ldr	r2, [r7]
 366 00ae B968     		ldr	r1, [r7, #8]
 367 00b0 F86A     		ldr	r0, [r7, #44]
 368 00b2 FFF7FEFF 		bl	prvTestWaitCondition
 369 00b6 B862     		str	r0, [r7, #40]
 370 00b8 BB6A     		ldr	r3, [r7, #40]
 371 00ba 002B     		cmp	r3, #0
 372 00bc 0ED0     		beq	.L36
 373 00be FB6A     		ldr	r3, [r7, #44]
 374 00c0 FB63     		str	r3, [r7, #60]
 375 00c2 0023     		movs	r3, #0
 376 00c4 BB64     		str	r3, [r7, #72]
 377 00c6 7B68     		ldr	r3, [r7, #4]
 378 00c8 002B     		cmp	r3, #0
 379 00ca 28D0     		beq	.L37
 380 00cc 7B6B     		ldr	r3, [r7, #52]
 381 00ce 1A68     		ldr	r2, [r3]
 382 00d0 BB68     		ldr	r3, [r7, #8]
 383 00d2 DB43     		mvns	r3, r3
 384 00d4 1A40     		ands	r2, r2, r3
 385 00d6 7B6B     		ldr	r3, [r7, #52]
 386 00d8 1A60     		str	r2, [r3]
 387 00da 20E0     		b	.L37
 388              	.L36:
 389 00dc BB6C     		ldr	r3, [r7, #72]
 390 00de 002B     		cmp	r3, #0
 391 00e0 04D1     		bne	.L38
 392 00e2 FB6A     		ldr	r3, [r7, #44]
 393 00e4 FB63     		str	r3, [r7, #60]
 394 00e6 0123     		movs	r3, #1
 395 00e8 3B63     		str	r3, [r7, #48]
 396 00ea 18E0     		b	.L37
 397              	.L38:
 398 00ec 7B68     		ldr	r3, [r7, #4]
 399 00ee 002B     		cmp	r3, #0
 400 00f0 03D0     		beq	.L39
 401 00f2 BB6B     		ldr	r3, [r7, #56]
 402 00f4 43F08073 		orr	r3, r3, #16777216
 403 00f8 BB63     		str	r3, [r7, #56]
 404              	.L39:
ARM GAS  C:\Users\phamt\AppData\Local\Temp\ccsYNc9w.s 			page 8


 405 00fa 3B68     		ldr	r3, [r7]
 406 00fc 002B     		cmp	r3, #0
 407 00fe 03D0     		beq	.L40
 408 0100 BB6B     		ldr	r3, [r7, #56]
 409 0102 43F08063 		orr	r3, r3, #67108864
 410 0106 BB63     		str	r3, [r7, #56]
 411              	.L40:
 412 0108 7B6B     		ldr	r3, [r7, #52]
 413 010a 181D     		adds	r0, r3, #4
 414 010c BA68     		ldr	r2, [r7, #8]
 415 010e BB6B     		ldr	r3, [r7, #56]
 416 0110 1343     		orrs	r3, r3, r2
 417 0112 BA6C     		ldr	r2, [r7, #72]
 418 0114 1946     		mov	r1, r3
 419 0116 FFF7FEFF 		bl	vTaskPlaceOnUnorderedEventList
 420 011a 0023     		movs	r3, #0
 421 011c FB63     		str	r3, [r7, #60]
 422              	.L37:
 423 011e FFF7FEFF 		bl	xTaskResumeAll
 424 0122 7862     		str	r0, [r7, #36]
 425 0124 BB6C     		ldr	r3, [r7, #72]
 426 0126 002B     		cmp	r3, #0
 427 0128 31D0     		beq	.L41
 428 012a 7B6A     		ldr	r3, [r7, #36]
 429 012c 002B     		cmp	r3, #0
 430 012e 07D1     		bne	.L42
 431 0130 194B     		ldr	r3, .L46
 432 0132 4FF08052 		mov	r2, #268435456
 433 0136 1A60     		str	r2, [r3]
 434              		.syntax unified
 435              	@ 410 "FreeRTOS/event_groups.c" 1
 436 0138 BFF34F8F 		dsb
 437              	@ 0 "" 2
 438              	@ 410 "FreeRTOS/event_groups.c" 1
 439 013c BFF36F8F 		isb
 440              	@ 0 "" 2
 441              		.thumb
 442              		.syntax unified
 443              	.L42:
 444 0140 FFF7FEFF 		bl	uxTaskResetEventItemValue
 445 0144 F863     		str	r0, [r7, #60]
 446 0146 FB6B     		ldr	r3, [r7, #60]
 447 0148 03F00073 		and	r3, r3, #33554432
 448 014c 002B     		cmp	r3, #0
 449 014e 1AD1     		bne	.L43
 450 0150 FFF7FEFF 		bl	vPortEnterCritical
 451 0154 7B6B     		ldr	r3, [r7, #52]
 452 0156 1B68     		ldr	r3, [r3]
 453 0158 FB63     		str	r3, [r7, #60]
 454 015a 3A68     		ldr	r2, [r7]
 455 015c B968     		ldr	r1, [r7, #8]
 456 015e F86B     		ldr	r0, [r7, #60]
 457 0160 FFF7FEFF 		bl	prvTestWaitCondition
 458 0164 0346     		mov	r3, r0
 459 0166 002B     		cmp	r3, #0
 460 0168 09D0     		beq	.L44
 461 016a 7B68     		ldr	r3, [r7, #4]
ARM GAS  C:\Users\phamt\AppData\Local\Temp\ccsYNc9w.s 			page 9


 462 016c 002B     		cmp	r3, #0
 463 016e 06D0     		beq	.L44
 464 0170 7B6B     		ldr	r3, [r7, #52]
 465 0172 1A68     		ldr	r2, [r3]
 466 0174 BB68     		ldr	r3, [r7, #8]
 467 0176 DB43     		mvns	r3, r3
 468 0178 1A40     		ands	r2, r2, r3
 469 017a 7B6B     		ldr	r3, [r7, #52]
 470 017c 1A60     		str	r2, [r3]
 471              	.L44:
 472 017e 0123     		movs	r3, #1
 473 0180 3B63     		str	r3, [r7, #48]
 474 0182 FFF7FEFF 		bl	vPortExitCritical
 475              	.L43:
 476 0186 FB6B     		ldr	r3, [r7, #60]
 477 0188 23F07F43 		bic	r3, r3, #-16777216
 478 018c FB63     		str	r3, [r7, #60]
 479              	.L41:
 480 018e FB6B     		ldr	r3, [r7, #60]
 481 0190 1846     		mov	r0, r3
 482 0192 4037     		adds	r7, r7, #64
 483 0194 BD46     		mov	sp, r7
 484              		@ sp needed
 485 0196 80BD     		pop	{r7, pc}
 486              	.L47:
 487              		.align	2
 488              	.L46:
 489 0198 04ED00E0 		.word	-536810236
 491              		.section	.text.xEventGroupClearBits,"ax",%progbits
 492              		.align	1
 493              		.global	xEventGroupClearBits
 494              		.syntax unified
 495              		.thumb
 496              		.thumb_func
 498              	xEventGroupClearBits:
 499              		@ args = 0, pretend = 0, frame = 24
 500              		@ frame_needed = 1, uses_anonymous_args = 0
 501 0000 80B5     		push	{r7, lr}
 502 0002 86B0     		sub	sp, sp, #24
 503 0004 00AF     		add	r7, sp, #0
 504 0006 7860     		str	r0, [r7, #4]
 505 0008 3960     		str	r1, [r7]
 506 000a 7B68     		ldr	r3, [r7, #4]
 507 000c 7B61     		str	r3, [r7, #20]
 508 000e 7B68     		ldr	r3, [r7, #4]
 509 0010 002B     		cmp	r3, #0
 510 0012 0AD1     		bne	.L49
 511              		.syntax unified
 512              	@ 217 "FreeRTOS/portable/GCC/ARM_CM4F/portmacro.h" 1
 513 0014 4FF05003 		   mov r3, #80                                              
 514 0018 83F31188 	   msr basepri, r3                                         
 515 001c BFF36F8F 	   isb                                                     
 516 0020 BFF34F8F 	   dsb                                                     
 517              	
 518              	@ 0 "" 2
 519              		.thumb
 520              		.syntax unified
ARM GAS  C:\Users\phamt\AppData\Local\Temp\ccsYNc9w.s 			page 10


 521 0024 FB60     		str	r3, [r7, #12]
 522 0026 00BF     		nop
 523              	.L50:
 524 0028 FEE7     		b	.L50
 525              	.L49:
 526 002a 3B68     		ldr	r3, [r7]
 527 002c 03F07F43 		and	r3, r3, #-16777216
 528 0030 002B     		cmp	r3, #0
 529 0032 0AD0     		beq	.L51
 530              		.syntax unified
 531              	@ 217 "FreeRTOS/portable/GCC/ARM_CM4F/portmacro.h" 1
 532 0034 4FF05003 		   mov r3, #80                                              
 533 0038 83F31188 	   msr basepri, r3                                         
 534 003c BFF36F8F 	   isb                                                     
 535 0040 BFF34F8F 	   dsb                                                     
 536              	
 537              	@ 0 "" 2
 538              		.thumb
 539              		.syntax unified
 540 0044 BB60     		str	r3, [r7, #8]
 541 0046 00BF     		nop
 542              	.L52:
 543 0048 FEE7     		b	.L52
 544              	.L51:
 545 004a FFF7FEFF 		bl	vPortEnterCritical
 546 004e 7B69     		ldr	r3, [r7, #20]
 547 0050 1B68     		ldr	r3, [r3]
 548 0052 3B61     		str	r3, [r7, #16]
 549 0054 7B69     		ldr	r3, [r7, #20]
 550 0056 1A68     		ldr	r2, [r3]
 551 0058 3B68     		ldr	r3, [r7]
 552 005a DB43     		mvns	r3, r3
 553 005c 1A40     		ands	r2, r2, r3
 554 005e 7B69     		ldr	r3, [r7, #20]
 555 0060 1A60     		str	r2, [r3]
 556 0062 FFF7FEFF 		bl	vPortExitCritical
 557 0066 3B69     		ldr	r3, [r7, #16]
 558 0068 1846     		mov	r0, r3
 559 006a 1837     		adds	r7, r7, #24
 560 006c BD46     		mov	sp, r7
 561              		@ sp needed
 562 006e 80BD     		pop	{r7, pc}
 564              		.section	.text.xEventGroupClearBitsFromISR,"ax",%progbits
 565              		.align	1
 566              		.global	xEventGroupClearBitsFromISR
 567              		.syntax unified
 568              		.thumb
 569              		.thumb_func
 571              	xEventGroupClearBitsFromISR:
 572              		@ args = 0, pretend = 0, frame = 16
 573              		@ frame_needed = 1, uses_anonymous_args = 0
 574 0000 80B5     		push	{r7, lr}
 575 0002 84B0     		sub	sp, sp, #16
 576 0004 00AF     		add	r7, sp, #0
 577 0006 7860     		str	r0, [r7, #4]
 578 0008 3960     		str	r1, [r7]
 579 000a 0023     		movs	r3, #0
ARM GAS  C:\Users\phamt\AppData\Local\Temp\ccsYNc9w.s 			page 11


 580 000c 3A68     		ldr	r2, [r7]
 581 000e 7968     		ldr	r1, [r7, #4]
 582 0010 0448     		ldr	r0, .L56
 583 0012 FFF7FEFF 		bl	xTimerPendFunctionCallFromISR
 584 0016 F860     		str	r0, [r7, #12]
 585 0018 FB68     		ldr	r3, [r7, #12]
 586 001a 1846     		mov	r0, r3
 587 001c 1037     		adds	r7, r7, #16
 588 001e BD46     		mov	sp, r7
 589              		@ sp needed
 590 0020 80BD     		pop	{r7, pc}
 591              	.L57:
 592 0022 00BF     		.align	2
 593              	.L56:
 594 0024 00000000 		.word	vEventGroupClearBitsCallback
 596              		.section	.text.xEventGroupGetBitsFromISR,"ax",%progbits
 597              		.align	1
 598              		.global	xEventGroupGetBitsFromISR
 599              		.syntax unified
 600              		.thumb
 601              		.thumb_func
 603              	xEventGroupGetBitsFromISR:
 604              		@ args = 0, pretend = 0, frame = 32
 605              		@ frame_needed = 1, uses_anonymous_args = 0
 606              		@ link register save eliminated.
 607 0000 80B4     		push	{r7}
 608 0002 89B0     		sub	sp, sp, #36
 609 0004 00AF     		add	r7, sp, #0
 610 0006 7860     		str	r0, [r7, #4]
 611 0008 7B68     		ldr	r3, [r7, #4]
 612 000a FB61     		str	r3, [r7, #28]
 613              		.syntax unified
 614              	@ 233 "FreeRTOS/portable/GCC/ARM_CM4F/portmacro.h" 1
 615 000c EFF31182 		   mrs r2, basepri                                         
 616 0010 4FF05003 	   mov r3, #80                                              
 617 0014 83F31188 	   msr basepri, r3                                         
 618 0018 BFF36F8F 	   isb                                                     
 619 001c BFF34F8F 	   dsb                                                     
 620              	
 621              	@ 0 "" 2
 622              		.thumb
 623              		.syntax unified
 624 0020 FA60     		str	r2, [r7, #12]
 625 0022 BB60     		str	r3, [r7, #8]
 626 0024 FB68     		ldr	r3, [r7, #12]
 627 0026 BB61     		str	r3, [r7, #24]
 628 0028 FB69     		ldr	r3, [r7, #28]
 629 002a 1B68     		ldr	r3, [r3]
 630 002c 7B61     		str	r3, [r7, #20]
 631 002e BB69     		ldr	r3, [r7, #24]
 632 0030 3B61     		str	r3, [r7, #16]
 633 0032 3B69     		ldr	r3, [r7, #16]
 634              		.syntax unified
 635              	@ 251 "FreeRTOS/portable/GCC/ARM_CM4F/portmacro.h" 1
 636 0034 83F31188 		   msr basepri, r3 
 637              	@ 0 "" 2
 638              		.thumb
ARM GAS  C:\Users\phamt\AppData\Local\Temp\ccsYNc9w.s 			page 12


 639              		.syntax unified
 640 0038 00BF     		nop
 641 003a 7B69     		ldr	r3, [r7, #20]
 642 003c 1846     		mov	r0, r3
 643 003e 2437     		adds	r7, r7, #36
 644 0040 BD46     		mov	sp, r7
 645              		@ sp needed
 646 0042 5DF8047B 		ldr	r7, [sp], #4
 647 0046 7047     		bx	lr
 649              		.section	.text.xEventGroupSetBits,"ax",%progbits
 650              		.align	1
 651              		.global	xEventGroupSetBits
 652              		.syntax unified
 653              		.thumb
 654              		.thumb_func
 656              	xEventGroupSetBits:
 657              		@ args = 0, pretend = 0, frame = 56
 658              		@ frame_needed = 1, uses_anonymous_args = 0
 659 0000 80B5     		push	{r7, lr}
 660 0002 8EB0     		sub	sp, sp, #56
 661 0004 00AF     		add	r7, sp, #0
 662 0006 7860     		str	r0, [r7, #4]
 663 0008 3960     		str	r1, [r7]
 664 000a 0023     		movs	r3, #0
 665 000c 3B63     		str	r3, [r7, #48]
 666 000e 7B68     		ldr	r3, [r7, #4]
 667 0010 BB62     		str	r3, [r7, #40]
 668 0012 0023     		movs	r3, #0
 669 0014 FB62     		str	r3, [r7, #44]
 670 0016 7B68     		ldr	r3, [r7, #4]
 671 0018 002B     		cmp	r3, #0
 672 001a 0AD1     		bne	.L62
 673              		.syntax unified
 674              	@ 217 "FreeRTOS/portable/GCC/ARM_CM4F/portmacro.h" 1
 675 001c 4FF05003 		   mov r3, #80                                              
 676 0020 83F31188 	   msr basepri, r3                                         
 677 0024 BFF36F8F 	   isb                                                     
 678 0028 BFF34F8F 	   dsb                                                     
 679              	
 680              	@ 0 "" 2
 681              		.thumb
 682              		.syntax unified
 683 002c FB60     		str	r3, [r7, #12]
 684 002e 00BF     		nop
 685              	.L63:
 686 0030 FEE7     		b	.L63
 687              	.L62:
 688 0032 3B68     		ldr	r3, [r7]
 689 0034 03F07F43 		and	r3, r3, #-16777216
 690 0038 002B     		cmp	r3, #0
 691 003a 0AD0     		beq	.L64
 692              		.syntax unified
 693              	@ 217 "FreeRTOS/portable/GCC/ARM_CM4F/portmacro.h" 1
 694 003c 4FF05003 		   mov r3, #80                                              
 695 0040 83F31188 	   msr basepri, r3                                         
 696 0044 BFF36F8F 	   isb                                                     
 697 0048 BFF34F8F 	   dsb                                                     
ARM GAS  C:\Users\phamt\AppData\Local\Temp\ccsYNc9w.s 			page 13


 698              	
 699              	@ 0 "" 2
 700              		.thumb
 701              		.syntax unified
 702 004c BB60     		str	r3, [r7, #8]
 703 004e 00BF     		nop
 704              	.L65:
 705 0050 FEE7     		b	.L65
 706              	.L64:
 707 0052 BB6A     		ldr	r3, [r7, #40]
 708 0054 0433     		adds	r3, r3, #4
 709 0056 7B62     		str	r3, [r7, #36]
 710 0058 7B6A     		ldr	r3, [r7, #36]
 711 005a 0833     		adds	r3, r3, #8
 712 005c 3B62     		str	r3, [r7, #32]
 713 005e FFF7FEFF 		bl	vTaskSuspendAll
 714 0062 7B6A     		ldr	r3, [r7, #36]
 715 0064 DB68     		ldr	r3, [r3, #12]
 716 0066 7B63     		str	r3, [r7, #52]
 717 0068 BB6A     		ldr	r3, [r7, #40]
 718 006a 1A68     		ldr	r2, [r3]
 719 006c 3B68     		ldr	r3, [r7]
 720 006e 1A43     		orrs	r2, r2, r3
 721 0070 BB6A     		ldr	r3, [r7, #40]
 722 0072 1A60     		str	r2, [r3]
 723 0074 3CE0     		b	.L66
 724              	.L71:
 725 0076 7B6B     		ldr	r3, [r7, #52]
 726 0078 5B68     		ldr	r3, [r3, #4]
 727 007a BB61     		str	r3, [r7, #24]
 728 007c 7B6B     		ldr	r3, [r7, #52]
 729 007e 1B68     		ldr	r3, [r3]
 730 0080 7B61     		str	r3, [r7, #20]
 731 0082 0023     		movs	r3, #0
 732 0084 FB62     		str	r3, [r7, #44]
 733 0086 7B69     		ldr	r3, [r7, #20]
 734 0088 03F07F43 		and	r3, r3, #-16777216
 735 008c 3B61     		str	r3, [r7, #16]
 736 008e 7B69     		ldr	r3, [r7, #20]
 737 0090 23F07F43 		bic	r3, r3, #-16777216
 738 0094 7B61     		str	r3, [r7, #20]
 739 0096 3B69     		ldr	r3, [r7, #16]
 740 0098 03F08063 		and	r3, r3, #67108864
 741 009c 002B     		cmp	r3, #0
 742 009e 08D1     		bne	.L67
 743 00a0 BB6A     		ldr	r3, [r7, #40]
 744 00a2 1A68     		ldr	r2, [r3]
 745 00a4 7B69     		ldr	r3, [r7, #20]
 746 00a6 1340     		ands	r3, r3, r2
 747 00a8 002B     		cmp	r3, #0
 748 00aa 0BD0     		beq	.L68
 749 00ac 0123     		movs	r3, #1
 750 00ae FB62     		str	r3, [r7, #44]
 751 00b0 08E0     		b	.L68
 752              	.L67:
 753 00b2 BB6A     		ldr	r3, [r7, #40]
 754 00b4 1A68     		ldr	r2, [r3]
ARM GAS  C:\Users\phamt\AppData\Local\Temp\ccsYNc9w.s 			page 14


 755 00b6 7B69     		ldr	r3, [r7, #20]
 756 00b8 1340     		ands	r3, r3, r2
 757 00ba 7A69     		ldr	r2, [r7, #20]
 758 00bc 9A42     		cmp	r2, r3
 759 00be 01D1     		bne	.L68
 760 00c0 0123     		movs	r3, #1
 761 00c2 FB62     		str	r3, [r7, #44]
 762              	.L68:
 763 00c4 FB6A     		ldr	r3, [r7, #44]
 764 00c6 002B     		cmp	r3, #0
 765 00c8 10D0     		beq	.L69
 766 00ca 3B69     		ldr	r3, [r7, #16]
 767 00cc 03F08073 		and	r3, r3, #16777216
 768 00d0 002B     		cmp	r3, #0
 769 00d2 03D0     		beq	.L70
 770 00d4 3A6B     		ldr	r2, [r7, #48]
 771 00d6 7B69     		ldr	r3, [r7, #20]
 772 00d8 1343     		orrs	r3, r3, r2
 773 00da 3B63     		str	r3, [r7, #48]
 774              	.L70:
 775 00dc BB6A     		ldr	r3, [r7, #40]
 776 00de 1B68     		ldr	r3, [r3]
 777 00e0 43F00073 		orr	r3, r3, #33554432
 778 00e4 1946     		mov	r1, r3
 779 00e6 786B     		ldr	r0, [r7, #52]
 780 00e8 FFF7FEFF 		bl	vTaskRemoveFromUnorderedEventList
 781              	.L69:
 782 00ec BB69     		ldr	r3, [r7, #24]
 783 00ee 7B63     		str	r3, [r7, #52]
 784              	.L66:
 785 00f0 7A6B     		ldr	r2, [r7, #52]
 786 00f2 3B6A     		ldr	r3, [r7, #32]
 787 00f4 9A42     		cmp	r2, r3
 788 00f6 BED1     		bne	.L71
 789 00f8 BB6A     		ldr	r3, [r7, #40]
 790 00fa 1A68     		ldr	r2, [r3]
 791 00fc 3B6B     		ldr	r3, [r7, #48]
 792 00fe DB43     		mvns	r3, r3
 793 0100 1A40     		ands	r2, r2, r3
 794 0102 BB6A     		ldr	r3, [r7, #40]
 795 0104 1A60     		str	r2, [r3]
 796 0106 BB6A     		ldr	r3, [r7, #40]
 797 0108 1B68     		ldr	r3, [r3]
 798 010a FB61     		str	r3, [r7, #28]
 799 010c FFF7FEFF 		bl	xTaskResumeAll
 800 0110 FB69     		ldr	r3, [r7, #28]
 801 0112 1846     		mov	r0, r3
 802 0114 3837     		adds	r7, r7, #56
 803 0116 BD46     		mov	sp, r7
 804              		@ sp needed
 805 0118 80BD     		pop	{r7, pc}
 807              		.section	.text.vEventGroupDelete,"ax",%progbits
 808              		.align	1
 809              		.global	vEventGroupDelete
 810              		.syntax unified
 811              		.thumb
 812              		.thumb_func
ARM GAS  C:\Users\phamt\AppData\Local\Temp\ccsYNc9w.s 			page 15


 814              	vEventGroupDelete:
 815              		@ args = 0, pretend = 0, frame = 24
 816              		@ frame_needed = 1, uses_anonymous_args = 0
 817 0000 80B5     		push	{r7, lr}
 818 0002 86B0     		sub	sp, sp, #24
 819 0004 00AF     		add	r7, sp, #0
 820 0006 7860     		str	r0, [r7, #4]
 821 0008 7B68     		ldr	r3, [r7, #4]
 822 000a 7B61     		str	r3, [r7, #20]
 823 000c 7B69     		ldr	r3, [r7, #20]
 824 000e 002B     		cmp	r3, #0
 825 0010 0AD1     		bne	.L74
 826              		.syntax unified
 827              	@ 217 "FreeRTOS/portable/GCC/ARM_CM4F/portmacro.h" 1
 828 0012 4FF05003 		   mov r3, #80                                              
 829 0016 83F31188 	   msr basepri, r3                                         
 830 001a BFF36F8F 	   isb                                                     
 831 001e BFF34F8F 	   dsb                                                     
 832              	
 833              	@ 0 "" 2
 834              		.thumb
 835              		.syntax unified
 836 0022 FB60     		str	r3, [r7, #12]
 837 0024 00BF     		nop
 838              	.L75:
 839 0026 FEE7     		b	.L75
 840              	.L74:
 841 0028 7B69     		ldr	r3, [r7, #20]
 842 002a 0433     		adds	r3, r3, #4
 843 002c 3B61     		str	r3, [r7, #16]
 844 002e FFF7FEFF 		bl	vTaskSuspendAll
 845 0032 17E0     		b	.L76
 846              	.L79:
 847 0034 3B69     		ldr	r3, [r7, #16]
 848 0036 DA68     		ldr	r2, [r3, #12]
 849 0038 3B69     		ldr	r3, [r7, #16]
 850 003a 0833     		adds	r3, r3, #8
 851 003c 9A42     		cmp	r2, r3
 852 003e 0AD1     		bne	.L77
 853              		.syntax unified
 854              	@ 217 "FreeRTOS/portable/GCC/ARM_CM4F/portmacro.h" 1
 855 0040 4FF05003 		   mov r3, #80                                              
 856 0044 83F31188 	   msr basepri, r3                                         
 857 0048 BFF36F8F 	   isb                                                     
 858 004c BFF34F8F 	   dsb                                                     
 859              	
 860              	@ 0 "" 2
 861              		.thumb
 862              		.syntax unified
 863 0050 BB60     		str	r3, [r7, #8]
 864 0052 00BF     		nop
 865              	.L78:
 866 0054 FEE7     		b	.L78
 867              	.L77:
 868 0056 3B69     		ldr	r3, [r7, #16]
 869 0058 DB68     		ldr	r3, [r3, #12]
 870 005a 4FF00071 		mov	r1, #33554432
ARM GAS  C:\Users\phamt\AppData\Local\Temp\ccsYNc9w.s 			page 16


 871 005e 1846     		mov	r0, r3
 872 0060 FFF7FEFF 		bl	vTaskRemoveFromUnorderedEventList
 873              	.L76:
 874 0064 3B69     		ldr	r3, [r7, #16]
 875 0066 1B68     		ldr	r3, [r3]
 876 0068 002B     		cmp	r3, #0
 877 006a E3D1     		bne	.L79
 878 006c FFF7FEFF 		bl	xTaskResumeAll
 879 0070 7869     		ldr	r0, [r7, #20]
 880 0072 FFF7FEFF 		bl	vPortFree
 881 0076 00BF     		nop
 882 0078 1837     		adds	r7, r7, #24
 883 007a BD46     		mov	sp, r7
 884              		@ sp needed
 885 007c 80BD     		pop	{r7, pc}
 887              		.section	.text.vEventGroupSetBitsCallback,"ax",%progbits
 888              		.align	1
 889              		.global	vEventGroupSetBitsCallback
 890              		.syntax unified
 891              		.thumb
 892              		.thumb_func
 894              	vEventGroupSetBitsCallback:
 895              		@ args = 0, pretend = 0, frame = 8
 896              		@ frame_needed = 1, uses_anonymous_args = 0
 897 0000 80B5     		push	{r7, lr}
 898 0002 82B0     		sub	sp, sp, #8
 899 0004 00AF     		add	r7, sp, #0
 900 0006 7860     		str	r0, [r7, #4]
 901 0008 3960     		str	r1, [r7]
 902 000a 3968     		ldr	r1, [r7]
 903 000c 7868     		ldr	r0, [r7, #4]
 904 000e FFF7FEFF 		bl	xEventGroupSetBits
 905 0012 00BF     		nop
 906 0014 0837     		adds	r7, r7, #8
 907 0016 BD46     		mov	sp, r7
 908              		@ sp needed
 909 0018 80BD     		pop	{r7, pc}
 911              		.section	.text.vEventGroupClearBitsCallback,"ax",%progbits
 912              		.align	1
 913              		.global	vEventGroupClearBitsCallback
 914              		.syntax unified
 915              		.thumb
 916              		.thumb_func
 918              	vEventGroupClearBitsCallback:
 919              		@ args = 0, pretend = 0, frame = 8
 920              		@ frame_needed = 1, uses_anonymous_args = 0
 921 0000 80B5     		push	{r7, lr}
 922 0002 82B0     		sub	sp, sp, #8
 923 0004 00AF     		add	r7, sp, #0
 924 0006 7860     		str	r0, [r7, #4]
 925 0008 3960     		str	r1, [r7]
 926 000a 3968     		ldr	r1, [r7]
 927 000c 7868     		ldr	r0, [r7, #4]
 928 000e FFF7FEFF 		bl	xEventGroupClearBits
 929 0012 00BF     		nop
 930 0014 0837     		adds	r7, r7, #8
 931 0016 BD46     		mov	sp, r7
ARM GAS  C:\Users\phamt\AppData\Local\Temp\ccsYNc9w.s 			page 17


 932              		@ sp needed
 933 0018 80BD     		pop	{r7, pc}
 935              		.section	.text.prvTestWaitCondition,"ax",%progbits
 936              		.align	1
 937              		.syntax unified
 938              		.thumb
 939              		.thumb_func
 941              	prvTestWaitCondition:
 942              		@ args = 0, pretend = 0, frame = 24
 943              		@ frame_needed = 1, uses_anonymous_args = 0
 944              		@ link register save eliminated.
 945 0000 80B4     		push	{r7}
 946 0002 87B0     		sub	sp, sp, #28
 947 0004 00AF     		add	r7, sp, #0
 948 0006 F860     		str	r0, [r7, #12]
 949 0008 B960     		str	r1, [r7, #8]
 950 000a 7A60     		str	r2, [r7, #4]
 951 000c 0023     		movs	r3, #0
 952 000e 7B61     		str	r3, [r7, #20]
 953 0010 7B68     		ldr	r3, [r7, #4]
 954 0012 002B     		cmp	r3, #0
 955 0014 07D1     		bne	.L83
 956 0016 FA68     		ldr	r2, [r7, #12]
 957 0018 BB68     		ldr	r3, [r7, #8]
 958 001a 1340     		ands	r3, r3, r2
 959 001c 002B     		cmp	r3, #0
 960 001e 0AD0     		beq	.L84
 961 0020 0123     		movs	r3, #1
 962 0022 7B61     		str	r3, [r7, #20]
 963 0024 07E0     		b	.L84
 964              	.L83:
 965 0026 FA68     		ldr	r2, [r7, #12]
 966 0028 BB68     		ldr	r3, [r7, #8]
 967 002a 1340     		ands	r3, r3, r2
 968 002c BA68     		ldr	r2, [r7, #8]
 969 002e 9A42     		cmp	r2, r3
 970 0030 01D1     		bne	.L84
 971 0032 0123     		movs	r3, #1
 972 0034 7B61     		str	r3, [r7, #20]
 973              	.L84:
 974 0036 7B69     		ldr	r3, [r7, #20]
 975 0038 1846     		mov	r0, r3
 976 003a 1C37     		adds	r7, r7, #28
 977 003c BD46     		mov	sp, r7
 978              		@ sp needed
 979 003e 5DF8047B 		ldr	r7, [sp], #4
 980 0042 7047     		bx	lr
 982              		.section	.text.xEventGroupSetBitsFromISR,"ax",%progbits
 983              		.align	1
 984              		.global	xEventGroupSetBitsFromISR
 985              		.syntax unified
 986              		.thumb
 987              		.thumb_func
 989              	xEventGroupSetBitsFromISR:
 990              		@ args = 0, pretend = 0, frame = 24
 991              		@ frame_needed = 1, uses_anonymous_args = 0
 992 0000 80B5     		push	{r7, lr}
ARM GAS  C:\Users\phamt\AppData\Local\Temp\ccsYNc9w.s 			page 18


 993 0002 86B0     		sub	sp, sp, #24
 994 0004 00AF     		add	r7, sp, #0
 995 0006 F860     		str	r0, [r7, #12]
 996 0008 B960     		str	r1, [r7, #8]
 997 000a 7A60     		str	r2, [r7, #4]
 998 000c 7B68     		ldr	r3, [r7, #4]
 999 000e BA68     		ldr	r2, [r7, #8]
 1000 0010 F968     		ldr	r1, [r7, #12]
 1001 0012 0448     		ldr	r0, .L88
 1002 0014 FFF7FEFF 		bl	xTimerPendFunctionCallFromISR
 1003 0018 7861     		str	r0, [r7, #20]
 1004 001a 7B69     		ldr	r3, [r7, #20]
 1005 001c 1846     		mov	r0, r3
 1006 001e 1837     		adds	r7, r7, #24
 1007 0020 BD46     		mov	sp, r7
 1008              		@ sp needed
 1009 0022 80BD     		pop	{r7, pc}
 1010              	.L89:
 1011              		.align	2
 1012              	.L88:
 1013 0024 00000000 		.word	vEventGroupSetBitsCallback
 1015              		.section	.text.uxEventGroupGetNumber,"ax",%progbits
 1016              		.align	1
 1017              		.global	uxEventGroupGetNumber
 1018              		.syntax unified
 1019              		.thumb
 1020              		.thumb_func
 1022              	uxEventGroupGetNumber:
 1023              		@ args = 0, pretend = 0, frame = 16
 1024              		@ frame_needed = 1, uses_anonymous_args = 0
 1025              		@ link register save eliminated.
 1026 0000 80B4     		push	{r7}
 1027 0002 85B0     		sub	sp, sp, #20
 1028 0004 00AF     		add	r7, sp, #0
 1029 0006 7860     		str	r0, [r7, #4]
 1030 0008 7B68     		ldr	r3, [r7, #4]
 1031 000a BB60     		str	r3, [r7, #8]
 1032 000c 7B68     		ldr	r3, [r7, #4]
 1033 000e 002B     		cmp	r3, #0
 1034 0010 02D1     		bne	.L91
 1035 0012 0023     		movs	r3, #0
 1036 0014 FB60     		str	r3, [r7, #12]
 1037 0016 02E0     		b	.L92
 1038              	.L91:
 1039 0018 BB68     		ldr	r3, [r7, #8]
 1040 001a 9B69     		ldr	r3, [r3, #24]
 1041 001c FB60     		str	r3, [r7, #12]
 1042              	.L92:
 1043 001e FB68     		ldr	r3, [r7, #12]
 1044 0020 1846     		mov	r0, r3
 1045 0022 1437     		adds	r7, r7, #20
 1046 0024 BD46     		mov	sp, r7
 1047              		@ sp needed
 1048 0026 5DF8047B 		ldr	r7, [sp], #4
 1049 002a 7047     		bx	lr
 1051              		.section	.text.vEventGroupSetNumber,"ax",%progbits
 1052              		.align	1
ARM GAS  C:\Users\phamt\AppData\Local\Temp\ccsYNc9w.s 			page 19


 1053              		.global	vEventGroupSetNumber
 1054              		.syntax unified
 1055              		.thumb
 1056              		.thumb_func
 1058              	vEventGroupSetNumber:
 1059              		@ args = 0, pretend = 0, frame = 8
 1060              		@ frame_needed = 1, uses_anonymous_args = 0
 1061              		@ link register save eliminated.
 1062 0000 80B4     		push	{r7}
 1063 0002 83B0     		sub	sp, sp, #12
 1064 0004 00AF     		add	r7, sp, #0
 1065 0006 7860     		str	r0, [r7, #4]
 1066 0008 3960     		str	r1, [r7]
 1067 000a 7B68     		ldr	r3, [r7, #4]
 1068 000c 3A68     		ldr	r2, [r7]
 1069 000e 9A61     		str	r2, [r3, #24]
 1070 0010 00BF     		nop
 1071 0012 0C37     		adds	r7, r7, #12
 1072 0014 BD46     		mov	sp, r7
 1073              		@ sp needed
 1074 0016 5DF8047B 		ldr	r7, [sp], #4
 1075 001a 7047     		bx	lr
 1077              		.ident	"GCC: (GNU Arm Embedded Toolchain 10.3-2021.10) 10.3.1 20210824 (release)"
ARM GAS  C:\Users\phamt\AppData\Local\Temp\ccsYNc9w.s 			page 20


DEFINED SYMBOLS
                            *ABS*:00000000 event_groups.c
C:\Users\phamt\AppData\Local\Temp\ccsYNc9w.s:18     .text.xEventGroupCreate:00000000 $t
C:\Users\phamt\AppData\Local\Temp\ccsYNc9w.s:24     .text.xEventGroupCreate:00000000 xEventGroupCreate
C:\Users\phamt\AppData\Local\Temp\ccsYNc9w.s:52     .text.xEventGroupSync:00000000 $t
C:\Users\phamt\AppData\Local\Temp\ccsYNc9w.s:58     .text.xEventGroupSync:00000000 xEventGroupSync
C:\Users\phamt\AppData\Local\Temp\ccsYNc9w.s:656    .text.xEventGroupSetBits:00000000 xEventGroupSetBits
C:\Users\phamt\AppData\Local\Temp\ccsYNc9w.s:251    .text.xEventGroupSync:00000158 $d
C:\Users\phamt\AppData\Local\Temp\ccsYNc9w.s:254    .text.xEventGroupWaitBits:00000000 $t
C:\Users\phamt\AppData\Local\Temp\ccsYNc9w.s:260    .text.xEventGroupWaitBits:00000000 xEventGroupWaitBits
C:\Users\phamt\AppData\Local\Temp\ccsYNc9w.s:941    .text.prvTestWaitCondition:00000000 prvTestWaitCondition
C:\Users\phamt\AppData\Local\Temp\ccsYNc9w.s:489    .text.xEventGroupWaitBits:00000198 $d
C:\Users\phamt\AppData\Local\Temp\ccsYNc9w.s:492    .text.xEventGroupClearBits:00000000 $t
C:\Users\phamt\AppData\Local\Temp\ccsYNc9w.s:498    .text.xEventGroupClearBits:00000000 xEventGroupClearBits
C:\Users\phamt\AppData\Local\Temp\ccsYNc9w.s:565    .text.xEventGroupClearBitsFromISR:00000000 $t
C:\Users\phamt\AppData\Local\Temp\ccsYNc9w.s:571    .text.xEventGroupClearBitsFromISR:00000000 xEventGroupClearBitsFromISR
C:\Users\phamt\AppData\Local\Temp\ccsYNc9w.s:594    .text.xEventGroupClearBitsFromISR:00000024 $d
C:\Users\phamt\AppData\Local\Temp\ccsYNc9w.s:918    .text.vEventGroupClearBitsCallback:00000000 vEventGroupClearBitsCallback
C:\Users\phamt\AppData\Local\Temp\ccsYNc9w.s:597    .text.xEventGroupGetBitsFromISR:00000000 $t
C:\Users\phamt\AppData\Local\Temp\ccsYNc9w.s:603    .text.xEventGroupGetBitsFromISR:00000000 xEventGroupGetBitsFromISR
C:\Users\phamt\AppData\Local\Temp\ccsYNc9w.s:650    .text.xEventGroupSetBits:00000000 $t
C:\Users\phamt\AppData\Local\Temp\ccsYNc9w.s:808    .text.vEventGroupDelete:00000000 $t
C:\Users\phamt\AppData\Local\Temp\ccsYNc9w.s:814    .text.vEventGroupDelete:00000000 vEventGroupDelete
C:\Users\phamt\AppData\Local\Temp\ccsYNc9w.s:888    .text.vEventGroupSetBitsCallback:00000000 $t
C:\Users\phamt\AppData\Local\Temp\ccsYNc9w.s:894    .text.vEventGroupSetBitsCallback:00000000 vEventGroupSetBitsCallback
C:\Users\phamt\AppData\Local\Temp\ccsYNc9w.s:912    .text.vEventGroupClearBitsCallback:00000000 $t
C:\Users\phamt\AppData\Local\Temp\ccsYNc9w.s:936    .text.prvTestWaitCondition:00000000 $t
C:\Users\phamt\AppData\Local\Temp\ccsYNc9w.s:983    .text.xEventGroupSetBitsFromISR:00000000 $t
C:\Users\phamt\AppData\Local\Temp\ccsYNc9w.s:989    .text.xEventGroupSetBitsFromISR:00000000 xEventGroupSetBitsFromISR
C:\Users\phamt\AppData\Local\Temp\ccsYNc9w.s:1013   .text.xEventGroupSetBitsFromISR:00000024 $d
C:\Users\phamt\AppData\Local\Temp\ccsYNc9w.s:1016   .text.uxEventGroupGetNumber:00000000 $t
C:\Users\phamt\AppData\Local\Temp\ccsYNc9w.s:1022   .text.uxEventGroupGetNumber:00000000 uxEventGroupGetNumber
C:\Users\phamt\AppData\Local\Temp\ccsYNc9w.s:1052   .text.vEventGroupSetNumber:00000000 $t
C:\Users\phamt\AppData\Local\Temp\ccsYNc9w.s:1058   .text.vEventGroupSetNumber:00000000 vEventGroupSetNumber

UNDEFINED SYMBOLS
pvPortMalloc
vListInitialise
xTaskGetSchedulerState
vTaskSuspendAll
vTaskPlaceOnUnorderedEventList
xTaskResumeAll
uxTaskResetEventItemValue
vPortEnterCritical
vPortExitCritical
xTimerPendFunctionCallFromISR
vTaskRemoveFromUnorderedEventList
vPortFree
