ARM GAS  C:\Users\phamt\AppData\Local\Temp\cc7xaYj7.s 			page 1


   1              		.cpu cortex-m4
   2              		.arch armv7e-m
   3              		.fpu fpv4-sp-d16
   4              		.eabi_attribute 27, 1
   5              		.eabi_attribute 28, 1
   6              		.eabi_attribute 20, 1
   7              		.eabi_attribute 21, 1
   8              		.eabi_attribute 23, 3
   9              		.eabi_attribute 24, 1
  10              		.eabi_attribute 25, 1
  11              		.eabi_attribute 26, 1
  12              		.eabi_attribute 30, 1
  13              		.eabi_attribute 34, 1
  14              		.eabi_attribute 18, 4
  15              		.file	"gpio.c"
  16              		.text
  17              	.Ltext0:
  18              		.cfi_sections	.debug_frame
  19              		.section	.text.MX_GPIO_Init,"ax",%progbits
  20              		.align	1
  21              		.global	MX_GPIO_Init
  22              		.syntax unified
  23              		.thumb
  24              		.thumb_func
  26              	MX_GPIO_Init:
  27              	.LFB134:
  28              		.file 1 "Src/gpio.c"
   1:Src/gpio.c    **** /* USER CODE BEGIN Header */
   2:Src/gpio.c    **** /**
   3:Src/gpio.c    ****   ******************************************************************************
   4:Src/gpio.c    ****   * @file    gpio.c
   5:Src/gpio.c    ****   * @brief   This file provides code for the configuration
   6:Src/gpio.c    ****   *          of all used GPIO pins.
   7:Src/gpio.c    ****   ******************************************************************************
   8:Src/gpio.c    ****   * @attention
   9:Src/gpio.c    ****   *
  10:Src/gpio.c    ****   * Copyright (c) 2024 STMicroelectronics.
  11:Src/gpio.c    ****   * All rights reserved.
  12:Src/gpio.c    ****   *
  13:Src/gpio.c    ****   * This software is licensed under terms that can be found in the LICENSE file
  14:Src/gpio.c    ****   * in the root directory of this software component.
  15:Src/gpio.c    ****   * If no LICENSE file comes with this software, it is provided AS-IS.
  16:Src/gpio.c    ****   *
  17:Src/gpio.c    ****   ******************************************************************************
  18:Src/gpio.c    ****   */
  19:Src/gpio.c    **** /* USER CODE END Header */
  20:Src/gpio.c    **** 
  21:Src/gpio.c    **** /* Includes ------------------------------------------------------------------*/
  22:Src/gpio.c    **** #include "gpio.h"
  23:Src/gpio.c    **** 
  24:Src/gpio.c    **** /* USER CODE BEGIN 0 */
  25:Src/gpio.c    **** 
  26:Src/gpio.c    **** /* USER CODE END 0 */
  27:Src/gpio.c    **** 
  28:Src/gpio.c    **** /*----------------------------------------------------------------------------*/
  29:Src/gpio.c    **** /* Configure GPIO                                                             */
  30:Src/gpio.c    **** /*----------------------------------------------------------------------------*/
ARM GAS  C:\Users\phamt\AppData\Local\Temp\cc7xaYj7.s 			page 2


  31:Src/gpio.c    **** /* USER CODE BEGIN 1 */
  32:Src/gpio.c    **** 
  33:Src/gpio.c    **** /* USER CODE END 1 */
  34:Src/gpio.c    **** 
  35:Src/gpio.c    **** /** Configure pins as
  36:Src/gpio.c    ****         * Analog
  37:Src/gpio.c    ****         * Input
  38:Src/gpio.c    ****         * Output
  39:Src/gpio.c    ****         * EVENT_OUT
  40:Src/gpio.c    ****         * EXTI
  41:Src/gpio.c    **** */
  42:Src/gpio.c    **** void MX_GPIO_Init(void)
  43:Src/gpio.c    **** {
  29              		.loc 1 43 1 view -0
  30              		.cfi_startproc
  31              		@ args = 0, pretend = 0, frame = 32
  32              		@ frame_needed = 0, uses_anonymous_args = 0
  33 0000 30B5     		push	{r4, r5, lr}
  34              	.LCFI0:
  35              		.cfi_def_cfa_offset 12
  36              		.cfi_offset 4, -12
  37              		.cfi_offset 5, -8
  38              		.cfi_offset 14, -4
  39 0002 89B0     		sub	sp, sp, #36
  40              	.LCFI1:
  41              		.cfi_def_cfa_offset 48
  44:Src/gpio.c    **** 
  45:Src/gpio.c    ****   GPIO_InitTypeDef GPIO_InitStruct = {0};
  42              		.loc 1 45 3 view .LVU1
  43              		.loc 1 45 20 is_stmt 0 view .LVU2
  44 0004 0024     		movs	r4, #0
  45 0006 0394     		str	r4, [sp, #12]
  46 0008 0494     		str	r4, [sp, #16]
  47 000a 0594     		str	r4, [sp, #20]
  48 000c 0694     		str	r4, [sp, #24]
  49 000e 0794     		str	r4, [sp, #28]
  46:Src/gpio.c    **** 
  47:Src/gpio.c    ****   /* GPIO Ports Clock Enable */
  48:Src/gpio.c    ****   __HAL_RCC_GPIOH_CLK_ENABLE();
  50              		.loc 1 48 3 is_stmt 1 view .LVU3
  51              	.LBB2:
  52              		.loc 1 48 3 view .LVU4
  53 0010 0194     		str	r4, [sp, #4]
  54              		.loc 1 48 3 view .LVU5
  55 0012 134B     		ldr	r3, .L3
  56 0014 1A6B     		ldr	r2, [r3, #48]
  57 0016 42F08002 		orr	r2, r2, #128
  58 001a 1A63     		str	r2, [r3, #48]
  59              		.loc 1 48 3 view .LVU6
  60 001c 1A6B     		ldr	r2, [r3, #48]
  61 001e 02F08002 		and	r2, r2, #128
  62 0022 0192     		str	r2, [sp, #4]
  63              		.loc 1 48 3 view .LVU7
  64 0024 019A     		ldr	r2, [sp, #4]
  65              	.LBE2:
  66              		.loc 1 48 3 view .LVU8
  49:Src/gpio.c    ****   __HAL_RCC_GPIOA_CLK_ENABLE();
ARM GAS  C:\Users\phamt\AppData\Local\Temp\cc7xaYj7.s 			page 3


  67              		.loc 1 49 3 view .LVU9
  68              	.LBB3:
  69              		.loc 1 49 3 view .LVU10
  70 0026 0294     		str	r4, [sp, #8]
  71              		.loc 1 49 3 view .LVU11
  72 0028 1A6B     		ldr	r2, [r3, #48]
  73 002a 42F00102 		orr	r2, r2, #1
  74 002e 1A63     		str	r2, [r3, #48]
  75              		.loc 1 49 3 view .LVU12
  76 0030 1B6B     		ldr	r3, [r3, #48]
  77 0032 03F00103 		and	r3, r3, #1
  78 0036 0293     		str	r3, [sp, #8]
  79              		.loc 1 49 3 view .LVU13
  80 0038 029B     		ldr	r3, [sp, #8]
  81              	.LBE3:
  82              		.loc 1 49 3 view .LVU14
  50:Src/gpio.c    **** 
  51:Src/gpio.c    ****   /*Configure GPIO pin Output Level */
  52:Src/gpio.c    ****   HAL_GPIO_WritePin(GPIOA, GPIO_PIN_6|GPIO_PIN_7, GPIO_PIN_RESET);
  83              		.loc 1 52 3 view .LVU15
  84 003a 0A4D     		ldr	r5, .L3+4
  85 003c 2246     		mov	r2, r4
  86 003e C021     		movs	r1, #192
  87 0040 2846     		mov	r0, r5
  88 0042 FFF7FEFF 		bl	HAL_GPIO_WritePin
  89              	.LVL0:
  53:Src/gpio.c    **** 
  54:Src/gpio.c    ****   /*Configure GPIO pins : PA6 PA7 */
  55:Src/gpio.c    ****   GPIO_InitStruct.Pin = GPIO_PIN_6|GPIO_PIN_7;
  90              		.loc 1 55 3 view .LVU16
  91              		.loc 1 55 23 is_stmt 0 view .LVU17
  92 0046 C023     		movs	r3, #192
  93 0048 0393     		str	r3, [sp, #12]
  56:Src/gpio.c    ****   GPIO_InitStruct.Mode = GPIO_MODE_OUTPUT_PP;
  94              		.loc 1 56 3 is_stmt 1 view .LVU18
  95              		.loc 1 56 24 is_stmt 0 view .LVU19
  96 004a 0123     		movs	r3, #1
  97 004c 0493     		str	r3, [sp, #16]
  57:Src/gpio.c    ****   GPIO_InitStruct.Pull = GPIO_NOPULL;
  98              		.loc 1 57 3 is_stmt 1 view .LVU20
  99              		.loc 1 57 24 is_stmt 0 view .LVU21
 100 004e 0594     		str	r4, [sp, #20]
  58:Src/gpio.c    ****   GPIO_InitStruct.Speed = GPIO_SPEED_FREQ_LOW;
 101              		.loc 1 58 3 is_stmt 1 view .LVU22
 102              		.loc 1 58 25 is_stmt 0 view .LVU23
 103 0050 0694     		str	r4, [sp, #24]
  59:Src/gpio.c    ****   HAL_GPIO_Init(GPIOA, &GPIO_InitStruct);
 104              		.loc 1 59 3 is_stmt 1 view .LVU24
 105 0052 03A9     		add	r1, sp, #12
 106 0054 2846     		mov	r0, r5
 107 0056 FFF7FEFF 		bl	HAL_GPIO_Init
 108              	.LVL1:
  60:Src/gpio.c    **** 
  61:Src/gpio.c    **** }
 109              		.loc 1 61 1 is_stmt 0 view .LVU25
 110 005a 09B0     		add	sp, sp, #36
 111              	.LCFI2:
ARM GAS  C:\Users\phamt\AppData\Local\Temp\cc7xaYj7.s 			page 4


 112              		.cfi_def_cfa_offset 12
 113              		@ sp needed
 114 005c 30BD     		pop	{r4, r5, pc}
 115              	.L4:
 116 005e 00BF     		.align	2
 117              	.L3:
 118 0060 00380240 		.word	1073887232
 119 0064 00000240 		.word	1073872896
 120              		.cfi_endproc
 121              	.LFE134:
 123              		.text
 124              	.Letext0:
 125              		.file 2 "c:\\gcc-arm\\arm-none-eabi\\include\\machine\\_default_types.h"
 126              		.file 3 "c:\\gcc-arm\\arm-none-eabi\\include\\sys\\_stdint.h"
 127              		.file 4 "Drivers/CMSIS/Device/ST/STM32F4xx/Include/stm32f407xx.h"
 128              		.file 5 "Drivers/STM32F4xx_HAL_Driver/Inc/stm32f4xx_hal_gpio.h"
ARM GAS  C:\Users\phamt\AppData\Local\Temp\cc7xaYj7.s 			page 5


DEFINED SYMBOLS
                            *ABS*:00000000 gpio.c
C:\Users\phamt\AppData\Local\Temp\cc7xaYj7.s:20     .text.MX_GPIO_Init:00000000 $t
C:\Users\phamt\AppData\Local\Temp\cc7xaYj7.s:26     .text.MX_GPIO_Init:00000000 MX_GPIO_Init
C:\Users\phamt\AppData\Local\Temp\cc7xaYj7.s:118    .text.MX_GPIO_Init:00000060 $d

UNDEFINED SYMBOLS
HAL_GPIO_WritePin
HAL_GPIO_Init
