ARM GAS  C:\Users\phamt\AppData\Local\Temp\ccpXj2iA.s 			page 1


   1              		.cpu cortex-m4
   2              		.arch armv7e-m
   3              		.fpu fpv4-sp-d16
   4              		.eabi_attribute 27, 1
   5              		.eabi_attribute 28, 1
   6              		.eabi_attribute 20, 1
   7              		.eabi_attribute 21, 1
   8              		.eabi_attribute 23, 3
   9              		.eabi_attribute 24, 1
  10              		.eabi_attribute 25, 1
  11              		.eabi_attribute 26, 1
  12              		.eabi_attribute 30, 6
  13              		.eabi_attribute 34, 1
  14              		.eabi_attribute 18, 4
  15              		.file	"stm32f4xx_hal_exti.c"
  16              		.text
  17              		.section	.text.HAL_EXTI_SetConfigLine,"ax",%progbits
  18              		.align	1
  19              		.global	HAL_EXTI_SetConfigLine
  20              		.syntax unified
  21              		.thumb
  22              		.thumb_func
  24              	HAL_EXTI_SetConfigLine:
  25              		@ args = 0, pretend = 0, frame = 24
  26              		@ frame_needed = 1, uses_anonymous_args = 0
  27              		@ link register save eliminated.
  28 0000 80B4     		push	{r7}
  29 0002 87B0     		sub	sp, sp, #28
  30 0004 00AF     		add	r7, sp, #0
  31 0006 7860     		str	r0, [r7, #4]
  32 0008 3960     		str	r1, [r7]
  33 000a 7B68     		ldr	r3, [r7, #4]
  34 000c 002B     		cmp	r3, #0
  35 000e 02D0     		beq	.L2
  36 0010 3B68     		ldr	r3, [r7]
  37 0012 002B     		cmp	r3, #0
  38 0014 01D1     		bne	.L3
  39              	.L2:
  40 0016 0123     		movs	r3, #1
  41 0018 8FE0     		b	.L4
  42              	.L3:
  43 001a 3B68     		ldr	r3, [r7]
  44 001c 1A68     		ldr	r2, [r3]
  45 001e 7B68     		ldr	r3, [r7, #4]
  46 0020 1A60     		str	r2, [r3]
  47 0022 3B68     		ldr	r3, [r7]
  48 0024 1B68     		ldr	r3, [r3]
  49 0026 03F01F03 		and	r3, r3, #31
  50 002a 7B61     		str	r3, [r7, #20]
  51 002c 0122     		movs	r2, #1
  52 002e 7B69     		ldr	r3, [r7, #20]
  53 0030 02FA03F3 		lsl	r3, r2, r3
  54 0034 3B61     		str	r3, [r7, #16]
  55 0036 3B68     		ldr	r3, [r7]
  56 0038 1B68     		ldr	r3, [r3]
  57 003a 03F00073 		and	r3, r3, #33554432
  58 003e 002B     		cmp	r3, #0
ARM GAS  C:\Users\phamt\AppData\Local\Temp\ccpXj2iA.s 			page 2


  59 0040 52D0     		beq	.L5
  60 0042 3B68     		ldr	r3, [r7]
  61 0044 9B68     		ldr	r3, [r3, #8]
  62 0046 03F00103 		and	r3, r3, #1
  63 004a 002B     		cmp	r3, #0
  64 004c 06D0     		beq	.L6
  65 004e 3E4B     		ldr	r3, .L14
  66 0050 9A68     		ldr	r2, [r3, #8]
  67 0052 3D49     		ldr	r1, .L14
  68 0054 3B69     		ldr	r3, [r7, #16]
  69 0056 1343     		orrs	r3, r3, r2
  70 0058 8B60     		str	r3, [r1, #8]
  71 005a 06E0     		b	.L7
  72              	.L6:
  73 005c 3A4B     		ldr	r3, .L14
  74 005e 9A68     		ldr	r2, [r3, #8]
  75 0060 3B69     		ldr	r3, [r7, #16]
  76 0062 DB43     		mvns	r3, r3
  77 0064 3849     		ldr	r1, .L14
  78 0066 1340     		ands	r3, r3, r2
  79 0068 8B60     		str	r3, [r1, #8]
  80              	.L7:
  81 006a 3B68     		ldr	r3, [r7]
  82 006c 9B68     		ldr	r3, [r3, #8]
  83 006e 03F00203 		and	r3, r3, #2
  84 0072 002B     		cmp	r3, #0
  85 0074 06D0     		beq	.L8
  86 0076 344B     		ldr	r3, .L14
  87 0078 DA68     		ldr	r2, [r3, #12]
  88 007a 3349     		ldr	r1, .L14
  89 007c 3B69     		ldr	r3, [r7, #16]
  90 007e 1343     		orrs	r3, r3, r2
  91 0080 CB60     		str	r3, [r1, #12]
  92 0082 06E0     		b	.L9
  93              	.L8:
  94 0084 304B     		ldr	r3, .L14
  95 0086 DA68     		ldr	r2, [r3, #12]
  96 0088 3B69     		ldr	r3, [r7, #16]
  97 008a DB43     		mvns	r3, r3
  98 008c 2E49     		ldr	r1, .L14
  99 008e 1340     		ands	r3, r3, r2
 100 0090 CB60     		str	r3, [r1, #12]
 101              	.L9:
 102 0092 3B68     		ldr	r3, [r7]
 103 0094 1B68     		ldr	r3, [r3]
 104 0096 03F0C063 		and	r3, r3, #100663296
 105 009a B3F1C06F 		cmp	r3, #100663296
 106 009e 23D1     		bne	.L5
 107 00a0 2A4A     		ldr	r2, .L14+4
 108 00a2 7B69     		ldr	r3, [r7, #20]
 109 00a4 9B08     		lsrs	r3, r3, #2
 110 00a6 0233     		adds	r3, r3, #2
 111 00a8 52F82330 		ldr	r3, [r2, r3, lsl #2]
 112 00ac FB60     		str	r3, [r7, #12]
 113 00ae 7B69     		ldr	r3, [r7, #20]
 114 00b0 03F00303 		and	r3, r3, #3
 115 00b4 9B00     		lsls	r3, r3, #2
ARM GAS  C:\Users\phamt\AppData\Local\Temp\ccpXj2iA.s 			page 3


 116 00b6 0F22     		movs	r2, #15
 117 00b8 02FA03F3 		lsl	r3, r2, r3
 118 00bc DB43     		mvns	r3, r3
 119 00be FA68     		ldr	r2, [r7, #12]
 120 00c0 1340     		ands	r3, r3, r2
 121 00c2 FB60     		str	r3, [r7, #12]
 122 00c4 3B68     		ldr	r3, [r7]
 123 00c6 DA68     		ldr	r2, [r3, #12]
 124 00c8 7B69     		ldr	r3, [r7, #20]
 125 00ca 03F00303 		and	r3, r3, #3
 126 00ce 9B00     		lsls	r3, r3, #2
 127 00d0 02FA03F3 		lsl	r3, r2, r3
 128 00d4 FA68     		ldr	r2, [r7, #12]
 129 00d6 1343     		orrs	r3, r3, r2
 130 00d8 FB60     		str	r3, [r7, #12]
 131 00da 1C49     		ldr	r1, .L14+4
 132 00dc 7B69     		ldr	r3, [r7, #20]
 133 00de 9B08     		lsrs	r3, r3, #2
 134 00e0 0233     		adds	r3, r3, #2
 135 00e2 FA68     		ldr	r2, [r7, #12]
 136 00e4 41F82320 		str	r2, [r1, r3, lsl #2]
 137              	.L5:
 138 00e8 3B68     		ldr	r3, [r7]
 139 00ea 5B68     		ldr	r3, [r3, #4]
 140 00ec 03F00103 		and	r3, r3, #1
 141 00f0 002B     		cmp	r3, #0
 142 00f2 06D0     		beq	.L10
 143 00f4 144B     		ldr	r3, .L14
 144 00f6 1A68     		ldr	r2, [r3]
 145 00f8 1349     		ldr	r1, .L14
 146 00fa 3B69     		ldr	r3, [r7, #16]
 147 00fc 1343     		orrs	r3, r3, r2
 148 00fe 0B60     		str	r3, [r1]
 149 0100 06E0     		b	.L11
 150              	.L10:
 151 0102 114B     		ldr	r3, .L14
 152 0104 1A68     		ldr	r2, [r3]
 153 0106 3B69     		ldr	r3, [r7, #16]
 154 0108 DB43     		mvns	r3, r3
 155 010a 0F49     		ldr	r1, .L14
 156 010c 1340     		ands	r3, r3, r2
 157 010e 0B60     		str	r3, [r1]
 158              	.L11:
 159 0110 3B68     		ldr	r3, [r7]
 160 0112 5B68     		ldr	r3, [r3, #4]
 161 0114 03F00203 		and	r3, r3, #2
 162 0118 002B     		cmp	r3, #0
 163 011a 06D0     		beq	.L12
 164 011c 0A4B     		ldr	r3, .L14
 165 011e 5A68     		ldr	r2, [r3, #4]
 166 0120 0949     		ldr	r1, .L14
 167 0122 3B69     		ldr	r3, [r7, #16]
 168 0124 1343     		orrs	r3, r3, r2
 169 0126 4B60     		str	r3, [r1, #4]
 170 0128 06E0     		b	.L13
 171              	.L12:
 172 012a 074B     		ldr	r3, .L14
ARM GAS  C:\Users\phamt\AppData\Local\Temp\ccpXj2iA.s 			page 4


 173 012c 5A68     		ldr	r2, [r3, #4]
 174 012e 3B69     		ldr	r3, [r7, #16]
 175 0130 DB43     		mvns	r3, r3
 176 0132 0549     		ldr	r1, .L14
 177 0134 1340     		ands	r3, r3, r2
 178 0136 4B60     		str	r3, [r1, #4]
 179              	.L13:
 180 0138 0023     		movs	r3, #0
 181              	.L4:
 182 013a 1846     		mov	r0, r3
 183 013c 1C37     		adds	r7, r7, #28
 184 013e BD46     		mov	sp, r7
 185              		@ sp needed
 186 0140 5DF8047B 		ldr	r7, [sp], #4
 187 0144 7047     		bx	lr
 188              	.L15:
 189 0146 00BF     		.align	2
 190              	.L14:
 191 0148 003C0140 		.word	1073822720
 192 014c 00380140 		.word	1073821696
 194              		.section	.text.HAL_EXTI_GetConfigLine,"ax",%progbits
 195              		.align	1
 196              		.global	HAL_EXTI_GetConfigLine
 197              		.syntax unified
 198              		.thumb
 199              		.thumb_func
 201              	HAL_EXTI_GetConfigLine:
 202              		@ args = 0, pretend = 0, frame = 24
 203              		@ frame_needed = 1, uses_anonymous_args = 0
 204              		@ link register save eliminated.
 205 0000 80B4     		push	{r7}
 206 0002 87B0     		sub	sp, sp, #28
 207 0004 00AF     		add	r7, sp, #0
 208 0006 7860     		str	r0, [r7, #4]
 209 0008 3960     		str	r1, [r7]
 210 000a 7B68     		ldr	r3, [r7, #4]
 211 000c 002B     		cmp	r3, #0
 212 000e 02D0     		beq	.L17
 213 0010 3B68     		ldr	r3, [r7]
 214 0012 002B     		cmp	r3, #0
 215 0014 01D1     		bne	.L18
 216              	.L17:
 217 0016 0123     		movs	r3, #1
 218 0018 61E0     		b	.L19
 219              	.L18:
 220 001a 7B68     		ldr	r3, [r7, #4]
 221 001c 1A68     		ldr	r2, [r3]
 222 001e 3B68     		ldr	r3, [r7]
 223 0020 1A60     		str	r2, [r3]
 224 0022 3B68     		ldr	r3, [r7]
 225 0024 1B68     		ldr	r3, [r3]
 226 0026 03F01F03 		and	r3, r3, #31
 227 002a 7B61     		str	r3, [r7, #20]
 228 002c 0122     		movs	r2, #1
 229 002e 7B69     		ldr	r3, [r7, #20]
 230 0030 02FA03F3 		lsl	r3, r2, r3
 231 0034 3B61     		str	r3, [r7, #16]
ARM GAS  C:\Users\phamt\AppData\Local\Temp\ccpXj2iA.s 			page 5


 232 0036 2D4B     		ldr	r3, .L26
 233 0038 1A68     		ldr	r2, [r3]
 234 003a 3B69     		ldr	r3, [r7, #16]
 235 003c 1340     		ands	r3, r3, r2
 236 003e 002B     		cmp	r3, #0
 237 0040 03D0     		beq	.L20
 238 0042 3B68     		ldr	r3, [r7]
 239 0044 0122     		movs	r2, #1
 240 0046 5A60     		str	r2, [r3, #4]
 241 0048 02E0     		b	.L21
 242              	.L20:
 243 004a 3B68     		ldr	r3, [r7]
 244 004c 0022     		movs	r2, #0
 245 004e 5A60     		str	r2, [r3, #4]
 246              	.L21:
 247 0050 264B     		ldr	r3, .L26
 248 0052 5A68     		ldr	r2, [r3, #4]
 249 0054 3B69     		ldr	r3, [r7, #16]
 250 0056 1340     		ands	r3, r3, r2
 251 0058 002B     		cmp	r3, #0
 252 005a 05D0     		beq	.L22
 253 005c 3B68     		ldr	r3, [r7]
 254 005e 5B68     		ldr	r3, [r3, #4]
 255 0060 43F00202 		orr	r2, r3, #2
 256 0064 3B68     		ldr	r3, [r7]
 257 0066 5A60     		str	r2, [r3, #4]
 258              	.L22:
 259 0068 3B68     		ldr	r3, [r7]
 260 006a 0022     		movs	r2, #0
 261 006c 9A60     		str	r2, [r3, #8]
 262 006e 3B68     		ldr	r3, [r7]
 263 0070 0022     		movs	r2, #0
 264 0072 DA60     		str	r2, [r3, #12]
 265 0074 3B68     		ldr	r3, [r7]
 266 0076 1B68     		ldr	r3, [r3]
 267 0078 03F00073 		and	r3, r3, #33554432
 268 007c 002B     		cmp	r3, #0
 269 007e 2DD0     		beq	.L23
 270 0080 1A4B     		ldr	r3, .L26
 271 0082 9A68     		ldr	r2, [r3, #8]
 272 0084 3B69     		ldr	r3, [r7, #16]
 273 0086 1340     		ands	r3, r3, r2
 274 0088 002B     		cmp	r3, #0
 275 008a 02D0     		beq	.L24
 276 008c 3B68     		ldr	r3, [r7]
 277 008e 0122     		movs	r2, #1
 278 0090 9A60     		str	r2, [r3, #8]
 279              	.L24:
 280 0092 164B     		ldr	r3, .L26
 281 0094 DA68     		ldr	r2, [r3, #12]
 282 0096 3B69     		ldr	r3, [r7, #16]
 283 0098 1340     		ands	r3, r3, r2
 284 009a 002B     		cmp	r3, #0
 285 009c 05D0     		beq	.L25
 286 009e 3B68     		ldr	r3, [r7]
 287 00a0 9B68     		ldr	r3, [r3, #8]
 288 00a2 43F00202 		orr	r2, r3, #2
ARM GAS  C:\Users\phamt\AppData\Local\Temp\ccpXj2iA.s 			page 6


 289 00a6 3B68     		ldr	r3, [r7]
 290 00a8 9A60     		str	r2, [r3, #8]
 291              	.L25:
 292 00aa 3B68     		ldr	r3, [r7]
 293 00ac 1B68     		ldr	r3, [r3]
 294 00ae 03F0C063 		and	r3, r3, #100663296
 295 00b2 B3F1C06F 		cmp	r3, #100663296
 296 00b6 11D1     		bne	.L23
 297 00b8 0D4A     		ldr	r2, .L26+4
 298 00ba 7B69     		ldr	r3, [r7, #20]
 299 00bc 9B08     		lsrs	r3, r3, #2
 300 00be 0233     		adds	r3, r3, #2
 301 00c0 52F82330 		ldr	r3, [r2, r3, lsl #2]
 302 00c4 FB60     		str	r3, [r7, #12]
 303 00c6 7B69     		ldr	r3, [r7, #20]
 304 00c8 03F00303 		and	r3, r3, #3
 305 00cc 9B00     		lsls	r3, r3, #2
 306 00ce FA68     		ldr	r2, [r7, #12]
 307 00d0 22FA03F3 		lsr	r3, r2, r3
 308 00d4 03F00F02 		and	r2, r3, #15
 309 00d8 3B68     		ldr	r3, [r7]
 310 00da DA60     		str	r2, [r3, #12]
 311              	.L23:
 312 00dc 0023     		movs	r3, #0
 313              	.L19:
 314 00de 1846     		mov	r0, r3
 315 00e0 1C37     		adds	r7, r7, #28
 316 00e2 BD46     		mov	sp, r7
 317              		@ sp needed
 318 00e4 5DF8047B 		ldr	r7, [sp], #4
 319 00e8 7047     		bx	lr
 320              	.L27:
 321 00ea 00BF     		.align	2
 322              	.L26:
 323 00ec 003C0140 		.word	1073822720
 324 00f0 00380140 		.word	1073821696
 326              		.section	.text.HAL_EXTI_ClearConfigLine,"ax",%progbits
 327              		.align	1
 328              		.global	HAL_EXTI_ClearConfigLine
 329              		.syntax unified
 330              		.thumb
 331              		.thumb_func
 333              	HAL_EXTI_ClearConfigLine:
 334              		@ args = 0, pretend = 0, frame = 24
 335              		@ frame_needed = 1, uses_anonymous_args = 0
 336              		@ link register save eliminated.
 337 0000 80B4     		push	{r7}
 338 0002 87B0     		sub	sp, sp, #28
 339 0004 00AF     		add	r7, sp, #0
 340 0006 7860     		str	r0, [r7, #4]
 341 0008 7B68     		ldr	r3, [r7, #4]
 342 000a 002B     		cmp	r3, #0
 343 000c 01D1     		bne	.L29
 344 000e 0123     		movs	r3, #1
 345 0010 4CE0     		b	.L30
 346              	.L29:
 347 0012 7B68     		ldr	r3, [r7, #4]
ARM GAS  C:\Users\phamt\AppData\Local\Temp\ccpXj2iA.s 			page 7


 348 0014 1B68     		ldr	r3, [r3]
 349 0016 03F01F03 		and	r3, r3, #31
 350 001a 7B61     		str	r3, [r7, #20]
 351 001c 0122     		movs	r2, #1
 352 001e 7B69     		ldr	r3, [r7, #20]
 353 0020 02FA03F3 		lsl	r3, r2, r3
 354 0024 3B61     		str	r3, [r7, #16]
 355 0026 244B     		ldr	r3, .L32
 356 0028 1A68     		ldr	r2, [r3]
 357 002a 3B69     		ldr	r3, [r7, #16]
 358 002c DB43     		mvns	r3, r3
 359 002e 2249     		ldr	r1, .L32
 360 0030 1340     		ands	r3, r3, r2
 361 0032 0B60     		str	r3, [r1]
 362 0034 204B     		ldr	r3, .L32
 363 0036 5A68     		ldr	r2, [r3, #4]
 364 0038 3B69     		ldr	r3, [r7, #16]
 365 003a DB43     		mvns	r3, r3
 366 003c 1E49     		ldr	r1, .L32
 367 003e 1340     		ands	r3, r3, r2
 368 0040 4B60     		str	r3, [r1, #4]
 369 0042 7B68     		ldr	r3, [r7, #4]
 370 0044 1B68     		ldr	r3, [r3]
 371 0046 03F00073 		and	r3, r3, #33554432
 372 004a 002B     		cmp	r3, #0
 373 004c 2DD0     		beq	.L31
 374 004e 1A4B     		ldr	r3, .L32
 375 0050 9A68     		ldr	r2, [r3, #8]
 376 0052 3B69     		ldr	r3, [r7, #16]
 377 0054 DB43     		mvns	r3, r3
 378 0056 1849     		ldr	r1, .L32
 379 0058 1340     		ands	r3, r3, r2
 380 005a 8B60     		str	r3, [r1, #8]
 381 005c 164B     		ldr	r3, .L32
 382 005e DA68     		ldr	r2, [r3, #12]
 383 0060 3B69     		ldr	r3, [r7, #16]
 384 0062 DB43     		mvns	r3, r3
 385 0064 1449     		ldr	r1, .L32
 386 0066 1340     		ands	r3, r3, r2
 387 0068 CB60     		str	r3, [r1, #12]
 388 006a 7B68     		ldr	r3, [r7, #4]
 389 006c 1B68     		ldr	r3, [r3]
 390 006e 03F0C063 		and	r3, r3, #100663296
 391 0072 B3F1C06F 		cmp	r3, #100663296
 392 0076 18D1     		bne	.L31
 393 0078 104A     		ldr	r2, .L32+4
 394 007a 7B69     		ldr	r3, [r7, #20]
 395 007c 9B08     		lsrs	r3, r3, #2
 396 007e 0233     		adds	r3, r3, #2
 397 0080 52F82330 		ldr	r3, [r2, r3, lsl #2]
 398 0084 FB60     		str	r3, [r7, #12]
 399 0086 7B69     		ldr	r3, [r7, #20]
 400 0088 03F00303 		and	r3, r3, #3
 401 008c 9B00     		lsls	r3, r3, #2
 402 008e 0F22     		movs	r2, #15
 403 0090 02FA03F3 		lsl	r3, r2, r3
 404 0094 DB43     		mvns	r3, r3
ARM GAS  C:\Users\phamt\AppData\Local\Temp\ccpXj2iA.s 			page 8


 405 0096 FA68     		ldr	r2, [r7, #12]
 406 0098 1340     		ands	r3, r3, r2
 407 009a FB60     		str	r3, [r7, #12]
 408 009c 0749     		ldr	r1, .L32+4
 409 009e 7B69     		ldr	r3, [r7, #20]
 410 00a0 9B08     		lsrs	r3, r3, #2
 411 00a2 0233     		adds	r3, r3, #2
 412 00a4 FA68     		ldr	r2, [r7, #12]
 413 00a6 41F82320 		str	r2, [r1, r3, lsl #2]
 414              	.L31:
 415 00aa 0023     		movs	r3, #0
 416              	.L30:
 417 00ac 1846     		mov	r0, r3
 418 00ae 1C37     		adds	r7, r7, #28
 419 00b0 BD46     		mov	sp, r7
 420              		@ sp needed
 421 00b2 5DF8047B 		ldr	r7, [sp], #4
 422 00b6 7047     		bx	lr
 423              	.L33:
 424              		.align	2
 425              	.L32:
 426 00b8 003C0140 		.word	1073822720
 427 00bc 00380140 		.word	1073821696
 429              		.section	.text.HAL_EXTI_RegisterCallback,"ax",%progbits
 430              		.align	1
 431              		.global	HAL_EXTI_RegisterCallback
 432              		.syntax unified
 433              		.thumb
 434              		.thumb_func
 436              	HAL_EXTI_RegisterCallback:
 437              		@ args = 0, pretend = 0, frame = 24
 438              		@ frame_needed = 1, uses_anonymous_args = 0
 439              		@ link register save eliminated.
 440 0000 80B4     		push	{r7}
 441 0002 87B0     		sub	sp, sp, #28
 442 0004 00AF     		add	r7, sp, #0
 443 0006 F860     		str	r0, [r7, #12]
 444 0008 0B46     		mov	r3, r1
 445 000a 7A60     		str	r2, [r7, #4]
 446 000c FB72     		strb	r3, [r7, #11]
 447 000e 0023     		movs	r3, #0
 448 0010 FB75     		strb	r3, [r7, #23]
 449 0012 FB7A     		ldrb	r3, [r7, #11]	@ zero_extendqisi2
 450 0014 002B     		cmp	r3, #0
 451 0016 03D1     		bne	.L35
 452 0018 FB68     		ldr	r3, [r7, #12]
 453 001a 7A68     		ldr	r2, [r7, #4]
 454 001c 5A60     		str	r2, [r3, #4]
 455 001e 02E0     		b	.L36
 456              	.L35:
 457 0020 0123     		movs	r3, #1
 458 0022 FB75     		strb	r3, [r7, #23]
 459 0024 00BF     		nop
 460              	.L36:
 461 0026 FB7D     		ldrb	r3, [r7, #23]	@ zero_extendqisi2
 462 0028 1846     		mov	r0, r3
 463 002a 1C37     		adds	r7, r7, #28
ARM GAS  C:\Users\phamt\AppData\Local\Temp\ccpXj2iA.s 			page 9


 464 002c BD46     		mov	sp, r7
 465              		@ sp needed
 466 002e 5DF8047B 		ldr	r7, [sp], #4
 467 0032 7047     		bx	lr
 469              		.section	.text.HAL_EXTI_GetHandle,"ax",%progbits
 470              		.align	1
 471              		.global	HAL_EXTI_GetHandle
 472              		.syntax unified
 473              		.thumb
 474              		.thumb_func
 476              	HAL_EXTI_GetHandle:
 477              		@ args = 0, pretend = 0, frame = 8
 478              		@ frame_needed = 1, uses_anonymous_args = 0
 479              		@ link register save eliminated.
 480 0000 80B4     		push	{r7}
 481 0002 83B0     		sub	sp, sp, #12
 482 0004 00AF     		add	r7, sp, #0
 483 0006 7860     		str	r0, [r7, #4]
 484 0008 3960     		str	r1, [r7]
 485 000a 7B68     		ldr	r3, [r7, #4]
 486 000c 002B     		cmp	r3, #0
 487 000e 01D1     		bne	.L39
 488 0010 0123     		movs	r3, #1
 489 0012 03E0     		b	.L40
 490              	.L39:
 491 0014 7B68     		ldr	r3, [r7, #4]
 492 0016 3A68     		ldr	r2, [r7]
 493 0018 1A60     		str	r2, [r3]
 494 001a 0023     		movs	r3, #0
 495              	.L40:
 496 001c 1846     		mov	r0, r3
 497 001e 0C37     		adds	r7, r7, #12
 498 0020 BD46     		mov	sp, r7
 499              		@ sp needed
 500 0022 5DF8047B 		ldr	r7, [sp], #4
 501 0026 7047     		bx	lr
 503              		.section	.text.HAL_EXTI_IRQHandler,"ax",%progbits
 504              		.align	1
 505              		.global	HAL_EXTI_IRQHandler
 506              		.syntax unified
 507              		.thumb
 508              		.thumb_func
 510              	HAL_EXTI_IRQHandler:
 511              		@ args = 0, pretend = 0, frame = 16
 512              		@ frame_needed = 1, uses_anonymous_args = 0
 513 0000 80B5     		push	{r7, lr}
 514 0002 84B0     		sub	sp, sp, #16
 515 0004 00AF     		add	r7, sp, #0
 516 0006 7860     		str	r0, [r7, #4]
 517 0008 7B68     		ldr	r3, [r7, #4]
 518 000a 1B68     		ldr	r3, [r3]
 519 000c 03F01F03 		and	r3, r3, #31
 520 0010 0122     		movs	r2, #1
 521 0012 02FA03F3 		lsl	r3, r2, r3
 522 0016 FB60     		str	r3, [r7, #12]
 523 0018 0A4B     		ldr	r3, .L44
 524 001a 5B69     		ldr	r3, [r3, #20]
ARM GAS  C:\Users\phamt\AppData\Local\Temp\ccpXj2iA.s 			page 10


 525 001c FA68     		ldr	r2, [r7, #12]
 526 001e 1340     		ands	r3, r3, r2
 527 0020 BB60     		str	r3, [r7, #8]
 528 0022 BB68     		ldr	r3, [r7, #8]
 529 0024 002B     		cmp	r3, #0
 530 0026 09D0     		beq	.L43
 531 0028 064A     		ldr	r2, .L44
 532 002a FB68     		ldr	r3, [r7, #12]
 533 002c 5361     		str	r3, [r2, #20]
 534 002e 7B68     		ldr	r3, [r7, #4]
 535 0030 5B68     		ldr	r3, [r3, #4]
 536 0032 002B     		cmp	r3, #0
 537 0034 02D0     		beq	.L43
 538 0036 7B68     		ldr	r3, [r7, #4]
 539 0038 5B68     		ldr	r3, [r3, #4]
 540 003a 9847     		blx	r3
 541              	.L43:
 542 003c 00BF     		nop
 543 003e 1037     		adds	r7, r7, #16
 544 0040 BD46     		mov	sp, r7
 545              		@ sp needed
 546 0042 80BD     		pop	{r7, pc}
 547              	.L45:
 548              		.align	2
 549              	.L44:
 550 0044 003C0140 		.word	1073822720
 552              		.section	.text.HAL_EXTI_GetPending,"ax",%progbits
 553              		.align	1
 554              		.global	HAL_EXTI_GetPending
 555              		.syntax unified
 556              		.thumb
 557              		.thumb_func
 559              	HAL_EXTI_GetPending:
 560              		@ args = 0, pretend = 0, frame = 24
 561              		@ frame_needed = 1, uses_anonymous_args = 0
 562              		@ link register save eliminated.
 563 0000 80B4     		push	{r7}
 564 0002 87B0     		sub	sp, sp, #28
 565 0004 00AF     		add	r7, sp, #0
 566 0006 7860     		str	r0, [r7, #4]
 567 0008 3960     		str	r1, [r7]
 568 000a 7B68     		ldr	r3, [r7, #4]
 569 000c 1B68     		ldr	r3, [r3]
 570 000e 03F01F03 		and	r3, r3, #31
 571 0012 7B61     		str	r3, [r7, #20]
 572 0014 0122     		movs	r2, #1
 573 0016 7B69     		ldr	r3, [r7, #20]
 574 0018 02FA03F3 		lsl	r3, r2, r3
 575 001c 3B61     		str	r3, [r7, #16]
 576 001e 074B     		ldr	r3, .L48
 577 0020 5A69     		ldr	r2, [r3, #20]
 578 0022 3B69     		ldr	r3, [r7, #16]
 579 0024 1A40     		ands	r2, r2, r3
 580 0026 7B69     		ldr	r3, [r7, #20]
 581 0028 22FA03F3 		lsr	r3, r2, r3
 582 002c FB60     		str	r3, [r7, #12]
 583 002e FB68     		ldr	r3, [r7, #12]
ARM GAS  C:\Users\phamt\AppData\Local\Temp\ccpXj2iA.s 			page 11


 584 0030 1846     		mov	r0, r3
 585 0032 1C37     		adds	r7, r7, #28
 586 0034 BD46     		mov	sp, r7
 587              		@ sp needed
 588 0036 5DF8047B 		ldr	r7, [sp], #4
 589 003a 7047     		bx	lr
 590              	.L49:
 591              		.align	2
 592              	.L48:
 593 003c 003C0140 		.word	1073822720
 595              		.section	.text.HAL_EXTI_ClearPending,"ax",%progbits
 596              		.align	1
 597              		.global	HAL_EXTI_ClearPending
 598              		.syntax unified
 599              		.thumb
 600              		.thumb_func
 602              	HAL_EXTI_ClearPending:
 603              		@ args = 0, pretend = 0, frame = 16
 604              		@ frame_needed = 1, uses_anonymous_args = 0
 605              		@ link register save eliminated.
 606 0000 80B4     		push	{r7}
 607 0002 85B0     		sub	sp, sp, #20
 608 0004 00AF     		add	r7, sp, #0
 609 0006 7860     		str	r0, [r7, #4]
 610 0008 3960     		str	r1, [r7]
 611 000a 7B68     		ldr	r3, [r7, #4]
 612 000c 1B68     		ldr	r3, [r3]
 613 000e 03F01F03 		and	r3, r3, #31
 614 0012 0122     		movs	r2, #1
 615 0014 02FA03F3 		lsl	r3, r2, r3
 616 0018 FB60     		str	r3, [r7, #12]
 617 001a 044A     		ldr	r2, .L51
 618 001c FB68     		ldr	r3, [r7, #12]
 619 001e 5361     		str	r3, [r2, #20]
 620 0020 00BF     		nop
 621 0022 1437     		adds	r7, r7, #20
 622 0024 BD46     		mov	sp, r7
 623              		@ sp needed
 624 0026 5DF8047B 		ldr	r7, [sp], #4
 625 002a 7047     		bx	lr
 626              	.L52:
 627              		.align	2
 628              	.L51:
 629 002c 003C0140 		.word	1073822720
 631              		.section	.text.HAL_EXTI_GenerateSWI,"ax",%progbits
 632              		.align	1
 633              		.global	HAL_EXTI_GenerateSWI
 634              		.syntax unified
 635              		.thumb
 636              		.thumb_func
 638              	HAL_EXTI_GenerateSWI:
 639              		@ args = 0, pretend = 0, frame = 16
 640              		@ frame_needed = 1, uses_anonymous_args = 0
 641              		@ link register save eliminated.
 642 0000 80B4     		push	{r7}
 643 0002 85B0     		sub	sp, sp, #20
 644 0004 00AF     		add	r7, sp, #0
ARM GAS  C:\Users\phamt\AppData\Local\Temp\ccpXj2iA.s 			page 12


 645 0006 7860     		str	r0, [r7, #4]
 646 0008 7B68     		ldr	r3, [r7, #4]
 647 000a 1B68     		ldr	r3, [r3]
 648 000c 03F01F03 		and	r3, r3, #31
 649 0010 0122     		movs	r2, #1
 650 0012 02FA03F3 		lsl	r3, r2, r3
 651 0016 FB60     		str	r3, [r7, #12]
 652 0018 044A     		ldr	r2, .L54
 653 001a FB68     		ldr	r3, [r7, #12]
 654 001c 1361     		str	r3, [r2, #16]
 655 001e 00BF     		nop
 656 0020 1437     		adds	r7, r7, #20
 657 0022 BD46     		mov	sp, r7
 658              		@ sp needed
 659 0024 5DF8047B 		ldr	r7, [sp], #4
 660 0028 7047     		bx	lr
 661              	.L55:
 662 002a 00BF     		.align	2
 663              	.L54:
 664 002c 003C0140 		.word	1073822720
 666              		.ident	"GCC: (GNU Arm Embedded Toolchain 10.3-2021.10) 10.3.1 20210824 (release)"
ARM GAS  C:\Users\phamt\AppData\Local\Temp\ccpXj2iA.s 			page 13


DEFINED SYMBOLS
                            *ABS*:00000000 stm32f4xx_hal_exti.c
C:\Users\phamt\AppData\Local\Temp\ccpXj2iA.s:18     .text.HAL_EXTI_SetConfigLine:00000000 $t
C:\Users\phamt\AppData\Local\Temp\ccpXj2iA.s:24     .text.HAL_EXTI_SetConfigLine:00000000 HAL_EXTI_SetConfigLine
C:\Users\phamt\AppData\Local\Temp\ccpXj2iA.s:191    .text.HAL_EXTI_SetConfigLine:00000148 $d
C:\Users\phamt\AppData\Local\Temp\ccpXj2iA.s:195    .text.HAL_EXTI_GetConfigLine:00000000 $t
C:\Users\phamt\AppData\Local\Temp\ccpXj2iA.s:201    .text.HAL_EXTI_GetConfigLine:00000000 HAL_EXTI_GetConfigLine
C:\Users\phamt\AppData\Local\Temp\ccpXj2iA.s:323    .text.HAL_EXTI_GetConfigLine:000000ec $d
C:\Users\phamt\AppData\Local\Temp\ccpXj2iA.s:327    .text.HAL_EXTI_ClearConfigLine:00000000 $t
C:\Users\phamt\AppData\Local\Temp\ccpXj2iA.s:333    .text.HAL_EXTI_ClearConfigLine:00000000 HAL_EXTI_ClearConfigLine
C:\Users\phamt\AppData\Local\Temp\ccpXj2iA.s:426    .text.HAL_EXTI_ClearConfigLine:000000b8 $d
C:\Users\phamt\AppData\Local\Temp\ccpXj2iA.s:430    .text.HAL_EXTI_RegisterCallback:00000000 $t
C:\Users\phamt\AppData\Local\Temp\ccpXj2iA.s:436    .text.HAL_EXTI_RegisterCallback:00000000 HAL_EXTI_RegisterCallback
C:\Users\phamt\AppData\Local\Temp\ccpXj2iA.s:470    .text.HAL_EXTI_GetHandle:00000000 $t
C:\Users\phamt\AppData\Local\Temp\ccpXj2iA.s:476    .text.HAL_EXTI_GetHandle:00000000 HAL_EXTI_GetHandle
C:\Users\phamt\AppData\Local\Temp\ccpXj2iA.s:504    .text.HAL_EXTI_IRQHandler:00000000 $t
C:\Users\phamt\AppData\Local\Temp\ccpXj2iA.s:510    .text.HAL_EXTI_IRQHandler:00000000 HAL_EXTI_IRQHandler
C:\Users\phamt\AppData\Local\Temp\ccpXj2iA.s:550    .text.HAL_EXTI_IRQHandler:00000044 $d
C:\Users\phamt\AppData\Local\Temp\ccpXj2iA.s:553    .text.HAL_EXTI_GetPending:00000000 $t
C:\Users\phamt\AppData\Local\Temp\ccpXj2iA.s:559    .text.HAL_EXTI_GetPending:00000000 HAL_EXTI_GetPending
C:\Users\phamt\AppData\Local\Temp\ccpXj2iA.s:593    .text.HAL_EXTI_GetPending:0000003c $d
C:\Users\phamt\AppData\Local\Temp\ccpXj2iA.s:596    .text.HAL_EXTI_ClearPending:00000000 $t
C:\Users\phamt\AppData\Local\Temp\ccpXj2iA.s:602    .text.HAL_EXTI_ClearPending:00000000 HAL_EXTI_ClearPending
C:\Users\phamt\AppData\Local\Temp\ccpXj2iA.s:629    .text.HAL_EXTI_ClearPending:0000002c $d
C:\Users\phamt\AppData\Local\Temp\ccpXj2iA.s:632    .text.HAL_EXTI_GenerateSWI:00000000 $t
C:\Users\phamt\AppData\Local\Temp\ccpXj2iA.s:638    .text.HAL_EXTI_GenerateSWI:00000000 HAL_EXTI_GenerateSWI
C:\Users\phamt\AppData\Local\Temp\ccpXj2iA.s:664    .text.HAL_EXTI_GenerateSWI:0000002c $d

NO UNDEFINED SYMBOLS
