ARM GAS  C:\Users\phamt\AppData\Local\Temp\cc0cbHWa.s 			page 1


   1              		.cpu cortex-m4
   2              		.arch armv7e-m
   3              		.fpu fpv4-sp-d16
   4              		.eabi_attribute 27, 1
   5              		.eabi_attribute 28, 1
   6              		.eabi_attribute 20, 1
   7              		.eabi_attribute 21, 1
   8              		.eabi_attribute 23, 3
   9              		.eabi_attribute 24, 1
  10              		.eabi_attribute 25, 1
  11              		.eabi_attribute 26, 1
  12              		.eabi_attribute 30, 6
  13              		.eabi_attribute 34, 1
  14              		.eabi_attribute 18, 4
  15              		.file	"stm32f4xx_hal_flash_ex.c"
  16              		.text
  17              		.section	.text.HAL_FLASHEx_Erase,"ax",%progbits
  18              		.align	1
  19              		.global	HAL_FLASHEx_Erase
  20              		.syntax unified
  21              		.thumb
  22              		.thumb_func
  24              	HAL_FLASHEx_Erase:
  25              		@ args = 0, pretend = 0, frame = 16
  26              		@ frame_needed = 1, uses_anonymous_args = 0
  27 0000 80B5     		push	{r7, lr}
  28 0002 84B0     		sub	sp, sp, #16
  29 0004 00AF     		add	r7, sp, #0
  30 0006 7860     		str	r0, [r7, #4]
  31 0008 3960     		str	r1, [r7]
  32 000a 0123     		movs	r3, #1
  33 000c FB73     		strb	r3, [r7, #15]
  34 000e 0023     		movs	r3, #0
  35 0010 BB60     		str	r3, [r7, #8]
  36 0012 314B     		ldr	r3, .L10
  37 0014 1B7E     		ldrb	r3, [r3, #24]	@ zero_extendqisi2
  38 0016 012B     		cmp	r3, #1
  39 0018 01D1     		bne	.L2
  40 001a 0223     		movs	r3, #2
  41 001c 58E0     		b	.L3
  42              	.L2:
  43 001e 2E4B     		ldr	r3, .L10
  44 0020 0122     		movs	r2, #1
  45 0022 1A76     		strb	r2, [r3, #24]
  46 0024 4CF25030 		movw	r0, #50000
  47 0028 FFF7FEFF 		bl	FLASH_WaitForLastOperation
  48 002c 0346     		mov	r3, r0
  49 002e FB73     		strb	r3, [r7, #15]
  50 0030 FB7B     		ldrb	r3, [r7, #15]	@ zero_extendqisi2
  51 0032 002B     		cmp	r3, #0
  52 0034 48D1     		bne	.L4
  53 0036 3B68     		ldr	r3, [r7]
  54 0038 4FF0FF32 		mov	r2, #-1
  55 003c 1A60     		str	r2, [r3]
  56 003e 7B68     		ldr	r3, [r7, #4]
  57 0040 1B68     		ldr	r3, [r3]
  58 0042 012B     		cmp	r3, #1
ARM GAS  C:\Users\phamt\AppData\Local\Temp\cc0cbHWa.s 			page 2


  59 0044 15D1     		bne	.L5
  60 0046 7B68     		ldr	r3, [r7, #4]
  61 0048 1B69     		ldr	r3, [r3, #16]
  62 004a DAB2     		uxtb	r2, r3
  63 004c 7B68     		ldr	r3, [r7, #4]
  64 004e 5B68     		ldr	r3, [r3, #4]
  65 0050 1946     		mov	r1, r3
  66 0052 1046     		mov	r0, r2
  67 0054 FFF7FEFF 		bl	FLASH_MassErase
  68 0058 4CF25030 		movw	r0, #50000
  69 005c FFF7FEFF 		bl	FLASH_WaitForLastOperation
  70 0060 0346     		mov	r3, r0
  71 0062 FB73     		strb	r3, [r7, #15]
  72 0064 1D4B     		ldr	r3, .L10+4
  73 0066 1B69     		ldr	r3, [r3, #16]
  74 0068 1C4A     		ldr	r2, .L10+4
  75 006a 23F00403 		bic	r3, r3, #4
  76 006e 1361     		str	r3, [r2, #16]
  77 0070 28E0     		b	.L6
  78              	.L5:
  79 0072 7B68     		ldr	r3, [r7, #4]
  80 0074 9B68     		ldr	r3, [r3, #8]
  81 0076 BB60     		str	r3, [r7, #8]
  82 0078 1CE0     		b	.L7
  83              	.L9:
  84 007a 7B68     		ldr	r3, [r7, #4]
  85 007c 1B69     		ldr	r3, [r3, #16]
  86 007e DBB2     		uxtb	r3, r3
  87 0080 1946     		mov	r1, r3
  88 0082 B868     		ldr	r0, [r7, #8]
  89 0084 FFF7FEFF 		bl	FLASH_Erase_Sector
  90 0088 4CF25030 		movw	r0, #50000
  91 008c FFF7FEFF 		bl	FLASH_WaitForLastOperation
  92 0090 0346     		mov	r3, r0
  93 0092 FB73     		strb	r3, [r7, #15]
  94 0094 114B     		ldr	r3, .L10+4
  95 0096 1B69     		ldr	r3, [r3, #16]
  96 0098 104A     		ldr	r2, .L10+4
  97 009a 23F0FA03 		bic	r3, r3, #250
  98 009e 1361     		str	r3, [r2, #16]
  99 00a0 FB7B     		ldrb	r3, [r7, #15]	@ zero_extendqisi2
 100 00a2 002B     		cmp	r3, #0
 101 00a4 03D0     		beq	.L8
 102 00a6 3B68     		ldr	r3, [r7]
 103 00a8 BA68     		ldr	r2, [r7, #8]
 104 00aa 1A60     		str	r2, [r3]
 105 00ac 0AE0     		b	.L6
 106              	.L8:
 107 00ae BB68     		ldr	r3, [r7, #8]
 108 00b0 0133     		adds	r3, r3, #1
 109 00b2 BB60     		str	r3, [r7, #8]
 110              	.L7:
 111 00b4 7B68     		ldr	r3, [r7, #4]
 112 00b6 DA68     		ldr	r2, [r3, #12]
 113 00b8 7B68     		ldr	r3, [r7, #4]
 114 00ba 9B68     		ldr	r3, [r3, #8]
 115 00bc 1344     		add	r3, r3, r2
ARM GAS  C:\Users\phamt\AppData\Local\Temp\cc0cbHWa.s 			page 3


 116 00be BA68     		ldr	r2, [r7, #8]
 117 00c0 9A42     		cmp	r2, r3
 118 00c2 DAD3     		bcc	.L9
 119              	.L6:
 120 00c4 FFF7FEFF 		bl	FLASH_FlushCaches
 121              	.L4:
 122 00c8 034B     		ldr	r3, .L10
 123 00ca 0022     		movs	r2, #0
 124 00cc 1A76     		strb	r2, [r3, #24]
 125 00ce FB7B     		ldrb	r3, [r7, #15]	@ zero_extendqisi2
 126              	.L3:
 127 00d0 1846     		mov	r0, r3
 128 00d2 1037     		adds	r7, r7, #16
 129 00d4 BD46     		mov	sp, r7
 130              		@ sp needed
 131 00d6 80BD     		pop	{r7, pc}
 132              	.L11:
 133              		.align	2
 134              	.L10:
 135 00d8 00000000 		.word	pFlash
 136 00dc 003C0240 		.word	1073888256
 138              		.section	.text.HAL_FLASHEx_Erase_IT,"ax",%progbits
 139              		.align	1
 140              		.global	HAL_FLASHEx_Erase_IT
 141              		.syntax unified
 142              		.thumb
 143              		.thumb_func
 145              	HAL_FLASHEx_Erase_IT:
 146              		@ args = 0, pretend = 0, frame = 16
 147              		@ frame_needed = 1, uses_anonymous_args = 0
 148 0000 80B5     		push	{r7, lr}
 149 0002 84B0     		sub	sp, sp, #16
 150 0004 00AF     		add	r7, sp, #0
 151 0006 7860     		str	r0, [r7, #4]
 152 0008 0023     		movs	r3, #0
 153 000a FB73     		strb	r3, [r7, #15]
 154 000c 204B     		ldr	r3, .L16
 155 000e 1B69     		ldr	r3, [r3, #16]
 156 0010 1F4A     		ldr	r2, .L16
 157 0012 43F08073 		orr	r3, r3, #16777216
 158 0016 1361     		str	r3, [r2, #16]
 159 0018 1D4B     		ldr	r3, .L16
 160 001a 1B69     		ldr	r3, [r3, #16]
 161 001c 1C4A     		ldr	r2, .L16
 162 001e 43F00073 		orr	r3, r3, #33554432
 163 0022 1361     		str	r3, [r2, #16]
 164 0024 1A4B     		ldr	r3, .L16
 165 0026 F322     		movs	r2, #243
 166 0028 DA60     		str	r2, [r3, #12]
 167 002a 7B68     		ldr	r3, [r7, #4]
 168 002c 1B68     		ldr	r3, [r3]
 169 002e 012B     		cmp	r3, #1
 170 0030 10D1     		bne	.L13
 171 0032 184B     		ldr	r3, .L16+4
 172 0034 0222     		movs	r2, #2
 173 0036 1A70     		strb	r2, [r3]
 174 0038 7B68     		ldr	r3, [r7, #4]
ARM GAS  C:\Users\phamt\AppData\Local\Temp\cc0cbHWa.s 			page 4


 175 003a 5B68     		ldr	r3, [r3, #4]
 176 003c 154A     		ldr	r2, .L16+4
 177 003e 1361     		str	r3, [r2, #16]
 178 0040 7B68     		ldr	r3, [r7, #4]
 179 0042 1B69     		ldr	r3, [r3, #16]
 180 0044 DAB2     		uxtb	r2, r3
 181 0046 7B68     		ldr	r3, [r7, #4]
 182 0048 5B68     		ldr	r3, [r3, #4]
 183 004a 1946     		mov	r1, r3
 184 004c 1046     		mov	r0, r2
 185 004e FFF7FEFF 		bl	FLASH_MassErase
 186 0052 18E0     		b	.L14
 187              	.L13:
 188 0054 0F4B     		ldr	r3, .L16+4
 189 0056 0122     		movs	r2, #1
 190 0058 1A70     		strb	r2, [r3]
 191 005a 7B68     		ldr	r3, [r7, #4]
 192 005c DB68     		ldr	r3, [r3, #12]
 193 005e 0D4A     		ldr	r2, .L16+4
 194 0060 5360     		str	r3, [r2, #4]
 195 0062 7B68     		ldr	r3, [r7, #4]
 196 0064 9B68     		ldr	r3, [r3, #8]
 197 0066 0B4A     		ldr	r2, .L16+4
 198 0068 D360     		str	r3, [r2, #12]
 199 006a 7B68     		ldr	r3, [r7, #4]
 200 006c 1B69     		ldr	r3, [r3, #16]
 201 006e DAB2     		uxtb	r2, r3
 202 0070 084B     		ldr	r3, .L16+4
 203 0072 1A72     		strb	r2, [r3, #8]
 204 0074 7B68     		ldr	r3, [r7, #4]
 205 0076 9A68     		ldr	r2, [r3, #8]
 206 0078 7B68     		ldr	r3, [r7, #4]
 207 007a 1B69     		ldr	r3, [r3, #16]
 208 007c DBB2     		uxtb	r3, r3
 209 007e 1946     		mov	r1, r3
 210 0080 1046     		mov	r0, r2
 211 0082 FFF7FEFF 		bl	FLASH_Erase_Sector
 212              	.L14:
 213 0086 FB7B     		ldrb	r3, [r7, #15]	@ zero_extendqisi2
 214 0088 1846     		mov	r0, r3
 215 008a 1037     		adds	r7, r7, #16
 216 008c BD46     		mov	sp, r7
 217              		@ sp needed
 218 008e 80BD     		pop	{r7, pc}
 219              	.L17:
 220              		.align	2
 221              	.L16:
 222 0090 003C0240 		.word	1073888256
 223 0094 00000000 		.word	pFlash
 225              		.section	.text.HAL_FLASHEx_OBProgram,"ax",%progbits
 226              		.align	1
 227              		.global	HAL_FLASHEx_OBProgram
 228              		.syntax unified
 229              		.thumb
 230              		.thumb_func
 232              	HAL_FLASHEx_OBProgram:
 233              		@ args = 0, pretend = 0, frame = 16
ARM GAS  C:\Users\phamt\AppData\Local\Temp\cc0cbHWa.s 			page 5


 234              		@ frame_needed = 1, uses_anonymous_args = 0
 235 0000 80B5     		push	{r7, lr}
 236 0002 84B0     		sub	sp, sp, #16
 237 0004 00AF     		add	r7, sp, #0
 238 0006 7860     		str	r0, [r7, #4]
 239 0008 0123     		movs	r3, #1
 240 000a FB73     		strb	r3, [r7, #15]
 241 000c 324B     		ldr	r3, .L26
 242 000e 1B7E     		ldrb	r3, [r3, #24]	@ zero_extendqisi2
 243 0010 012B     		cmp	r3, #1
 244 0012 01D1     		bne	.L19
 245 0014 0223     		movs	r3, #2
 246 0016 5BE0     		b	.L20
 247              	.L19:
 248 0018 2F4B     		ldr	r3, .L26
 249 001a 0122     		movs	r2, #1
 250 001c 1A76     		strb	r2, [r3, #24]
 251 001e 7B68     		ldr	r3, [r7, #4]
 252 0020 1B68     		ldr	r3, [r3]
 253 0022 03F00103 		and	r3, r3, #1
 254 0026 002B     		cmp	r3, #0
 255 0028 18D0     		beq	.L21
 256 002a 7B68     		ldr	r3, [r7, #4]
 257 002c 5B68     		ldr	r3, [r3, #4]
 258 002e 012B     		cmp	r3, #1
 259 0030 0AD1     		bne	.L22
 260 0032 7B68     		ldr	r3, [r7, #4]
 261 0034 9A68     		ldr	r2, [r3, #8]
 262 0036 7B68     		ldr	r3, [r7, #4]
 263 0038 DB68     		ldr	r3, [r3, #12]
 264 003a 1946     		mov	r1, r3
 265 003c 1046     		mov	r0, r2
 266 003e FFF7FEFF 		bl	FLASH_OB_EnableWRP
 267 0042 0346     		mov	r3, r0
 268 0044 FB73     		strb	r3, [r7, #15]
 269 0046 09E0     		b	.L21
 270              	.L22:
 271 0048 7B68     		ldr	r3, [r7, #4]
 272 004a 9A68     		ldr	r2, [r3, #8]
 273 004c 7B68     		ldr	r3, [r7, #4]
 274 004e DB68     		ldr	r3, [r3, #12]
 275 0050 1946     		mov	r1, r3
 276 0052 1046     		mov	r0, r2
 277 0054 FFF7FEFF 		bl	FLASH_OB_DisableWRP
 278 0058 0346     		mov	r3, r0
 279 005a FB73     		strb	r3, [r7, #15]
 280              	.L21:
 281 005c 7B68     		ldr	r3, [r7, #4]
 282 005e 1B68     		ldr	r3, [r3]
 283 0060 03F00203 		and	r3, r3, #2
 284 0064 002B     		cmp	r3, #0
 285 0066 07D0     		beq	.L23
 286 0068 7B68     		ldr	r3, [r7, #4]
 287 006a 1B69     		ldr	r3, [r3, #16]
 288 006c DBB2     		uxtb	r3, r3
 289 006e 1846     		mov	r0, r3
 290 0070 FFF7FEFF 		bl	FLASH_OB_RDP_LevelConfig
ARM GAS  C:\Users\phamt\AppData\Local\Temp\cc0cbHWa.s 			page 6


 291 0074 0346     		mov	r3, r0
 292 0076 FB73     		strb	r3, [r7, #15]
 293              	.L23:
 294 0078 7B68     		ldr	r3, [r7, #4]
 295 007a 1B68     		ldr	r3, [r3]
 296 007c 03F00403 		and	r3, r3, #4
 297 0080 002B     		cmp	r3, #0
 298 0082 13D0     		beq	.L24
 299 0084 7B68     		ldr	r3, [r7, #4]
 300 0086 1B7E     		ldrb	r3, [r3, #24]	@ zero_extendqisi2
 301 0088 03F02003 		and	r3, r3, #32
 302 008c D8B2     		uxtb	r0, r3
 303 008e 7B68     		ldr	r3, [r7, #4]
 304 0090 1B7E     		ldrb	r3, [r3, #24]	@ zero_extendqisi2
 305 0092 03F04003 		and	r3, r3, #64
 306 0096 D9B2     		uxtb	r1, r3
 307 0098 7B68     		ldr	r3, [r7, #4]
 308 009a 1B7E     		ldrb	r3, [r3, #24]	@ zero_extendqisi2
 309 009c 23F07F03 		bic	r3, r3, #127
 310 00a0 DBB2     		uxtb	r3, r3
 311 00a2 1A46     		mov	r2, r3
 312 00a4 FFF7FEFF 		bl	FLASH_OB_UserConfig
 313 00a8 0346     		mov	r3, r0
 314 00aa FB73     		strb	r3, [r7, #15]
 315              	.L24:
 316 00ac 7B68     		ldr	r3, [r7, #4]
 317 00ae 1B68     		ldr	r3, [r3]
 318 00b0 03F00803 		and	r3, r3, #8
 319 00b4 002B     		cmp	r3, #0
 320 00b6 07D0     		beq	.L25
 321 00b8 7B68     		ldr	r3, [r7, #4]
 322 00ba 5B69     		ldr	r3, [r3, #20]
 323 00bc DBB2     		uxtb	r3, r3
 324 00be 1846     		mov	r0, r3
 325 00c0 FFF7FEFF 		bl	FLASH_OB_BOR_LevelConfig
 326 00c4 0346     		mov	r3, r0
 327 00c6 FB73     		strb	r3, [r7, #15]
 328              	.L25:
 329 00c8 034B     		ldr	r3, .L26
 330 00ca 0022     		movs	r2, #0
 331 00cc 1A76     		strb	r2, [r3, #24]
 332 00ce FB7B     		ldrb	r3, [r7, #15]	@ zero_extendqisi2
 333              	.L20:
 334 00d0 1846     		mov	r0, r3
 335 00d2 1037     		adds	r7, r7, #16
 336 00d4 BD46     		mov	sp, r7
 337              		@ sp needed
 338 00d6 80BD     		pop	{r7, pc}
 339              	.L27:
 340              		.align	2
 341              	.L26:
 342 00d8 00000000 		.word	pFlash
 344              		.section	.text.HAL_FLASHEx_OBGetConfig,"ax",%progbits
 345              		.align	1
 346              		.global	HAL_FLASHEx_OBGetConfig
 347              		.syntax unified
 348              		.thumb
ARM GAS  C:\Users\phamt\AppData\Local\Temp\cc0cbHWa.s 			page 7


 349              		.thumb_func
 351              	HAL_FLASHEx_OBGetConfig:
 352              		@ args = 0, pretend = 0, frame = 8
 353              		@ frame_needed = 1, uses_anonymous_args = 0
 354 0000 80B5     		push	{r7, lr}
 355 0002 82B0     		sub	sp, sp, #8
 356 0004 00AF     		add	r7, sp, #0
 357 0006 7860     		str	r0, [r7, #4]
 358 0008 7B68     		ldr	r3, [r7, #4]
 359 000a 0F22     		movs	r2, #15
 360 000c 1A60     		str	r2, [r3]
 361 000e FFF7FEFF 		bl	FLASH_OB_GetWRP
 362 0012 0346     		mov	r3, r0
 363 0014 1A46     		mov	r2, r3
 364 0016 7B68     		ldr	r3, [r7, #4]
 365 0018 9A60     		str	r2, [r3, #8]
 366 001a FFF7FEFF 		bl	FLASH_OB_GetRDP
 367 001e 0346     		mov	r3, r0
 368 0020 1A46     		mov	r2, r3
 369 0022 7B68     		ldr	r3, [r7, #4]
 370 0024 1A61     		str	r2, [r3, #16]
 371 0026 FFF7FEFF 		bl	FLASH_OB_GetUser
 372 002a 0346     		mov	r3, r0
 373 002c 1A46     		mov	r2, r3
 374 002e 7B68     		ldr	r3, [r7, #4]
 375 0030 1A76     		strb	r2, [r3, #24]
 376 0032 FFF7FEFF 		bl	FLASH_OB_GetBOR
 377 0036 0346     		mov	r3, r0
 378 0038 1A46     		mov	r2, r3
 379 003a 7B68     		ldr	r3, [r7, #4]
 380 003c 5A61     		str	r2, [r3, #20]
 381 003e 00BF     		nop
 382 0040 0837     		adds	r7, r7, #8
 383 0042 BD46     		mov	sp, r7
 384              		@ sp needed
 385 0044 80BD     		pop	{r7, pc}
 387              		.section	.text.FLASH_MassErase,"ax",%progbits
 388              		.align	1
 389              		.syntax unified
 390              		.thumb
 391              		.thumb_func
 393              	FLASH_MassErase:
 394              		@ args = 0, pretend = 0, frame = 8
 395              		@ frame_needed = 1, uses_anonymous_args = 0
 396              		@ link register save eliminated.
 397 0000 80B4     		push	{r7}
 398 0002 83B0     		sub	sp, sp, #12
 399 0004 00AF     		add	r7, sp, #0
 400 0006 0346     		mov	r3, r0
 401 0008 3960     		str	r1, [r7]
 402 000a FB71     		strb	r3, [r7, #7]
 403 000c 0D4B     		ldr	r3, .L30
 404 000e 1B69     		ldr	r3, [r3, #16]
 405 0010 0C4A     		ldr	r2, .L30
 406 0012 23F44073 		bic	r3, r3, #768
 407 0016 1361     		str	r3, [r2, #16]
 408 0018 0A4B     		ldr	r3, .L30
ARM GAS  C:\Users\phamt\AppData\Local\Temp\cc0cbHWa.s 			page 8


 409 001a 1B69     		ldr	r3, [r3, #16]
 410 001c 094A     		ldr	r2, .L30
 411 001e 43F00403 		orr	r3, r3, #4
 412 0022 1361     		str	r3, [r2, #16]
 413 0024 074B     		ldr	r3, .L30
 414 0026 1A69     		ldr	r2, [r3, #16]
 415 0028 FB79     		ldrb	r3, [r7, #7]	@ zero_extendqisi2
 416 002a 1B02     		lsls	r3, r3, #8
 417 002c 1343     		orrs	r3, r3, r2
 418 002e 054A     		ldr	r2, .L30
 419 0030 43F48033 		orr	r3, r3, #65536
 420 0034 1361     		str	r3, [r2, #16]
 421 0036 00BF     		nop
 422 0038 0C37     		adds	r7, r7, #12
 423 003a BD46     		mov	sp, r7
 424              		@ sp needed
 425 003c 5DF8047B 		ldr	r7, [sp], #4
 426 0040 7047     		bx	lr
 427              	.L31:
 428 0042 00BF     		.align	2
 429              	.L30:
 430 0044 003C0240 		.word	1073888256
 432              		.section	.text.FLASH_Erase_Sector,"ax",%progbits
 433              		.align	1
 434              		.global	FLASH_Erase_Sector
 435              		.syntax unified
 436              		.thumb
 437              		.thumb_func
 439              	FLASH_Erase_Sector:
 440              		@ args = 0, pretend = 0, frame = 16
 441              		@ frame_needed = 1, uses_anonymous_args = 0
 442              		@ link register save eliminated.
 443 0000 80B4     		push	{r7}
 444 0002 85B0     		sub	sp, sp, #20
 445 0004 00AF     		add	r7, sp, #0
 446 0006 7860     		str	r0, [r7, #4]
 447 0008 0B46     		mov	r3, r1
 448 000a FB70     		strb	r3, [r7, #3]
 449 000c 0023     		movs	r3, #0
 450 000e FB60     		str	r3, [r7, #12]
 451 0010 FB78     		ldrb	r3, [r7, #3]	@ zero_extendqisi2
 452 0012 002B     		cmp	r3, #0
 453 0014 02D1     		bne	.L33
 454 0016 0023     		movs	r3, #0
 455 0018 FB60     		str	r3, [r7, #12]
 456 001a 10E0     		b	.L34
 457              	.L33:
 458 001c FB78     		ldrb	r3, [r7, #3]	@ zero_extendqisi2
 459 001e 012B     		cmp	r3, #1
 460 0020 03D1     		bne	.L35
 461 0022 4FF48073 		mov	r3, #256
 462 0026 FB60     		str	r3, [r7, #12]
 463 0028 09E0     		b	.L34
 464              	.L35:
 465 002a FB78     		ldrb	r3, [r7, #3]	@ zero_extendqisi2
 466 002c 022B     		cmp	r3, #2
 467 002e 03D1     		bne	.L36
ARM GAS  C:\Users\phamt\AppData\Local\Temp\cc0cbHWa.s 			page 9


 468 0030 4FF40073 		mov	r3, #512
 469 0034 FB60     		str	r3, [r7, #12]
 470 0036 02E0     		b	.L34
 471              	.L36:
 472 0038 4FF44073 		mov	r3, #768
 473 003c FB60     		str	r3, [r7, #12]
 474              	.L34:
 475 003e 134B     		ldr	r3, .L37
 476 0040 1B69     		ldr	r3, [r3, #16]
 477 0042 124A     		ldr	r2, .L37
 478 0044 23F44073 		bic	r3, r3, #768
 479 0048 1361     		str	r3, [r2, #16]
 480 004a 104B     		ldr	r3, .L37
 481 004c 1A69     		ldr	r2, [r3, #16]
 482 004e 0F49     		ldr	r1, .L37
 483 0050 FB68     		ldr	r3, [r7, #12]
 484 0052 1343     		orrs	r3, r3, r2
 485 0054 0B61     		str	r3, [r1, #16]
 486 0056 0D4B     		ldr	r3, .L37
 487 0058 1B69     		ldr	r3, [r3, #16]
 488 005a 0C4A     		ldr	r2, .L37
 489 005c 23F0F803 		bic	r3, r3, #248
 490 0060 1361     		str	r3, [r2, #16]
 491 0062 0A4B     		ldr	r3, .L37
 492 0064 1A69     		ldr	r2, [r3, #16]
 493 0066 7B68     		ldr	r3, [r7, #4]
 494 0068 DB00     		lsls	r3, r3, #3
 495 006a 1343     		orrs	r3, r3, r2
 496 006c 074A     		ldr	r2, .L37
 497 006e 43F00203 		orr	r3, r3, #2
 498 0072 1361     		str	r3, [r2, #16]
 499 0074 054B     		ldr	r3, .L37
 500 0076 1B69     		ldr	r3, [r3, #16]
 501 0078 044A     		ldr	r2, .L37
 502 007a 43F48033 		orr	r3, r3, #65536
 503 007e 1361     		str	r3, [r2, #16]
 504 0080 00BF     		nop
 505 0082 1437     		adds	r7, r7, #20
 506 0084 BD46     		mov	sp, r7
 507              		@ sp needed
 508 0086 5DF8047B 		ldr	r7, [sp], #4
 509 008a 7047     		bx	lr
 510              	.L38:
 511              		.align	2
 512              	.L37:
 513 008c 003C0240 		.word	1073888256
 515              		.section	.text.FLASH_OB_EnableWRP,"ax",%progbits
 516              		.align	1
 517              		.syntax unified
 518              		.thumb
 519              		.thumb_func
 521              	FLASH_OB_EnableWRP:
 522              		@ args = 0, pretend = 0, frame = 16
 523              		@ frame_needed = 1, uses_anonymous_args = 0
 524 0000 80B5     		push	{r7, lr}
 525 0002 84B0     		sub	sp, sp, #16
 526 0004 00AF     		add	r7, sp, #0
ARM GAS  C:\Users\phamt\AppData\Local\Temp\cc0cbHWa.s 			page 10


 527 0006 7860     		str	r0, [r7, #4]
 528 0008 3960     		str	r1, [r7]
 529 000a 0023     		movs	r3, #0
 530 000c FB73     		strb	r3, [r7, #15]
 531 000e 4CF25030 		movw	r0, #50000
 532 0012 FFF7FEFF 		bl	FLASH_WaitForLastOperation
 533 0016 0346     		mov	r3, r0
 534 0018 FB73     		strb	r3, [r7, #15]
 535 001a FB7B     		ldrb	r3, [r7, #15]	@ zero_extendqisi2
 536 001c 002B     		cmp	r3, #0
 537 001e 0AD1     		bne	.L40
 538 0020 074B     		ldr	r3, .L42
 539 0022 1B88     		ldrh	r3, [r3]	@ movhi
 540 0024 9AB2     		uxth	r2, r3
 541 0026 7B68     		ldr	r3, [r7, #4]
 542 0028 9BB2     		uxth	r3, r3
 543 002a DB43     		mvns	r3, r3
 544 002c 9BB2     		uxth	r3, r3
 545 002e 0449     		ldr	r1, .L42
 546 0030 1340     		ands	r3, r3, r2
 547 0032 9BB2     		uxth	r3, r3
 548 0034 0B80     		strh	r3, [r1]	@ movhi
 549              	.L40:
 550 0036 FB7B     		ldrb	r3, [r7, #15]	@ zero_extendqisi2
 551 0038 1846     		mov	r0, r3
 552 003a 1037     		adds	r7, r7, #16
 553 003c BD46     		mov	sp, r7
 554              		@ sp needed
 555 003e 80BD     		pop	{r7, pc}
 556              	.L43:
 557              		.align	2
 558              	.L42:
 559 0040 163C0240 		.word	1073888278
 561              		.section	.text.FLASH_OB_DisableWRP,"ax",%progbits
 562              		.align	1
 563              		.syntax unified
 564              		.thumb
 565              		.thumb_func
 567              	FLASH_OB_DisableWRP:
 568              		@ args = 0, pretend = 0, frame = 16
 569              		@ frame_needed = 1, uses_anonymous_args = 0
 570 0000 80B5     		push	{r7, lr}
 571 0002 84B0     		sub	sp, sp, #16
 572 0004 00AF     		add	r7, sp, #0
 573 0006 7860     		str	r0, [r7, #4]
 574 0008 3960     		str	r1, [r7]
 575 000a 0023     		movs	r3, #0
 576 000c FB73     		strb	r3, [r7, #15]
 577 000e 4CF25030 		movw	r0, #50000
 578 0012 FFF7FEFF 		bl	FLASH_WaitForLastOperation
 579 0016 0346     		mov	r3, r0
 580 0018 FB73     		strb	r3, [r7, #15]
 581 001a FB7B     		ldrb	r3, [r7, #15]	@ zero_extendqisi2
 582 001c 002B     		cmp	r3, #0
 583 001e 08D1     		bne	.L45
 584 0020 064B     		ldr	r3, .L47
 585 0022 1B88     		ldrh	r3, [r3]	@ movhi
ARM GAS  C:\Users\phamt\AppData\Local\Temp\cc0cbHWa.s 			page 11


 586 0024 9AB2     		uxth	r2, r3
 587 0026 7B68     		ldr	r3, [r7, #4]
 588 0028 9BB2     		uxth	r3, r3
 589 002a 0449     		ldr	r1, .L47
 590 002c 1343     		orrs	r3, r3, r2
 591 002e 9BB2     		uxth	r3, r3
 592 0030 0B80     		strh	r3, [r1]	@ movhi
 593              	.L45:
 594 0032 FB7B     		ldrb	r3, [r7, #15]	@ zero_extendqisi2
 595 0034 1846     		mov	r0, r3
 596 0036 1037     		adds	r7, r7, #16
 597 0038 BD46     		mov	sp, r7
 598              		@ sp needed
 599 003a 80BD     		pop	{r7, pc}
 600              	.L48:
 601              		.align	2
 602              	.L47:
 603 003c 163C0240 		.word	1073888278
 605              		.section	.text.FLASH_OB_RDP_LevelConfig,"ax",%progbits
 606              		.align	1
 607              		.syntax unified
 608              		.thumb
 609              		.thumb_func
 611              	FLASH_OB_RDP_LevelConfig:
 612              		@ args = 0, pretend = 0, frame = 16
 613              		@ frame_needed = 1, uses_anonymous_args = 0
 614 0000 80B5     		push	{r7, lr}
 615 0002 84B0     		sub	sp, sp, #16
 616 0004 00AF     		add	r7, sp, #0
 617 0006 0346     		mov	r3, r0
 618 0008 FB71     		strb	r3, [r7, #7]
 619 000a 0023     		movs	r3, #0
 620 000c FB73     		strb	r3, [r7, #15]
 621 000e 4CF25030 		movw	r0, #50000
 622 0012 FFF7FEFF 		bl	FLASH_WaitForLastOperation
 623 0016 0346     		mov	r3, r0
 624 0018 FB73     		strb	r3, [r7, #15]
 625 001a FB7B     		ldrb	r3, [r7, #15]	@ zero_extendqisi2
 626 001c 002B     		cmp	r3, #0
 627 001e 02D1     		bne	.L50
 628 0020 034A     		ldr	r2, .L52
 629 0022 FB79     		ldrb	r3, [r7, #7]
 630 0024 1370     		strb	r3, [r2]
 631              	.L50:
 632 0026 FB7B     		ldrb	r3, [r7, #15]	@ zero_extendqisi2
 633 0028 1846     		mov	r0, r3
 634 002a 1037     		adds	r7, r7, #16
 635 002c BD46     		mov	sp, r7
 636              		@ sp needed
 637 002e 80BD     		pop	{r7, pc}
 638              	.L53:
 639              		.align	2
 640              	.L52:
 641 0030 153C0240 		.word	1073888277
 643              		.section	.text.FLASH_OB_UserConfig,"ax",%progbits
 644              		.align	1
 645              		.syntax unified
ARM GAS  C:\Users\phamt\AppData\Local\Temp\cc0cbHWa.s 			page 12


 646              		.thumb
 647              		.thumb_func
 649              	FLASH_OB_UserConfig:
 650              		@ args = 0, pretend = 0, frame = 16
 651              		@ frame_needed = 1, uses_anonymous_args = 0
 652 0000 80B5     		push	{r7, lr}
 653 0002 84B0     		sub	sp, sp, #16
 654 0004 00AF     		add	r7, sp, #0
 655 0006 0346     		mov	r3, r0
 656 0008 FB71     		strb	r3, [r7, #7]
 657 000a 0B46     		mov	r3, r1
 658 000c BB71     		strb	r3, [r7, #6]
 659 000e 1346     		mov	r3, r2
 660 0010 7B71     		strb	r3, [r7, #5]
 661 0012 FF23     		movs	r3, #255
 662 0014 FB73     		strb	r3, [r7, #15]
 663 0016 0023     		movs	r3, #0
 664 0018 BB73     		strb	r3, [r7, #14]
 665 001a 4CF25030 		movw	r0, #50000
 666 001e FFF7FEFF 		bl	FLASH_WaitForLastOperation
 667 0022 0346     		mov	r3, r0
 668 0024 BB73     		strb	r3, [r7, #14]
 669 0026 BB7B     		ldrb	r3, [r7, #14]	@ zero_extendqisi2
 670 0028 002B     		cmp	r3, #0
 671 002a 11D1     		bne	.L55
 672 002c 0B4B     		ldr	r3, .L57
 673 002e 1B78     		ldrb	r3, [r3]
 674 0030 DBB2     		uxtb	r3, r3
 675 0032 03F01F03 		and	r3, r3, #31
 676 0036 FB73     		strb	r3, [r7, #15]
 677 0038 BA79     		ldrb	r2, [r7, #6]
 678 003a FB7B     		ldrb	r3, [r7, #15]
 679 003c 1343     		orrs	r3, r3, r2
 680 003e DAB2     		uxtb	r2, r3
 681 0040 7B79     		ldrb	r3, [r7, #5]
 682 0042 1343     		orrs	r3, r3, r2
 683 0044 DAB2     		uxtb	r2, r3
 684 0046 0549     		ldr	r1, .L57
 685 0048 FB79     		ldrb	r3, [r7, #7]
 686 004a 1343     		orrs	r3, r3, r2
 687 004c DBB2     		uxtb	r3, r3
 688 004e 0B70     		strb	r3, [r1]
 689              	.L55:
 690 0050 BB7B     		ldrb	r3, [r7, #14]	@ zero_extendqisi2
 691 0052 1846     		mov	r0, r3
 692 0054 1037     		adds	r7, r7, #16
 693 0056 BD46     		mov	sp, r7
 694              		@ sp needed
 695 0058 80BD     		pop	{r7, pc}
 696              	.L58:
 697 005a 00BF     		.align	2
 698              	.L57:
 699 005c 143C0240 		.word	1073888276
 701              		.section	.text.FLASH_OB_BOR_LevelConfig,"ax",%progbits
 702              		.align	1
 703              		.syntax unified
 704              		.thumb
ARM GAS  C:\Users\phamt\AppData\Local\Temp\cc0cbHWa.s 			page 13


 705              		.thumb_func
 707              	FLASH_OB_BOR_LevelConfig:
 708              		@ args = 0, pretend = 0, frame = 8
 709              		@ frame_needed = 1, uses_anonymous_args = 0
 710              		@ link register save eliminated.
 711 0000 80B4     		push	{r7}
 712 0002 83B0     		sub	sp, sp, #12
 713 0004 00AF     		add	r7, sp, #0
 714 0006 0346     		mov	r3, r0
 715 0008 FB71     		strb	r3, [r7, #7]
 716 000a 0B4B     		ldr	r3, .L61
 717 000c 1B78     		ldrb	r3, [r3]
 718 000e DBB2     		uxtb	r3, r3
 719 0010 094A     		ldr	r2, .L61
 720 0012 23F00C03 		bic	r3, r3, #12
 721 0016 DBB2     		uxtb	r3, r3
 722 0018 1370     		strb	r3, [r2]
 723 001a 074B     		ldr	r3, .L61
 724 001c 1B78     		ldrb	r3, [r3]
 725 001e DAB2     		uxtb	r2, r3
 726 0020 0549     		ldr	r1, .L61
 727 0022 FB79     		ldrb	r3, [r7, #7]
 728 0024 1343     		orrs	r3, r3, r2
 729 0026 DBB2     		uxtb	r3, r3
 730 0028 0B70     		strb	r3, [r1]
 731 002a 0023     		movs	r3, #0
 732 002c 1846     		mov	r0, r3
 733 002e 0C37     		adds	r7, r7, #12
 734 0030 BD46     		mov	sp, r7
 735              		@ sp needed
 736 0032 5DF8047B 		ldr	r7, [sp], #4
 737 0036 7047     		bx	lr
 738              	.L62:
 739              		.align	2
 740              	.L61:
 741 0038 143C0240 		.word	1073888276
 743              		.section	.text.FLASH_OB_GetUser,"ax",%progbits
 744              		.align	1
 745              		.syntax unified
 746              		.thumb
 747              		.thumb_func
 749              	FLASH_OB_GetUser:
 750              		@ args = 0, pretend = 0, frame = 0
 751              		@ frame_needed = 1, uses_anonymous_args = 0
 752              		@ link register save eliminated.
 753 0000 80B4     		push	{r7}
 754 0002 00AF     		add	r7, sp, #0
 755 0004 054B     		ldr	r3, .L65
 756 0006 5B69     		ldr	r3, [r3, #20]
 757 0008 DBB2     		uxtb	r3, r3
 758 000a 23F01F03 		bic	r3, r3, #31
 759 000e DBB2     		uxtb	r3, r3
 760 0010 1846     		mov	r0, r3
 761 0012 BD46     		mov	sp, r7
 762              		@ sp needed
 763 0014 5DF8047B 		ldr	r7, [sp], #4
 764 0018 7047     		bx	lr
ARM GAS  C:\Users\phamt\AppData\Local\Temp\cc0cbHWa.s 			page 14


 765              	.L66:
 766 001a 00BF     		.align	2
 767              	.L65:
 768 001c 003C0240 		.word	1073888256
 770              		.section	.text.FLASH_OB_GetWRP,"ax",%progbits
 771              		.align	1
 772              		.syntax unified
 773              		.thumb
 774              		.thumb_func
 776              	FLASH_OB_GetWRP:
 777              		@ args = 0, pretend = 0, frame = 0
 778              		@ frame_needed = 1, uses_anonymous_args = 0
 779              		@ link register save eliminated.
 780 0000 80B4     		push	{r7}
 781 0002 00AF     		add	r7, sp, #0
 782 0004 034B     		ldr	r3, .L69
 783 0006 1B88     		ldrh	r3, [r3]	@ movhi
 784 0008 9BB2     		uxth	r3, r3
 785 000a 1846     		mov	r0, r3
 786 000c BD46     		mov	sp, r7
 787              		@ sp needed
 788 000e 5DF8047B 		ldr	r7, [sp], #4
 789 0012 7047     		bx	lr
 790              	.L70:
 791              		.align	2
 792              	.L69:
 793 0014 163C0240 		.word	1073888278
 795              		.section	.text.FLASH_OB_GetRDP,"ax",%progbits
 796              		.align	1
 797              		.syntax unified
 798              		.thumb
 799              		.thumb_func
 801              	FLASH_OB_GetRDP:
 802              		@ args = 0, pretend = 0, frame = 8
 803              		@ frame_needed = 1, uses_anonymous_args = 0
 804              		@ link register save eliminated.
 805 0000 80B4     		push	{r7}
 806 0002 83B0     		sub	sp, sp, #12
 807 0004 00AF     		add	r7, sp, #0
 808 0006 AA23     		movs	r3, #170
 809 0008 FB71     		strb	r3, [r7, #7]
 810 000a 0C4B     		ldr	r3, .L76
 811 000c 1B78     		ldrb	r3, [r3]
 812 000e DBB2     		uxtb	r3, r3
 813 0010 CC2B     		cmp	r3, #204
 814 0012 02D1     		bne	.L72
 815 0014 CC23     		movs	r3, #204
 816 0016 FB71     		strb	r3, [r7, #7]
 817 0018 09E0     		b	.L73
 818              	.L72:
 819 001a 084B     		ldr	r3, .L76
 820 001c 1B78     		ldrb	r3, [r3]
 821 001e DBB2     		uxtb	r3, r3
 822 0020 AA2B     		cmp	r3, #170
 823 0022 02D1     		bne	.L74
 824 0024 AA23     		movs	r3, #170
 825 0026 FB71     		strb	r3, [r7, #7]
ARM GAS  C:\Users\phamt\AppData\Local\Temp\cc0cbHWa.s 			page 15


 826 0028 01E0     		b	.L73
 827              	.L74:
 828 002a 5523     		movs	r3, #85
 829 002c FB71     		strb	r3, [r7, #7]
 830              	.L73:
 831 002e FB79     		ldrb	r3, [r7, #7]	@ zero_extendqisi2
 832 0030 1846     		mov	r0, r3
 833 0032 0C37     		adds	r7, r7, #12
 834 0034 BD46     		mov	sp, r7
 835              		@ sp needed
 836 0036 5DF8047B 		ldr	r7, [sp], #4
 837 003a 7047     		bx	lr
 838              	.L77:
 839              		.align	2
 840              	.L76:
 841 003c 153C0240 		.word	1073888277
 843              		.section	.text.FLASH_OB_GetBOR,"ax",%progbits
 844              		.align	1
 845              		.syntax unified
 846              		.thumb
 847              		.thumb_func
 849              	FLASH_OB_GetBOR:
 850              		@ args = 0, pretend = 0, frame = 0
 851              		@ frame_needed = 1, uses_anonymous_args = 0
 852              		@ link register save eliminated.
 853 0000 80B4     		push	{r7}
 854 0002 00AF     		add	r7, sp, #0
 855 0004 054B     		ldr	r3, .L80
 856 0006 1B78     		ldrb	r3, [r3]
 857 0008 DBB2     		uxtb	r3, r3
 858 000a 03F00C03 		and	r3, r3, #12
 859 000e DBB2     		uxtb	r3, r3
 860 0010 1846     		mov	r0, r3
 861 0012 BD46     		mov	sp, r7
 862              		@ sp needed
 863 0014 5DF8047B 		ldr	r7, [sp], #4
 864 0018 7047     		bx	lr
 865              	.L81:
 866 001a 00BF     		.align	2
 867              	.L80:
 868 001c 143C0240 		.word	1073888276
 870              		.section	.text.FLASH_FlushCaches,"ax",%progbits
 871              		.align	1
 872              		.global	FLASH_FlushCaches
 873              		.syntax unified
 874              		.thumb
 875              		.thumb_func
 877              	FLASH_FlushCaches:
 878              		@ args = 0, pretend = 0, frame = 0
 879              		@ frame_needed = 1, uses_anonymous_args = 0
 880              		@ link register save eliminated.
 881 0000 80B4     		push	{r7}
 882 0002 00AF     		add	r7, sp, #0
 883 0004 204B     		ldr	r3, .L86
 884 0006 1B68     		ldr	r3, [r3]
 885 0008 03F40073 		and	r3, r3, #512
 886 000c 002B     		cmp	r3, #0
ARM GAS  C:\Users\phamt\AppData\Local\Temp\cc0cbHWa.s 			page 16


 887 000e 17D0     		beq	.L83
 888 0010 1D4B     		ldr	r3, .L86
 889 0012 1B68     		ldr	r3, [r3]
 890 0014 1C4A     		ldr	r2, .L86
 891 0016 23F40073 		bic	r3, r3, #512
 892 001a 1360     		str	r3, [r2]
 893 001c 1A4B     		ldr	r3, .L86
 894 001e 1B68     		ldr	r3, [r3]
 895 0020 194A     		ldr	r2, .L86
 896 0022 43F40063 		orr	r3, r3, #2048
 897 0026 1360     		str	r3, [r2]
 898 0028 174B     		ldr	r3, .L86
 899 002a 1B68     		ldr	r3, [r3]
 900 002c 164A     		ldr	r2, .L86
 901 002e 23F40063 		bic	r3, r3, #2048
 902 0032 1360     		str	r3, [r2]
 903 0034 144B     		ldr	r3, .L86
 904 0036 1B68     		ldr	r3, [r3]
 905 0038 134A     		ldr	r2, .L86
 906 003a 43F40073 		orr	r3, r3, #512
 907 003e 1360     		str	r3, [r2]
 908              	.L83:
 909 0040 114B     		ldr	r3, .L86
 910 0042 1B68     		ldr	r3, [r3]
 911 0044 03F48063 		and	r3, r3, #1024
 912 0048 002B     		cmp	r3, #0
 913 004a 17D0     		beq	.L85
 914 004c 0E4B     		ldr	r3, .L86
 915 004e 1B68     		ldr	r3, [r3]
 916 0050 0D4A     		ldr	r2, .L86
 917 0052 23F48063 		bic	r3, r3, #1024
 918 0056 1360     		str	r3, [r2]
 919 0058 0B4B     		ldr	r3, .L86
 920 005a 1B68     		ldr	r3, [r3]
 921 005c 0A4A     		ldr	r2, .L86
 922 005e 43F48053 		orr	r3, r3, #4096
 923 0062 1360     		str	r3, [r2]
 924 0064 084B     		ldr	r3, .L86
 925 0066 1B68     		ldr	r3, [r3]
 926 0068 074A     		ldr	r2, .L86
 927 006a 23F48053 		bic	r3, r3, #4096
 928 006e 1360     		str	r3, [r2]
 929 0070 054B     		ldr	r3, .L86
 930 0072 1B68     		ldr	r3, [r3]
 931 0074 044A     		ldr	r2, .L86
 932 0076 43F48063 		orr	r3, r3, #1024
 933 007a 1360     		str	r3, [r2]
 934              	.L85:
 935 007c 00BF     		nop
 936 007e BD46     		mov	sp, r7
 937              		@ sp needed
 938 0080 5DF8047B 		ldr	r7, [sp], #4
 939 0084 7047     		bx	lr
 940              	.L87:
 941 0086 00BF     		.align	2
 942              	.L86:
 943 0088 003C0240 		.word	1073888256
ARM GAS  C:\Users\phamt\AppData\Local\Temp\cc0cbHWa.s 			page 17


 945              		.ident	"GCC: (GNU Arm Embedded Toolchain 10.3-2021.10) 10.3.1 20210824 (release)"
ARM GAS  C:\Users\phamt\AppData\Local\Temp\cc0cbHWa.s 			page 18


DEFINED SYMBOLS
                            *ABS*:00000000 stm32f4xx_hal_flash_ex.c
C:\Users\phamt\AppData\Local\Temp\cc0cbHWa.s:18     .text.HAL_FLASHEx_Erase:00000000 $t
C:\Users\phamt\AppData\Local\Temp\cc0cbHWa.s:24     .text.HAL_FLASHEx_Erase:00000000 HAL_FLASHEx_Erase
C:\Users\phamt\AppData\Local\Temp\cc0cbHWa.s:393    .text.FLASH_MassErase:00000000 FLASH_MassErase
C:\Users\phamt\AppData\Local\Temp\cc0cbHWa.s:439    .text.FLASH_Erase_Sector:00000000 FLASH_Erase_Sector
C:\Users\phamt\AppData\Local\Temp\cc0cbHWa.s:877    .text.FLASH_FlushCaches:00000000 FLASH_FlushCaches
C:\Users\phamt\AppData\Local\Temp\cc0cbHWa.s:135    .text.HAL_FLASHEx_Erase:000000d8 $d
C:\Users\phamt\AppData\Local\Temp\cc0cbHWa.s:139    .text.HAL_FLASHEx_Erase_IT:00000000 $t
C:\Users\phamt\AppData\Local\Temp\cc0cbHWa.s:145    .text.HAL_FLASHEx_Erase_IT:00000000 HAL_FLASHEx_Erase_IT
C:\Users\phamt\AppData\Local\Temp\cc0cbHWa.s:222    .text.HAL_FLASHEx_Erase_IT:00000090 $d
C:\Users\phamt\AppData\Local\Temp\cc0cbHWa.s:226    .text.HAL_FLASHEx_OBProgram:00000000 $t
C:\Users\phamt\AppData\Local\Temp\cc0cbHWa.s:232    .text.HAL_FLASHEx_OBProgram:00000000 HAL_FLASHEx_OBProgram
C:\Users\phamt\AppData\Local\Temp\cc0cbHWa.s:521    .text.FLASH_OB_EnableWRP:00000000 FLASH_OB_EnableWRP
C:\Users\phamt\AppData\Local\Temp\cc0cbHWa.s:567    .text.FLASH_OB_DisableWRP:00000000 FLASH_OB_DisableWRP
C:\Users\phamt\AppData\Local\Temp\cc0cbHWa.s:611    .text.FLASH_OB_RDP_LevelConfig:00000000 FLASH_OB_RDP_LevelConfig
C:\Users\phamt\AppData\Local\Temp\cc0cbHWa.s:649    .text.FLASH_OB_UserConfig:00000000 FLASH_OB_UserConfig
C:\Users\phamt\AppData\Local\Temp\cc0cbHWa.s:707    .text.FLASH_OB_BOR_LevelConfig:00000000 FLASH_OB_BOR_LevelConfig
C:\Users\phamt\AppData\Local\Temp\cc0cbHWa.s:342    .text.HAL_FLASHEx_OBProgram:000000d8 $d
C:\Users\phamt\AppData\Local\Temp\cc0cbHWa.s:345    .text.HAL_FLASHEx_OBGetConfig:00000000 $t
C:\Users\phamt\AppData\Local\Temp\cc0cbHWa.s:351    .text.HAL_FLASHEx_OBGetConfig:00000000 HAL_FLASHEx_OBGetConfig
C:\Users\phamt\AppData\Local\Temp\cc0cbHWa.s:776    .text.FLASH_OB_GetWRP:00000000 FLASH_OB_GetWRP
C:\Users\phamt\AppData\Local\Temp\cc0cbHWa.s:801    .text.FLASH_OB_GetRDP:00000000 FLASH_OB_GetRDP
C:\Users\phamt\AppData\Local\Temp\cc0cbHWa.s:749    .text.FLASH_OB_GetUser:00000000 FLASH_OB_GetUser
C:\Users\phamt\AppData\Local\Temp\cc0cbHWa.s:849    .text.FLASH_OB_GetBOR:00000000 FLASH_OB_GetBOR
C:\Users\phamt\AppData\Local\Temp\cc0cbHWa.s:388    .text.FLASH_MassErase:00000000 $t
C:\Users\phamt\AppData\Local\Temp\cc0cbHWa.s:430    .text.FLASH_MassErase:00000044 $d
C:\Users\phamt\AppData\Local\Temp\cc0cbHWa.s:433    .text.FLASH_Erase_Sector:00000000 $t
C:\Users\phamt\AppData\Local\Temp\cc0cbHWa.s:513    .text.FLASH_Erase_Sector:0000008c $d
C:\Users\phamt\AppData\Local\Temp\cc0cbHWa.s:516    .text.FLASH_OB_EnableWRP:00000000 $t
C:\Users\phamt\AppData\Local\Temp\cc0cbHWa.s:559    .text.FLASH_OB_EnableWRP:00000040 $d
C:\Users\phamt\AppData\Local\Temp\cc0cbHWa.s:562    .text.FLASH_OB_DisableWRP:00000000 $t
C:\Users\phamt\AppData\Local\Temp\cc0cbHWa.s:603    .text.FLASH_OB_DisableWRP:0000003c $d
C:\Users\phamt\AppData\Local\Temp\cc0cbHWa.s:606    .text.FLASH_OB_RDP_LevelConfig:00000000 $t
C:\Users\phamt\AppData\Local\Temp\cc0cbHWa.s:641    .text.FLASH_OB_RDP_LevelConfig:00000030 $d
C:\Users\phamt\AppData\Local\Temp\cc0cbHWa.s:644    .text.FLASH_OB_UserConfig:00000000 $t
C:\Users\phamt\AppData\Local\Temp\cc0cbHWa.s:699    .text.FLASH_OB_UserConfig:0000005c $d
C:\Users\phamt\AppData\Local\Temp\cc0cbHWa.s:702    .text.FLASH_OB_BOR_LevelConfig:00000000 $t
C:\Users\phamt\AppData\Local\Temp\cc0cbHWa.s:741    .text.FLASH_OB_BOR_LevelConfig:00000038 $d
C:\Users\phamt\AppData\Local\Temp\cc0cbHWa.s:744    .text.FLASH_OB_GetUser:00000000 $t
C:\Users\phamt\AppData\Local\Temp\cc0cbHWa.s:768    .text.FLASH_OB_GetUser:0000001c $d
C:\Users\phamt\AppData\Local\Temp\cc0cbHWa.s:771    .text.FLASH_OB_GetWRP:00000000 $t
C:\Users\phamt\AppData\Local\Temp\cc0cbHWa.s:793    .text.FLASH_OB_GetWRP:00000014 $d
C:\Users\phamt\AppData\Local\Temp\cc0cbHWa.s:796    .text.FLASH_OB_GetRDP:00000000 $t
C:\Users\phamt\AppData\Local\Temp\cc0cbHWa.s:841    .text.FLASH_OB_GetRDP:0000003c $d
C:\Users\phamt\AppData\Local\Temp\cc0cbHWa.s:844    .text.FLASH_OB_GetBOR:00000000 $t
C:\Users\phamt\AppData\Local\Temp\cc0cbHWa.s:868    .text.FLASH_OB_GetBOR:0000001c $d
C:\Users\phamt\AppData\Local\Temp\cc0cbHWa.s:871    .text.FLASH_FlushCaches:00000000 $t
C:\Users\phamt\AppData\Local\Temp\cc0cbHWa.s:943    .text.FLASH_FlushCaches:00000088 $d

UNDEFINED SYMBOLS
FLASH_WaitForLastOperation
pFlash
