ARM GAS  C:\Users\phamt\AppData\Local\Temp\ccZlbytS.s 			page 1


   1              		.cpu cortex-m4
   2              		.arch armv7e-m
   3              		.fpu fpv4-sp-d16
   4              		.eabi_attribute 27, 1
   5              		.eabi_attribute 28, 1
   6              		.eabi_attribute 20, 1
   7              		.eabi_attribute 21, 1
   8              		.eabi_attribute 23, 3
   9              		.eabi_attribute 24, 1
  10              		.eabi_attribute 25, 1
  11              		.eabi_attribute 26, 1
  12              		.eabi_attribute 30, 6
  13              		.eabi_attribute 34, 1
  14              		.eabi_attribute 18, 4
  15              		.file	"stm32f4xx_hal_msp.c"
  16              		.text
  17              		.section	.text.HAL_MspInit,"ax",%progbits
  18              		.align	1
  19              		.global	HAL_MspInit
  20              		.syntax unified
  21              		.thumb
  22              		.thumb_func
  24              	HAL_MspInit:
  25              		@ args = 0, pretend = 0, frame = 0
  26              		@ frame_needed = 1, uses_anonymous_args = 0
  27              		@ link register save eliminated.
  28 0000 80B4     		push	{r7}
  29 0002 00AF     		add	r7, sp, #0
  30 0004 00BF     		nop
  31 0006 BD46     		mov	sp, r7
  32              		@ sp needed
  33 0008 5DF8047B 		ldr	r7, [sp], #4
  34 000c 7047     		bx	lr
  36              		.ident	"GCC: (GNU Arm Embedded Toolchain 10.3-2021.10) 10.3.1 20210824 (release)"
ARM GAS  C:\Users\phamt\AppData\Local\Temp\ccZlbytS.s 			page 2


DEFINED SYMBOLS
                            *ABS*:00000000 stm32f4xx_hal_msp.c
C:\Users\phamt\AppData\Local\Temp\ccZlbytS.s:18     .text.HAL_MspInit:00000000 $t
C:\Users\phamt\AppData\Local\Temp\ccZlbytS.s:24     .text.HAL_MspInit:00000000 HAL_MspInit

NO UNDEFINED SYMBOLS
