ARM GAS  C:\Users\phamt\AppData\Local\Temp\cc1xkhva.s 			page 1


   1              		.cpu cortex-m4
   2              		.arch armv7e-m
   3              		.fpu fpv4-sp-d16
   4              		.eabi_attribute 27, 1
   5              		.eabi_attribute 28, 1
   6              		.eabi_attribute 20, 1
   7              		.eabi_attribute 21, 1
   8              		.eabi_attribute 23, 3
   9              		.eabi_attribute 24, 1
  10              		.eabi_attribute 25, 1
  11              		.eabi_attribute 26, 1
  12              		.eabi_attribute 30, 6
  13              		.eabi_attribute 34, 1
  14              		.eabi_attribute 18, 4
  15              		.file	"stm32f4xx_hal_flash.c"
  16              		.text
  17              		.global	pFlash
  18              		.section	.bss.pFlash,"aw",%nobits
  19              		.align	2
  22              	pFlash:
  23 0000 00000000 		.space	32
  23      00000000 
  23      00000000 
  23      00000000 
  23      00000000 
  24              		.section	.text.HAL_FLASH_Program,"ax",%progbits
  25              		.align	1
  26              		.global	HAL_FLASH_Program
  27              		.syntax unified
  28              		.thumb
  29              		.thumb_func
  31              	HAL_FLASH_Program:
  32              		@ args = 0, pretend = 0, frame = 24
  33              		@ frame_needed = 1, uses_anonymous_args = 0
  34 0000 80B5     		push	{r7, lr}
  35 0002 86B0     		sub	sp, sp, #24
  36 0004 00AF     		add	r7, sp, #0
  37 0006 F860     		str	r0, [r7, #12]
  38 0008 B960     		str	r1, [r7, #8]
  39 000a C7E90023 		strd	r2, [r7]
  40 000e 0123     		movs	r3, #1
  41 0010 FB75     		strb	r3, [r7, #23]
  42 0012 234B     		ldr	r3, .L9
  43 0014 1B7E     		ldrb	r3, [r3, #24]	@ zero_extendqisi2
  44 0016 012B     		cmp	r3, #1
  45 0018 01D1     		bne	.L2
  46 001a 0223     		movs	r3, #2
  47 001c 3BE0     		b	.L3
  48              	.L2:
  49 001e 204B     		ldr	r3, .L9
  50 0020 0122     		movs	r2, #1
  51 0022 1A76     		strb	r2, [r3, #24]
  52 0024 4CF25030 		movw	r0, #50000
  53 0028 FFF7FEFF 		bl	FLASH_WaitForLastOperation
  54 002c 0346     		mov	r3, r0
  55 002e FB75     		strb	r3, [r7, #23]
  56 0030 FB7D     		ldrb	r3, [r7, #23]	@ zero_extendqisi2
ARM GAS  C:\Users\phamt\AppData\Local\Temp\cc1xkhva.s 			page 2


  57 0032 002B     		cmp	r3, #0
  58 0034 2BD1     		bne	.L4
  59 0036 FB68     		ldr	r3, [r7, #12]
  60 0038 002B     		cmp	r3, #0
  61 003a 05D1     		bne	.L5
  62 003c 3B78     		ldrb	r3, [r7]	@ zero_extendqisi2
  63 003e 1946     		mov	r1, r3
  64 0040 B868     		ldr	r0, [r7, #8]
  65 0042 FFF7FEFF 		bl	FLASH_Program_Byte
  66 0046 16E0     		b	.L6
  67              	.L5:
  68 0048 FB68     		ldr	r3, [r7, #12]
  69 004a 012B     		cmp	r3, #1
  70 004c 05D1     		bne	.L7
  71 004e 3B88     		ldrh	r3, [r7]
  72 0050 1946     		mov	r1, r3
  73 0052 B868     		ldr	r0, [r7, #8]
  74 0054 FFF7FEFF 		bl	FLASH_Program_HalfWord
  75 0058 0DE0     		b	.L6
  76              	.L7:
  77 005a FB68     		ldr	r3, [r7, #12]
  78 005c 022B     		cmp	r3, #2
  79 005e 05D1     		bne	.L8
  80 0060 3B68     		ldr	r3, [r7]
  81 0062 1946     		mov	r1, r3
  82 0064 B868     		ldr	r0, [r7, #8]
  83 0066 FFF7FEFF 		bl	FLASH_Program_Word
  84 006a 04E0     		b	.L6
  85              	.L8:
  86 006c D7E90023 		ldrd	r2, [r7]
  87 0070 B868     		ldr	r0, [r7, #8]
  88 0072 FFF7FEFF 		bl	FLASH_Program_DoubleWord
  89              	.L6:
  90 0076 4CF25030 		movw	r0, #50000
  91 007a FFF7FEFF 		bl	FLASH_WaitForLastOperation
  92 007e 0346     		mov	r3, r0
  93 0080 FB75     		strb	r3, [r7, #23]
  94 0082 084B     		ldr	r3, .L9+4
  95 0084 1B69     		ldr	r3, [r3, #16]
  96 0086 074A     		ldr	r2, .L9+4
  97 0088 23F00103 		bic	r3, r3, #1
  98 008c 1361     		str	r3, [r2, #16]
  99              	.L4:
 100 008e 044B     		ldr	r3, .L9
 101 0090 0022     		movs	r2, #0
 102 0092 1A76     		strb	r2, [r3, #24]
 103 0094 FB7D     		ldrb	r3, [r7, #23]	@ zero_extendqisi2
 104              	.L3:
 105 0096 1846     		mov	r0, r3
 106 0098 1837     		adds	r7, r7, #24
 107 009a BD46     		mov	sp, r7
 108              		@ sp needed
 109 009c 80BD     		pop	{r7, pc}
 110              	.L10:
 111 009e 00BF     		.align	2
 112              	.L9:
 113 00a0 00000000 		.word	pFlash
ARM GAS  C:\Users\phamt\AppData\Local\Temp\cc1xkhva.s 			page 3


 114 00a4 003C0240 		.word	1073888256
 116              		.section	.text.HAL_FLASH_Program_IT,"ax",%progbits
 117              		.align	1
 118              		.global	HAL_FLASH_Program_IT
 119              		.syntax unified
 120              		.thumb
 121              		.thumb_func
 123              	HAL_FLASH_Program_IT:
 124              		@ args = 0, pretend = 0, frame = 24
 125              		@ frame_needed = 1, uses_anonymous_args = 0
 126 0000 80B5     		push	{r7, lr}
 127 0002 86B0     		sub	sp, sp, #24
 128 0004 00AF     		add	r7, sp, #0
 129 0006 F860     		str	r0, [r7, #12]
 130 0008 B960     		str	r1, [r7, #8]
 131 000a C7E90023 		strd	r2, [r7]
 132 000e 0023     		movs	r3, #0
 133 0010 FB75     		strb	r3, [r7, #23]
 134 0012 1B4B     		ldr	r3, .L17
 135 0014 1B69     		ldr	r3, [r3, #16]
 136 0016 1A4A     		ldr	r2, .L17
 137 0018 43F08073 		orr	r3, r3, #16777216
 138 001c 1361     		str	r3, [r2, #16]
 139 001e 184B     		ldr	r3, .L17
 140 0020 1B69     		ldr	r3, [r3, #16]
 141 0022 174A     		ldr	r2, .L17
 142 0024 43F00073 		orr	r3, r3, #33554432
 143 0028 1361     		str	r3, [r2, #16]
 144 002a 164B     		ldr	r3, .L17+4
 145 002c 0322     		movs	r2, #3
 146 002e 1A70     		strb	r2, [r3]
 147 0030 144A     		ldr	r2, .L17+4
 148 0032 BB68     		ldr	r3, [r7, #8]
 149 0034 5361     		str	r3, [r2, #20]
 150 0036 FB68     		ldr	r3, [r7, #12]
 151 0038 002B     		cmp	r3, #0
 152 003a 05D1     		bne	.L12
 153 003c 3B78     		ldrb	r3, [r7]	@ zero_extendqisi2
 154 003e 1946     		mov	r1, r3
 155 0040 B868     		ldr	r0, [r7, #8]
 156 0042 FFF7FEFF 		bl	FLASH_Program_Byte
 157 0046 16E0     		b	.L13
 158              	.L12:
 159 0048 FB68     		ldr	r3, [r7, #12]
 160 004a 012B     		cmp	r3, #1
 161 004c 05D1     		bne	.L14
 162 004e 3B88     		ldrh	r3, [r7]
 163 0050 1946     		mov	r1, r3
 164 0052 B868     		ldr	r0, [r7, #8]
 165 0054 FFF7FEFF 		bl	FLASH_Program_HalfWord
 166 0058 0DE0     		b	.L13
 167              	.L14:
 168 005a FB68     		ldr	r3, [r7, #12]
 169 005c 022B     		cmp	r3, #2
 170 005e 05D1     		bne	.L15
 171 0060 3B68     		ldr	r3, [r7]
 172 0062 1946     		mov	r1, r3
ARM GAS  C:\Users\phamt\AppData\Local\Temp\cc1xkhva.s 			page 4


 173 0064 B868     		ldr	r0, [r7, #8]
 174 0066 FFF7FEFF 		bl	FLASH_Program_Word
 175 006a 04E0     		b	.L13
 176              	.L15:
 177 006c D7E90023 		ldrd	r2, [r7]
 178 0070 B868     		ldr	r0, [r7, #8]
 179 0072 FFF7FEFF 		bl	FLASH_Program_DoubleWord
 180              	.L13:
 181 0076 FB7D     		ldrb	r3, [r7, #23]	@ zero_extendqisi2
 182 0078 1846     		mov	r0, r3
 183 007a 1837     		adds	r7, r7, #24
 184 007c BD46     		mov	sp, r7
 185              		@ sp needed
 186 007e 80BD     		pop	{r7, pc}
 187              	.L18:
 188              		.align	2
 189              	.L17:
 190 0080 003C0240 		.word	1073888256
 191 0084 00000000 		.word	pFlash
 193              		.section	.text.HAL_FLASH_IRQHandler,"ax",%progbits
 194              		.align	1
 195              		.global	HAL_FLASH_IRQHandler
 196              		.syntax unified
 197              		.thumb
 198              		.thumb_func
 200              	HAL_FLASH_IRQHandler:
 201              		@ args = 0, pretend = 0, frame = 8
 202              		@ frame_needed = 1, uses_anonymous_args = 0
 203 0000 80B5     		push	{r7, lr}
 204 0002 82B0     		sub	sp, sp, #8
 205 0004 00AF     		add	r7, sp, #0
 206 0006 0023     		movs	r3, #0
 207 0008 7B60     		str	r3, [r7, #4]
 208 000a 494B     		ldr	r3, .L31
 209 000c DB68     		ldr	r3, [r3, #12]
 210 000e 03F0F203 		and	r3, r3, #242
 211 0012 002B     		cmp	r3, #0
 212 0014 20D0     		beq	.L20
 213 0016 474B     		ldr	r3, .L31+4
 214 0018 1B78     		ldrb	r3, [r3]
 215 001a DBB2     		uxtb	r3, r3
 216 001c 012B     		cmp	r3, #1
 217 001e 07D1     		bne	.L21
 218 0020 444B     		ldr	r3, .L31+4
 219 0022 DB68     		ldr	r3, [r3, #12]
 220 0024 7B60     		str	r3, [r7, #4]
 221 0026 434B     		ldr	r3, .L31+4
 222 0028 4FF0FF32 		mov	r2, #-1
 223 002c DA60     		str	r2, [r3, #12]
 224 002e 0BE0     		b	.L22
 225              	.L21:
 226 0030 404B     		ldr	r3, .L31+4
 227 0032 1B78     		ldrb	r3, [r3]
 228 0034 DBB2     		uxtb	r3, r3
 229 0036 022B     		cmp	r3, #2
 230 0038 03D1     		bne	.L23
 231 003a 3E4B     		ldr	r3, .L31+4
ARM GAS  C:\Users\phamt\AppData\Local\Temp\cc1xkhva.s 			page 5


 232 003c 1B69     		ldr	r3, [r3, #16]
 233 003e 7B60     		str	r3, [r7, #4]
 234 0040 02E0     		b	.L22
 235              	.L23:
 236 0042 3C4B     		ldr	r3, .L31+4
 237 0044 5B69     		ldr	r3, [r3, #20]
 238 0046 7B60     		str	r3, [r7, #4]
 239              	.L22:
 240 0048 FFF7FEFF 		bl	FLASH_SetErrorCode
 241 004c 7868     		ldr	r0, [r7, #4]
 242 004e FFF7FEFF 		bl	HAL_FLASH_OperationErrorCallback
 243 0052 384B     		ldr	r3, .L31+4
 244 0054 0022     		movs	r2, #0
 245 0056 1A70     		strb	r2, [r3]
 246              	.L20:
 247 0058 354B     		ldr	r3, .L31
 248 005a DB68     		ldr	r3, [r3, #12]
 249 005c 03F00103 		and	r3, r3, #1
 250 0060 002B     		cmp	r3, #0
 251 0062 4AD0     		beq	.L24
 252 0064 324B     		ldr	r3, .L31
 253 0066 0122     		movs	r2, #1
 254 0068 DA60     		str	r2, [r3, #12]
 255 006a 324B     		ldr	r3, .L31+4
 256 006c 1B78     		ldrb	r3, [r3]
 257 006e DBB2     		uxtb	r3, r3
 258 0070 012B     		cmp	r3, #1
 259 0072 2DD1     		bne	.L25
 260 0074 2F4B     		ldr	r3, .L31+4
 261 0076 5B68     		ldr	r3, [r3, #4]
 262 0078 013B     		subs	r3, r3, #1
 263 007a 2E4A     		ldr	r2, .L31+4
 264 007c 5360     		str	r3, [r2, #4]
 265 007e 2D4B     		ldr	r3, .L31+4
 266 0080 5B68     		ldr	r3, [r3, #4]
 267 0082 002B     		cmp	r3, #0
 268 0084 15D0     		beq	.L26
 269 0086 2B4B     		ldr	r3, .L31+4
 270 0088 DB68     		ldr	r3, [r3, #12]
 271 008a 7B60     		str	r3, [r7, #4]
 272 008c 7868     		ldr	r0, [r7, #4]
 273 008e FFF7FEFF 		bl	HAL_FLASH_EndOfOperationCallback
 274 0092 284B     		ldr	r3, .L31+4
 275 0094 DB68     		ldr	r3, [r3, #12]
 276 0096 0133     		adds	r3, r3, #1
 277 0098 264A     		ldr	r2, .L31+4
 278 009a D360     		str	r3, [r2, #12]
 279 009c 254B     		ldr	r3, .L31+4
 280 009e DB68     		ldr	r3, [r3, #12]
 281 00a0 7B60     		str	r3, [r7, #4]
 282 00a2 244B     		ldr	r3, .L31+4
 283 00a4 1B7A     		ldrb	r3, [r3, #8]
 284 00a6 DBB2     		uxtb	r3, r3
 285 00a8 1946     		mov	r1, r3
 286 00aa 7868     		ldr	r0, [r7, #4]
 287 00ac FFF7FEFF 		bl	FLASH_Erase_Sector
 288 00b0 23E0     		b	.L24
ARM GAS  C:\Users\phamt\AppData\Local\Temp\cc1xkhva.s 			page 6


 289              	.L26:
 290 00b2 4FF0FF33 		mov	r3, #-1
 291 00b6 7B60     		str	r3, [r7, #4]
 292 00b8 1E4A     		ldr	r2, .L31+4
 293 00ba 7B68     		ldr	r3, [r7, #4]
 294 00bc D360     		str	r3, [r2, #12]
 295 00be 1D4B     		ldr	r3, .L31+4
 296 00c0 0022     		movs	r2, #0
 297 00c2 1A70     		strb	r2, [r3]
 298 00c4 FFF7FEFF 		bl	FLASH_FlushCaches
 299 00c8 7868     		ldr	r0, [r7, #4]
 300 00ca FFF7FEFF 		bl	HAL_FLASH_EndOfOperationCallback
 301 00ce 14E0     		b	.L24
 302              	.L25:
 303 00d0 184B     		ldr	r3, .L31+4
 304 00d2 1B78     		ldrb	r3, [r3]
 305 00d4 DBB2     		uxtb	r3, r3
 306 00d6 022B     		cmp	r3, #2
 307 00d8 07D1     		bne	.L27
 308 00da FFF7FEFF 		bl	FLASH_FlushCaches
 309 00de 154B     		ldr	r3, .L31+4
 310 00e0 1B69     		ldr	r3, [r3, #16]
 311 00e2 1846     		mov	r0, r3
 312 00e4 FFF7FEFF 		bl	HAL_FLASH_EndOfOperationCallback
 313 00e8 04E0     		b	.L28
 314              	.L27:
 315 00ea 124B     		ldr	r3, .L31+4
 316 00ec 5B69     		ldr	r3, [r3, #20]
 317 00ee 1846     		mov	r0, r3
 318 00f0 FFF7FEFF 		bl	HAL_FLASH_EndOfOperationCallback
 319              	.L28:
 320 00f4 0F4B     		ldr	r3, .L31+4
 321 00f6 0022     		movs	r2, #0
 322 00f8 1A70     		strb	r2, [r3]
 323              	.L24:
 324 00fa 0E4B     		ldr	r3, .L31+4
 325 00fc 1B78     		ldrb	r3, [r3]
 326 00fe DBB2     		uxtb	r3, r3
 327 0100 002B     		cmp	r3, #0
 328 0102 11D1     		bne	.L30
 329 0104 0A4B     		ldr	r3, .L31
 330 0106 1B69     		ldr	r3, [r3, #16]
 331 0108 094A     		ldr	r2, .L31
 332 010a 23F0FF03 		bic	r3, r3, #255
 333 010e 1361     		str	r3, [r2, #16]
 334 0110 074B     		ldr	r3, .L31
 335 0112 1B69     		ldr	r3, [r3, #16]
 336 0114 064A     		ldr	r2, .L31
 337 0116 23F08073 		bic	r3, r3, #16777216
 338 011a 1361     		str	r3, [r2, #16]
 339 011c 044B     		ldr	r3, .L31
 340 011e 1B69     		ldr	r3, [r3, #16]
 341 0120 034A     		ldr	r2, .L31
 342 0122 23F00073 		bic	r3, r3, #33554432
 343 0126 1361     		str	r3, [r2, #16]
 344              	.L30:
 345 0128 00BF     		nop
ARM GAS  C:\Users\phamt\AppData\Local\Temp\cc1xkhva.s 			page 7


 346 012a 0837     		adds	r7, r7, #8
 347 012c BD46     		mov	sp, r7
 348              		@ sp needed
 349 012e 80BD     		pop	{r7, pc}
 350              	.L32:
 351              		.align	2
 352              	.L31:
 353 0130 003C0240 		.word	1073888256
 354 0134 00000000 		.word	pFlash
 356              		.section	.text.HAL_FLASH_EndOfOperationCallback,"ax",%progbits
 357              		.align	1
 358              		.weak	HAL_FLASH_EndOfOperationCallback
 359              		.syntax unified
 360              		.thumb
 361              		.thumb_func
 363              	HAL_FLASH_EndOfOperationCallback:
 364              		@ args = 0, pretend = 0, frame = 8
 365              		@ frame_needed = 1, uses_anonymous_args = 0
 366              		@ link register save eliminated.
 367 0000 80B4     		push	{r7}
 368 0002 83B0     		sub	sp, sp, #12
 369 0004 00AF     		add	r7, sp, #0
 370 0006 7860     		str	r0, [r7, #4]
 371 0008 00BF     		nop
 372 000a 0C37     		adds	r7, r7, #12
 373 000c BD46     		mov	sp, r7
 374              		@ sp needed
 375 000e 5DF8047B 		ldr	r7, [sp], #4
 376 0012 7047     		bx	lr
 378              		.section	.text.HAL_FLASH_OperationErrorCallback,"ax",%progbits
 379              		.align	1
 380              		.weak	HAL_FLASH_OperationErrorCallback
 381              		.syntax unified
 382              		.thumb
 383              		.thumb_func
 385              	HAL_FLASH_OperationErrorCallback:
 386              		@ args = 0, pretend = 0, frame = 8
 387              		@ frame_needed = 1, uses_anonymous_args = 0
 388              		@ link register save eliminated.
 389 0000 80B4     		push	{r7}
 390 0002 83B0     		sub	sp, sp, #12
 391 0004 00AF     		add	r7, sp, #0
 392 0006 7860     		str	r0, [r7, #4]
 393 0008 00BF     		nop
 394 000a 0C37     		adds	r7, r7, #12
 395 000c BD46     		mov	sp, r7
 396              		@ sp needed
 397 000e 5DF8047B 		ldr	r7, [sp], #4
 398 0012 7047     		bx	lr
 400              		.section	.text.HAL_FLASH_Unlock,"ax",%progbits
 401              		.align	1
 402              		.global	HAL_FLASH_Unlock
 403              		.syntax unified
 404              		.thumb
 405              		.thumb_func
 407              	HAL_FLASH_Unlock:
 408              		@ args = 0, pretend = 0, frame = 8
ARM GAS  C:\Users\phamt\AppData\Local\Temp\cc1xkhva.s 			page 8


 409              		@ frame_needed = 1, uses_anonymous_args = 0
 410              		@ link register save eliminated.
 411 0000 80B4     		push	{r7}
 412 0002 83B0     		sub	sp, sp, #12
 413 0004 00AF     		add	r7, sp, #0
 414 0006 0023     		movs	r3, #0
 415 0008 FB71     		strb	r3, [r7, #7]
 416 000a 0B4B     		ldr	r3, .L38
 417 000c 1B69     		ldr	r3, [r3, #16]
 418 000e 002B     		cmp	r3, #0
 419 0010 0BDA     		bge	.L36
 420 0012 094B     		ldr	r3, .L38
 421 0014 094A     		ldr	r2, .L38+4
 422 0016 5A60     		str	r2, [r3, #4]
 423 0018 074B     		ldr	r3, .L38
 424 001a 094A     		ldr	r2, .L38+8
 425 001c 5A60     		str	r2, [r3, #4]
 426 001e 064B     		ldr	r3, .L38
 427 0020 1B69     		ldr	r3, [r3, #16]
 428 0022 002B     		cmp	r3, #0
 429 0024 01DA     		bge	.L36
 430 0026 0123     		movs	r3, #1
 431 0028 FB71     		strb	r3, [r7, #7]
 432              	.L36:
 433 002a FB79     		ldrb	r3, [r7, #7]	@ zero_extendqisi2
 434 002c 1846     		mov	r0, r3
 435 002e 0C37     		adds	r7, r7, #12
 436 0030 BD46     		mov	sp, r7
 437              		@ sp needed
 438 0032 5DF8047B 		ldr	r7, [sp], #4
 439 0036 7047     		bx	lr
 440              	.L39:
 441              		.align	2
 442              	.L38:
 443 0038 003C0240 		.word	1073888256
 444 003c 23016745 		.word	1164378403
 445 0040 AB89EFCD 		.word	-839939669
 447              		.section	.text.HAL_FLASH_Lock,"ax",%progbits
 448              		.align	1
 449              		.global	HAL_FLASH_Lock
 450              		.syntax unified
 451              		.thumb
 452              		.thumb_func
 454              	HAL_FLASH_Lock:
 455              		@ args = 0, pretend = 0, frame = 0
 456              		@ frame_needed = 1, uses_anonymous_args = 0
 457              		@ link register save eliminated.
 458 0000 80B4     		push	{r7}
 459 0002 00AF     		add	r7, sp, #0
 460 0004 054B     		ldr	r3, .L42
 461 0006 1B69     		ldr	r3, [r3, #16]
 462 0008 044A     		ldr	r2, .L42
 463 000a 43F00043 		orr	r3, r3, #-2147483648
 464 000e 1361     		str	r3, [r2, #16]
 465 0010 0023     		movs	r3, #0
 466 0012 1846     		mov	r0, r3
 467 0014 BD46     		mov	sp, r7
ARM GAS  C:\Users\phamt\AppData\Local\Temp\cc1xkhva.s 			page 9


 468              		@ sp needed
 469 0016 5DF8047B 		ldr	r7, [sp], #4
 470 001a 7047     		bx	lr
 471              	.L43:
 472              		.align	2
 473              	.L42:
 474 001c 003C0240 		.word	1073888256
 476              		.section	.text.HAL_FLASH_OB_Unlock,"ax",%progbits
 477              		.align	1
 478              		.global	HAL_FLASH_OB_Unlock
 479              		.syntax unified
 480              		.thumb
 481              		.thumb_func
 483              	HAL_FLASH_OB_Unlock:
 484              		@ args = 0, pretend = 0, frame = 0
 485              		@ frame_needed = 1, uses_anonymous_args = 0
 486              		@ link register save eliminated.
 487 0000 80B4     		push	{r7}
 488 0002 00AF     		add	r7, sp, #0
 489 0004 094B     		ldr	r3, .L48
 490 0006 5B69     		ldr	r3, [r3, #20]
 491 0008 03F00103 		and	r3, r3, #1
 492 000c 002B     		cmp	r3, #0
 493 000e 07D0     		beq	.L45
 494 0010 064B     		ldr	r3, .L48
 495 0012 074A     		ldr	r2, .L48+4
 496 0014 9A60     		str	r2, [r3, #8]
 497 0016 054B     		ldr	r3, .L48
 498 0018 064A     		ldr	r2, .L48+8
 499 001a 9A60     		str	r2, [r3, #8]
 500 001c 0023     		movs	r3, #0
 501 001e 00E0     		b	.L47
 502              	.L45:
 503 0020 0123     		movs	r3, #1
 504              	.L47:
 505 0022 1846     		mov	r0, r3
 506 0024 BD46     		mov	sp, r7
 507              		@ sp needed
 508 0026 5DF8047B 		ldr	r7, [sp], #4
 509 002a 7047     		bx	lr
 510              	.L49:
 511              		.align	2
 512              	.L48:
 513 002c 003C0240 		.word	1073888256
 514 0030 3B2A1908 		.word	135866939
 515 0034 7F6E5D4C 		.word	1281191551
 517              		.section	.text.HAL_FLASH_OB_Lock,"ax",%progbits
 518              		.align	1
 519              		.global	HAL_FLASH_OB_Lock
 520              		.syntax unified
 521              		.thumb
 522              		.thumb_func
 524              	HAL_FLASH_OB_Lock:
 525              		@ args = 0, pretend = 0, frame = 0
 526              		@ frame_needed = 1, uses_anonymous_args = 0
 527              		@ link register save eliminated.
 528 0000 80B4     		push	{r7}
ARM GAS  C:\Users\phamt\AppData\Local\Temp\cc1xkhva.s 			page 10


 529 0002 00AF     		add	r7, sp, #0
 530 0004 054B     		ldr	r3, .L52
 531 0006 5B69     		ldr	r3, [r3, #20]
 532 0008 044A     		ldr	r2, .L52
 533 000a 43F00103 		orr	r3, r3, #1
 534 000e 5361     		str	r3, [r2, #20]
 535 0010 0023     		movs	r3, #0
 536 0012 1846     		mov	r0, r3
 537 0014 BD46     		mov	sp, r7
 538              		@ sp needed
 539 0016 5DF8047B 		ldr	r7, [sp], #4
 540 001a 7047     		bx	lr
 541              	.L53:
 542              		.align	2
 543              	.L52:
 544 001c 003C0240 		.word	1073888256
 546              		.section	.text.HAL_FLASH_OB_Launch,"ax",%progbits
 547              		.align	1
 548              		.global	HAL_FLASH_OB_Launch
 549              		.syntax unified
 550              		.thumb
 551              		.thumb_func
 553              	HAL_FLASH_OB_Launch:
 554              		@ args = 0, pretend = 0, frame = 0
 555              		@ frame_needed = 1, uses_anonymous_args = 0
 556 0000 80B5     		push	{r7, lr}
 557 0002 00AF     		add	r7, sp, #0
 558 0004 074B     		ldr	r3, .L56
 559 0006 1B78     		ldrb	r3, [r3]
 560 0008 DBB2     		uxtb	r3, r3
 561 000a 064A     		ldr	r2, .L56
 562 000c 43F00203 		orr	r3, r3, #2
 563 0010 DBB2     		uxtb	r3, r3
 564 0012 1370     		strb	r3, [r2]
 565 0014 4CF25030 		movw	r0, #50000
 566 0018 FFF7FEFF 		bl	FLASH_WaitForLastOperation
 567 001c 0346     		mov	r3, r0
 568 001e 1846     		mov	r0, r3
 569 0020 80BD     		pop	{r7, pc}
 570              	.L57:
 571 0022 00BF     		.align	2
 572              	.L56:
 573 0024 143C0240 		.word	1073888276
 575              		.section	.text.HAL_FLASH_GetError,"ax",%progbits
 576              		.align	1
 577              		.global	HAL_FLASH_GetError
 578              		.syntax unified
 579              		.thumb
 580              		.thumb_func
 582              	HAL_FLASH_GetError:
 583              		@ args = 0, pretend = 0, frame = 0
 584              		@ frame_needed = 1, uses_anonymous_args = 0
 585              		@ link register save eliminated.
 586 0000 80B4     		push	{r7}
 587 0002 00AF     		add	r7, sp, #0
 588 0004 034B     		ldr	r3, .L60
 589 0006 DB69     		ldr	r3, [r3, #28]
ARM GAS  C:\Users\phamt\AppData\Local\Temp\cc1xkhva.s 			page 11


 590 0008 1846     		mov	r0, r3
 591 000a BD46     		mov	sp, r7
 592              		@ sp needed
 593 000c 5DF8047B 		ldr	r7, [sp], #4
 594 0010 7047     		bx	lr
 595              	.L61:
 596 0012 00BF     		.align	2
 597              	.L60:
 598 0014 00000000 		.word	pFlash
 600              		.section	.text.FLASH_WaitForLastOperation,"ax",%progbits
 601              		.align	1
 602              		.global	FLASH_WaitForLastOperation
 603              		.syntax unified
 604              		.thumb
 605              		.thumb_func
 607              	FLASH_WaitForLastOperation:
 608              		@ args = 0, pretend = 0, frame = 16
 609              		@ frame_needed = 1, uses_anonymous_args = 0
 610 0000 80B5     		push	{r7, lr}
 611 0002 84B0     		sub	sp, sp, #16
 612 0004 00AF     		add	r7, sp, #0
 613 0006 7860     		str	r0, [r7, #4]
 614 0008 0023     		movs	r3, #0
 615 000a FB60     		str	r3, [r7, #12]
 616 000c 1A4B     		ldr	r3, .L69
 617 000e 0022     		movs	r2, #0
 618 0010 DA61     		str	r2, [r3, #28]
 619 0012 FFF7FEFF 		bl	HAL_GetTick
 620 0016 F860     		str	r0, [r7, #12]
 621 0018 10E0     		b	.L63
 622              	.L66:
 623 001a 7B68     		ldr	r3, [r7, #4]
 624 001c B3F1FF3F 		cmp	r3, #-1
 625 0020 0CD0     		beq	.L63
 626 0022 7B68     		ldr	r3, [r7, #4]
 627 0024 002B     		cmp	r3, #0
 628 0026 07D0     		beq	.L64
 629 0028 FFF7FEFF 		bl	HAL_GetTick
 630 002c 0246     		mov	r2, r0
 631 002e FB68     		ldr	r3, [r7, #12]
 632 0030 D31A     		subs	r3, r2, r3
 633 0032 7A68     		ldr	r2, [r7, #4]
 634 0034 9A42     		cmp	r2, r3
 635 0036 01D2     		bcs	.L63
 636              	.L64:
 637 0038 0323     		movs	r3, #3
 638 003a 19E0     		b	.L65
 639              	.L63:
 640 003c 0F4B     		ldr	r3, .L69+4
 641 003e DB68     		ldr	r3, [r3, #12]
 642 0040 03F48033 		and	r3, r3, #65536
 643 0044 002B     		cmp	r3, #0
 644 0046 E8D1     		bne	.L66
 645 0048 0C4B     		ldr	r3, .L69+4
 646 004a DB68     		ldr	r3, [r3, #12]
 647 004c 03F00103 		and	r3, r3, #1
 648 0050 002B     		cmp	r3, #0
ARM GAS  C:\Users\phamt\AppData\Local\Temp\cc1xkhva.s 			page 12


 649 0052 02D0     		beq	.L67
 650 0054 094B     		ldr	r3, .L69+4
 651 0056 0122     		movs	r2, #1
 652 0058 DA60     		str	r2, [r3, #12]
 653              	.L67:
 654 005a 084B     		ldr	r3, .L69+4
 655 005c DB68     		ldr	r3, [r3, #12]
 656 005e 03F0F203 		and	r3, r3, #242
 657 0062 002B     		cmp	r3, #0
 658 0064 03D0     		beq	.L68
 659 0066 FFF7FEFF 		bl	FLASH_SetErrorCode
 660 006a 0123     		movs	r3, #1
 661 006c 00E0     		b	.L65
 662              	.L68:
 663 006e 0023     		movs	r3, #0
 664              	.L65:
 665 0070 1846     		mov	r0, r3
 666 0072 1037     		adds	r7, r7, #16
 667 0074 BD46     		mov	sp, r7
 668              		@ sp needed
 669 0076 80BD     		pop	{r7, pc}
 670              	.L70:
 671              		.align	2
 672              	.L69:
 673 0078 00000000 		.word	pFlash
 674 007c 003C0240 		.word	1073888256
 676              		.section	.text.FLASH_Program_DoubleWord,"ax",%progbits
 677              		.align	1
 678              		.syntax unified
 679              		.thumb
 680              		.thumb_func
 682              	FLASH_Program_DoubleWord:
 683              		@ args = 0, pretend = 0, frame = 16
 684              		@ frame_needed = 1, uses_anonymous_args = 0
 685              		@ link register save eliminated.
 686 0000 80B4     		push	{r7}
 687 0002 85B0     		sub	sp, sp, #20
 688 0004 00AF     		add	r7, sp, #0
 689 0006 F860     		str	r0, [r7, #12]
 690 0008 C7E90023 		strd	r2, [r7]
 691 000c 144B     		ldr	r3, .L72
 692 000e 1B69     		ldr	r3, [r3, #16]
 693 0010 134A     		ldr	r2, .L72
 694 0012 23F44073 		bic	r3, r3, #768
 695 0016 1361     		str	r3, [r2, #16]
 696 0018 114B     		ldr	r3, .L72
 697 001a 1B69     		ldr	r3, [r3, #16]
 698 001c 104A     		ldr	r2, .L72
 699 001e 43F44073 		orr	r3, r3, #768
 700 0022 1361     		str	r3, [r2, #16]
 701 0024 0E4B     		ldr	r3, .L72
 702 0026 1B69     		ldr	r3, [r3, #16]
 703 0028 0D4A     		ldr	r2, .L72
 704 002a 43F00103 		orr	r3, r3, #1
 705 002e 1361     		str	r3, [r2, #16]
 706 0030 FB68     		ldr	r3, [r7, #12]
 707 0032 3A68     		ldr	r2, [r7]
ARM GAS  C:\Users\phamt\AppData\Local\Temp\cc1xkhva.s 			page 13


 708 0034 1A60     		str	r2, [r3]
 709              		.syntax unified
 710              	@ 260 "Drivers/CMSIS/Include/cmsis_gcc.h" 1
 711 0036 BFF36F8F 		isb 0xF
 712              	@ 0 "" 2
 713              		.thumb
 714              		.syntax unified
 715 003a 00BF     		nop
 716 003c D7E90001 		ldrd	r0, [r7]
 717 0040 4FF00002 		mov	r2, #0
 718 0044 4FF00003 		mov	r3, #0
 719 0048 0A00     		movs	r2, r1
 720 004a 0023     		movs	r3, #0
 721 004c F968     		ldr	r1, [r7, #12]
 722 004e 0431     		adds	r1, r1, #4
 723 0050 1346     		mov	r3, r2
 724 0052 0B60     		str	r3, [r1]
 725 0054 00BF     		nop
 726 0056 1437     		adds	r7, r7, #20
 727 0058 BD46     		mov	sp, r7
 728              		@ sp needed
 729 005a 5DF8047B 		ldr	r7, [sp], #4
 730 005e 7047     		bx	lr
 731              	.L73:
 732              		.align	2
 733              	.L72:
 734 0060 003C0240 		.word	1073888256
 736              		.section	.text.FLASH_Program_Word,"ax",%progbits
 737              		.align	1
 738              		.syntax unified
 739              		.thumb
 740              		.thumb_func
 742              	FLASH_Program_Word:
 743              		@ args = 0, pretend = 0, frame = 8
 744              		@ frame_needed = 1, uses_anonymous_args = 0
 745              		@ link register save eliminated.
 746 0000 80B4     		push	{r7}
 747 0002 83B0     		sub	sp, sp, #12
 748 0004 00AF     		add	r7, sp, #0
 749 0006 7860     		str	r0, [r7, #4]
 750 0008 3960     		str	r1, [r7]
 751 000a 0D4B     		ldr	r3, .L75
 752 000c 1B69     		ldr	r3, [r3, #16]
 753 000e 0C4A     		ldr	r2, .L75
 754 0010 23F44073 		bic	r3, r3, #768
 755 0014 1361     		str	r3, [r2, #16]
 756 0016 0A4B     		ldr	r3, .L75
 757 0018 1B69     		ldr	r3, [r3, #16]
 758 001a 094A     		ldr	r2, .L75
 759 001c 43F40073 		orr	r3, r3, #512
 760 0020 1361     		str	r3, [r2, #16]
 761 0022 074B     		ldr	r3, .L75
 762 0024 1B69     		ldr	r3, [r3, #16]
 763 0026 064A     		ldr	r2, .L75
 764 0028 43F00103 		orr	r3, r3, #1
 765 002c 1361     		str	r3, [r2, #16]
 766 002e 7B68     		ldr	r3, [r7, #4]
ARM GAS  C:\Users\phamt\AppData\Local\Temp\cc1xkhva.s 			page 14


 767 0030 3A68     		ldr	r2, [r7]
 768 0032 1A60     		str	r2, [r3]
 769 0034 00BF     		nop
 770 0036 0C37     		adds	r7, r7, #12
 771 0038 BD46     		mov	sp, r7
 772              		@ sp needed
 773 003a 5DF8047B 		ldr	r7, [sp], #4
 774 003e 7047     		bx	lr
 775              	.L76:
 776              		.align	2
 777              	.L75:
 778 0040 003C0240 		.word	1073888256
 780              		.section	.text.FLASH_Program_HalfWord,"ax",%progbits
 781              		.align	1
 782              		.syntax unified
 783              		.thumb
 784              		.thumb_func
 786              	FLASH_Program_HalfWord:
 787              		@ args = 0, pretend = 0, frame = 8
 788              		@ frame_needed = 1, uses_anonymous_args = 0
 789              		@ link register save eliminated.
 790 0000 80B4     		push	{r7}
 791 0002 83B0     		sub	sp, sp, #12
 792 0004 00AF     		add	r7, sp, #0
 793 0006 7860     		str	r0, [r7, #4]
 794 0008 0B46     		mov	r3, r1
 795 000a 7B80     		strh	r3, [r7, #2]	@ movhi
 796 000c 0D4B     		ldr	r3, .L78
 797 000e 1B69     		ldr	r3, [r3, #16]
 798 0010 0C4A     		ldr	r2, .L78
 799 0012 23F44073 		bic	r3, r3, #768
 800 0016 1361     		str	r3, [r2, #16]
 801 0018 0A4B     		ldr	r3, .L78
 802 001a 1B69     		ldr	r3, [r3, #16]
 803 001c 094A     		ldr	r2, .L78
 804 001e 43F48073 		orr	r3, r3, #256
 805 0022 1361     		str	r3, [r2, #16]
 806 0024 074B     		ldr	r3, .L78
 807 0026 1B69     		ldr	r3, [r3, #16]
 808 0028 064A     		ldr	r2, .L78
 809 002a 43F00103 		orr	r3, r3, #1
 810 002e 1361     		str	r3, [r2, #16]
 811 0030 7B68     		ldr	r3, [r7, #4]
 812 0032 7A88     		ldrh	r2, [r7, #2]	@ movhi
 813 0034 1A80     		strh	r2, [r3]	@ movhi
 814 0036 00BF     		nop
 815 0038 0C37     		adds	r7, r7, #12
 816 003a BD46     		mov	sp, r7
 817              		@ sp needed
 818 003c 5DF8047B 		ldr	r7, [sp], #4
 819 0040 7047     		bx	lr
 820              	.L79:
 821 0042 00BF     		.align	2
 822              	.L78:
 823 0044 003C0240 		.word	1073888256
 825              		.section	.text.FLASH_Program_Byte,"ax",%progbits
 826              		.align	1
ARM GAS  C:\Users\phamt\AppData\Local\Temp\cc1xkhva.s 			page 15


 827              		.syntax unified
 828              		.thumb
 829              		.thumb_func
 831              	FLASH_Program_Byte:
 832              		@ args = 0, pretend = 0, frame = 8
 833              		@ frame_needed = 1, uses_anonymous_args = 0
 834              		@ link register save eliminated.
 835 0000 80B4     		push	{r7}
 836 0002 83B0     		sub	sp, sp, #12
 837 0004 00AF     		add	r7, sp, #0
 838 0006 7860     		str	r0, [r7, #4]
 839 0008 0B46     		mov	r3, r1
 840 000a FB70     		strb	r3, [r7, #3]
 841 000c 0C4B     		ldr	r3, .L81
 842 000e 1B69     		ldr	r3, [r3, #16]
 843 0010 0B4A     		ldr	r2, .L81
 844 0012 23F44073 		bic	r3, r3, #768
 845 0016 1361     		str	r3, [r2, #16]
 846 0018 094B     		ldr	r3, .L81
 847 001a 094A     		ldr	r2, .L81
 848 001c 1B69     		ldr	r3, [r3, #16]
 849 001e 1361     		str	r3, [r2, #16]
 850 0020 074B     		ldr	r3, .L81
 851 0022 1B69     		ldr	r3, [r3, #16]
 852 0024 064A     		ldr	r2, .L81
 853 0026 43F00103 		orr	r3, r3, #1
 854 002a 1361     		str	r3, [r2, #16]
 855 002c 7B68     		ldr	r3, [r7, #4]
 856 002e FA78     		ldrb	r2, [r7, #3]
 857 0030 1A70     		strb	r2, [r3]
 858 0032 00BF     		nop
 859 0034 0C37     		adds	r7, r7, #12
 860 0036 BD46     		mov	sp, r7
 861              		@ sp needed
 862 0038 5DF8047B 		ldr	r7, [sp], #4
 863 003c 7047     		bx	lr
 864              	.L82:
 865 003e 00BF     		.align	2
 866              	.L81:
 867 0040 003C0240 		.word	1073888256
 869              		.section	.text.FLASH_SetErrorCode,"ax",%progbits
 870              		.align	1
 871              		.syntax unified
 872              		.thumb
 873              		.thumb_func
 875              	FLASH_SetErrorCode:
 876              		@ args = 0, pretend = 0, frame = 0
 877              		@ frame_needed = 1, uses_anonymous_args = 0
 878              		@ link register save eliminated.
 879 0000 80B4     		push	{r7}
 880 0002 00AF     		add	r7, sp, #0
 881 0004 274B     		ldr	r3, .L90
 882 0006 DB68     		ldr	r3, [r3, #12]
 883 0008 03F01003 		and	r3, r3, #16
 884 000c 002B     		cmp	r3, #0
 885 000e 08D0     		beq	.L84
 886 0010 254B     		ldr	r3, .L90+4
ARM GAS  C:\Users\phamt\AppData\Local\Temp\cc1xkhva.s 			page 16


 887 0012 DB69     		ldr	r3, [r3, #28]
 888 0014 43F01003 		orr	r3, r3, #16
 889 0018 234A     		ldr	r2, .L90+4
 890 001a D361     		str	r3, [r2, #28]
 891 001c 214B     		ldr	r3, .L90
 892 001e 1022     		movs	r2, #16
 893 0020 DA60     		str	r2, [r3, #12]
 894              	.L84:
 895 0022 204B     		ldr	r3, .L90
 896 0024 DB68     		ldr	r3, [r3, #12]
 897 0026 03F02003 		and	r3, r3, #32
 898 002a 002B     		cmp	r3, #0
 899 002c 08D0     		beq	.L85
 900 002e 1E4B     		ldr	r3, .L90+4
 901 0030 DB69     		ldr	r3, [r3, #28]
 902 0032 43F00803 		orr	r3, r3, #8
 903 0036 1C4A     		ldr	r2, .L90+4
 904 0038 D361     		str	r3, [r2, #28]
 905 003a 1A4B     		ldr	r3, .L90
 906 003c 2022     		movs	r2, #32
 907 003e DA60     		str	r2, [r3, #12]
 908              	.L85:
 909 0040 184B     		ldr	r3, .L90
 910 0042 DB68     		ldr	r3, [r3, #12]
 911 0044 03F04003 		and	r3, r3, #64
 912 0048 002B     		cmp	r3, #0
 913 004a 08D0     		beq	.L86
 914 004c 164B     		ldr	r3, .L90+4
 915 004e DB69     		ldr	r3, [r3, #28]
 916 0050 43F00403 		orr	r3, r3, #4
 917 0054 144A     		ldr	r2, .L90+4
 918 0056 D361     		str	r3, [r2, #28]
 919 0058 124B     		ldr	r3, .L90
 920 005a 4022     		movs	r2, #64
 921 005c DA60     		str	r2, [r3, #12]
 922              	.L86:
 923 005e 114B     		ldr	r3, .L90
 924 0060 DB68     		ldr	r3, [r3, #12]
 925 0062 03F08003 		and	r3, r3, #128
 926 0066 002B     		cmp	r3, #0
 927 0068 08D0     		beq	.L87
 928 006a 0F4B     		ldr	r3, .L90+4
 929 006c DB69     		ldr	r3, [r3, #28]
 930 006e 43F00203 		orr	r3, r3, #2
 931 0072 0D4A     		ldr	r2, .L90+4
 932 0074 D361     		str	r3, [r2, #28]
 933 0076 0B4B     		ldr	r3, .L90
 934 0078 8022     		movs	r2, #128
 935 007a DA60     		str	r2, [r3, #12]
 936              	.L87:
 937 007c 094B     		ldr	r3, .L90
 938 007e DB68     		ldr	r3, [r3, #12]
 939 0080 03F00203 		and	r3, r3, #2
 940 0084 002B     		cmp	r3, #0
 941 0086 08D0     		beq	.L89
 942 0088 074B     		ldr	r3, .L90+4
 943 008a DB69     		ldr	r3, [r3, #28]
ARM GAS  C:\Users\phamt\AppData\Local\Temp\cc1xkhva.s 			page 17


 944 008c 43F02003 		orr	r3, r3, #32
 945 0090 054A     		ldr	r2, .L90+4
 946 0092 D361     		str	r3, [r2, #28]
 947 0094 034B     		ldr	r3, .L90
 948 0096 0222     		movs	r2, #2
 949 0098 DA60     		str	r2, [r3, #12]
 950              	.L89:
 951 009a 00BF     		nop
 952 009c BD46     		mov	sp, r7
 953              		@ sp needed
 954 009e 5DF8047B 		ldr	r7, [sp], #4
 955 00a2 7047     		bx	lr
 956              	.L91:
 957              		.align	2
 958              	.L90:
 959 00a4 003C0240 		.word	1073888256
 960 00a8 00000000 		.word	pFlash
 962              		.ident	"GCC: (GNU Arm Embedded Toolchain 10.3-2021.10) 10.3.1 20210824 (release)"
ARM GAS  C:\Users\phamt\AppData\Local\Temp\cc1xkhva.s 			page 18


DEFINED SYMBOLS
                            *ABS*:00000000 stm32f4xx_hal_flash.c
C:\Users\phamt\AppData\Local\Temp\cc1xkhva.s:22     .bss.pFlash:00000000 pFlash
C:\Users\phamt\AppData\Local\Temp\cc1xkhva.s:19     .bss.pFlash:00000000 $d
C:\Users\phamt\AppData\Local\Temp\cc1xkhva.s:25     .text.HAL_FLASH_Program:00000000 $t
C:\Users\phamt\AppData\Local\Temp\cc1xkhva.s:31     .text.HAL_FLASH_Program:00000000 HAL_FLASH_Program
C:\Users\phamt\AppData\Local\Temp\cc1xkhva.s:607    .text.FLASH_WaitForLastOperation:00000000 FLASH_WaitForLastOperation
C:\Users\phamt\AppData\Local\Temp\cc1xkhva.s:831    .text.FLASH_Program_Byte:00000000 FLASH_Program_Byte
C:\Users\phamt\AppData\Local\Temp\cc1xkhva.s:786    .text.FLASH_Program_HalfWord:00000000 FLASH_Program_HalfWord
C:\Users\phamt\AppData\Local\Temp\cc1xkhva.s:742    .text.FLASH_Program_Word:00000000 FLASH_Program_Word
C:\Users\phamt\AppData\Local\Temp\cc1xkhva.s:682    .text.FLASH_Program_DoubleWord:00000000 FLASH_Program_DoubleWord
C:\Users\phamt\AppData\Local\Temp\cc1xkhva.s:113    .text.HAL_FLASH_Program:000000a0 $d
C:\Users\phamt\AppData\Local\Temp\cc1xkhva.s:117    .text.HAL_FLASH_Program_IT:00000000 $t
C:\Users\phamt\AppData\Local\Temp\cc1xkhva.s:123    .text.HAL_FLASH_Program_IT:00000000 HAL_FLASH_Program_IT
C:\Users\phamt\AppData\Local\Temp\cc1xkhva.s:190    .text.HAL_FLASH_Program_IT:00000080 $d
C:\Users\phamt\AppData\Local\Temp\cc1xkhva.s:194    .text.HAL_FLASH_IRQHandler:00000000 $t
C:\Users\phamt\AppData\Local\Temp\cc1xkhva.s:200    .text.HAL_FLASH_IRQHandler:00000000 HAL_FLASH_IRQHandler
C:\Users\phamt\AppData\Local\Temp\cc1xkhva.s:875    .text.FLASH_SetErrorCode:00000000 FLASH_SetErrorCode
C:\Users\phamt\AppData\Local\Temp\cc1xkhva.s:385    .text.HAL_FLASH_OperationErrorCallback:00000000 HAL_FLASH_OperationErrorCallback
C:\Users\phamt\AppData\Local\Temp\cc1xkhva.s:363    .text.HAL_FLASH_EndOfOperationCallback:00000000 HAL_FLASH_EndOfOperationCallback
C:\Users\phamt\AppData\Local\Temp\cc1xkhva.s:353    .text.HAL_FLASH_IRQHandler:00000130 $d
C:\Users\phamt\AppData\Local\Temp\cc1xkhva.s:357    .text.HAL_FLASH_EndOfOperationCallback:00000000 $t
C:\Users\phamt\AppData\Local\Temp\cc1xkhva.s:379    .text.HAL_FLASH_OperationErrorCallback:00000000 $t
C:\Users\phamt\AppData\Local\Temp\cc1xkhva.s:401    .text.HAL_FLASH_Unlock:00000000 $t
C:\Users\phamt\AppData\Local\Temp\cc1xkhva.s:407    .text.HAL_FLASH_Unlock:00000000 HAL_FLASH_Unlock
C:\Users\phamt\AppData\Local\Temp\cc1xkhva.s:443    .text.HAL_FLASH_Unlock:00000038 $d
C:\Users\phamt\AppData\Local\Temp\cc1xkhva.s:448    .text.HAL_FLASH_Lock:00000000 $t
C:\Users\phamt\AppData\Local\Temp\cc1xkhva.s:454    .text.HAL_FLASH_Lock:00000000 HAL_FLASH_Lock
C:\Users\phamt\AppData\Local\Temp\cc1xkhva.s:474    .text.HAL_FLASH_Lock:0000001c $d
C:\Users\phamt\AppData\Local\Temp\cc1xkhva.s:477    .text.HAL_FLASH_OB_Unlock:00000000 $t
C:\Users\phamt\AppData\Local\Temp\cc1xkhva.s:483    .text.HAL_FLASH_OB_Unlock:00000000 HAL_FLASH_OB_Unlock
C:\Users\phamt\AppData\Local\Temp\cc1xkhva.s:513    .text.HAL_FLASH_OB_Unlock:0000002c $d
C:\Users\phamt\AppData\Local\Temp\cc1xkhva.s:518    .text.HAL_FLASH_OB_Lock:00000000 $t
C:\Users\phamt\AppData\Local\Temp\cc1xkhva.s:524    .text.HAL_FLASH_OB_Lock:00000000 HAL_FLASH_OB_Lock
C:\Users\phamt\AppData\Local\Temp\cc1xkhva.s:544    .text.HAL_FLASH_OB_Lock:0000001c $d
C:\Users\phamt\AppData\Local\Temp\cc1xkhva.s:547    .text.HAL_FLASH_OB_Launch:00000000 $t
C:\Users\phamt\AppData\Local\Temp\cc1xkhva.s:553    .text.HAL_FLASH_OB_Launch:00000000 HAL_FLASH_OB_Launch
C:\Users\phamt\AppData\Local\Temp\cc1xkhva.s:573    .text.HAL_FLASH_OB_Launch:00000024 $d
C:\Users\phamt\AppData\Local\Temp\cc1xkhva.s:576    .text.HAL_FLASH_GetError:00000000 $t
C:\Users\phamt\AppData\Local\Temp\cc1xkhva.s:582    .text.HAL_FLASH_GetError:00000000 HAL_FLASH_GetError
C:\Users\phamt\AppData\Local\Temp\cc1xkhva.s:598    .text.HAL_FLASH_GetError:00000014 $d
C:\Users\phamt\AppData\Local\Temp\cc1xkhva.s:601    .text.FLASH_WaitForLastOperation:00000000 $t
C:\Users\phamt\AppData\Local\Temp\cc1xkhva.s:673    .text.FLASH_WaitForLastOperation:00000078 $d
C:\Users\phamt\AppData\Local\Temp\cc1xkhva.s:677    .text.FLASH_Program_DoubleWord:00000000 $t
C:\Users\phamt\AppData\Local\Temp\cc1xkhva.s:734    .text.FLASH_Program_DoubleWord:00000060 $d
C:\Users\phamt\AppData\Local\Temp\cc1xkhva.s:737    .text.FLASH_Program_Word:00000000 $t
C:\Users\phamt\AppData\Local\Temp\cc1xkhva.s:778    .text.FLASH_Program_Word:00000040 $d
C:\Users\phamt\AppData\Local\Temp\cc1xkhva.s:781    .text.FLASH_Program_HalfWord:00000000 $t
C:\Users\phamt\AppData\Local\Temp\cc1xkhva.s:823    .text.FLASH_Program_HalfWord:00000044 $d
C:\Users\phamt\AppData\Local\Temp\cc1xkhva.s:826    .text.FLASH_Program_Byte:00000000 $t
C:\Users\phamt\AppData\Local\Temp\cc1xkhva.s:867    .text.FLASH_Program_Byte:00000040 $d
C:\Users\phamt\AppData\Local\Temp\cc1xkhva.s:870    .text.FLASH_SetErrorCode:00000000 $t
C:\Users\phamt\AppData\Local\Temp\cc1xkhva.s:959    .text.FLASH_SetErrorCode:000000a4 $d

UNDEFINED SYMBOLS
FLASH_Erase_Sector
FLASH_FlushCaches
ARM GAS  C:\Users\phamt\AppData\Local\Temp\cc1xkhva.s 			page 19


HAL_GetTick
