ARM GAS  C:\Users\phamt\AppData\Local\Temp\ccQRK6HP.s 			page 1


   1              		.cpu cortex-m4
   2              		.arch armv7e-m
   3              		.fpu fpv4-sp-d16
   4              		.eabi_attribute 27, 1
   5              		.eabi_attribute 28, 1
   6              		.eabi_attribute 20, 1
   7              		.eabi_attribute 21, 1
   8              		.eabi_attribute 23, 3
   9              		.eabi_attribute 24, 1
  10              		.eabi_attribute 25, 1
  11              		.eabi_attribute 26, 1
  12              		.eabi_attribute 30, 6
  13              		.eabi_attribute 34, 1
  14              		.eabi_attribute 18, 4
  15              		.file	"stm32f4xx_hal.c"
  16              		.text
  17              		.global	uwTick
  18              		.section	.bss.uwTick,"aw",%nobits
  19              		.align	2
  22              	uwTick:
  23 0000 00000000 		.space	4
  24              		.global	uwTickPrio
  25              		.section	.data.uwTickPrio,"aw"
  26              		.align	2
  29              	uwTickPrio:
  30 0000 10000000 		.word	16
  31              		.global	uwTickFreq
  32              		.section	.data.uwTickFreq,"aw"
  35              	uwTickFreq:
  36 0000 01       		.byte	1
  37              		.section	.text.HAL_Init,"ax",%progbits
  38              		.align	1
  39              		.global	HAL_Init
  40              		.syntax unified
  41              		.thumb
  42              		.thumb_func
  44              	HAL_Init:
  45              		@ args = 0, pretend = 0, frame = 0
  46              		@ frame_needed = 1, uses_anonymous_args = 0
  47 0000 80B5     		push	{r7, lr}
  48 0002 00AF     		add	r7, sp, #0
  49 0004 0C4B     		ldr	r3, .L3
  50 0006 1B68     		ldr	r3, [r3]
  51 0008 0B4A     		ldr	r2, .L3
  52 000a 43F40073 		orr	r3, r3, #512
  53 000e 1360     		str	r3, [r2]
  54 0010 094B     		ldr	r3, .L3
  55 0012 1B68     		ldr	r3, [r3]
  56 0014 084A     		ldr	r2, .L3
  57 0016 43F48063 		orr	r3, r3, #1024
  58 001a 1360     		str	r3, [r2]
  59 001c 064B     		ldr	r3, .L3
  60 001e 1B68     		ldr	r3, [r3]
  61 0020 054A     		ldr	r2, .L3
  62 0022 43F48073 		orr	r3, r3, #256
  63 0026 1360     		str	r3, [r2]
  64 0028 0320     		movs	r0, #3
ARM GAS  C:\Users\phamt\AppData\Local\Temp\ccQRK6HP.s 			page 2


  65 002a FFF7FEFF 		bl	HAL_NVIC_SetPriorityGrouping
  66 002e FFF7FEFF 		bl	HAL_MspInit
  67 0032 0023     		movs	r3, #0
  68 0034 1846     		mov	r0, r3
  69 0036 80BD     		pop	{r7, pc}
  70              	.L4:
  71              		.align	2
  72              	.L3:
  73 0038 003C0240 		.word	1073888256
  75              		.section	.text.HAL_DeInit,"ax",%progbits
  76              		.align	1
  77              		.global	HAL_DeInit
  78              		.syntax unified
  79              		.thumb
  80              		.thumb_func
  82              	HAL_DeInit:
  83              		@ args = 0, pretend = 0, frame = 0
  84              		@ frame_needed = 1, uses_anonymous_args = 0
  85 0000 80B5     		push	{r7, lr}
  86 0002 00AF     		add	r7, sp, #0
  87 0004 114B     		ldr	r3, .L7
  88 0006 124A     		ldr	r2, .L7+4
  89 0008 1A62     		str	r2, [r3, #32]
  90 000a 104B     		ldr	r3, .L7
  91 000c 0022     		movs	r2, #0
  92 000e 1A62     		str	r2, [r3, #32]
  93 0010 0E4B     		ldr	r3, .L7
  94 0012 104A     		ldr	r2, .L7+8
  95 0014 5A62     		str	r2, [r3, #36]
  96 0016 0D4B     		ldr	r3, .L7
  97 0018 0022     		movs	r2, #0
  98 001a 5A62     		str	r2, [r3, #36]
  99 001c 0B4B     		ldr	r3, .L7
 100 001e 0E4A     		ldr	r2, .L7+12
 101 0020 1A61     		str	r2, [r3, #16]
 102 0022 0A4B     		ldr	r3, .L7
 103 0024 0022     		movs	r2, #0
 104 0026 1A61     		str	r2, [r3, #16]
 105 0028 084B     		ldr	r3, .L7
 106 002a C122     		movs	r2, #193
 107 002c 5A61     		str	r2, [r3, #20]
 108 002e 074B     		ldr	r3, .L7
 109 0030 0022     		movs	r2, #0
 110 0032 5A61     		str	r2, [r3, #20]
 111 0034 054B     		ldr	r3, .L7
 112 0036 0122     		movs	r2, #1
 113 0038 9A61     		str	r2, [r3, #24]
 114 003a 044B     		ldr	r3, .L7
 115 003c 0022     		movs	r2, #0
 116 003e 9A61     		str	r2, [r3, #24]
 117 0040 FFF7FEFF 		bl	HAL_MspDeInit
 118 0044 0023     		movs	r3, #0
 119 0046 1846     		mov	r0, r3
 120 0048 80BD     		pop	{r7, pc}
 121              	.L8:
 122 004a 00BF     		.align	2
 123              	.L7:
ARM GAS  C:\Users\phamt\AppData\Local\Temp\ccQRK6HP.s 			page 3


 124 004c 00380240 		.word	1073887232
 125 0050 FFC9FEF6 		.word	-151074305
 126 0054 33797704 		.word	74938675
 127 0058 FF116022 		.word	576721407
 129              		.section	.text.HAL_MspInit,"ax",%progbits
 130              		.align	1
 131              		.weak	HAL_MspInit
 132              		.syntax unified
 133              		.thumb
 134              		.thumb_func
 136              	HAL_MspInit:
 137              		@ args = 0, pretend = 0, frame = 0
 138              		@ frame_needed = 1, uses_anonymous_args = 0
 139              		@ link register save eliminated.
 140 0000 80B4     		push	{r7}
 141 0002 00AF     		add	r7, sp, #0
 142 0004 00BF     		nop
 143 0006 BD46     		mov	sp, r7
 144              		@ sp needed
 145 0008 5DF8047B 		ldr	r7, [sp], #4
 146 000c 7047     		bx	lr
 148              		.section	.text.HAL_MspDeInit,"ax",%progbits
 149              		.align	1
 150              		.weak	HAL_MspDeInit
 151              		.syntax unified
 152              		.thumb
 153              		.thumb_func
 155              	HAL_MspDeInit:
 156              		@ args = 0, pretend = 0, frame = 0
 157              		@ frame_needed = 1, uses_anonymous_args = 0
 158              		@ link register save eliminated.
 159 0000 80B4     		push	{r7}
 160 0002 00AF     		add	r7, sp, #0
 161 0004 00BF     		nop
 162 0006 BD46     		mov	sp, r7
 163              		@ sp needed
 164 0008 5DF8047B 		ldr	r7, [sp], #4
 165 000c 7047     		bx	lr
 167              		.section	.text.HAL_InitTick,"ax",%progbits
 168              		.align	1
 169              		.weak	HAL_InitTick
 170              		.syntax unified
 171              		.thumb
 172              		.thumb_func
 174              	HAL_InitTick:
 175              		@ args = 0, pretend = 0, frame = 8
 176              		@ frame_needed = 1, uses_anonymous_args = 0
 177 0000 80B5     		push	{r7, lr}
 178 0002 82B0     		sub	sp, sp, #8
 179 0004 00AF     		add	r7, sp, #0
 180 0006 7860     		str	r0, [r7, #4]
 181 0008 124B     		ldr	r3, .L16
 182 000a 1A68     		ldr	r2, [r3]
 183 000c 124B     		ldr	r3, .L16+4
 184 000e 1B78     		ldrb	r3, [r3]	@ zero_extendqisi2
 185 0010 1946     		mov	r1, r3
 186 0012 4FF47A73 		mov	r3, #1000
ARM GAS  C:\Users\phamt\AppData\Local\Temp\ccQRK6HP.s 			page 4


 187 0016 B3FBF1F3 		udiv	r3, r3, r1
 188 001a B2FBF3F3 		udiv	r3, r2, r3
 189 001e 1846     		mov	r0, r3
 190 0020 FFF7FEFF 		bl	HAL_SYSTICK_Config
 191 0024 0346     		mov	r3, r0
 192 0026 002B     		cmp	r3, #0
 193 0028 01D0     		beq	.L12
 194 002a 0123     		movs	r3, #1
 195 002c 0EE0     		b	.L13
 196              	.L12:
 197 002e 7B68     		ldr	r3, [r7, #4]
 198 0030 0F2B     		cmp	r3, #15
 199 0032 0AD8     		bhi	.L14
 200 0034 0022     		movs	r2, #0
 201 0036 7968     		ldr	r1, [r7, #4]
 202 0038 4FF0FF30 		mov	r0, #-1
 203 003c FFF7FEFF 		bl	HAL_NVIC_SetPriority
 204 0040 064A     		ldr	r2, .L16+8
 205 0042 7B68     		ldr	r3, [r7, #4]
 206 0044 1360     		str	r3, [r2]
 207 0046 0023     		movs	r3, #0
 208 0048 00E0     		b	.L13
 209              	.L14:
 210 004a 0123     		movs	r3, #1
 211              	.L13:
 212 004c 1846     		mov	r0, r3
 213 004e 0837     		adds	r7, r7, #8
 214 0050 BD46     		mov	sp, r7
 215              		@ sp needed
 216 0052 80BD     		pop	{r7, pc}
 217              	.L17:
 218              		.align	2
 219              	.L16:
 220 0054 00000000 		.word	SystemCoreClock
 221 0058 00000000 		.word	uwTickFreq
 222 005c 00000000 		.word	uwTickPrio
 224              		.section	.text.HAL_IncTick,"ax",%progbits
 225              		.align	1
 226              		.weak	HAL_IncTick
 227              		.syntax unified
 228              		.thumb
 229              		.thumb_func
 231              	HAL_IncTick:
 232              		@ args = 0, pretend = 0, frame = 0
 233              		@ frame_needed = 1, uses_anonymous_args = 0
 234              		@ link register save eliminated.
 235 0000 80B4     		push	{r7}
 236 0002 00AF     		add	r7, sp, #0
 237 0004 064B     		ldr	r3, .L19
 238 0006 1B78     		ldrb	r3, [r3]	@ zero_extendqisi2
 239 0008 1A46     		mov	r2, r3
 240 000a 064B     		ldr	r3, .L19+4
 241 000c 1B68     		ldr	r3, [r3]
 242 000e 1344     		add	r3, r3, r2
 243 0010 044A     		ldr	r2, .L19+4
 244 0012 1360     		str	r3, [r2]
 245 0014 00BF     		nop
ARM GAS  C:\Users\phamt\AppData\Local\Temp\ccQRK6HP.s 			page 5


 246 0016 BD46     		mov	sp, r7
 247              		@ sp needed
 248 0018 5DF8047B 		ldr	r7, [sp], #4
 249 001c 7047     		bx	lr
 250              	.L20:
 251 001e 00BF     		.align	2
 252              	.L19:
 253 0020 00000000 		.word	uwTickFreq
 254 0024 00000000 		.word	uwTick
 256              		.section	.text.HAL_GetTick,"ax",%progbits
 257              		.align	1
 258              		.weak	HAL_GetTick
 259              		.syntax unified
 260              		.thumb
 261              		.thumb_func
 263              	HAL_GetTick:
 264              		@ args = 0, pretend = 0, frame = 0
 265              		@ frame_needed = 1, uses_anonymous_args = 0
 266              		@ link register save eliminated.
 267 0000 80B4     		push	{r7}
 268 0002 00AF     		add	r7, sp, #0
 269 0004 034B     		ldr	r3, .L23
 270 0006 1B68     		ldr	r3, [r3]
 271 0008 1846     		mov	r0, r3
 272 000a BD46     		mov	sp, r7
 273              		@ sp needed
 274 000c 5DF8047B 		ldr	r7, [sp], #4
 275 0010 7047     		bx	lr
 276              	.L24:
 277 0012 00BF     		.align	2
 278              	.L23:
 279 0014 00000000 		.word	uwTick
 281              		.section	.text.HAL_GetTickPrio,"ax",%progbits
 282              		.align	1
 283              		.global	HAL_GetTickPrio
 284              		.syntax unified
 285              		.thumb
 286              		.thumb_func
 288              	HAL_GetTickPrio:
 289              		@ args = 0, pretend = 0, frame = 0
 290              		@ frame_needed = 1, uses_anonymous_args = 0
 291              		@ link register save eliminated.
 292 0000 80B4     		push	{r7}
 293 0002 00AF     		add	r7, sp, #0
 294 0004 034B     		ldr	r3, .L27
 295 0006 1B68     		ldr	r3, [r3]
 296 0008 1846     		mov	r0, r3
 297 000a BD46     		mov	sp, r7
 298              		@ sp needed
 299 000c 5DF8047B 		ldr	r7, [sp], #4
 300 0010 7047     		bx	lr
 301              	.L28:
 302 0012 00BF     		.align	2
 303              	.L27:
 304 0014 00000000 		.word	uwTickPrio
 306              		.section	.text.HAL_SetTickFreq,"ax",%progbits
 307              		.align	1
ARM GAS  C:\Users\phamt\AppData\Local\Temp\ccQRK6HP.s 			page 6


 308              		.global	HAL_SetTickFreq
 309              		.syntax unified
 310              		.thumb
 311              		.thumb_func
 313              	HAL_SetTickFreq:
 314              		@ args = 0, pretend = 0, frame = 16
 315              		@ frame_needed = 1, uses_anonymous_args = 0
 316 0000 80B5     		push	{r7, lr}
 317 0002 84B0     		sub	sp, sp, #16
 318 0004 00AF     		add	r7, sp, #0
 319 0006 0346     		mov	r3, r0
 320 0008 FB71     		strb	r3, [r7, #7]
 321 000a 0023     		movs	r3, #0
 322 000c FB73     		strb	r3, [r7, #15]
 323 000e 0E4B     		ldr	r3, .L32
 324 0010 1B78     		ldrb	r3, [r3]	@ zero_extendqisi2
 325 0012 FA79     		ldrb	r2, [r7, #7]	@ zero_extendqisi2
 326 0014 9A42     		cmp	r2, r3
 327 0016 12D0     		beq	.L30
 328 0018 0B4B     		ldr	r3, .L32
 329 001a 1B78     		ldrb	r3, [r3]
 330 001c BB73     		strb	r3, [r7, #14]
 331 001e 0A4A     		ldr	r2, .L32
 332 0020 FB79     		ldrb	r3, [r7, #7]
 333 0022 1370     		strb	r3, [r2]
 334 0024 094B     		ldr	r3, .L32+4
 335 0026 1B68     		ldr	r3, [r3]
 336 0028 1846     		mov	r0, r3
 337 002a FFF7FEFF 		bl	HAL_InitTick
 338 002e 0346     		mov	r3, r0
 339 0030 FB73     		strb	r3, [r7, #15]
 340 0032 FB7B     		ldrb	r3, [r7, #15]	@ zero_extendqisi2
 341 0034 002B     		cmp	r3, #0
 342 0036 02D0     		beq	.L30
 343 0038 034A     		ldr	r2, .L32
 344 003a BB7B     		ldrb	r3, [r7, #14]
 345 003c 1370     		strb	r3, [r2]
 346              	.L30:
 347 003e FB7B     		ldrb	r3, [r7, #15]	@ zero_extendqisi2
 348 0040 1846     		mov	r0, r3
 349 0042 1037     		adds	r7, r7, #16
 350 0044 BD46     		mov	sp, r7
 351              		@ sp needed
 352 0046 80BD     		pop	{r7, pc}
 353              	.L33:
 354              		.align	2
 355              	.L32:
 356 0048 00000000 		.word	uwTickFreq
 357 004c 00000000 		.word	uwTickPrio
 359              		.section	.text.HAL_GetTickFreq,"ax",%progbits
 360              		.align	1
 361              		.global	HAL_GetTickFreq
 362              		.syntax unified
 363              		.thumb
 364              		.thumb_func
 366              	HAL_GetTickFreq:
 367              		@ args = 0, pretend = 0, frame = 0
ARM GAS  C:\Users\phamt\AppData\Local\Temp\ccQRK6HP.s 			page 7


 368              		@ frame_needed = 1, uses_anonymous_args = 0
 369              		@ link register save eliminated.
 370 0000 80B4     		push	{r7}
 371 0002 00AF     		add	r7, sp, #0
 372 0004 034B     		ldr	r3, .L36
 373 0006 1B78     		ldrb	r3, [r3]	@ zero_extendqisi2
 374 0008 1846     		mov	r0, r3
 375 000a BD46     		mov	sp, r7
 376              		@ sp needed
 377 000c 5DF8047B 		ldr	r7, [sp], #4
 378 0010 7047     		bx	lr
 379              	.L37:
 380 0012 00BF     		.align	2
 381              	.L36:
 382 0014 00000000 		.word	uwTickFreq
 384              		.section	.text.HAL_Delay,"ax",%progbits
 385              		.align	1
 386              		.weak	HAL_Delay
 387              		.syntax unified
 388              		.thumb
 389              		.thumb_func
 391              	HAL_Delay:
 392              		@ args = 0, pretend = 0, frame = 16
 393              		@ frame_needed = 1, uses_anonymous_args = 0
 394 0000 80B5     		push	{r7, lr}
 395 0002 84B0     		sub	sp, sp, #16
 396 0004 00AF     		add	r7, sp, #0
 397 0006 7860     		str	r0, [r7, #4]
 398 0008 FFF7FEFF 		bl	HAL_GetTick
 399 000c B860     		str	r0, [r7, #8]
 400 000e 7B68     		ldr	r3, [r7, #4]
 401 0010 FB60     		str	r3, [r7, #12]
 402 0012 FB68     		ldr	r3, [r7, #12]
 403 0014 B3F1FF3F 		cmp	r3, #-1
 404 0018 05D0     		beq	.L41
 405 001a 0A4B     		ldr	r3, .L42
 406 001c 1B78     		ldrb	r3, [r3]	@ zero_extendqisi2
 407 001e 1A46     		mov	r2, r3
 408 0020 FB68     		ldr	r3, [r7, #12]
 409 0022 1344     		add	r3, r3, r2
 410 0024 FB60     		str	r3, [r7, #12]
 411              	.L41:
 412 0026 00BF     		nop
 413              	.L40:
 414 0028 FFF7FEFF 		bl	HAL_GetTick
 415 002c 0246     		mov	r2, r0
 416 002e BB68     		ldr	r3, [r7, #8]
 417 0030 D31A     		subs	r3, r2, r3
 418 0032 FA68     		ldr	r2, [r7, #12]
 419 0034 9A42     		cmp	r2, r3
 420 0036 F7D8     		bhi	.L40
 421 0038 00BF     		nop
 422 003a 00BF     		nop
 423 003c 1037     		adds	r7, r7, #16
 424 003e BD46     		mov	sp, r7
 425              		@ sp needed
 426 0040 80BD     		pop	{r7, pc}
ARM GAS  C:\Users\phamt\AppData\Local\Temp\ccQRK6HP.s 			page 8


 427              	.L43:
 428 0042 00BF     		.align	2
 429              	.L42:
 430 0044 00000000 		.word	uwTickFreq
 432              		.section	.text.HAL_SuspendTick,"ax",%progbits
 433              		.align	1
 434              		.weak	HAL_SuspendTick
 435              		.syntax unified
 436              		.thumb
 437              		.thumb_func
 439              	HAL_SuspendTick:
 440              		@ args = 0, pretend = 0, frame = 0
 441              		@ frame_needed = 1, uses_anonymous_args = 0
 442              		@ link register save eliminated.
 443 0000 80B4     		push	{r7}
 444 0002 00AF     		add	r7, sp, #0
 445 0004 054B     		ldr	r3, .L45
 446 0006 1B68     		ldr	r3, [r3]
 447 0008 044A     		ldr	r2, .L45
 448 000a 23F00203 		bic	r3, r3, #2
 449 000e 1360     		str	r3, [r2]
 450 0010 00BF     		nop
 451 0012 BD46     		mov	sp, r7
 452              		@ sp needed
 453 0014 5DF8047B 		ldr	r7, [sp], #4
 454 0018 7047     		bx	lr
 455              	.L46:
 456 001a 00BF     		.align	2
 457              	.L45:
 458 001c 10E000E0 		.word	-536813552
 460              		.section	.text.HAL_ResumeTick,"ax",%progbits
 461              		.align	1
 462              		.weak	HAL_ResumeTick
 463              		.syntax unified
 464              		.thumb
 465              		.thumb_func
 467              	HAL_ResumeTick:
 468              		@ args = 0, pretend = 0, frame = 0
 469              		@ frame_needed = 1, uses_anonymous_args = 0
 470              		@ link register save eliminated.
 471 0000 80B4     		push	{r7}
 472 0002 00AF     		add	r7, sp, #0
 473 0004 054B     		ldr	r3, .L48
 474 0006 1B68     		ldr	r3, [r3]
 475 0008 044A     		ldr	r2, .L48
 476 000a 43F00203 		orr	r3, r3, #2
 477 000e 1360     		str	r3, [r2]
 478 0010 00BF     		nop
 479 0012 BD46     		mov	sp, r7
 480              		@ sp needed
 481 0014 5DF8047B 		ldr	r7, [sp], #4
 482 0018 7047     		bx	lr
 483              	.L49:
 484 001a 00BF     		.align	2
 485              	.L48:
 486 001c 10E000E0 		.word	-536813552
 488              		.section	.text.HAL_GetHalVersion,"ax",%progbits
ARM GAS  C:\Users\phamt\AppData\Local\Temp\ccQRK6HP.s 			page 9


 489              		.align	1
 490              		.global	HAL_GetHalVersion
 491              		.syntax unified
 492              		.thumb
 493              		.thumb_func
 495              	HAL_GetHalVersion:
 496              		@ args = 0, pretend = 0, frame = 0
 497              		@ frame_needed = 1, uses_anonymous_args = 0
 498              		@ link register save eliminated.
 499 0000 80B4     		push	{r7}
 500 0002 00AF     		add	r7, sp, #0
 501 0004 024B     		ldr	r3, .L52
 502 0006 1846     		mov	r0, r3
 503 0008 BD46     		mov	sp, r7
 504              		@ sp needed
 505 000a 5DF8047B 		ldr	r7, [sp], #4
 506 000e 7047     		bx	lr
 507              	.L53:
 508              		.align	2
 509              	.L52:
 510 0010 00030801 		.word	17302272
 512              		.section	.text.HAL_GetREVID,"ax",%progbits
 513              		.align	1
 514              		.global	HAL_GetREVID
 515              		.syntax unified
 516              		.thumb
 517              		.thumb_func
 519              	HAL_GetREVID:
 520              		@ args = 0, pretend = 0, frame = 0
 521              		@ frame_needed = 1, uses_anonymous_args = 0
 522              		@ link register save eliminated.
 523 0000 80B4     		push	{r7}
 524 0002 00AF     		add	r7, sp, #0
 525 0004 034B     		ldr	r3, .L56
 526 0006 1B68     		ldr	r3, [r3]
 527 0008 1B0C     		lsrs	r3, r3, #16
 528 000a 1846     		mov	r0, r3
 529 000c BD46     		mov	sp, r7
 530              		@ sp needed
 531 000e 5DF8047B 		ldr	r7, [sp], #4
 532 0012 7047     		bx	lr
 533              	.L57:
 534              		.align	2
 535              	.L56:
 536 0014 002004E0 		.word	-536600576
 538              		.section	.text.HAL_GetDEVID,"ax",%progbits
 539              		.align	1
 540              		.global	HAL_GetDEVID
 541              		.syntax unified
 542              		.thumb
 543              		.thumb_func
 545              	HAL_GetDEVID:
 546              		@ args = 0, pretend = 0, frame = 0
 547              		@ frame_needed = 1, uses_anonymous_args = 0
 548              		@ link register save eliminated.
 549 0000 80B4     		push	{r7}
 550 0002 00AF     		add	r7, sp, #0
ARM GAS  C:\Users\phamt\AppData\Local\Temp\ccQRK6HP.s 			page 10


 551 0004 044B     		ldr	r3, .L60
 552 0006 1B68     		ldr	r3, [r3]
 553 0008 C3F30B03 		ubfx	r3, r3, #0, #12
 554 000c 1846     		mov	r0, r3
 555 000e BD46     		mov	sp, r7
 556              		@ sp needed
 557 0010 5DF8047B 		ldr	r7, [sp], #4
 558 0014 7047     		bx	lr
 559              	.L61:
 560 0016 00BF     		.align	2
 561              	.L60:
 562 0018 002004E0 		.word	-536600576
 564              		.section	.text.HAL_DBGMCU_EnableDBGSleepMode,"ax",%progbits
 565              		.align	1
 566              		.global	HAL_DBGMCU_EnableDBGSleepMode
 567              		.syntax unified
 568              		.thumb
 569              		.thumb_func
 571              	HAL_DBGMCU_EnableDBGSleepMode:
 572              		@ args = 0, pretend = 0, frame = 0
 573              		@ frame_needed = 1, uses_anonymous_args = 0
 574              		@ link register save eliminated.
 575 0000 80B4     		push	{r7}
 576 0002 00AF     		add	r7, sp, #0
 577 0004 054B     		ldr	r3, .L63
 578 0006 5B68     		ldr	r3, [r3, #4]
 579 0008 044A     		ldr	r2, .L63
 580 000a 43F00103 		orr	r3, r3, #1
 581 000e 5360     		str	r3, [r2, #4]
 582 0010 00BF     		nop
 583 0012 BD46     		mov	sp, r7
 584              		@ sp needed
 585 0014 5DF8047B 		ldr	r7, [sp], #4
 586 0018 7047     		bx	lr
 587              	.L64:
 588 001a 00BF     		.align	2
 589              	.L63:
 590 001c 002004E0 		.word	-536600576
 592              		.section	.text.HAL_DBGMCU_DisableDBGSleepMode,"ax",%progbits
 593              		.align	1
 594              		.global	HAL_DBGMCU_DisableDBGSleepMode
 595              		.syntax unified
 596              		.thumb
 597              		.thumb_func
 599              	HAL_DBGMCU_DisableDBGSleepMode:
 600              		@ args = 0, pretend = 0, frame = 0
 601              		@ frame_needed = 1, uses_anonymous_args = 0
 602              		@ link register save eliminated.
 603 0000 80B4     		push	{r7}
 604 0002 00AF     		add	r7, sp, #0
 605 0004 054B     		ldr	r3, .L66
 606 0006 5B68     		ldr	r3, [r3, #4]
 607 0008 044A     		ldr	r2, .L66
 608 000a 23F00103 		bic	r3, r3, #1
 609 000e 5360     		str	r3, [r2, #4]
 610 0010 00BF     		nop
 611 0012 BD46     		mov	sp, r7
ARM GAS  C:\Users\phamt\AppData\Local\Temp\ccQRK6HP.s 			page 11


 612              		@ sp needed
 613 0014 5DF8047B 		ldr	r7, [sp], #4
 614 0018 7047     		bx	lr
 615              	.L67:
 616 001a 00BF     		.align	2
 617              	.L66:
 618 001c 002004E0 		.word	-536600576
 620              		.section	.text.HAL_DBGMCU_EnableDBGStopMode,"ax",%progbits
 621              		.align	1
 622              		.global	HAL_DBGMCU_EnableDBGStopMode
 623              		.syntax unified
 624              		.thumb
 625              		.thumb_func
 627              	HAL_DBGMCU_EnableDBGStopMode:
 628              		@ args = 0, pretend = 0, frame = 0
 629              		@ frame_needed = 1, uses_anonymous_args = 0
 630              		@ link register save eliminated.
 631 0000 80B4     		push	{r7}
 632 0002 00AF     		add	r7, sp, #0
 633 0004 054B     		ldr	r3, .L69
 634 0006 5B68     		ldr	r3, [r3, #4]
 635 0008 044A     		ldr	r2, .L69
 636 000a 43F00203 		orr	r3, r3, #2
 637 000e 5360     		str	r3, [r2, #4]
 638 0010 00BF     		nop
 639 0012 BD46     		mov	sp, r7
 640              		@ sp needed
 641 0014 5DF8047B 		ldr	r7, [sp], #4
 642 0018 7047     		bx	lr
 643              	.L70:
 644 001a 00BF     		.align	2
 645              	.L69:
 646 001c 002004E0 		.word	-536600576
 648              		.section	.text.HAL_DBGMCU_DisableDBGStopMode,"ax",%progbits
 649              		.align	1
 650              		.global	HAL_DBGMCU_DisableDBGStopMode
 651              		.syntax unified
 652              		.thumb
 653              		.thumb_func
 655              	HAL_DBGMCU_DisableDBGStopMode:
 656              		@ args = 0, pretend = 0, frame = 0
 657              		@ frame_needed = 1, uses_anonymous_args = 0
 658              		@ link register save eliminated.
 659 0000 80B4     		push	{r7}
 660 0002 00AF     		add	r7, sp, #0
 661 0004 054B     		ldr	r3, .L72
 662 0006 5B68     		ldr	r3, [r3, #4]
 663 0008 044A     		ldr	r2, .L72
 664 000a 23F00203 		bic	r3, r3, #2
 665 000e 5360     		str	r3, [r2, #4]
 666 0010 00BF     		nop
 667 0012 BD46     		mov	sp, r7
 668              		@ sp needed
 669 0014 5DF8047B 		ldr	r7, [sp], #4
 670 0018 7047     		bx	lr
 671              	.L73:
 672 001a 00BF     		.align	2
ARM GAS  C:\Users\phamt\AppData\Local\Temp\ccQRK6HP.s 			page 12


 673              	.L72:
 674 001c 002004E0 		.word	-536600576
 676              		.section	.text.HAL_DBGMCU_EnableDBGStandbyMode,"ax",%progbits
 677              		.align	1
 678              		.global	HAL_DBGMCU_EnableDBGStandbyMode
 679              		.syntax unified
 680              		.thumb
 681              		.thumb_func
 683              	HAL_DBGMCU_EnableDBGStandbyMode:
 684              		@ args = 0, pretend = 0, frame = 0
 685              		@ frame_needed = 1, uses_anonymous_args = 0
 686              		@ link register save eliminated.
 687 0000 80B4     		push	{r7}
 688 0002 00AF     		add	r7, sp, #0
 689 0004 054B     		ldr	r3, .L75
 690 0006 5B68     		ldr	r3, [r3, #4]
 691 0008 044A     		ldr	r2, .L75
 692 000a 43F00403 		orr	r3, r3, #4
 693 000e 5360     		str	r3, [r2, #4]
 694 0010 00BF     		nop
 695 0012 BD46     		mov	sp, r7
 696              		@ sp needed
 697 0014 5DF8047B 		ldr	r7, [sp], #4
 698 0018 7047     		bx	lr
 699              	.L76:
 700 001a 00BF     		.align	2
 701              	.L75:
 702 001c 002004E0 		.word	-536600576
 704              		.section	.text.HAL_DBGMCU_DisableDBGStandbyMode,"ax",%progbits
 705              		.align	1
 706              		.global	HAL_DBGMCU_DisableDBGStandbyMode
 707              		.syntax unified
 708              		.thumb
 709              		.thumb_func
 711              	HAL_DBGMCU_DisableDBGStandbyMode:
 712              		@ args = 0, pretend = 0, frame = 0
 713              		@ frame_needed = 1, uses_anonymous_args = 0
 714              		@ link register save eliminated.
 715 0000 80B4     		push	{r7}
 716 0002 00AF     		add	r7, sp, #0
 717 0004 054B     		ldr	r3, .L78
 718 0006 5B68     		ldr	r3, [r3, #4]
 719 0008 044A     		ldr	r2, .L78
 720 000a 23F00403 		bic	r3, r3, #4
 721 000e 5360     		str	r3, [r2, #4]
 722 0010 00BF     		nop
 723 0012 BD46     		mov	sp, r7
 724              		@ sp needed
 725 0014 5DF8047B 		ldr	r7, [sp], #4
 726 0018 7047     		bx	lr
 727              	.L79:
 728 001a 00BF     		.align	2
 729              	.L78:
 730 001c 002004E0 		.word	-536600576
 732              		.section	.text.HAL_EnableCompensationCell,"ax",%progbits
 733              		.align	1
 734              		.global	HAL_EnableCompensationCell
ARM GAS  C:\Users\phamt\AppData\Local\Temp\ccQRK6HP.s 			page 13


 735              		.syntax unified
 736              		.thumb
 737              		.thumb_func
 739              	HAL_EnableCompensationCell:
 740              		@ args = 0, pretend = 0, frame = 0
 741              		@ frame_needed = 1, uses_anonymous_args = 0
 742              		@ link register save eliminated.
 743 0000 80B4     		push	{r7}
 744 0002 00AF     		add	r7, sp, #0
 745 0004 034B     		ldr	r3, .L81
 746 0006 0122     		movs	r2, #1
 747 0008 1A60     		str	r2, [r3]
 748 000a 00BF     		nop
 749 000c BD46     		mov	sp, r7
 750              		@ sp needed
 751 000e 5DF8047B 		ldr	r7, [sp], #4
 752 0012 7047     		bx	lr
 753              	.L82:
 754              		.align	2
 755              	.L81:
 756 0014 00042742 		.word	1109853184
 758              		.section	.text.HAL_DisableCompensationCell,"ax",%progbits
 759              		.align	1
 760              		.global	HAL_DisableCompensationCell
 761              		.syntax unified
 762              		.thumb
 763              		.thumb_func
 765              	HAL_DisableCompensationCell:
 766              		@ args = 0, pretend = 0, frame = 0
 767              		@ frame_needed = 1, uses_anonymous_args = 0
 768              		@ link register save eliminated.
 769 0000 80B4     		push	{r7}
 770 0002 00AF     		add	r7, sp, #0
 771 0004 034B     		ldr	r3, .L84
 772 0006 0022     		movs	r2, #0
 773 0008 1A60     		str	r2, [r3]
 774 000a 00BF     		nop
 775 000c BD46     		mov	sp, r7
 776              		@ sp needed
 777 000e 5DF8047B 		ldr	r7, [sp], #4
 778 0012 7047     		bx	lr
 779              	.L85:
 780              		.align	2
 781              	.L84:
 782 0014 00042742 		.word	1109853184
 784              		.section	.text.HAL_GetUIDw0,"ax",%progbits
 785              		.align	1
 786              		.global	HAL_GetUIDw0
 787              		.syntax unified
 788              		.thumb
 789              		.thumb_func
 791              	HAL_GetUIDw0:
 792              		@ args = 0, pretend = 0, frame = 0
 793              		@ frame_needed = 1, uses_anonymous_args = 0
 794              		@ link register save eliminated.
 795 0000 80B4     		push	{r7}
 796 0002 00AF     		add	r7, sp, #0
ARM GAS  C:\Users\phamt\AppData\Local\Temp\ccQRK6HP.s 			page 14


 797 0004 034B     		ldr	r3, .L88
 798 0006 1B68     		ldr	r3, [r3]
 799 0008 1846     		mov	r0, r3
 800 000a BD46     		mov	sp, r7
 801              		@ sp needed
 802 000c 5DF8047B 		ldr	r7, [sp], #4
 803 0010 7047     		bx	lr
 804              	.L89:
 805 0012 00BF     		.align	2
 806              	.L88:
 807 0014 107AFF1F 		.word	536836624
 809              		.section	.text.HAL_GetUIDw1,"ax",%progbits
 810              		.align	1
 811              		.global	HAL_GetUIDw1
 812              		.syntax unified
 813              		.thumb
 814              		.thumb_func
 816              	HAL_GetUIDw1:
 817              		@ args = 0, pretend = 0, frame = 0
 818              		@ frame_needed = 1, uses_anonymous_args = 0
 819              		@ link register save eliminated.
 820 0000 80B4     		push	{r7}
 821 0002 00AF     		add	r7, sp, #0
 822 0004 034B     		ldr	r3, .L92
 823 0006 1B68     		ldr	r3, [r3]
 824 0008 1846     		mov	r0, r3
 825 000a BD46     		mov	sp, r7
 826              		@ sp needed
 827 000c 5DF8047B 		ldr	r7, [sp], #4
 828 0010 7047     		bx	lr
 829              	.L93:
 830 0012 00BF     		.align	2
 831              	.L92:
 832 0014 147AFF1F 		.word	536836628
 834              		.section	.text.HAL_GetUIDw2,"ax",%progbits
 835              		.align	1
 836              		.global	HAL_GetUIDw2
 837              		.syntax unified
 838              		.thumb
 839              		.thumb_func
 841              	HAL_GetUIDw2:
 842              		@ args = 0, pretend = 0, frame = 0
 843              		@ frame_needed = 1, uses_anonymous_args = 0
 844              		@ link register save eliminated.
 845 0000 80B4     		push	{r7}
 846 0002 00AF     		add	r7, sp, #0
 847 0004 034B     		ldr	r3, .L96
 848 0006 1B68     		ldr	r3, [r3]
 849 0008 1846     		mov	r0, r3
 850 000a BD46     		mov	sp, r7
 851              		@ sp needed
 852 000c 5DF8047B 		ldr	r7, [sp], #4
 853 0010 7047     		bx	lr
 854              	.L97:
 855 0012 00BF     		.align	2
 856              	.L96:
 857 0014 187AFF1F 		.word	536836632
ARM GAS  C:\Users\phamt\AppData\Local\Temp\ccQRK6HP.s 			page 15


 859              		.ident	"GCC: (GNU Arm Embedded Toolchain 10.3-2021.10) 10.3.1 20210824 (release)"
ARM GAS  C:\Users\phamt\AppData\Local\Temp\ccQRK6HP.s 			page 16


DEFINED SYMBOLS
                            *ABS*:00000000 stm32f4xx_hal.c
C:\Users\phamt\AppData\Local\Temp\ccQRK6HP.s:22     .bss.uwTick:00000000 uwTick
C:\Users\phamt\AppData\Local\Temp\ccQRK6HP.s:19     .bss.uwTick:00000000 $d
C:\Users\phamt\AppData\Local\Temp\ccQRK6HP.s:29     .data.uwTickPrio:00000000 uwTickPrio
C:\Users\phamt\AppData\Local\Temp\ccQRK6HP.s:26     .data.uwTickPrio:00000000 $d
C:\Users\phamt\AppData\Local\Temp\ccQRK6HP.s:35     .data.uwTickFreq:00000000 uwTickFreq
C:\Users\phamt\AppData\Local\Temp\ccQRK6HP.s:38     .text.HAL_Init:00000000 $t
C:\Users\phamt\AppData\Local\Temp\ccQRK6HP.s:44     .text.HAL_Init:00000000 HAL_Init
C:\Users\phamt\AppData\Local\Temp\ccQRK6HP.s:136    .text.HAL_MspInit:00000000 HAL_MspInit
C:\Users\phamt\AppData\Local\Temp\ccQRK6HP.s:73     .text.HAL_Init:00000038 $d
C:\Users\phamt\AppData\Local\Temp\ccQRK6HP.s:76     .text.HAL_DeInit:00000000 $t
C:\Users\phamt\AppData\Local\Temp\ccQRK6HP.s:82     .text.HAL_DeInit:00000000 HAL_DeInit
C:\Users\phamt\AppData\Local\Temp\ccQRK6HP.s:155    .text.HAL_MspDeInit:00000000 HAL_MspDeInit
C:\Users\phamt\AppData\Local\Temp\ccQRK6HP.s:124    .text.HAL_DeInit:0000004c $d
C:\Users\phamt\AppData\Local\Temp\ccQRK6HP.s:130    .text.HAL_MspInit:00000000 $t
C:\Users\phamt\AppData\Local\Temp\ccQRK6HP.s:149    .text.HAL_MspDeInit:00000000 $t
C:\Users\phamt\AppData\Local\Temp\ccQRK6HP.s:168    .text.HAL_InitTick:00000000 $t
C:\Users\phamt\AppData\Local\Temp\ccQRK6HP.s:174    .text.HAL_InitTick:00000000 HAL_InitTick
C:\Users\phamt\AppData\Local\Temp\ccQRK6HP.s:220    .text.HAL_InitTick:00000054 $d
C:\Users\phamt\AppData\Local\Temp\ccQRK6HP.s:225    .text.HAL_IncTick:00000000 $t
C:\Users\phamt\AppData\Local\Temp\ccQRK6HP.s:231    .text.HAL_IncTick:00000000 HAL_IncTick
C:\Users\phamt\AppData\Local\Temp\ccQRK6HP.s:253    .text.HAL_IncTick:00000020 $d
C:\Users\phamt\AppData\Local\Temp\ccQRK6HP.s:257    .text.HAL_GetTick:00000000 $t
C:\Users\phamt\AppData\Local\Temp\ccQRK6HP.s:263    .text.HAL_GetTick:00000000 HAL_GetTick
C:\Users\phamt\AppData\Local\Temp\ccQRK6HP.s:279    .text.HAL_GetTick:00000014 $d
C:\Users\phamt\AppData\Local\Temp\ccQRK6HP.s:282    .text.HAL_GetTickPrio:00000000 $t
C:\Users\phamt\AppData\Local\Temp\ccQRK6HP.s:288    .text.HAL_GetTickPrio:00000000 HAL_GetTickPrio
C:\Users\phamt\AppData\Local\Temp\ccQRK6HP.s:304    .text.HAL_GetTickPrio:00000014 $d
C:\Users\phamt\AppData\Local\Temp\ccQRK6HP.s:307    .text.HAL_SetTickFreq:00000000 $t
C:\Users\phamt\AppData\Local\Temp\ccQRK6HP.s:313    .text.HAL_SetTickFreq:00000000 HAL_SetTickFreq
C:\Users\phamt\AppData\Local\Temp\ccQRK6HP.s:356    .text.HAL_SetTickFreq:00000048 $d
C:\Users\phamt\AppData\Local\Temp\ccQRK6HP.s:360    .text.HAL_GetTickFreq:00000000 $t
C:\Users\phamt\AppData\Local\Temp\ccQRK6HP.s:366    .text.HAL_GetTickFreq:00000000 HAL_GetTickFreq
C:\Users\phamt\AppData\Local\Temp\ccQRK6HP.s:382    .text.HAL_GetTickFreq:00000014 $d
C:\Users\phamt\AppData\Local\Temp\ccQRK6HP.s:385    .text.HAL_Delay:00000000 $t
C:\Users\phamt\AppData\Local\Temp\ccQRK6HP.s:391    .text.HAL_Delay:00000000 HAL_Delay
C:\Users\phamt\AppData\Local\Temp\ccQRK6HP.s:430    .text.HAL_Delay:00000044 $d
C:\Users\phamt\AppData\Local\Temp\ccQRK6HP.s:433    .text.HAL_SuspendTick:00000000 $t
C:\Users\phamt\AppData\Local\Temp\ccQRK6HP.s:439    .text.HAL_SuspendTick:00000000 HAL_SuspendTick
C:\Users\phamt\AppData\Local\Temp\ccQRK6HP.s:458    .text.HAL_SuspendTick:0000001c $d
C:\Users\phamt\AppData\Local\Temp\ccQRK6HP.s:461    .text.HAL_ResumeTick:00000000 $t
C:\Users\phamt\AppData\Local\Temp\ccQRK6HP.s:467    .text.HAL_ResumeTick:00000000 HAL_ResumeTick
C:\Users\phamt\AppData\Local\Temp\ccQRK6HP.s:486    .text.HAL_ResumeTick:0000001c $d
C:\Users\phamt\AppData\Local\Temp\ccQRK6HP.s:489    .text.HAL_GetHalVersion:00000000 $t
C:\Users\phamt\AppData\Local\Temp\ccQRK6HP.s:495    .text.HAL_GetHalVersion:00000000 HAL_GetHalVersion
C:\Users\phamt\AppData\Local\Temp\ccQRK6HP.s:510    .text.HAL_GetHalVersion:00000010 $d
C:\Users\phamt\AppData\Local\Temp\ccQRK6HP.s:513    .text.HAL_GetREVID:00000000 $t
C:\Users\phamt\AppData\Local\Temp\ccQRK6HP.s:519    .text.HAL_GetREVID:00000000 HAL_GetREVID
C:\Users\phamt\AppData\Local\Temp\ccQRK6HP.s:536    .text.HAL_GetREVID:00000014 $d
C:\Users\phamt\AppData\Local\Temp\ccQRK6HP.s:539    .text.HAL_GetDEVID:00000000 $t
C:\Users\phamt\AppData\Local\Temp\ccQRK6HP.s:545    .text.HAL_GetDEVID:00000000 HAL_GetDEVID
C:\Users\phamt\AppData\Local\Temp\ccQRK6HP.s:562    .text.HAL_GetDEVID:00000018 $d
C:\Users\phamt\AppData\Local\Temp\ccQRK6HP.s:565    .text.HAL_DBGMCU_EnableDBGSleepMode:00000000 $t
C:\Users\phamt\AppData\Local\Temp\ccQRK6HP.s:571    .text.HAL_DBGMCU_EnableDBGSleepMode:00000000 HAL_DBGMCU_EnableDBGSleepMode
C:\Users\phamt\AppData\Local\Temp\ccQRK6HP.s:590    .text.HAL_DBGMCU_EnableDBGSleepMode:0000001c $d
C:\Users\phamt\AppData\Local\Temp\ccQRK6HP.s:593    .text.HAL_DBGMCU_DisableDBGSleepMode:00000000 $t
ARM GAS  C:\Users\phamt\AppData\Local\Temp\ccQRK6HP.s 			page 17


C:\Users\phamt\AppData\Local\Temp\ccQRK6HP.s:599    .text.HAL_DBGMCU_DisableDBGSleepMode:00000000 HAL_DBGMCU_DisableDBGSleepMode
C:\Users\phamt\AppData\Local\Temp\ccQRK6HP.s:618    .text.HAL_DBGMCU_DisableDBGSleepMode:0000001c $d
C:\Users\phamt\AppData\Local\Temp\ccQRK6HP.s:621    .text.HAL_DBGMCU_EnableDBGStopMode:00000000 $t
C:\Users\phamt\AppData\Local\Temp\ccQRK6HP.s:627    .text.HAL_DBGMCU_EnableDBGStopMode:00000000 HAL_DBGMCU_EnableDBGStopMode
C:\Users\phamt\AppData\Local\Temp\ccQRK6HP.s:646    .text.HAL_DBGMCU_EnableDBGStopMode:0000001c $d
C:\Users\phamt\AppData\Local\Temp\ccQRK6HP.s:649    .text.HAL_DBGMCU_DisableDBGStopMode:00000000 $t
C:\Users\phamt\AppData\Local\Temp\ccQRK6HP.s:655    .text.HAL_DBGMCU_DisableDBGStopMode:00000000 HAL_DBGMCU_DisableDBGStopMode
C:\Users\phamt\AppData\Local\Temp\ccQRK6HP.s:674    .text.HAL_DBGMCU_DisableDBGStopMode:0000001c $d
C:\Users\phamt\AppData\Local\Temp\ccQRK6HP.s:677    .text.HAL_DBGMCU_EnableDBGStandbyMode:00000000 $t
C:\Users\phamt\AppData\Local\Temp\ccQRK6HP.s:683    .text.HAL_DBGMCU_EnableDBGStandbyMode:00000000 HAL_DBGMCU_EnableDBGStandbyMode
C:\Users\phamt\AppData\Local\Temp\ccQRK6HP.s:702    .text.HAL_DBGMCU_EnableDBGStandbyMode:0000001c $d
C:\Users\phamt\AppData\Local\Temp\ccQRK6HP.s:705    .text.HAL_DBGMCU_DisableDBGStandbyMode:00000000 $t
C:\Users\phamt\AppData\Local\Temp\ccQRK6HP.s:711    .text.HAL_DBGMCU_DisableDBGStandbyMode:00000000 HAL_DBGMCU_DisableDBGStandbyMode
C:\Users\phamt\AppData\Local\Temp\ccQRK6HP.s:730    .text.HAL_DBGMCU_DisableDBGStandbyMode:0000001c $d
C:\Users\phamt\AppData\Local\Temp\ccQRK6HP.s:733    .text.HAL_EnableCompensationCell:00000000 $t
C:\Users\phamt\AppData\Local\Temp\ccQRK6HP.s:739    .text.HAL_EnableCompensationCell:00000000 HAL_EnableCompensationCell
C:\Users\phamt\AppData\Local\Temp\ccQRK6HP.s:756    .text.HAL_EnableCompensationCell:00000014 $d
C:\Users\phamt\AppData\Local\Temp\ccQRK6HP.s:759    .text.HAL_DisableCompensationCell:00000000 $t
C:\Users\phamt\AppData\Local\Temp\ccQRK6HP.s:765    .text.HAL_DisableCompensationCell:00000000 HAL_DisableCompensationCell
C:\Users\phamt\AppData\Local\Temp\ccQRK6HP.s:782    .text.HAL_DisableCompensationCell:00000014 $d
C:\Users\phamt\AppData\Local\Temp\ccQRK6HP.s:785    .text.HAL_GetUIDw0:00000000 $t
C:\Users\phamt\AppData\Local\Temp\ccQRK6HP.s:791    .text.HAL_GetUIDw0:00000000 HAL_GetUIDw0
C:\Users\phamt\AppData\Local\Temp\ccQRK6HP.s:807    .text.HAL_GetUIDw0:00000014 $d
C:\Users\phamt\AppData\Local\Temp\ccQRK6HP.s:810    .text.HAL_GetUIDw1:00000000 $t
C:\Users\phamt\AppData\Local\Temp\ccQRK6HP.s:816    .text.HAL_GetUIDw1:00000000 HAL_GetUIDw1
C:\Users\phamt\AppData\Local\Temp\ccQRK6HP.s:832    .text.HAL_GetUIDw1:00000014 $d
C:\Users\phamt\AppData\Local\Temp\ccQRK6HP.s:835    .text.HAL_GetUIDw2:00000000 $t
C:\Users\phamt\AppData\Local\Temp\ccQRK6HP.s:841    .text.HAL_GetUIDw2:00000000 HAL_GetUIDw2
C:\Users\phamt\AppData\Local\Temp\ccQRK6HP.s:857    .text.HAL_GetUIDw2:00000014 $d

UNDEFINED SYMBOLS
HAL_NVIC_SetPriorityGrouping
HAL_SYSTICK_Config
HAL_NVIC_SetPriority
SystemCoreClock
