ARM GAS  C:\Users\phamt\AppData\Local\Temp\ccNVGJqB.s 			page 1


   1              		.cpu cortex-m4
   2              		.arch armv7e-m
   3              		.fpu fpv4-sp-d16
   4              		.eabi_attribute 27, 1
   5              		.eabi_attribute 28, 1
   6              		.eabi_attribute 20, 1
   7              		.eabi_attribute 21, 1
   8              		.eabi_attribute 23, 3
   9              		.eabi_attribute 24, 1
  10              		.eabi_attribute 25, 1
  11              		.eabi_attribute 26, 1
  12              		.eabi_attribute 30, 6
  13              		.eabi_attribute 34, 1
  14              		.eabi_attribute 18, 4
  15              		.file	"sys_clock.c"
  16              		.text
  17              		.section	.text.__NVIC_SetPriorityGrouping,"ax",%progbits
  18              		.align	1
  19              		.syntax unified
  20              		.thumb
  21              		.thumb_func
  23              	__NVIC_SetPriorityGrouping:
  24              		@ args = 0, pretend = 0, frame = 16
  25              		@ frame_needed = 1, uses_anonymous_args = 0
  26              		@ link register save eliminated.
  27 0000 80B4     		push	{r7}
  28 0002 85B0     		sub	sp, sp, #20
  29 0004 00AF     		add	r7, sp, #0
  30 0006 7860     		str	r0, [r7, #4]
  31 0008 7B68     		ldr	r3, [r7, #4]
  32 000a 03F00703 		and	r3, r3, #7
  33 000e FB60     		str	r3, [r7, #12]
  34 0010 0C4B     		ldr	r3, .L2
  35 0012 DB68     		ldr	r3, [r3, #12]
  36 0014 BB60     		str	r3, [r7, #8]
  37 0016 BA68     		ldr	r2, [r7, #8]
  38 0018 4FF6FF03 		movw	r3, #63743
  39 001c 1340     		ands	r3, r3, r2
  40 001e BB60     		str	r3, [r7, #8]
  41 0020 FB68     		ldr	r3, [r7, #12]
  42 0022 1A02     		lsls	r2, r3, #8
  43 0024 BB68     		ldr	r3, [r7, #8]
  44 0026 1343     		orrs	r3, r3, r2
  45 0028 43F0BF63 		orr	r3, r3, #100139008
  46 002c 43F40033 		orr	r3, r3, #131072
  47 0030 BB60     		str	r3, [r7, #8]
  48 0032 044A     		ldr	r2, .L2
  49 0034 BB68     		ldr	r3, [r7, #8]
  50 0036 D360     		str	r3, [r2, #12]
  51 0038 00BF     		nop
  52 003a 1437     		adds	r7, r7, #20
  53 003c BD46     		mov	sp, r7
  54              		@ sp needed
  55 003e 5DF8047B 		ldr	r7, [sp], #4
  56 0042 7047     		bx	lr
  57              	.L3:
  58              		.align	2
ARM GAS  C:\Users\phamt\AppData\Local\Temp\ccNVGJqB.s 			page 2


  59              	.L2:
  60 0044 00ED00E0 		.word	-536810240
  62              		.section	.text.__NVIC_GetPriorityGrouping,"ax",%progbits
  63              		.align	1
  64              		.syntax unified
  65              		.thumb
  66              		.thumb_func
  68              	__NVIC_GetPriorityGrouping:
  69              		@ args = 0, pretend = 0, frame = 0
  70              		@ frame_needed = 1, uses_anonymous_args = 0
  71              		@ link register save eliminated.
  72 0000 80B4     		push	{r7}
  73 0002 00AF     		add	r7, sp, #0
  74 0004 044B     		ldr	r3, .L6
  75 0006 DB68     		ldr	r3, [r3, #12]
  76 0008 1B0A     		lsrs	r3, r3, #8
  77 000a 03F00703 		and	r3, r3, #7
  78 000e 1846     		mov	r0, r3
  79 0010 BD46     		mov	sp, r7
  80              		@ sp needed
  81 0012 5DF8047B 		ldr	r7, [sp], #4
  82 0016 7047     		bx	lr
  83              	.L7:
  84              		.align	2
  85              	.L6:
  86 0018 00ED00E0 		.word	-536810240
  88              		.section	.text.__NVIC_EnableIRQ,"ax",%progbits
  89              		.align	1
  90              		.syntax unified
  91              		.thumb
  92              		.thumb_func
  94              	__NVIC_EnableIRQ:
  95              		@ args = 0, pretend = 0, frame = 8
  96              		@ frame_needed = 1, uses_anonymous_args = 0
  97              		@ link register save eliminated.
  98 0000 80B4     		push	{r7}
  99 0002 83B0     		sub	sp, sp, #12
 100 0004 00AF     		add	r7, sp, #0
 101 0006 0346     		mov	r3, r0
 102 0008 FB71     		strb	r3, [r7, #7]
 103 000a 97F90730 		ldrsb	r3, [r7, #7]
 104 000e 002B     		cmp	r3, #0
 105 0010 0BDB     		blt	.L10
 106 0012 FB79     		ldrb	r3, [r7, #7]	@ zero_extendqisi2
 107 0014 03F01F02 		and	r2, r3, #31
 108 0018 0749     		ldr	r1, .L11
 109 001a 97F90730 		ldrsb	r3, [r7, #7]
 110 001e 5B09     		lsrs	r3, r3, #5
 111 0020 0120     		movs	r0, #1
 112 0022 00FA02F2 		lsl	r2, r0, r2
 113 0026 41F82320 		str	r2, [r1, r3, lsl #2]
 114              	.L10:
 115 002a 00BF     		nop
 116 002c 0C37     		adds	r7, r7, #12
 117 002e BD46     		mov	sp, r7
 118              		@ sp needed
 119 0030 5DF8047B 		ldr	r7, [sp], #4
ARM GAS  C:\Users\phamt\AppData\Local\Temp\ccNVGJqB.s 			page 3


 120 0034 7047     		bx	lr
 121              	.L12:
 122 0036 00BF     		.align	2
 123              	.L11:
 124 0038 00E100E0 		.word	-536813312
 126              		.section	.text.__NVIC_SetPriority,"ax",%progbits
 127              		.align	1
 128              		.syntax unified
 129              		.thumb
 130              		.thumb_func
 132              	__NVIC_SetPriority:
 133              		@ args = 0, pretend = 0, frame = 8
 134              		@ frame_needed = 1, uses_anonymous_args = 0
 135              		@ link register save eliminated.
 136 0000 80B4     		push	{r7}
 137 0002 83B0     		sub	sp, sp, #12
 138 0004 00AF     		add	r7, sp, #0
 139 0006 0346     		mov	r3, r0
 140 0008 3960     		str	r1, [r7]
 141 000a FB71     		strb	r3, [r7, #7]
 142 000c 97F90730 		ldrsb	r3, [r7, #7]
 143 0010 002B     		cmp	r3, #0
 144 0012 0ADB     		blt	.L14
 145 0014 3B68     		ldr	r3, [r7]
 146 0016 DAB2     		uxtb	r2, r3
 147 0018 0C49     		ldr	r1, .L17
 148 001a 97F90730 		ldrsb	r3, [r7, #7]
 149 001e 1201     		lsls	r2, r2, #4
 150 0020 D2B2     		uxtb	r2, r2
 151 0022 0B44     		add	r3, r3, r1
 152 0024 83F80023 		strb	r2, [r3, #768]
 153 0028 0AE0     		b	.L16
 154              	.L14:
 155 002a 3B68     		ldr	r3, [r7]
 156 002c DAB2     		uxtb	r2, r3
 157 002e 0849     		ldr	r1, .L17+4
 158 0030 FB79     		ldrb	r3, [r7, #7]	@ zero_extendqisi2
 159 0032 03F00F03 		and	r3, r3, #15
 160 0036 043B     		subs	r3, r3, #4
 161 0038 1201     		lsls	r2, r2, #4
 162 003a D2B2     		uxtb	r2, r2
 163 003c 0B44     		add	r3, r3, r1
 164 003e 1A76     		strb	r2, [r3, #24]
 165              	.L16:
 166 0040 00BF     		nop
 167 0042 0C37     		adds	r7, r7, #12
 168 0044 BD46     		mov	sp, r7
 169              		@ sp needed
 170 0046 5DF8047B 		ldr	r7, [sp], #4
 171 004a 7047     		bx	lr
 172              	.L18:
 173              		.align	2
 174              	.L17:
 175 004c 00E100E0 		.word	-536813312
 176 0050 00ED00E0 		.word	-536810240
 178              		.section	.text.NVIC_EncodePriority,"ax",%progbits
 179              		.align	1
ARM GAS  C:\Users\phamt\AppData\Local\Temp\ccNVGJqB.s 			page 4


 180              		.syntax unified
 181              		.thumb
 182              		.thumb_func
 184              	NVIC_EncodePriority:
 185              		@ args = 0, pretend = 0, frame = 32
 186              		@ frame_needed = 1, uses_anonymous_args = 0
 187              		@ link register save eliminated.
 188 0000 80B4     		push	{r7}
 189 0002 89B0     		sub	sp, sp, #36
 190 0004 00AF     		add	r7, sp, #0
 191 0006 F860     		str	r0, [r7, #12]
 192 0008 B960     		str	r1, [r7, #8]
 193 000a 7A60     		str	r2, [r7, #4]
 194 000c FB68     		ldr	r3, [r7, #12]
 195 000e 03F00703 		and	r3, r3, #7
 196 0012 FB61     		str	r3, [r7, #28]
 197 0014 FB69     		ldr	r3, [r7, #28]
 198 0016 C3F10703 		rsb	r3, r3, #7
 199 001a 042B     		cmp	r3, #4
 200 001c 28BF     		it	cs
 201 001e 0423     		movcs	r3, #4
 202 0020 BB61     		str	r3, [r7, #24]
 203 0022 FB69     		ldr	r3, [r7, #28]
 204 0024 0433     		adds	r3, r3, #4
 205 0026 062B     		cmp	r3, #6
 206 0028 02D9     		bls	.L20
 207 002a FB69     		ldr	r3, [r7, #28]
 208 002c 033B     		subs	r3, r3, #3
 209 002e 00E0     		b	.L21
 210              	.L20:
 211 0030 0023     		movs	r3, #0
 212              	.L21:
 213 0032 7B61     		str	r3, [r7, #20]
 214 0034 4FF0FF32 		mov	r2, #-1
 215 0038 BB69     		ldr	r3, [r7, #24]
 216 003a 02FA03F3 		lsl	r3, r2, r3
 217 003e DA43     		mvns	r2, r3
 218 0040 BB68     		ldr	r3, [r7, #8]
 219 0042 1A40     		ands	r2, r2, r3
 220 0044 7B69     		ldr	r3, [r7, #20]
 221 0046 9A40     		lsls	r2, r2, r3
 222 0048 4FF0FF31 		mov	r1, #-1
 223 004c 7B69     		ldr	r3, [r7, #20]
 224 004e 01FA03F3 		lsl	r3, r1, r3
 225 0052 D943     		mvns	r1, r3
 226 0054 7B68     		ldr	r3, [r7, #4]
 227 0056 0B40     		ands	r3, r3, r1
 228 0058 1343     		orrs	r3, r3, r2
 229 005a 1846     		mov	r0, r3
 230 005c 2437     		adds	r7, r7, #36
 231 005e BD46     		mov	sp, r7
 232              		@ sp needed
 233 0060 5DF8047B 		ldr	r7, [sp], #4
 234 0064 7047     		bx	lr
 236              		.section	.text.SysTick_Config,"ax",%progbits
 237              		.align	1
 238              		.syntax unified
ARM GAS  C:\Users\phamt\AppData\Local\Temp\ccNVGJqB.s 			page 5


 239              		.thumb
 240              		.thumb_func
 242              	SysTick_Config:
 243              		@ args = 0, pretend = 0, frame = 8
 244              		@ frame_needed = 1, uses_anonymous_args = 0
 245 0000 80B5     		push	{r7, lr}
 246 0002 82B0     		sub	sp, sp, #8
 247 0004 00AF     		add	r7, sp, #0
 248 0006 7860     		str	r0, [r7, #4]
 249 0008 7B68     		ldr	r3, [r7, #4]
 250 000a 013B     		subs	r3, r3, #1
 251 000c B3F1807F 		cmp	r3, #16777216
 252 0010 01D3     		bcc	.L24
 253 0012 0123     		movs	r3, #1
 254 0014 0FE0     		b	.L25
 255              	.L24:
 256 0016 0A4A     		ldr	r2, .L26
 257 0018 7B68     		ldr	r3, [r7, #4]
 258 001a 013B     		subs	r3, r3, #1
 259 001c 5360     		str	r3, [r2, #4]
 260 001e 0F21     		movs	r1, #15
 261 0020 4FF0FF30 		mov	r0, #-1
 262 0024 FFF7FEFF 		bl	__NVIC_SetPriority
 263 0028 054B     		ldr	r3, .L26
 264 002a 0022     		movs	r2, #0
 265 002c 9A60     		str	r2, [r3, #8]
 266 002e 044B     		ldr	r3, .L26
 267 0030 0722     		movs	r2, #7
 268 0032 1A60     		str	r2, [r3]
 269 0034 0023     		movs	r3, #0
 270              	.L25:
 271 0036 1846     		mov	r0, r3
 272 0038 0837     		adds	r7, r7, #8
 273 003a BD46     		mov	sp, r7
 274              		@ sp needed
 275 003c 80BD     		pop	{r7, pc}
 276              	.L27:
 277 003e 00BF     		.align	2
 278              	.L26:
 279 0040 10E000E0 		.word	-536813552
 281              		.global	Count_Tick
 282              		.section	.bss.Count_Tick,"aw",%nobits
 283              		.align	2
 286              	Count_Tick:
 287 0000 00000000 		.space	4
 288              		.section	.text.SystemClock_Config,"ax",%progbits
 289              		.align	1
 290              		.global	SystemClock_Config
 291              		.syntax unified
 292              		.thumb
 293              		.thumb_func
 295              	SystemClock_Config:
 296              		@ args = 0, pretend = 0, frame = 0
 297              		@ frame_needed = 1, uses_anonymous_args = 0
 298 0000 80B5     		push	{r7, lr}
 299 0002 00AF     		add	r7, sp, #0
 300 0004 3E4B     		ldr	r3, .L32
ARM GAS  C:\Users\phamt\AppData\Local\Temp\ccNVGJqB.s 			page 6


 301 0006 1B68     		ldr	r3, [r3]
 302 0008 3D4A     		ldr	r2, .L32
 303 000a 43F40073 		orr	r3, r3, #512
 304 000e 1360     		str	r3, [r2]
 305 0010 3B4B     		ldr	r3, .L32
 306 0012 1B68     		ldr	r3, [r3]
 307 0014 3A4A     		ldr	r2, .L32
 308 0016 43F48063 		orr	r3, r3, #1024
 309 001a 1360     		str	r3, [r2]
 310 001c 384B     		ldr	r3, .L32
 311 001e 1B68     		ldr	r3, [r3]
 312 0020 374A     		ldr	r2, .L32
 313 0022 43F48073 		orr	r3, r3, #256
 314 0026 1360     		str	r3, [r2]
 315 0028 0320     		movs	r0, #3
 316 002a FFF7FEFF 		bl	__NVIC_SetPriorityGrouping
 317 002e 354B     		ldr	r3, .L32+4
 318 0030 5B6C     		ldr	r3, [r3, #68]
 319 0032 344A     		ldr	r2, .L32+4
 320 0034 43F48043 		orr	r3, r3, #16384
 321 0038 5364     		str	r3, [r2, #68]
 322 003a 324B     		ldr	r3, .L32+4
 323 003c 1B6C     		ldr	r3, [r3, #64]
 324 003e 314A     		ldr	r2, .L32+4
 325 0040 43F08053 		orr	r3, r3, #268435456
 326 0044 1364     		str	r3, [r2, #64]
 327 0046 304B     		ldr	r3, .L32+8
 328 0048 1B68     		ldr	r3, [r3]
 329 004a 2F4A     		ldr	r2, .L32+8
 330 004c 43F48043 		orr	r3, r3, #16384
 331 0050 1360     		str	r3, [r2]
 332 0052 2C4B     		ldr	r3, .L32+4
 333 0054 1B68     		ldr	r3, [r3]
 334 0056 2B4A     		ldr	r2, .L32+4
 335 0058 43F48033 		orr	r3, r3, #65536
 336 005c 1360     		str	r3, [r2]
 337 005e 00BF     		nop
 338              	.L29:
 339 0060 284B     		ldr	r3, .L32+4
 340 0062 1B68     		ldr	r3, [r3]
 341 0064 03F40033 		and	r3, r3, #131072
 342 0068 002B     		cmp	r3, #0
 343 006a F9D0     		beq	.L29
 344 006c 254B     		ldr	r3, .L32+4
 345 006e 1B68     		ldr	r3, [r3]
 346 0070 244A     		ldr	r2, .L32+4
 347 0072 23F08073 		bic	r3, r3, #16777216
 348 0076 1360     		str	r3, [r2]
 349 0078 00BF     		nop
 350              	.L30:
 351 007a 224B     		ldr	r3, .L32+4
 352 007c 1B68     		ldr	r3, [r3]
 353 007e 03F00073 		and	r3, r3, #33554432
 354 0082 002B     		cmp	r3, #0
 355 0084 F9D1     		bne	.L30
 356 0086 1F4B     		ldr	r3, .L32+4
 357 0088 204A     		ldr	r2, .L32+12
ARM GAS  C:\Users\phamt\AppData\Local\Temp\ccNVGJqB.s 			page 7


 358 008a 5A60     		str	r2, [r3, #4]
 359 008c 1D4B     		ldr	r3, .L32+4
 360 008e 1B68     		ldr	r3, [r3]
 361 0090 1C4A     		ldr	r2, .L32+4
 362 0092 43F08073 		orr	r3, r3, #16777216
 363 0096 1360     		str	r3, [r2]
 364 0098 00BF     		nop
 365              	.L31:
 366 009a 1A4B     		ldr	r3, .L32+4
 367 009c 1B68     		ldr	r3, [r3]
 368 009e 03F00073 		and	r3, r3, #33554432
 369 00a2 002B     		cmp	r3, #0
 370 00a4 F9D0     		beq	.L31
 371 00a6 164B     		ldr	r3, .L32
 372 00a8 1B68     		ldr	r3, [r3]
 373 00aa 23F00703 		bic	r3, r3, #7
 374 00ae 144A     		ldr	r2, .L32
 375 00b0 43F00503 		orr	r3, r3, #5
 376 00b4 1360     		str	r3, [r2]
 377 00b6 134B     		ldr	r3, .L32+4
 378 00b8 9B68     		ldr	r3, [r3, #8]
 379 00ba 23F46043 		bic	r3, r3, #57344
 380 00be 114A     		ldr	r2, .L32+4
 381 00c0 43F40043 		orr	r3, r3, #32768
 382 00c4 9360     		str	r3, [r2, #8]
 383 00c6 0F4B     		ldr	r3, .L32+4
 384 00c8 9B68     		ldr	r3, [r3, #8]
 385 00ca 23F4E053 		bic	r3, r3, #7168
 386 00ce 0D4A     		ldr	r2, .L32+4
 387 00d0 43F4A053 		orr	r3, r3, #5120
 388 00d4 9360     		str	r3, [r2, #8]
 389 00d6 0B4B     		ldr	r3, .L32+4
 390 00d8 9B68     		ldr	r3, [r3, #8]
 391 00da 0A4A     		ldr	r2, .L32+4
 392 00dc 23F0F003 		bic	r3, r3, #240
 393 00e0 9360     		str	r3, [r2, #8]
 394 00e2 084B     		ldr	r3, .L32+4
 395 00e4 9B68     		ldr	r3, [r3, #8]
 396 00e6 23F00303 		bic	r3, r3, #3
 397 00ea 064A     		ldr	r2, .L32+4
 398 00ec 43F00203 		orr	r3, r3, #2
 399 00f0 9360     		str	r3, [r2, #8]
 400 00f2 074B     		ldr	r3, .L32+16
 401 00f4 074A     		ldr	r2, .L32+20
 402 00f6 1A60     		str	r2, [r3]
 403 00f8 FFF7FEFF 		bl	Init_Tick_Tim
 404 00fc 00BF     		nop
 405 00fe 80BD     		pop	{r7, pc}
 406              	.L33:
 407              		.align	2
 408              	.L32:
 409 0100 003C0240 		.word	1073888256
 410 0104 00380240 		.word	1073887232
 411 0108 00700040 		.word	1073770496
 412 010c 042A4004 		.word	71313924
 413 0110 00000000 		.word	SystemCoreClock
 414 0114 007A030A 		.word	168000000
ARM GAS  C:\Users\phamt\AppData\Local\Temp\ccNVGJqB.s 			page 8


 416              		.section	.text.Init_Tick_Tim,"ax",%progbits
 417              		.align	1
 418              		.global	Init_Tick_Tim
 419              		.syntax unified
 420              		.thumb
 421              		.thumb_func
 423              	Init_Tick_Tim:
 424              		@ args = 0, pretend = 0, frame = 16
 425              		@ frame_needed = 1, uses_anonymous_args = 0
 426 0000 80B5     		push	{r7, lr}
 427 0002 84B0     		sub	sp, sp, #16
 428 0004 00AF     		add	r7, sp, #0
 429 0006 0023     		movs	r3, #0
 430 0008 FB60     		str	r3, [r7, #12]
 431 000a 2A4B     		ldr	r3, .L35
 432 000c 1B6C     		ldr	r3, [r3, #64]
 433 000e 294A     		ldr	r2, .L35
 434 0010 43F00103 		orr	r3, r3, #1
 435 0014 1364     		str	r3, [r2, #64]
 436 0016 5323     		movs	r3, #83
 437 0018 BB60     		str	r3, [r7, #8]
 438 001a 4FF08043 		mov	r3, #1073741824
 439 001e 1B68     		ldr	r3, [r3]
 440 0020 7B60     		str	r3, [r7, #4]
 441 0022 7B68     		ldr	r3, [r7, #4]
 442 0024 23F07003 		bic	r3, r3, #112
 443 0028 7B60     		str	r3, [r7, #4]
 444 002a 7B68     		ldr	r3, [r7, #4]
 445 002c 23F44073 		bic	r3, r3, #768
 446 0030 7B60     		str	r3, [r7, #4]
 447 0032 7B68     		ldr	r3, [r7, #4]
 448 0034 23F08003 		bic	r3, r3, #128
 449 0038 7B60     		str	r3, [r7, #4]
 450 003a 4FF08042 		mov	r2, #1073741824
 451 003e 7B68     		ldr	r3, [r7, #4]
 452 0040 1360     		str	r3, [r2]
 453 0042 4FF08043 		mov	r3, #1073741824
 454 0046 40F2E732 		movw	r2, #999
 455 004a DA62     		str	r2, [r3, #44]
 456 004c 4FF08042 		mov	r2, #1073741824
 457 0050 BB68     		ldr	r3, [r7, #8]
 458 0052 9362     		str	r3, [r2, #40]
 459 0054 4FF08043 		mov	r3, #1073741824
 460 0058 0122     		movs	r2, #1
 461 005a 5A61     		str	r2, [r3, #20]
 462 005c 4FF08043 		mov	r3, #1073741824
 463 0060 1B69     		ldr	r3, [r3, #16]
 464 0062 4FF08042 		mov	r2, #1073741824
 465 0066 23F00103 		bic	r3, r3, #1
 466 006a 1361     		str	r3, [r2, #16]
 467 006c 4FF08043 		mov	r3, #1073741824
 468 0070 DB68     		ldr	r3, [r3, #12]
 469 0072 4FF08042 		mov	r2, #1073741824
 470 0076 43F00103 		orr	r3, r3, #1
 471 007a D360     		str	r3, [r2, #12]
 472 007c 1C20     		movs	r0, #28
 473 007e FFF7FEFF 		bl	__NVIC_EnableIRQ
ARM GAS  C:\Users\phamt\AppData\Local\Temp\ccNVGJqB.s 			page 9


 474 0082 FFF7FEFF 		bl	__NVIC_GetPriorityGrouping
 475 0086 F860     		str	r0, [r7, #12]
 476 0088 0022     		movs	r2, #0
 477 008a 0F21     		movs	r1, #15
 478 008c F868     		ldr	r0, [r7, #12]
 479 008e FFF7FEFF 		bl	NVIC_EncodePriority
 480 0092 0346     		mov	r3, r0
 481 0094 1946     		mov	r1, r3
 482 0096 1C20     		movs	r0, #28
 483 0098 FFF7FEFF 		bl	__NVIC_SetPriority
 484 009c 4FF08043 		mov	r3, #1073741824
 485 00a0 1B68     		ldr	r3, [r3]
 486 00a2 4FF08042 		mov	r2, #1073741824
 487 00a6 43F00103 		orr	r3, r3, #1
 488 00aa 1360     		str	r3, [r2]
 489 00ac 00BF     		nop
 490 00ae 1037     		adds	r7, r7, #16
 491 00b0 BD46     		mov	sp, r7
 492              		@ sp needed
 493 00b2 80BD     		pop	{r7, pc}
 494              	.L36:
 495              		.align	2
 496              	.L35:
 497 00b4 00380240 		.word	1073887232
 499              		.section	.text.Init_Tick,"ax",%progbits
 500              		.align	1
 501              		.global	Init_Tick
 502              		.syntax unified
 503              		.thumb
 504              		.thumb_func
 506              	Init_Tick:
 507              		@ args = 0, pretend = 0, frame = 0
 508              		@ frame_needed = 1, uses_anonymous_args = 0
 509 0000 80B5     		push	{r7, lr}
 510 0002 00AF     		add	r7, sp, #0
 511 0004 054B     		ldr	r3, .L38
 512 0006 1B68     		ldr	r3, [r3]
 513 0008 054A     		ldr	r2, .L38+4
 514 000a A2FB0323 		umull	r2, r3, r2, r3
 515 000e 9B09     		lsrs	r3, r3, #6
 516 0010 1846     		mov	r0, r3
 517 0012 FFF7FEFF 		bl	SysTick_Config
 518 0016 00BF     		nop
 519 0018 80BD     		pop	{r7, pc}
 520              	.L39:
 521 001a 00BF     		.align	2
 522              	.L38:
 523 001c 00000000 		.word	SystemCoreClock
 524 0020 D34D6210 		.word	274877907
 526              		.section	.text.Inc_Tick,"ax",%progbits
 527              		.align	1
 528              		.global	Inc_Tick
 529              		.syntax unified
 530              		.thumb
 531              		.thumb_func
 533              	Inc_Tick:
 534              		@ args = 0, pretend = 0, frame = 0
ARM GAS  C:\Users\phamt\AppData\Local\Temp\ccNVGJqB.s 			page 10


 535              		@ frame_needed = 1, uses_anonymous_args = 0
 536              		@ link register save eliminated.
 537 0000 80B4     		push	{r7}
 538 0002 00AF     		add	r7, sp, #0
 539 0004 044B     		ldr	r3, .L41
 540 0006 1B68     		ldr	r3, [r3]
 541 0008 0133     		adds	r3, r3, #1
 542 000a 034A     		ldr	r2, .L41
 543 000c 1360     		str	r3, [r2]
 544 000e 00BF     		nop
 545 0010 BD46     		mov	sp, r7
 546              		@ sp needed
 547 0012 5DF8047B 		ldr	r7, [sp], #4
 548 0016 7047     		bx	lr
 549              	.L42:
 550              		.align	2
 551              	.L41:
 552 0018 00000000 		.word	Count_Tick
 554              		.section	.text.Get_Tick,"ax",%progbits
 555              		.align	1
 556              		.global	Get_Tick
 557              		.syntax unified
 558              		.thumb
 559              		.thumb_func
 561              	Get_Tick:
 562              		@ args = 0, pretend = 0, frame = 0
 563              		@ frame_needed = 1, uses_anonymous_args = 0
 564              		@ link register save eliminated.
 565 0000 80B4     		push	{r7}
 566 0002 00AF     		add	r7, sp, #0
 567 0004 034B     		ldr	r3, .L45
 568 0006 1B68     		ldr	r3, [r3]
 569 0008 1846     		mov	r0, r3
 570 000a BD46     		mov	sp, r7
 571              		@ sp needed
 572 000c 5DF8047B 		ldr	r7, [sp], #4
 573 0010 7047     		bx	lr
 574              	.L46:
 575 0012 00BF     		.align	2
 576              	.L45:
 577 0014 00000000 		.word	Count_Tick
 579              		.section	.text.s_delay,"ax",%progbits
 580              		.align	1
 581              		.global	s_delay
 582              		.syntax unified
 583              		.thumb
 584              		.thumb_func
 586              	s_delay:
 587              		@ args = 0, pretend = 0, frame = 16
 588              		@ frame_needed = 1, uses_anonymous_args = 0
 589 0000 80B5     		push	{r7, lr}
 590 0002 84B0     		sub	sp, sp, #16
 591 0004 00AF     		add	r7, sp, #0
 592 0006 7860     		str	r0, [r7, #4]
 593 0008 FFF7FEFF 		bl	Get_Tick
 594 000c F860     		str	r0, [r7, #12]
 595 000e 00BF     		nop
ARM GAS  C:\Users\phamt\AppData\Local\Temp\ccNVGJqB.s 			page 11


 596              	.L48:
 597 0010 FFF7FEFF 		bl	Get_Tick
 598 0014 0246     		mov	r2, r0
 599 0016 FB68     		ldr	r3, [r7, #12]
 600 0018 D31A     		subs	r3, r2, r3
 601 001a 7A68     		ldr	r2, [r7, #4]
 602 001c 9A42     		cmp	r2, r3
 603 001e F7D8     		bhi	.L48
 604 0020 00BF     		nop
 605 0022 00BF     		nop
 606 0024 1037     		adds	r7, r7, #16
 607 0026 BD46     		mov	sp, r7
 608              		@ sp needed
 609 0028 80BD     		pop	{r7, pc}
 611              		.ident	"GCC: (GNU Arm Embedded Toolchain 10.3-2021.10) 10.3.1 20210824 (release)"
ARM GAS  C:\Users\phamt\AppData\Local\Temp\ccNVGJqB.s 			page 12


DEFINED SYMBOLS
                            *ABS*:00000000 sys_clock.c
C:\Users\phamt\AppData\Local\Temp\ccNVGJqB.s:18     .text.__NVIC_SetPriorityGrouping:00000000 $t
C:\Users\phamt\AppData\Local\Temp\ccNVGJqB.s:23     .text.__NVIC_SetPriorityGrouping:00000000 __NVIC_SetPriorityGrouping
C:\Users\phamt\AppData\Local\Temp\ccNVGJqB.s:60     .text.__NVIC_SetPriorityGrouping:00000044 $d
C:\Users\phamt\AppData\Local\Temp\ccNVGJqB.s:63     .text.__NVIC_GetPriorityGrouping:00000000 $t
C:\Users\phamt\AppData\Local\Temp\ccNVGJqB.s:68     .text.__NVIC_GetPriorityGrouping:00000000 __NVIC_GetPriorityGrouping
C:\Users\phamt\AppData\Local\Temp\ccNVGJqB.s:86     .text.__NVIC_GetPriorityGrouping:00000018 $d
C:\Users\phamt\AppData\Local\Temp\ccNVGJqB.s:89     .text.__NVIC_EnableIRQ:00000000 $t
C:\Users\phamt\AppData\Local\Temp\ccNVGJqB.s:94     .text.__NVIC_EnableIRQ:00000000 __NVIC_EnableIRQ
C:\Users\phamt\AppData\Local\Temp\ccNVGJqB.s:124    .text.__NVIC_EnableIRQ:00000038 $d
C:\Users\phamt\AppData\Local\Temp\ccNVGJqB.s:127    .text.__NVIC_SetPriority:00000000 $t
C:\Users\phamt\AppData\Local\Temp\ccNVGJqB.s:132    .text.__NVIC_SetPriority:00000000 __NVIC_SetPriority
C:\Users\phamt\AppData\Local\Temp\ccNVGJqB.s:175    .text.__NVIC_SetPriority:0000004c $d
C:\Users\phamt\AppData\Local\Temp\ccNVGJqB.s:179    .text.NVIC_EncodePriority:00000000 $t
C:\Users\phamt\AppData\Local\Temp\ccNVGJqB.s:184    .text.NVIC_EncodePriority:00000000 NVIC_EncodePriority
C:\Users\phamt\AppData\Local\Temp\ccNVGJqB.s:237    .text.SysTick_Config:00000000 $t
C:\Users\phamt\AppData\Local\Temp\ccNVGJqB.s:242    .text.SysTick_Config:00000000 SysTick_Config
C:\Users\phamt\AppData\Local\Temp\ccNVGJqB.s:279    .text.SysTick_Config:00000040 $d
C:\Users\phamt\AppData\Local\Temp\ccNVGJqB.s:286    .bss.Count_Tick:00000000 Count_Tick
C:\Users\phamt\AppData\Local\Temp\ccNVGJqB.s:283    .bss.Count_Tick:00000000 $d
C:\Users\phamt\AppData\Local\Temp\ccNVGJqB.s:289    .text.SystemClock_Config:00000000 $t
C:\Users\phamt\AppData\Local\Temp\ccNVGJqB.s:295    .text.SystemClock_Config:00000000 SystemClock_Config
C:\Users\phamt\AppData\Local\Temp\ccNVGJqB.s:423    .text.Init_Tick_Tim:00000000 Init_Tick_Tim
C:\Users\phamt\AppData\Local\Temp\ccNVGJqB.s:409    .text.SystemClock_Config:00000100 $d
C:\Users\phamt\AppData\Local\Temp\ccNVGJqB.s:417    .text.Init_Tick_Tim:00000000 $t
C:\Users\phamt\AppData\Local\Temp\ccNVGJqB.s:497    .text.Init_Tick_Tim:000000b4 $d
C:\Users\phamt\AppData\Local\Temp\ccNVGJqB.s:500    .text.Init_Tick:00000000 $t
C:\Users\phamt\AppData\Local\Temp\ccNVGJqB.s:506    .text.Init_Tick:00000000 Init_Tick
C:\Users\phamt\AppData\Local\Temp\ccNVGJqB.s:523    .text.Init_Tick:0000001c $d
C:\Users\phamt\AppData\Local\Temp\ccNVGJqB.s:527    .text.Inc_Tick:00000000 $t
C:\Users\phamt\AppData\Local\Temp\ccNVGJqB.s:533    .text.Inc_Tick:00000000 Inc_Tick
C:\Users\phamt\AppData\Local\Temp\ccNVGJqB.s:552    .text.Inc_Tick:00000018 $d
C:\Users\phamt\AppData\Local\Temp\ccNVGJqB.s:555    .text.Get_Tick:00000000 $t
C:\Users\phamt\AppData\Local\Temp\ccNVGJqB.s:561    .text.Get_Tick:00000000 Get_Tick
C:\Users\phamt\AppData\Local\Temp\ccNVGJqB.s:577    .text.Get_Tick:00000014 $d
C:\Users\phamt\AppData\Local\Temp\ccNVGJqB.s:580    .text.s_delay:00000000 $t
C:\Users\phamt\AppData\Local\Temp\ccNVGJqB.s:586    .text.s_delay:00000000 s_delay

UNDEFINED SYMBOLS
SystemCoreClock
