ARM GAS  C:\Users\phamt\AppData\Local\Temp\ccZhE5cB.s 			page 1


   1              		.cpu cortex-m4
   2              		.arch armv7e-m
   3              		.fpu fpv4-sp-d16
   4              		.eabi_attribute 27, 1
   5              		.eabi_attribute 28, 1
   6              		.eabi_attribute 20, 1
   7              		.eabi_attribute 21, 1
   8              		.eabi_attribute 23, 3
   9              		.eabi_attribute 24, 1
  10              		.eabi_attribute 25, 1
  11              		.eabi_attribute 26, 1
  12              		.eabi_attribute 30, 6
  13              		.eabi_attribute 34, 1
  14              		.eabi_attribute 18, 4
  15              		.file	"sys_delay.c"
  16              		.text
  17              		.section	.text.__NVIC_GetPriorityGrouping,"ax",%progbits
  18              		.align	1
  19              		.syntax unified
  20              		.thumb
  21              		.thumb_func
  23              	__NVIC_GetPriorityGrouping:
  24              		@ args = 0, pretend = 0, frame = 0
  25              		@ frame_needed = 1, uses_anonymous_args = 0
  26              		@ link register save eliminated.
  27 0000 80B4     		push	{r7}
  28 0002 00AF     		add	r7, sp, #0
  29 0004 044B     		ldr	r3, .L3
  30 0006 DB68     		ldr	r3, [r3, #12]
  31 0008 1B0A     		lsrs	r3, r3, #8
  32 000a 03F00703 		and	r3, r3, #7
  33 000e 1846     		mov	r0, r3
  34 0010 BD46     		mov	sp, r7
  35              		@ sp needed
  36 0012 5DF8047B 		ldr	r7, [sp], #4
  37 0016 7047     		bx	lr
  38              	.L4:
  39              		.align	2
  40              	.L3:
  41 0018 00ED00E0 		.word	-536810240
  43              		.section	.text.__NVIC_EnableIRQ,"ax",%progbits
  44              		.align	1
  45              		.syntax unified
  46              		.thumb
  47              		.thumb_func
  49              	__NVIC_EnableIRQ:
  50              		@ args = 0, pretend = 0, frame = 8
  51              		@ frame_needed = 1, uses_anonymous_args = 0
  52              		@ link register save eliminated.
  53 0000 80B4     		push	{r7}
  54 0002 83B0     		sub	sp, sp, #12
  55 0004 00AF     		add	r7, sp, #0
  56 0006 0346     		mov	r3, r0
  57 0008 FB71     		strb	r3, [r7, #7]
  58 000a 97F90730 		ldrsb	r3, [r7, #7]
  59 000e 002B     		cmp	r3, #0
  60 0010 0BDB     		blt	.L7
ARM GAS  C:\Users\phamt\AppData\Local\Temp\ccZhE5cB.s 			page 2


  61 0012 FB79     		ldrb	r3, [r7, #7]	@ zero_extendqisi2
  62 0014 03F01F02 		and	r2, r3, #31
  63 0018 0749     		ldr	r1, .L8
  64 001a 97F90730 		ldrsb	r3, [r7, #7]
  65 001e 5B09     		lsrs	r3, r3, #5
  66 0020 0120     		movs	r0, #1
  67 0022 00FA02F2 		lsl	r2, r0, r2
  68 0026 41F82320 		str	r2, [r1, r3, lsl #2]
  69              	.L7:
  70 002a 00BF     		nop
  71 002c 0C37     		adds	r7, r7, #12
  72 002e BD46     		mov	sp, r7
  73              		@ sp needed
  74 0030 5DF8047B 		ldr	r7, [sp], #4
  75 0034 7047     		bx	lr
  76              	.L9:
  77 0036 00BF     		.align	2
  78              	.L8:
  79 0038 00E100E0 		.word	-536813312
  81              		.section	.text.__NVIC_SetPriority,"ax",%progbits
  82              		.align	1
  83              		.syntax unified
  84              		.thumb
  85              		.thumb_func
  87              	__NVIC_SetPriority:
  88              		@ args = 0, pretend = 0, frame = 8
  89              		@ frame_needed = 1, uses_anonymous_args = 0
  90              		@ link register save eliminated.
  91 0000 80B4     		push	{r7}
  92 0002 83B0     		sub	sp, sp, #12
  93 0004 00AF     		add	r7, sp, #0
  94 0006 0346     		mov	r3, r0
  95 0008 3960     		str	r1, [r7]
  96 000a FB71     		strb	r3, [r7, #7]
  97 000c 97F90730 		ldrsb	r3, [r7, #7]
  98 0010 002B     		cmp	r3, #0
  99 0012 0ADB     		blt	.L11
 100 0014 3B68     		ldr	r3, [r7]
 101 0016 DAB2     		uxtb	r2, r3
 102 0018 0C49     		ldr	r1, .L14
 103 001a 97F90730 		ldrsb	r3, [r7, #7]
 104 001e 1201     		lsls	r2, r2, #4
 105 0020 D2B2     		uxtb	r2, r2
 106 0022 0B44     		add	r3, r3, r1
 107 0024 83F80023 		strb	r2, [r3, #768]
 108 0028 0AE0     		b	.L13
 109              	.L11:
 110 002a 3B68     		ldr	r3, [r7]
 111 002c DAB2     		uxtb	r2, r3
 112 002e 0849     		ldr	r1, .L14+4
 113 0030 FB79     		ldrb	r3, [r7, #7]	@ zero_extendqisi2
 114 0032 03F00F03 		and	r3, r3, #15
 115 0036 043B     		subs	r3, r3, #4
 116 0038 1201     		lsls	r2, r2, #4
 117 003a D2B2     		uxtb	r2, r2
 118 003c 0B44     		add	r3, r3, r1
 119 003e 1A76     		strb	r2, [r3, #24]
ARM GAS  C:\Users\phamt\AppData\Local\Temp\ccZhE5cB.s 			page 3


 120              	.L13:
 121 0040 00BF     		nop
 122 0042 0C37     		adds	r7, r7, #12
 123 0044 BD46     		mov	sp, r7
 124              		@ sp needed
 125 0046 5DF8047B 		ldr	r7, [sp], #4
 126 004a 7047     		bx	lr
 127              	.L15:
 128              		.align	2
 129              	.L14:
 130 004c 00E100E0 		.word	-536813312
 131 0050 00ED00E0 		.word	-536810240
 133              		.section	.text.NVIC_EncodePriority,"ax",%progbits
 134              		.align	1
 135              		.syntax unified
 136              		.thumb
 137              		.thumb_func
 139              	NVIC_EncodePriority:
 140              		@ args = 0, pretend = 0, frame = 32
 141              		@ frame_needed = 1, uses_anonymous_args = 0
 142              		@ link register save eliminated.
 143 0000 80B4     		push	{r7}
 144 0002 89B0     		sub	sp, sp, #36
 145 0004 00AF     		add	r7, sp, #0
 146 0006 F860     		str	r0, [r7, #12]
 147 0008 B960     		str	r1, [r7, #8]
 148 000a 7A60     		str	r2, [r7, #4]
 149 000c FB68     		ldr	r3, [r7, #12]
 150 000e 03F00703 		and	r3, r3, #7
 151 0012 FB61     		str	r3, [r7, #28]
 152 0014 FB69     		ldr	r3, [r7, #28]
 153 0016 C3F10703 		rsb	r3, r3, #7
 154 001a 042B     		cmp	r3, #4
 155 001c 28BF     		it	cs
 156 001e 0423     		movcs	r3, #4
 157 0020 BB61     		str	r3, [r7, #24]
 158 0022 FB69     		ldr	r3, [r7, #28]
 159 0024 0433     		adds	r3, r3, #4
 160 0026 062B     		cmp	r3, #6
 161 0028 02D9     		bls	.L17
 162 002a FB69     		ldr	r3, [r7, #28]
 163 002c 033B     		subs	r3, r3, #3
 164 002e 00E0     		b	.L18
 165              	.L17:
 166 0030 0023     		movs	r3, #0
 167              	.L18:
 168 0032 7B61     		str	r3, [r7, #20]
 169 0034 4FF0FF32 		mov	r2, #-1
 170 0038 BB69     		ldr	r3, [r7, #24]
 171 003a 02FA03F3 		lsl	r3, r2, r3
 172 003e DA43     		mvns	r2, r3
 173 0040 BB68     		ldr	r3, [r7, #8]
 174 0042 1A40     		ands	r2, r2, r3
 175 0044 7B69     		ldr	r3, [r7, #20]
 176 0046 9A40     		lsls	r2, r2, r3
 177 0048 4FF0FF31 		mov	r1, #-1
 178 004c 7B69     		ldr	r3, [r7, #20]
ARM GAS  C:\Users\phamt\AppData\Local\Temp\ccZhE5cB.s 			page 4


 179 004e 01FA03F3 		lsl	r3, r1, r3
 180 0052 D943     		mvns	r1, r3
 181 0054 7B68     		ldr	r3, [r7, #4]
 182 0056 0B40     		ands	r3, r3, r1
 183 0058 1343     		orrs	r3, r3, r2
 184 005a 1846     		mov	r0, r3
 185 005c 2437     		adds	r7, r7, #36
 186 005e BD46     		mov	sp, r7
 187              		@ sp needed
 188 0060 5DF8047B 		ldr	r7, [sp], #4
 189 0064 7047     		bx	lr
 191              		.section	.text.SysTick_Config,"ax",%progbits
 192              		.align	1
 193              		.syntax unified
 194              		.thumb
 195              		.thumb_func
 197              	SysTick_Config:
 198              		@ args = 0, pretend = 0, frame = 8
 199              		@ frame_needed = 1, uses_anonymous_args = 0
 200 0000 80B5     		push	{r7, lr}
 201 0002 82B0     		sub	sp, sp, #8
 202 0004 00AF     		add	r7, sp, #0
 203 0006 7860     		str	r0, [r7, #4]
 204 0008 7B68     		ldr	r3, [r7, #4]
 205 000a 013B     		subs	r3, r3, #1
 206 000c B3F1807F 		cmp	r3, #16777216
 207 0010 01D3     		bcc	.L21
 208 0012 0123     		movs	r3, #1
 209 0014 0FE0     		b	.L22
 210              	.L21:
 211 0016 0A4A     		ldr	r2, .L23
 212 0018 7B68     		ldr	r3, [r7, #4]
 213 001a 013B     		subs	r3, r3, #1
 214 001c 5360     		str	r3, [r2, #4]
 215 001e 0F21     		movs	r1, #15
 216 0020 4FF0FF30 		mov	r0, #-1
 217 0024 FFF7FEFF 		bl	__NVIC_SetPriority
 218 0028 054B     		ldr	r3, .L23
 219 002a 0022     		movs	r2, #0
 220 002c 9A60     		str	r2, [r3, #8]
 221 002e 044B     		ldr	r3, .L23
 222 0030 0722     		movs	r2, #7
 223 0032 1A60     		str	r2, [r3]
 224 0034 0023     		movs	r3, #0
 225              	.L22:
 226 0036 1846     		mov	r0, r3
 227 0038 0837     		adds	r7, r7, #8
 228 003a BD46     		mov	sp, r7
 229              		@ sp needed
 230 003c 80BD     		pop	{r7, pc}
 231              	.L24:
 232 003e 00BF     		.align	2
 233              	.L23:
 234 0040 10E000E0 		.word	-536813552
 236              		.global	Count_Tick
 237              		.section	.bss.Count_Tick,"aw",%nobits
 238              		.align	2
ARM GAS  C:\Users\phamt\AppData\Local\Temp\ccZhE5cB.s 			page 5


 241              	Count_Tick:
 242 0000 00000000 		.space	4
 243              		.section	.text.Init_Tick_Tim,"ax",%progbits
 244              		.align	1
 245              		.global	Init_Tick_Tim
 246              		.syntax unified
 247              		.thumb
 248              		.thumb_func
 250              	Init_Tick_Tim:
 251              		@ args = 0, pretend = 0, frame = 16
 252              		@ frame_needed = 1, uses_anonymous_args = 0
 253 0000 80B5     		push	{r7, lr}
 254 0002 84B0     		sub	sp, sp, #16
 255 0004 00AF     		add	r7, sp, #0
 256 0006 0023     		movs	r3, #0
 257 0008 FB60     		str	r3, [r7, #12]
 258 000a 2A4B     		ldr	r3, .L26
 259 000c 1B6C     		ldr	r3, [r3, #64]
 260 000e 294A     		ldr	r2, .L26
 261 0010 43F00103 		orr	r3, r3, #1
 262 0014 1364     		str	r3, [r2, #64]
 263 0016 5323     		movs	r3, #83
 264 0018 BB60     		str	r3, [r7, #8]
 265 001a 4FF08043 		mov	r3, #1073741824
 266 001e 1B68     		ldr	r3, [r3]
 267 0020 7B60     		str	r3, [r7, #4]
 268 0022 7B68     		ldr	r3, [r7, #4]
 269 0024 23F07003 		bic	r3, r3, #112
 270 0028 7B60     		str	r3, [r7, #4]
 271 002a 7B68     		ldr	r3, [r7, #4]
 272 002c 23F44073 		bic	r3, r3, #768
 273 0030 7B60     		str	r3, [r7, #4]
 274 0032 7B68     		ldr	r3, [r7, #4]
 275 0034 23F08003 		bic	r3, r3, #128
 276 0038 7B60     		str	r3, [r7, #4]
 277 003a 4FF08042 		mov	r2, #1073741824
 278 003e 7B68     		ldr	r3, [r7, #4]
 279 0040 1360     		str	r3, [r2]
 280 0042 4FF08043 		mov	r3, #1073741824
 281 0046 40F2E732 		movw	r2, #999
 282 004a DA62     		str	r2, [r3, #44]
 283 004c 4FF08042 		mov	r2, #1073741824
 284 0050 BB68     		ldr	r3, [r7, #8]
 285 0052 9362     		str	r3, [r2, #40]
 286 0054 4FF08043 		mov	r3, #1073741824
 287 0058 0122     		movs	r2, #1
 288 005a 5A61     		str	r2, [r3, #20]
 289 005c 4FF08043 		mov	r3, #1073741824
 290 0060 1B69     		ldr	r3, [r3, #16]
 291 0062 4FF08042 		mov	r2, #1073741824
 292 0066 23F00103 		bic	r3, r3, #1
 293 006a 1361     		str	r3, [r2, #16]
 294 006c 4FF08043 		mov	r3, #1073741824
 295 0070 DB68     		ldr	r3, [r3, #12]
 296 0072 4FF08042 		mov	r2, #1073741824
 297 0076 43F00103 		orr	r3, r3, #1
 298 007a D360     		str	r3, [r2, #12]
ARM GAS  C:\Users\phamt\AppData\Local\Temp\ccZhE5cB.s 			page 6


 299 007c 1C20     		movs	r0, #28
 300 007e FFF7FEFF 		bl	__NVIC_EnableIRQ
 301 0082 FFF7FEFF 		bl	__NVIC_GetPriorityGrouping
 302 0086 F860     		str	r0, [r7, #12]
 303 0088 0022     		movs	r2, #0
 304 008a 0F21     		movs	r1, #15
 305 008c F868     		ldr	r0, [r7, #12]
 306 008e FFF7FEFF 		bl	NVIC_EncodePriority
 307 0092 0346     		mov	r3, r0
 308 0094 1946     		mov	r1, r3
 309 0096 1C20     		movs	r0, #28
 310 0098 FFF7FEFF 		bl	__NVIC_SetPriority
 311 009c 4FF08043 		mov	r3, #1073741824
 312 00a0 1B68     		ldr	r3, [r3]
 313 00a2 4FF08042 		mov	r2, #1073741824
 314 00a6 43F00103 		orr	r3, r3, #1
 315 00aa 1360     		str	r3, [r2]
 316 00ac 00BF     		nop
 317 00ae 1037     		adds	r7, r7, #16
 318 00b0 BD46     		mov	sp, r7
 319              		@ sp needed
 320 00b2 80BD     		pop	{r7, pc}
 321              	.L27:
 322              		.align	2
 323              	.L26:
 324 00b4 00380240 		.word	1073887232
 326              		.section	.text.Init_Tick,"ax",%progbits
 327              		.align	1
 328              		.global	Init_Tick
 329              		.syntax unified
 330              		.thumb
 331              		.thumb_func
 333              	Init_Tick:
 334              		@ args = 0, pretend = 0, frame = 0
 335              		@ frame_needed = 1, uses_anonymous_args = 0
 336 0000 80B5     		push	{r7, lr}
 337 0002 00AF     		add	r7, sp, #0
 338 0004 054B     		ldr	r3, .L29
 339 0006 1B68     		ldr	r3, [r3]
 340 0008 054A     		ldr	r2, .L29+4
 341 000a A2FB0323 		umull	r2, r3, r2, r3
 342 000e 9B09     		lsrs	r3, r3, #6
 343 0010 1846     		mov	r0, r3
 344 0012 FFF7FEFF 		bl	SysTick_Config
 345 0016 00BF     		nop
 346 0018 80BD     		pop	{r7, pc}
 347              	.L30:
 348 001a 00BF     		.align	2
 349              	.L29:
 350 001c 00000000 		.word	SystemCoreClock
 351 0020 D34D6210 		.word	274877907
 353              		.section	.text.Inc_Tick,"ax",%progbits
 354              		.align	1
 355              		.global	Inc_Tick
 356              		.syntax unified
 357              		.thumb
 358              		.thumb_func
ARM GAS  C:\Users\phamt\AppData\Local\Temp\ccZhE5cB.s 			page 7


 360              	Inc_Tick:
 361              		@ args = 0, pretend = 0, frame = 0
 362              		@ frame_needed = 1, uses_anonymous_args = 0
 363              		@ link register save eliminated.
 364 0000 80B4     		push	{r7}
 365 0002 00AF     		add	r7, sp, #0
 366 0004 044B     		ldr	r3, .L32
 367 0006 1B68     		ldr	r3, [r3]
 368 0008 0133     		adds	r3, r3, #1
 369 000a 034A     		ldr	r2, .L32
 370 000c 1360     		str	r3, [r2]
 371 000e 00BF     		nop
 372 0010 BD46     		mov	sp, r7
 373              		@ sp needed
 374 0012 5DF8047B 		ldr	r7, [sp], #4
 375 0016 7047     		bx	lr
 376              	.L33:
 377              		.align	2
 378              	.L32:
 379 0018 00000000 		.word	Count_Tick
 381              		.section	.text.Get_Tick,"ax",%progbits
 382              		.align	1
 383              		.global	Get_Tick
 384              		.syntax unified
 385              		.thumb
 386              		.thumb_func
 388              	Get_Tick:
 389              		@ args = 0, pretend = 0, frame = 0
 390              		@ frame_needed = 1, uses_anonymous_args = 0
 391              		@ link register save eliminated.
 392 0000 80B4     		push	{r7}
 393 0002 00AF     		add	r7, sp, #0
 394 0004 034B     		ldr	r3, .L36
 395 0006 1B68     		ldr	r3, [r3]
 396 0008 1846     		mov	r0, r3
 397 000a BD46     		mov	sp, r7
 398              		@ sp needed
 399 000c 5DF8047B 		ldr	r7, [sp], #4
 400 0010 7047     		bx	lr
 401              	.L37:
 402 0012 00BF     		.align	2
 403              	.L36:
 404 0014 00000000 		.word	Count_Tick
 406              		.section	.text.s_delay,"ax",%progbits
 407              		.align	1
 408              		.global	s_delay
 409              		.syntax unified
 410              		.thumb
 411              		.thumb_func
 413              	s_delay:
 414              		@ args = 0, pretend = 0, frame = 16
 415              		@ frame_needed = 1, uses_anonymous_args = 0
 416 0000 80B5     		push	{r7, lr}
 417 0002 84B0     		sub	sp, sp, #16
 418 0004 00AF     		add	r7, sp, #0
 419 0006 7860     		str	r0, [r7, #4]
 420 0008 FFF7FEFF 		bl	Get_Tick
ARM GAS  C:\Users\phamt\AppData\Local\Temp\ccZhE5cB.s 			page 8


 421 000c F860     		str	r0, [r7, #12]
 422 000e 00BF     		nop
 423              	.L39:
 424 0010 FFF7FEFF 		bl	Get_Tick
 425 0014 0246     		mov	r2, r0
 426 0016 FB68     		ldr	r3, [r7, #12]
 427 0018 D31A     		subs	r3, r2, r3
 428 001a 7A68     		ldr	r2, [r7, #4]
 429 001c 9A42     		cmp	r2, r3
 430 001e F7D8     		bhi	.L39
 431 0020 00BF     		nop
 432 0022 00BF     		nop
 433 0024 1037     		adds	r7, r7, #16
 434 0026 BD46     		mov	sp, r7
 435              		@ sp needed
 436 0028 80BD     		pop	{r7, pc}
 438              		.ident	"GCC: (GNU Arm Embedded Toolchain 10.3-2021.10) 10.3.1 20210824 (release)"
ARM GAS  C:\Users\phamt\AppData\Local\Temp\ccZhE5cB.s 			page 9


DEFINED SYMBOLS
                            *ABS*:00000000 sys_delay.c
C:\Users\phamt\AppData\Local\Temp\ccZhE5cB.s:18     .text.__NVIC_GetPriorityGrouping:00000000 $t
C:\Users\phamt\AppData\Local\Temp\ccZhE5cB.s:23     .text.__NVIC_GetPriorityGrouping:00000000 __NVIC_GetPriorityGrouping
C:\Users\phamt\AppData\Local\Temp\ccZhE5cB.s:41     .text.__NVIC_GetPriorityGrouping:00000018 $d
C:\Users\phamt\AppData\Local\Temp\ccZhE5cB.s:44     .text.__NVIC_EnableIRQ:00000000 $t
C:\Users\phamt\AppData\Local\Temp\ccZhE5cB.s:49     .text.__NVIC_EnableIRQ:00000000 __NVIC_EnableIRQ
C:\Users\phamt\AppData\Local\Temp\ccZhE5cB.s:79     .text.__NVIC_EnableIRQ:00000038 $d
C:\Users\phamt\AppData\Local\Temp\ccZhE5cB.s:82     .text.__NVIC_SetPriority:00000000 $t
C:\Users\phamt\AppData\Local\Temp\ccZhE5cB.s:87     .text.__NVIC_SetPriority:00000000 __NVIC_SetPriority
C:\Users\phamt\AppData\Local\Temp\ccZhE5cB.s:130    .text.__NVIC_SetPriority:0000004c $d
C:\Users\phamt\AppData\Local\Temp\ccZhE5cB.s:134    .text.NVIC_EncodePriority:00000000 $t
C:\Users\phamt\AppData\Local\Temp\ccZhE5cB.s:139    .text.NVIC_EncodePriority:00000000 NVIC_EncodePriority
C:\Users\phamt\AppData\Local\Temp\ccZhE5cB.s:192    .text.SysTick_Config:00000000 $t
C:\Users\phamt\AppData\Local\Temp\ccZhE5cB.s:197    .text.SysTick_Config:00000000 SysTick_Config
C:\Users\phamt\AppData\Local\Temp\ccZhE5cB.s:234    .text.SysTick_Config:00000040 $d
C:\Users\phamt\AppData\Local\Temp\ccZhE5cB.s:241    .bss.Count_Tick:00000000 Count_Tick
C:\Users\phamt\AppData\Local\Temp\ccZhE5cB.s:238    .bss.Count_Tick:00000000 $d
C:\Users\phamt\AppData\Local\Temp\ccZhE5cB.s:244    .text.Init_Tick_Tim:00000000 $t
C:\Users\phamt\AppData\Local\Temp\ccZhE5cB.s:250    .text.Init_Tick_Tim:00000000 Init_Tick_Tim
C:\Users\phamt\AppData\Local\Temp\ccZhE5cB.s:324    .text.Init_Tick_Tim:000000b4 $d
C:\Users\phamt\AppData\Local\Temp\ccZhE5cB.s:327    .text.Init_Tick:00000000 $t
C:\Users\phamt\AppData\Local\Temp\ccZhE5cB.s:333    .text.Init_Tick:00000000 Init_Tick
C:\Users\phamt\AppData\Local\Temp\ccZhE5cB.s:350    .text.Init_Tick:0000001c $d
C:\Users\phamt\AppData\Local\Temp\ccZhE5cB.s:354    .text.Inc_Tick:00000000 $t
C:\Users\phamt\AppData\Local\Temp\ccZhE5cB.s:360    .text.Inc_Tick:00000000 Inc_Tick
C:\Users\phamt\AppData\Local\Temp\ccZhE5cB.s:379    .text.Inc_Tick:00000018 $d
C:\Users\phamt\AppData\Local\Temp\ccZhE5cB.s:382    .text.Get_Tick:00000000 $t
C:\Users\phamt\AppData\Local\Temp\ccZhE5cB.s:388    .text.Get_Tick:00000000 Get_Tick
C:\Users\phamt\AppData\Local\Temp\ccZhE5cB.s:404    .text.Get_Tick:00000014 $d
C:\Users\phamt\AppData\Local\Temp\ccZhE5cB.s:407    .text.s_delay:00000000 $t
C:\Users\phamt\AppData\Local\Temp\ccZhE5cB.s:413    .text.s_delay:00000000 s_delay

UNDEFINED SYMBOLS
SystemCoreClock
