ARM GAS  C:\Users\phamt\AppData\Local\Temp\cculsHGv.s 			page 1


   1              		.cpu cortex-m4
   2              		.arch armv7e-m
   3              		.fpu fpv4-sp-d16
   4              		.eabi_attribute 27, 1
   5              		.eabi_attribute 28, 1
   6              		.eabi_attribute 20, 1
   7              		.eabi_attribute 21, 1
   8              		.eabi_attribute 23, 3
   9              		.eabi_attribute 24, 1
  10              		.eabi_attribute 25, 1
  11              		.eabi_attribute 26, 1
  12              		.eabi_attribute 30, 6
  13              		.eabi_attribute 34, 1
  14              		.eabi_attribute 18, 4
  15              		.file	"syscalls.c"
  16              		.text
  17              		.global	__env
  18              		.section	.bss.__env,"aw",%nobits
  19              		.align	2
  22              	__env:
  23 0000 00000000 		.space	4
  24              		.global	environ
  25              		.section	.data.environ,"aw"
  26              		.align	2
  29              	environ:
  30 0000 00000000 		.word	__env
  31              		.section	.text.initialise_monitor_handles,"ax",%progbits
  32              		.align	1
  33              		.global	initialise_monitor_handles
  34              		.syntax unified
  35              		.thumb
  36              		.thumb_func
  38              	initialise_monitor_handles:
  39              		@ args = 0, pretend = 0, frame = 0
  40              		@ frame_needed = 1, uses_anonymous_args = 0
  41              		@ link register save eliminated.
  42 0000 80B4     		push	{r7}
  43 0002 00AF     		add	r7, sp, #0
  44 0004 00BF     		nop
  45 0006 BD46     		mov	sp, r7
  46              		@ sp needed
  47 0008 5DF8047B 		ldr	r7, [sp], #4
  48 000c 7047     		bx	lr
  50              		.section	.text._getpid,"ax",%progbits
  51              		.align	1
  52              		.global	_getpid
  53              		.syntax unified
  54              		.thumb
  55              		.thumb_func
  57              	_getpid:
  58              		@ args = 0, pretend = 0, frame = 0
  59              		@ frame_needed = 1, uses_anonymous_args = 0
  60              		@ link register save eliminated.
  61 0000 80B4     		push	{r7}
  62 0002 00AF     		add	r7, sp, #0
  63 0004 0123     		movs	r3, #1
  64 0006 1846     		mov	r0, r3
ARM GAS  C:\Users\phamt\AppData\Local\Temp\cculsHGv.s 			page 2


  65 0008 BD46     		mov	sp, r7
  66              		@ sp needed
  67 000a 5DF8047B 		ldr	r7, [sp], #4
  68 000e 7047     		bx	lr
  70              		.section	.text._kill,"ax",%progbits
  71              		.align	1
  72              		.global	_kill
  73              		.syntax unified
  74              		.thumb
  75              		.thumb_func
  77              	_kill:
  78              		@ args = 0, pretend = 0, frame = 8
  79              		@ frame_needed = 1, uses_anonymous_args = 0
  80 0000 80B5     		push	{r7, lr}
  81 0002 82B0     		sub	sp, sp, #8
  82 0004 00AF     		add	r7, sp, #0
  83 0006 7860     		str	r0, [r7, #4]
  84 0008 3960     		str	r1, [r7]
  85 000a FFF7FEFF 		bl	__errno
  86 000e 0346     		mov	r3, r0
  87 0010 1622     		movs	r2, #22
  88 0012 1A60     		str	r2, [r3]
  89 0014 4FF0FF33 		mov	r3, #-1
  90 0018 1846     		mov	r0, r3
  91 001a 0837     		adds	r7, r7, #8
  92 001c BD46     		mov	sp, r7
  93              		@ sp needed
  94 001e 80BD     		pop	{r7, pc}
  96              		.section	.text._exit,"ax",%progbits
  97              		.align	1
  98              		.global	_exit
  99              		.syntax unified
 100              		.thumb
 101              		.thumb_func
 103              	_exit:
 104              		@ args = 0, pretend = 0, frame = 8
 105              		@ frame_needed = 1, uses_anonymous_args = 0
 106 0000 80B5     		push	{r7, lr}
 107 0002 82B0     		sub	sp, sp, #8
 108 0004 00AF     		add	r7, sp, #0
 109 0006 7860     		str	r0, [r7, #4]
 110 0008 4FF0FF31 		mov	r1, #-1
 111 000c 7868     		ldr	r0, [r7, #4]
 112 000e FFF7FEFF 		bl	_kill
 113              	.L7:
 114 0012 FEE7     		b	.L7
 116              		.section	.text._read,"ax",%progbits
 117              		.align	1
 118              		.weak	_read
 119              		.syntax unified
 120              		.thumb
 121              		.thumb_func
 123              	_read:
 124              		@ args = 0, pretend = 0, frame = 24
 125              		@ frame_needed = 1, uses_anonymous_args = 0
 126 0000 80B5     		push	{r7, lr}
 127 0002 86B0     		sub	sp, sp, #24
ARM GAS  C:\Users\phamt\AppData\Local\Temp\cculsHGv.s 			page 3


 128 0004 00AF     		add	r7, sp, #0
 129 0006 F860     		str	r0, [r7, #12]
 130 0008 B960     		str	r1, [r7, #8]
 131 000a 7A60     		str	r2, [r7, #4]
 132 000c 0023     		movs	r3, #0
 133 000e 7B61     		str	r3, [r7, #20]
 134 0010 0AE0     		b	.L9
 135              	.L10:
 136 0012 FFF7FEFF 		bl	__io_getchar
 137 0016 0146     		mov	r1, r0
 138 0018 BB68     		ldr	r3, [r7, #8]
 139 001a 5A1C     		adds	r2, r3, #1
 140 001c BA60     		str	r2, [r7, #8]
 141 001e CAB2     		uxtb	r2, r1
 142 0020 1A70     		strb	r2, [r3]
 143 0022 7B69     		ldr	r3, [r7, #20]
 144 0024 0133     		adds	r3, r3, #1
 145 0026 7B61     		str	r3, [r7, #20]
 146              	.L9:
 147 0028 7A69     		ldr	r2, [r7, #20]
 148 002a 7B68     		ldr	r3, [r7, #4]
 149 002c 9A42     		cmp	r2, r3
 150 002e F0DB     		blt	.L10
 151 0030 7B68     		ldr	r3, [r7, #4]
 152 0032 1846     		mov	r0, r3
 153 0034 1837     		adds	r7, r7, #24
 154 0036 BD46     		mov	sp, r7
 155              		@ sp needed
 156 0038 80BD     		pop	{r7, pc}
 158              		.section	.text._write,"ax",%progbits
 159              		.align	1
 160              		.weak	_write
 161              		.syntax unified
 162              		.thumb
 163              		.thumb_func
 165              	_write:
 166              		@ args = 0, pretend = 0, frame = 24
 167              		@ frame_needed = 1, uses_anonymous_args = 0
 168 0000 80B5     		push	{r7, lr}
 169 0002 86B0     		sub	sp, sp, #24
 170 0004 00AF     		add	r7, sp, #0
 171 0006 F860     		str	r0, [r7, #12]
 172 0008 B960     		str	r1, [r7, #8]
 173 000a 7A60     		str	r2, [r7, #4]
 174 000c 0023     		movs	r3, #0
 175 000e 7B61     		str	r3, [r7, #20]
 176 0010 09E0     		b	.L13
 177              	.L14:
 178 0012 BB68     		ldr	r3, [r7, #8]
 179 0014 5A1C     		adds	r2, r3, #1
 180 0016 BA60     		str	r2, [r7, #8]
 181 0018 1B78     		ldrb	r3, [r3]	@ zero_extendqisi2
 182 001a 1846     		mov	r0, r3
 183 001c FFF7FEFF 		bl	__io_putchar
 184 0020 7B69     		ldr	r3, [r7, #20]
 185 0022 0133     		adds	r3, r3, #1
 186 0024 7B61     		str	r3, [r7, #20]
ARM GAS  C:\Users\phamt\AppData\Local\Temp\cculsHGv.s 			page 4


 187              	.L13:
 188 0026 7A69     		ldr	r2, [r7, #20]
 189 0028 7B68     		ldr	r3, [r7, #4]
 190 002a 9A42     		cmp	r2, r3
 191 002c F1DB     		blt	.L14
 192 002e 7B68     		ldr	r3, [r7, #4]
 193 0030 1846     		mov	r0, r3
 194 0032 1837     		adds	r7, r7, #24
 195 0034 BD46     		mov	sp, r7
 196              		@ sp needed
 197 0036 80BD     		pop	{r7, pc}
 199              		.section	.text._close,"ax",%progbits
 200              		.align	1
 201              		.global	_close
 202              		.syntax unified
 203              		.thumb
 204              		.thumb_func
 206              	_close:
 207              		@ args = 0, pretend = 0, frame = 8
 208              		@ frame_needed = 1, uses_anonymous_args = 0
 209              		@ link register save eliminated.
 210 0000 80B4     		push	{r7}
 211 0002 83B0     		sub	sp, sp, #12
 212 0004 00AF     		add	r7, sp, #0
 213 0006 7860     		str	r0, [r7, #4]
 214 0008 4FF0FF33 		mov	r3, #-1
 215 000c 1846     		mov	r0, r3
 216 000e 0C37     		adds	r7, r7, #12
 217 0010 BD46     		mov	sp, r7
 218              		@ sp needed
 219 0012 5DF8047B 		ldr	r7, [sp], #4
 220 0016 7047     		bx	lr
 222              		.section	.text._fstat,"ax",%progbits
 223              		.align	1
 224              		.global	_fstat
 225              		.syntax unified
 226              		.thumb
 227              		.thumb_func
 229              	_fstat:
 230              		@ args = 0, pretend = 0, frame = 8
 231              		@ frame_needed = 1, uses_anonymous_args = 0
 232              		@ link register save eliminated.
 233 0000 80B4     		push	{r7}
 234 0002 83B0     		sub	sp, sp, #12
 235 0004 00AF     		add	r7, sp, #0
 236 0006 7860     		str	r0, [r7, #4]
 237 0008 3960     		str	r1, [r7]
 238 000a 3B68     		ldr	r3, [r7]
 239 000c 4FF40052 		mov	r2, #8192
 240 0010 5A60     		str	r2, [r3, #4]
 241 0012 0023     		movs	r3, #0
 242 0014 1846     		mov	r0, r3
 243 0016 0C37     		adds	r7, r7, #12
 244 0018 BD46     		mov	sp, r7
 245              		@ sp needed
 246 001a 5DF8047B 		ldr	r7, [sp], #4
 247 001e 7047     		bx	lr
ARM GAS  C:\Users\phamt\AppData\Local\Temp\cculsHGv.s 			page 5


 249              		.section	.text._isatty,"ax",%progbits
 250              		.align	1
 251              		.global	_isatty
 252              		.syntax unified
 253              		.thumb
 254              		.thumb_func
 256              	_isatty:
 257              		@ args = 0, pretend = 0, frame = 8
 258              		@ frame_needed = 1, uses_anonymous_args = 0
 259              		@ link register save eliminated.
 260 0000 80B4     		push	{r7}
 261 0002 83B0     		sub	sp, sp, #12
 262 0004 00AF     		add	r7, sp, #0
 263 0006 7860     		str	r0, [r7, #4]
 264 0008 0123     		movs	r3, #1
 265 000a 1846     		mov	r0, r3
 266 000c 0C37     		adds	r7, r7, #12
 267 000e BD46     		mov	sp, r7
 268              		@ sp needed
 269 0010 5DF8047B 		ldr	r7, [sp], #4
 270 0014 7047     		bx	lr
 272              		.section	.text._lseek,"ax",%progbits
 273              		.align	1
 274              		.global	_lseek
 275              		.syntax unified
 276              		.thumb
 277              		.thumb_func
 279              	_lseek:
 280              		@ args = 0, pretend = 0, frame = 16
 281              		@ frame_needed = 1, uses_anonymous_args = 0
 282              		@ link register save eliminated.
 283 0000 80B4     		push	{r7}
 284 0002 85B0     		sub	sp, sp, #20
 285 0004 00AF     		add	r7, sp, #0
 286 0006 F860     		str	r0, [r7, #12]
 287 0008 B960     		str	r1, [r7, #8]
 288 000a 7A60     		str	r2, [r7, #4]
 289 000c 0023     		movs	r3, #0
 290 000e 1846     		mov	r0, r3
 291 0010 1437     		adds	r7, r7, #20
 292 0012 BD46     		mov	sp, r7
 293              		@ sp needed
 294 0014 5DF8047B 		ldr	r7, [sp], #4
 295 0018 7047     		bx	lr
 297              		.section	.text._open,"ax",%progbits
 298              		.align	1
 299              		.global	_open
 300              		.syntax unified
 301              		.thumb
 302              		.thumb_func
 304              	_open:
 305              		@ args = 4, pretend = 12, frame = 8
 306              		@ frame_needed = 1, uses_anonymous_args = 1
 307              		@ link register save eliminated.
 308 0000 0EB4     		push	{r1, r2, r3}
 309 0002 80B4     		push	{r7}
 310 0004 82B0     		sub	sp, sp, #8
ARM GAS  C:\Users\phamt\AppData\Local\Temp\cculsHGv.s 			page 6


 311 0006 00AF     		add	r7, sp, #0
 312 0008 7860     		str	r0, [r7, #4]
 313 000a 4FF0FF33 		mov	r3, #-1
 314 000e 1846     		mov	r0, r3
 315 0010 0837     		adds	r7, r7, #8
 316 0012 BD46     		mov	sp, r7
 317              		@ sp needed
 318 0014 5DF8047B 		ldr	r7, [sp], #4
 319 0018 03B0     		add	sp, sp, #12
 320 001a 7047     		bx	lr
 322              		.section	.text._wait,"ax",%progbits
 323              		.align	1
 324              		.global	_wait
 325              		.syntax unified
 326              		.thumb
 327              		.thumb_func
 329              	_wait:
 330              		@ args = 0, pretend = 0, frame = 8
 331              		@ frame_needed = 1, uses_anonymous_args = 0
 332 0000 80B5     		push	{r7, lr}
 333 0002 82B0     		sub	sp, sp, #8
 334 0004 00AF     		add	r7, sp, #0
 335 0006 7860     		str	r0, [r7, #4]
 336 0008 FFF7FEFF 		bl	__errno
 337 000c 0346     		mov	r3, r0
 338 000e 0A22     		movs	r2, #10
 339 0010 1A60     		str	r2, [r3]
 340 0012 4FF0FF33 		mov	r3, #-1
 341 0016 1846     		mov	r0, r3
 342 0018 0837     		adds	r7, r7, #8
 343 001a BD46     		mov	sp, r7
 344              		@ sp needed
 345 001c 80BD     		pop	{r7, pc}
 347              		.section	.text._unlink,"ax",%progbits
 348              		.align	1
 349              		.global	_unlink
 350              		.syntax unified
 351              		.thumb
 352              		.thumb_func
 354              	_unlink:
 355              		@ args = 0, pretend = 0, frame = 8
 356              		@ frame_needed = 1, uses_anonymous_args = 0
 357 0000 80B5     		push	{r7, lr}
 358 0002 82B0     		sub	sp, sp, #8
 359 0004 00AF     		add	r7, sp, #0
 360 0006 7860     		str	r0, [r7, #4]
 361 0008 FFF7FEFF 		bl	__errno
 362 000c 0346     		mov	r3, r0
 363 000e 0222     		movs	r2, #2
 364 0010 1A60     		str	r2, [r3]
 365 0012 4FF0FF33 		mov	r3, #-1
 366 0016 1846     		mov	r0, r3
 367 0018 0837     		adds	r7, r7, #8
 368 001a BD46     		mov	sp, r7
 369              		@ sp needed
 370 001c 80BD     		pop	{r7, pc}
 372              		.section	.text._times,"ax",%progbits
ARM GAS  C:\Users\phamt\AppData\Local\Temp\cculsHGv.s 			page 7


 373              		.align	1
 374              		.global	_times
 375              		.syntax unified
 376              		.thumb
 377              		.thumb_func
 379              	_times:
 380              		@ args = 0, pretend = 0, frame = 8
 381              		@ frame_needed = 1, uses_anonymous_args = 0
 382              		@ link register save eliminated.
 383 0000 80B4     		push	{r7}
 384 0002 83B0     		sub	sp, sp, #12
 385 0004 00AF     		add	r7, sp, #0
 386 0006 7860     		str	r0, [r7, #4]
 387 0008 4FF0FF33 		mov	r3, #-1
 388 000c 1846     		mov	r0, r3
 389 000e 0C37     		adds	r7, r7, #12
 390 0010 BD46     		mov	sp, r7
 391              		@ sp needed
 392 0012 5DF8047B 		ldr	r7, [sp], #4
 393 0016 7047     		bx	lr
 395              		.section	.text._stat,"ax",%progbits
 396              		.align	1
 397              		.global	_stat
 398              		.syntax unified
 399              		.thumb
 400              		.thumb_func
 402              	_stat:
 403              		@ args = 0, pretend = 0, frame = 8
 404              		@ frame_needed = 1, uses_anonymous_args = 0
 405              		@ link register save eliminated.
 406 0000 80B4     		push	{r7}
 407 0002 83B0     		sub	sp, sp, #12
 408 0004 00AF     		add	r7, sp, #0
 409 0006 7860     		str	r0, [r7, #4]
 410 0008 3960     		str	r1, [r7]
 411 000a 3B68     		ldr	r3, [r7]
 412 000c 4FF40052 		mov	r2, #8192
 413 0010 5A60     		str	r2, [r3, #4]
 414 0012 0023     		movs	r3, #0
 415 0014 1846     		mov	r0, r3
 416 0016 0C37     		adds	r7, r7, #12
 417 0018 BD46     		mov	sp, r7
 418              		@ sp needed
 419 001a 5DF8047B 		ldr	r7, [sp], #4
 420 001e 7047     		bx	lr
 422              		.section	.text._link,"ax",%progbits
 423              		.align	1
 424              		.global	_link
 425              		.syntax unified
 426              		.thumb
 427              		.thumb_func
 429              	_link:
 430              		@ args = 0, pretend = 0, frame = 8
 431              		@ frame_needed = 1, uses_anonymous_args = 0
 432 0000 80B5     		push	{r7, lr}
 433 0002 82B0     		sub	sp, sp, #8
 434 0004 00AF     		add	r7, sp, #0
ARM GAS  C:\Users\phamt\AppData\Local\Temp\cculsHGv.s 			page 8


 435 0006 7860     		str	r0, [r7, #4]
 436 0008 3960     		str	r1, [r7]
 437 000a FFF7FEFF 		bl	__errno
 438 000e 0346     		mov	r3, r0
 439 0010 1F22     		movs	r2, #31
 440 0012 1A60     		str	r2, [r3]
 441 0014 4FF0FF33 		mov	r3, #-1
 442 0018 1846     		mov	r0, r3
 443 001a 0837     		adds	r7, r7, #8
 444 001c BD46     		mov	sp, r7
 445              		@ sp needed
 446 001e 80BD     		pop	{r7, pc}
 448              		.section	.text._fork,"ax",%progbits
 449              		.align	1
 450              		.global	_fork
 451              		.syntax unified
 452              		.thumb
 453              		.thumb_func
 455              	_fork:
 456              		@ args = 0, pretend = 0, frame = 0
 457              		@ frame_needed = 1, uses_anonymous_args = 0
 458 0000 80B5     		push	{r7, lr}
 459 0002 00AF     		add	r7, sp, #0
 460 0004 FFF7FEFF 		bl	__errno
 461 0008 0346     		mov	r3, r0
 462 000a 0B22     		movs	r2, #11
 463 000c 1A60     		str	r2, [r3]
 464 000e 4FF0FF33 		mov	r3, #-1
 465 0012 1846     		mov	r0, r3
 466 0014 80BD     		pop	{r7, pc}
 468              		.section	.text._execve,"ax",%progbits
 469              		.align	1
 470              		.global	_execve
 471              		.syntax unified
 472              		.thumb
 473              		.thumb_func
 475              	_execve:
 476              		@ args = 0, pretend = 0, frame = 16
 477              		@ frame_needed = 1, uses_anonymous_args = 0
 478 0000 80B5     		push	{r7, lr}
 479 0002 84B0     		sub	sp, sp, #16
 480 0004 00AF     		add	r7, sp, #0
 481 0006 F860     		str	r0, [r7, #12]
 482 0008 B960     		str	r1, [r7, #8]
 483 000a 7A60     		str	r2, [r7, #4]
 484 000c FFF7FEFF 		bl	__errno
 485 0010 0346     		mov	r3, r0
 486 0012 0C22     		movs	r2, #12
 487 0014 1A60     		str	r2, [r3]
 488 0016 4FF0FF33 		mov	r3, #-1
 489 001a 1846     		mov	r0, r3
 490 001c 1037     		adds	r7, r7, #16
 491 001e BD46     		mov	sp, r7
 492              		@ sp needed
 493 0020 80BD     		pop	{r7, pc}
 495              		.weak	__io_putchar
 496              		.weak	__io_getchar
ARM GAS  C:\Users\phamt\AppData\Local\Temp\cculsHGv.s 			page 9


 497              		.ident	"GCC: (GNU Arm Embedded Toolchain 10.3-2021.10) 10.3.1 20210824 (release)"
ARM GAS  C:\Users\phamt\AppData\Local\Temp\cculsHGv.s 			page 10


DEFINED SYMBOLS
                            *ABS*:00000000 syscalls.c
C:\Users\phamt\AppData\Local\Temp\cculsHGv.s:22     .bss.__env:00000000 __env
C:\Users\phamt\AppData\Local\Temp\cculsHGv.s:19     .bss.__env:00000000 $d
C:\Users\phamt\AppData\Local\Temp\cculsHGv.s:29     .data.environ:00000000 environ
C:\Users\phamt\AppData\Local\Temp\cculsHGv.s:26     .data.environ:00000000 $d
C:\Users\phamt\AppData\Local\Temp\cculsHGv.s:32     .text.initialise_monitor_handles:00000000 $t
C:\Users\phamt\AppData\Local\Temp\cculsHGv.s:38     .text.initialise_monitor_handles:00000000 initialise_monitor_handles
C:\Users\phamt\AppData\Local\Temp\cculsHGv.s:51     .text._getpid:00000000 $t
C:\Users\phamt\AppData\Local\Temp\cculsHGv.s:57     .text._getpid:00000000 _getpid
C:\Users\phamt\AppData\Local\Temp\cculsHGv.s:71     .text._kill:00000000 $t
C:\Users\phamt\AppData\Local\Temp\cculsHGv.s:77     .text._kill:00000000 _kill
C:\Users\phamt\AppData\Local\Temp\cculsHGv.s:97     .text._exit:00000000 $t
C:\Users\phamt\AppData\Local\Temp\cculsHGv.s:103    .text._exit:00000000 _exit
C:\Users\phamt\AppData\Local\Temp\cculsHGv.s:117    .text._read:00000000 $t
C:\Users\phamt\AppData\Local\Temp\cculsHGv.s:123    .text._read:00000000 _read
C:\Users\phamt\AppData\Local\Temp\cculsHGv.s:159    .text._write:00000000 $t
C:\Users\phamt\AppData\Local\Temp\cculsHGv.s:165    .text._write:00000000 _write
C:\Users\phamt\AppData\Local\Temp\cculsHGv.s:200    .text._close:00000000 $t
C:\Users\phamt\AppData\Local\Temp\cculsHGv.s:206    .text._close:00000000 _close
C:\Users\phamt\AppData\Local\Temp\cculsHGv.s:223    .text._fstat:00000000 $t
C:\Users\phamt\AppData\Local\Temp\cculsHGv.s:229    .text._fstat:00000000 _fstat
C:\Users\phamt\AppData\Local\Temp\cculsHGv.s:250    .text._isatty:00000000 $t
C:\Users\phamt\AppData\Local\Temp\cculsHGv.s:256    .text._isatty:00000000 _isatty
C:\Users\phamt\AppData\Local\Temp\cculsHGv.s:273    .text._lseek:00000000 $t
C:\Users\phamt\AppData\Local\Temp\cculsHGv.s:279    .text._lseek:00000000 _lseek
C:\Users\phamt\AppData\Local\Temp\cculsHGv.s:298    .text._open:00000000 $t
C:\Users\phamt\AppData\Local\Temp\cculsHGv.s:304    .text._open:00000000 _open
C:\Users\phamt\AppData\Local\Temp\cculsHGv.s:323    .text._wait:00000000 $t
C:\Users\phamt\AppData\Local\Temp\cculsHGv.s:329    .text._wait:00000000 _wait
C:\Users\phamt\AppData\Local\Temp\cculsHGv.s:348    .text._unlink:00000000 $t
C:\Users\phamt\AppData\Local\Temp\cculsHGv.s:354    .text._unlink:00000000 _unlink
C:\Users\phamt\AppData\Local\Temp\cculsHGv.s:373    .text._times:00000000 $t
C:\Users\phamt\AppData\Local\Temp\cculsHGv.s:379    .text._times:00000000 _times
C:\Users\phamt\AppData\Local\Temp\cculsHGv.s:396    .text._stat:00000000 $t
C:\Users\phamt\AppData\Local\Temp\cculsHGv.s:402    .text._stat:00000000 _stat
C:\Users\phamt\AppData\Local\Temp\cculsHGv.s:423    .text._link:00000000 $t
C:\Users\phamt\AppData\Local\Temp\cculsHGv.s:429    .text._link:00000000 _link
C:\Users\phamt\AppData\Local\Temp\cculsHGv.s:449    .text._fork:00000000 $t
C:\Users\phamt\AppData\Local\Temp\cculsHGv.s:455    .text._fork:00000000 _fork
C:\Users\phamt\AppData\Local\Temp\cculsHGv.s:469    .text._execve:00000000 $t
C:\Users\phamt\AppData\Local\Temp\cculsHGv.s:475    .text._execve:00000000 _execve

UNDEFINED SYMBOLS
__errno
__io_getchar
__io_putchar
