ARM GAS  C:\Users\phamt\AppData\Local\Temp\cctH4T5N.s 			page 1


   1              		.cpu cortex-m4
   2              		.arch armv7e-m
   3              		.fpu fpv4-sp-d16
   4              		.eabi_attribute 27, 1
   5              		.eabi_attribute 28, 1
   6              		.eabi_attribute 20, 1
   7              		.eabi_attribute 21, 1
   8              		.eabi_attribute 23, 3
   9              		.eabi_attribute 24, 1
  10              		.eabi_attribute 25, 1
  11              		.eabi_attribute 26, 1
  12              		.eabi_attribute 30, 6
  13              		.eabi_attribute 34, 1
  14              		.eabi_attribute 18, 4
  15              		.file	"systick_delay.c"
  16              		.text
  17              		.section	.text.__NVIC_SetPriority,"ax",%progbits
  18              		.align	1
  19              		.syntax unified
  20              		.thumb
  21              		.thumb_func
  23              	__NVIC_SetPriority:
  24              		@ args = 0, pretend = 0, frame = 8
  25              		@ frame_needed = 1, uses_anonymous_args = 0
  26              		@ link register save eliminated.
  27 0000 80B4     		push	{r7}
  28 0002 83B0     		sub	sp, sp, #12
  29 0004 00AF     		add	r7, sp, #0
  30 0006 0346     		mov	r3, r0
  31 0008 3960     		str	r1, [r7]
  32 000a FB71     		strb	r3, [r7, #7]
  33 000c 97F90730 		ldrsb	r3, [r7, #7]
  34 0010 002B     		cmp	r3, #0
  35 0012 0ADB     		blt	.L2
  36 0014 3B68     		ldr	r3, [r7]
  37 0016 DAB2     		uxtb	r2, r3
  38 0018 0C49     		ldr	r1, .L5
  39 001a 97F90730 		ldrsb	r3, [r7, #7]
  40 001e 1201     		lsls	r2, r2, #4
  41 0020 D2B2     		uxtb	r2, r2
  42 0022 0B44     		add	r3, r3, r1
  43 0024 83F80023 		strb	r2, [r3, #768]
  44 0028 0AE0     		b	.L4
  45              	.L2:
  46 002a 3B68     		ldr	r3, [r7]
  47 002c DAB2     		uxtb	r2, r3
  48 002e 0849     		ldr	r1, .L5+4
  49 0030 FB79     		ldrb	r3, [r7, #7]	@ zero_extendqisi2
  50 0032 03F00F03 		and	r3, r3, #15
  51 0036 043B     		subs	r3, r3, #4
  52 0038 1201     		lsls	r2, r2, #4
  53 003a D2B2     		uxtb	r2, r2
  54 003c 0B44     		add	r3, r3, r1
  55 003e 1A76     		strb	r2, [r3, #24]
  56              	.L4:
  57 0040 00BF     		nop
  58 0042 0C37     		adds	r7, r7, #12
ARM GAS  C:\Users\phamt\AppData\Local\Temp\cctH4T5N.s 			page 2


  59 0044 BD46     		mov	sp, r7
  60              		@ sp needed
  61 0046 5DF8047B 		ldr	r7, [sp], #4
  62 004a 7047     		bx	lr
  63              	.L6:
  64              		.align	2
  65              	.L5:
  66 004c 00E100E0 		.word	-536813312
  67 0050 00ED00E0 		.word	-536810240
  69              		.section	.text.SysTick_Config,"ax",%progbits
  70              		.align	1
  71              		.syntax unified
  72              		.thumb
  73              		.thumb_func
  75              	SysTick_Config:
  76              		@ args = 0, pretend = 0, frame = 8
  77              		@ frame_needed = 1, uses_anonymous_args = 0
  78 0000 80B5     		push	{r7, lr}
  79 0002 82B0     		sub	sp, sp, #8
  80 0004 00AF     		add	r7, sp, #0
  81 0006 7860     		str	r0, [r7, #4]
  82 0008 7B68     		ldr	r3, [r7, #4]
  83 000a 013B     		subs	r3, r3, #1
  84 000c B3F1807F 		cmp	r3, #16777216
  85 0010 01D3     		bcc	.L8
  86 0012 0123     		movs	r3, #1
  87 0014 0FE0     		b	.L9
  88              	.L8:
  89 0016 0A4A     		ldr	r2, .L10
  90 0018 7B68     		ldr	r3, [r7, #4]
  91 001a 013B     		subs	r3, r3, #1
  92 001c 5360     		str	r3, [r2, #4]
  93 001e 0F21     		movs	r1, #15
  94 0020 4FF0FF30 		mov	r0, #-1
  95 0024 FFF7FEFF 		bl	__NVIC_SetPriority
  96 0028 054B     		ldr	r3, .L10
  97 002a 0022     		movs	r2, #0
  98 002c 9A60     		str	r2, [r3, #8]
  99 002e 044B     		ldr	r3, .L10
 100 0030 0722     		movs	r2, #7
 101 0032 1A60     		str	r2, [r3]
 102 0034 0023     		movs	r3, #0
 103              	.L9:
 104 0036 1846     		mov	r0, r3
 105 0038 0837     		adds	r7, r7, #8
 106 003a BD46     		mov	sp, r7
 107              		@ sp needed
 108 003c 80BD     		pop	{r7, pc}
 109              	.L11:
 110 003e 00BF     		.align	2
 111              	.L10:
 112 0040 10E000E0 		.word	-536813552
 114              		.global	Count_Tick
 115              		.section	.bss.Count_Tick,"aw",%nobits
 116              		.align	2
 119              	Count_Tick:
 120 0000 00000000 		.space	4
ARM GAS  C:\Users\phamt\AppData\Local\Temp\cctH4T5N.s 			page 3


 121              		.section	.text.Init_Tick,"ax",%progbits
 122              		.align	1
 123              		.global	Init_Tick
 124              		.syntax unified
 125              		.thumb
 126              		.thumb_func
 128              	Init_Tick:
 129              		@ args = 0, pretend = 0, frame = 0
 130              		@ frame_needed = 1, uses_anonymous_args = 0
 131 0000 80B5     		push	{r7, lr}
 132 0002 00AF     		add	r7, sp, #0
 133 0004 054B     		ldr	r3, .L13
 134 0006 1B68     		ldr	r3, [r3]
 135 0008 054A     		ldr	r2, .L13+4
 136 000a A2FB0323 		umull	r2, r3, r2, r3
 137 000e 9B09     		lsrs	r3, r3, #6
 138 0010 1846     		mov	r0, r3
 139 0012 FFF7FEFF 		bl	SysTick_Config
 140 0016 00BF     		nop
 141 0018 80BD     		pop	{r7, pc}
 142              	.L14:
 143 001a 00BF     		.align	2
 144              	.L13:
 145 001c 00000000 		.word	SystemCoreClock
 146 0020 D34D6210 		.word	274877907
 148              		.section	.text.Inc_Tick,"ax",%progbits
 149              		.align	1
 150              		.global	Inc_Tick
 151              		.syntax unified
 152              		.thumb
 153              		.thumb_func
 155              	Inc_Tick:
 156              		@ args = 0, pretend = 0, frame = 0
 157              		@ frame_needed = 1, uses_anonymous_args = 0
 158              		@ link register save eliminated.
 159 0000 80B4     		push	{r7}
 160 0002 00AF     		add	r7, sp, #0
 161 0004 044B     		ldr	r3, .L16
 162 0006 1B68     		ldr	r3, [r3]
 163 0008 0133     		adds	r3, r3, #1
 164 000a 034A     		ldr	r2, .L16
 165 000c 1360     		str	r3, [r2]
 166 000e 00BF     		nop
 167 0010 BD46     		mov	sp, r7
 168              		@ sp needed
 169 0012 5DF8047B 		ldr	r7, [sp], #4
 170 0016 7047     		bx	lr
 171              	.L17:
 172              		.align	2
 173              	.L16:
 174 0018 00000000 		.word	Count_Tick
 176              		.section	.text.Get_Tick,"ax",%progbits
 177              		.align	1
 178              		.global	Get_Tick
 179              		.syntax unified
 180              		.thumb
 181              		.thumb_func
ARM GAS  C:\Users\phamt\AppData\Local\Temp\cctH4T5N.s 			page 4


 183              	Get_Tick:
 184              		@ args = 0, pretend = 0, frame = 0
 185              		@ frame_needed = 1, uses_anonymous_args = 0
 186              		@ link register save eliminated.
 187 0000 80B4     		push	{r7}
 188 0002 00AF     		add	r7, sp, #0
 189 0004 034B     		ldr	r3, .L20
 190 0006 1B68     		ldr	r3, [r3]
 191 0008 1846     		mov	r0, r3
 192 000a BD46     		mov	sp, r7
 193              		@ sp needed
 194 000c 5DF8047B 		ldr	r7, [sp], #4
 195 0010 7047     		bx	lr
 196              	.L21:
 197 0012 00BF     		.align	2
 198              	.L20:
 199 0014 00000000 		.word	Count_Tick
 201              		.section	.text.s_delay,"ax",%progbits
 202              		.align	1
 203              		.global	s_delay
 204              		.syntax unified
 205              		.thumb
 206              		.thumb_func
 208              	s_delay:
 209              		@ args = 0, pretend = 0, frame = 16
 210              		@ frame_needed = 1, uses_anonymous_args = 0
 211 0000 80B5     		push	{r7, lr}
 212 0002 84B0     		sub	sp, sp, #16
 213 0004 00AF     		add	r7, sp, #0
 214 0006 7860     		str	r0, [r7, #4]
 215 0008 FFF7FEFF 		bl	Get_Tick
 216 000c F860     		str	r0, [r7, #12]
 217 000e 00BF     		nop
 218              	.L23:
 219 0010 FFF7FEFF 		bl	Get_Tick
 220 0014 0246     		mov	r2, r0
 221 0016 FB68     		ldr	r3, [r7, #12]
 222 0018 D31A     		subs	r3, r2, r3
 223 001a 7A68     		ldr	r2, [r7, #4]
 224 001c 9A42     		cmp	r2, r3
 225 001e F7D8     		bhi	.L23
 226 0020 00BF     		nop
 227 0022 00BF     		nop
 228 0024 1037     		adds	r7, r7, #16
 229 0026 BD46     		mov	sp, r7
 230              		@ sp needed
 231 0028 80BD     		pop	{r7, pc}
 233              		.ident	"GCC: (GNU Arm Embedded Toolchain 10.3-2021.10) 10.3.1 20210824 (release)"
ARM GAS  C:\Users\phamt\AppData\Local\Temp\cctH4T5N.s 			page 5


DEFINED SYMBOLS
                            *ABS*:00000000 systick_delay.c
C:\Users\phamt\AppData\Local\Temp\cctH4T5N.s:18     .text.__NVIC_SetPriority:00000000 $t
C:\Users\phamt\AppData\Local\Temp\cctH4T5N.s:23     .text.__NVIC_SetPriority:00000000 __NVIC_SetPriority
C:\Users\phamt\AppData\Local\Temp\cctH4T5N.s:66     .text.__NVIC_SetPriority:0000004c $d
C:\Users\phamt\AppData\Local\Temp\cctH4T5N.s:70     .text.SysTick_Config:00000000 $t
C:\Users\phamt\AppData\Local\Temp\cctH4T5N.s:75     .text.SysTick_Config:00000000 SysTick_Config
C:\Users\phamt\AppData\Local\Temp\cctH4T5N.s:112    .text.SysTick_Config:00000040 $d
C:\Users\phamt\AppData\Local\Temp\cctH4T5N.s:119    .bss.Count_Tick:00000000 Count_Tick
C:\Users\phamt\AppData\Local\Temp\cctH4T5N.s:116    .bss.Count_Tick:00000000 $d
C:\Users\phamt\AppData\Local\Temp\cctH4T5N.s:122    .text.Init_Tick:00000000 $t
C:\Users\phamt\AppData\Local\Temp\cctH4T5N.s:128    .text.Init_Tick:00000000 Init_Tick
C:\Users\phamt\AppData\Local\Temp\cctH4T5N.s:145    .text.Init_Tick:0000001c $d
C:\Users\phamt\AppData\Local\Temp\cctH4T5N.s:149    .text.Inc_Tick:00000000 $t
C:\Users\phamt\AppData\Local\Temp\cctH4T5N.s:155    .text.Inc_Tick:00000000 Inc_Tick
C:\Users\phamt\AppData\Local\Temp\cctH4T5N.s:174    .text.Inc_Tick:00000018 $d
C:\Users\phamt\AppData\Local\Temp\cctH4T5N.s:177    .text.Get_Tick:00000000 $t
C:\Users\phamt\AppData\Local\Temp\cctH4T5N.s:183    .text.Get_Tick:00000000 Get_Tick
C:\Users\phamt\AppData\Local\Temp\cctH4T5N.s:199    .text.Get_Tick:00000014 $d
C:\Users\phamt\AppData\Local\Temp\cctH4T5N.s:202    .text.s_delay:00000000 $t
C:\Users\phamt\AppData\Local\Temp\cctH4T5N.s:208    .text.s_delay:00000000 s_delay

UNDEFINED SYMBOLS
SystemCoreClock
