ARM GAS  C:\Users\phamt\AppData\Local\Temp\cc0dBbJz.s 			page 1


   1              		.cpu cortex-m4
   2              		.arch armv7e-m
   3              		.fpu fpv4-sp-d16
   4              		.eabi_attribute 27, 1
   5              		.eabi_attribute 28, 1
   6              		.eabi_attribute 20, 1
   7              		.eabi_attribute 21, 1
   8              		.eabi_attribute 23, 3
   9              		.eabi_attribute 24, 1
  10              		.eabi_attribute 25, 1
  11              		.eabi_attribute 26, 1
  12              		.eabi_attribute 30, 6
  13              		.eabi_attribute 34, 1
  14              		.eabi_attribute 18, 4
  15              		.file	"timers.c"
  16              		.text
  17              		.section	.bss.xActiveTimerList1,"aw",%nobits
  18              		.align	2
  21              	xActiveTimerList1:
  22 0000 00000000 		.space	20
  22      00000000 
  22      00000000 
  22      00000000 
  22      00000000 
  23              		.section	.bss.xActiveTimerList2,"aw",%nobits
  24              		.align	2
  27              	xActiveTimerList2:
  28 0000 00000000 		.space	20
  28      00000000 
  28      00000000 
  28      00000000 
  28      00000000 
  29              		.section	.bss.pxCurrentTimerList,"aw",%nobits
  30              		.align	2
  33              	pxCurrentTimerList:
  34 0000 00000000 		.space	4
  35              		.section	.bss.pxOverflowTimerList,"aw",%nobits
  36              		.align	2
  39              	pxOverflowTimerList:
  40 0000 00000000 		.space	4
  41              		.section	.bss.xTimerQueue,"aw",%nobits
  42              		.align	2
  45              	xTimerQueue:
  46 0000 00000000 		.space	4
  47              		.section	.bss.xTimerTaskHandle,"aw",%nobits
  48              		.align	2
  51              	xTimerTaskHandle:
  52 0000 00000000 		.space	4
  53              		.section	.rodata
  54              		.align	2
  55              	.LC0:
  56 0000 546D7220 		.ascii	"Tmr Svc\000"
  56      53766300 
  57              		.section	.text.xTimerCreateTimerTask,"ax",%progbits
  58              		.align	1
  59              		.global	xTimerCreateTimerTask
  60              		.syntax unified
ARM GAS  C:\Users\phamt\AppData\Local\Temp\cc0dBbJz.s 			page 2


  61              		.thumb
  62              		.thumb_func
  64              	xTimerCreateTimerTask:
  65              		@ args = 0, pretend = 0, frame = 8
  66              		@ frame_needed = 1, uses_anonymous_args = 0
  67 0000 80B5     		push	{r7, lr}
  68 0002 84B0     		sub	sp, sp, #16
  69 0004 02AF     		add	r7, sp, #8
  70 0006 0023     		movs	r3, #0
  71 0008 7B60     		str	r3, [r7, #4]
  72 000a FFF7FEFF 		bl	prvCheckForValidListAndQueue
  73 000e 114B     		ldr	r3, .L6
  74 0010 1B68     		ldr	r3, [r3]
  75 0012 002B     		cmp	r3, #0
  76 0014 0BD0     		beq	.L2
  77 0016 104B     		ldr	r3, .L6+4
  78 0018 0193     		str	r3, [sp, #4]
  79 001a 0223     		movs	r3, #2
  80 001c 0093     		str	r3, [sp]
  81 001e 0023     		movs	r3, #0
  82 0020 4FF48072 		mov	r2, #256
  83 0024 0D49     		ldr	r1, .L6+8
  84 0026 0E48     		ldr	r0, .L6+12
  85 0028 FFF7FEFF 		bl	xTaskCreate
  86 002c 7860     		str	r0, [r7, #4]
  87              	.L2:
  88 002e 7B68     		ldr	r3, [r7, #4]
  89 0030 002B     		cmp	r3, #0
  90 0032 0AD1     		bne	.L3
  91              		.syntax unified
  92              	@ 217 "FreeRTOS/portable/GCC/ARM_CM4F/portmacro.h" 1
  93 0034 4FF05003 		   mov r3, #80                                              
  94 0038 83F31188 	   msr basepri, r3                                         
  95 003c BFF36F8F 	   isb                                                     
  96 0040 BFF34F8F 	   dsb                                                     
  97              	
  98              	@ 0 "" 2
  99              		.thumb
 100              		.syntax unified
 101 0044 3B60     		str	r3, [r7]
 102 0046 00BF     		nop
 103              	.L4:
 104 0048 FEE7     		b	.L4
 105              	.L3:
 106 004a 7B68     		ldr	r3, [r7, #4]
 107 004c 1846     		mov	r0, r3
 108 004e 0837     		adds	r7, r7, #8
 109 0050 BD46     		mov	sp, r7
 110              		@ sp needed
 111 0052 80BD     		pop	{r7, pc}
 112              	.L7:
 113              		.align	2
 114              	.L6:
 115 0054 00000000 		.word	xTimerQueue
 116 0058 00000000 		.word	xTimerTaskHandle
 117 005c 00000000 		.word	.LC0
 118 0060 00000000 		.word	prvTimerTask
ARM GAS  C:\Users\phamt\AppData\Local\Temp\cc0dBbJz.s 			page 3


 120              		.section	.text.xTimerCreate,"ax",%progbits
 121              		.align	1
 122              		.global	xTimerCreate
 123              		.syntax unified
 124              		.thumb
 125              		.thumb_func
 127              	xTimerCreate:
 128              		@ args = 4, pretend = 0, frame = 24
 129              		@ frame_needed = 1, uses_anonymous_args = 0
 130 0000 80B5     		push	{r7, lr}
 131 0002 88B0     		sub	sp, sp, #32
 132 0004 02AF     		add	r7, sp, #8
 133 0006 F860     		str	r0, [r7, #12]
 134 0008 B960     		str	r1, [r7, #8]
 135 000a 7A60     		str	r2, [r7, #4]
 136 000c 3B60     		str	r3, [r7]
 137 000e 2C20     		movs	r0, #44
 138 0010 FFF7FEFF 		bl	pvPortMalloc
 139 0014 7861     		str	r0, [r7, #20]
 140 0016 7B69     		ldr	r3, [r7, #20]
 141 0018 002B     		cmp	r3, #0
 142 001a 0DD0     		beq	.L9
 143 001c 7B69     		ldr	r3, [r7, #20]
 144 001e 0022     		movs	r2, #0
 145 0020 83F82820 		strb	r2, [r3, #40]
 146 0024 7B69     		ldr	r3, [r7, #20]
 147 0026 0193     		str	r3, [sp, #4]
 148 0028 3B6A     		ldr	r3, [r7, #32]
 149 002a 0093     		str	r3, [sp]
 150 002c 3B68     		ldr	r3, [r7]
 151 002e 7A68     		ldr	r2, [r7, #4]
 152 0030 B968     		ldr	r1, [r7, #8]
 153 0032 F868     		ldr	r0, [r7, #12]
 154 0034 FFF7FEFF 		bl	prvInitialiseNewTimer
 155              	.L9:
 156 0038 7B69     		ldr	r3, [r7, #20]
 157 003a 1846     		mov	r0, r3
 158 003c 1837     		adds	r7, r7, #24
 159 003e BD46     		mov	sp, r7
 160              		@ sp needed
 161 0040 80BD     		pop	{r7, pc}
 163              		.section	.text.prvInitialiseNewTimer,"ax",%progbits
 164              		.align	1
 165              		.syntax unified
 166              		.thumb
 167              		.thumb_func
 169              	prvInitialiseNewTimer:
 170              		@ args = 8, pretend = 0, frame = 24
 171              		@ frame_needed = 1, uses_anonymous_args = 0
 172 0000 80B5     		push	{r7, lr}
 173 0002 86B0     		sub	sp, sp, #24
 174 0004 00AF     		add	r7, sp, #0
 175 0006 F860     		str	r0, [r7, #12]
 176 0008 B960     		str	r1, [r7, #8]
 177 000a 7A60     		str	r2, [r7, #4]
 178 000c 3B60     		str	r3, [r7]
 179 000e BB68     		ldr	r3, [r7, #8]
ARM GAS  C:\Users\phamt\AppData\Local\Temp\cc0dBbJz.s 			page 4


 180 0010 002B     		cmp	r3, #0
 181 0012 0AD1     		bne	.L12
 182              		.syntax unified
 183              	@ 217 "FreeRTOS/portable/GCC/ARM_CM4F/portmacro.h" 1
 184 0014 4FF05003 		   mov r3, #80                                              
 185 0018 83F31188 	   msr basepri, r3                                         
 186 001c BFF36F8F 	   isb                                                     
 187 0020 BFF34F8F 	   dsb                                                     
 188              	
 189              	@ 0 "" 2
 190              		.thumb
 191              		.syntax unified
 192 0024 7B61     		str	r3, [r7, #20]
 193 0026 00BF     		nop
 194              	.L13:
 195 0028 FEE7     		b	.L13
 196              	.L12:
 197 002a FFF7FEFF 		bl	prvCheckForValidListAndQueue
 198 002e 7B6A     		ldr	r3, [r7, #36]
 199 0030 FA68     		ldr	r2, [r7, #12]
 200 0032 1A60     		str	r2, [r3]
 201 0034 7B6A     		ldr	r3, [r7, #36]
 202 0036 BA68     		ldr	r2, [r7, #8]
 203 0038 9A61     		str	r2, [r3, #24]
 204 003a 7B6A     		ldr	r3, [r7, #36]
 205 003c 3A68     		ldr	r2, [r7]
 206 003e DA61     		str	r2, [r3, #28]
 207 0040 7B6A     		ldr	r3, [r7, #36]
 208 0042 3A6A     		ldr	r2, [r7, #32]
 209 0044 1A62     		str	r2, [r3, #32]
 210 0046 7B6A     		ldr	r3, [r7, #36]
 211 0048 0433     		adds	r3, r3, #4
 212 004a 1846     		mov	r0, r3
 213 004c FFF7FEFF 		bl	vListInitialiseItem
 214 0050 7B68     		ldr	r3, [r7, #4]
 215 0052 002B     		cmp	r3, #0
 216 0054 08D0     		beq	.L15
 217 0056 7B6A     		ldr	r3, [r7, #36]
 218 0058 93F82830 		ldrb	r3, [r3, #40]	@ zero_extendqisi2
 219 005c 43F00403 		orr	r3, r3, #4
 220 0060 DAB2     		uxtb	r2, r3
 221 0062 7B6A     		ldr	r3, [r7, #36]
 222 0064 83F82820 		strb	r2, [r3, #40]
 223              	.L15:
 224 0068 00BF     		nop
 225 006a 1837     		adds	r7, r7, #24
 226 006c BD46     		mov	sp, r7
 227              		@ sp needed
 228 006e 80BD     		pop	{r7, pc}
 230              		.section	.text.xTimerGenericCommandFromTask,"ax",%progbits
 231              		.align	1
 232              		.global	xTimerGenericCommandFromTask
 233              		.syntax unified
 234              		.thumb
 235              		.thumb_func
 237              	xTimerGenericCommandFromTask:
 238              		@ args = 4, pretend = 0, frame = 48
ARM GAS  C:\Users\phamt\AppData\Local\Temp\cc0dBbJz.s 			page 5


 239              		@ frame_needed = 1, uses_anonymous_args = 0
 240 0000 80B5     		push	{r7, lr}
 241 0002 8CB0     		sub	sp, sp, #48
 242 0004 00AF     		add	r7, sp, #0
 243 0006 F860     		str	r0, [r7, #12]
 244 0008 B960     		str	r1, [r7, #8]
 245 000a 7A60     		str	r2, [r7, #4]
 246 000c 3B60     		str	r3, [r7]
 247 000e 0023     		movs	r3, #0
 248 0010 FB62     		str	r3, [r7, #44]
 249 0012 FB68     		ldr	r3, [r7, #12]
 250 0014 002B     		cmp	r3, #0
 251 0016 0AD1     		bne	.L17
 252              		.syntax unified
 253              	@ 217 "FreeRTOS/portable/GCC/ARM_CM4F/portmacro.h" 1
 254 0018 4FF05003 		   mov r3, #80                                              
 255 001c 83F31188 	   msr basepri, r3                                         
 256 0020 BFF36F8F 	   isb                                                     
 257 0024 BFF34F8F 	   dsb                                                     
 258              	
 259              	@ 0 "" 2
 260              		.thumb
 261              		.syntax unified
 262 0028 BB62     		str	r3, [r7, #40]
 263 002a 00BF     		nop
 264              	.L18:
 265 002c FEE7     		b	.L18
 266              	.L17:
 267 002e 1C4B     		ldr	r3, .L24
 268 0030 1B68     		ldr	r3, [r3]
 269 0032 002B     		cmp	r3, #0
 270 0034 2ED0     		beq	.L19
 271 0036 BB68     		ldr	r3, [r7, #8]
 272 0038 7B61     		str	r3, [r7, #20]
 273 003a 7B68     		ldr	r3, [r7, #4]
 274 003c BB61     		str	r3, [r7, #24]
 275 003e FB68     		ldr	r3, [r7, #12]
 276 0040 FB61     		str	r3, [r7, #28]
 277 0042 BB68     		ldr	r3, [r7, #8]
 278 0044 052B     		cmp	r3, #5
 279 0046 0ADD     		ble	.L20
 280              		.syntax unified
 281              	@ 217 "FreeRTOS/portable/GCC/ARM_CM4F/portmacro.h" 1
 282 0048 4FF05003 		   mov r3, #80                                              
 283 004c 83F31188 	   msr basepri, r3                                         
 284 0050 BFF36F8F 	   isb                                                     
 285 0054 BFF34F8F 	   dsb                                                     
 286              	
 287              	@ 0 "" 2
 288              		.thumb
 289              		.syntax unified
 290 0058 7B62     		str	r3, [r7, #36]
 291 005a 00BF     		nop
 292              	.L21:
 293 005c FEE7     		b	.L21
 294              	.L20:
 295 005e BB68     		ldr	r3, [r7, #8]
ARM GAS  C:\Users\phamt\AppData\Local\Temp\cc0dBbJz.s 			page 6


 296 0060 052B     		cmp	r3, #5
 297 0062 17DC     		bgt	.L19
 298 0064 FFF7FEFF 		bl	xTaskGetSchedulerState
 299 0068 0346     		mov	r3, r0
 300 006a 022B     		cmp	r3, #2
 301 006c 09D1     		bne	.L22
 302 006e 0C4B     		ldr	r3, .L24
 303 0070 1868     		ldr	r0, [r3]
 304 0072 07F11401 		add	r1, r7, #20
 305 0076 0023     		movs	r3, #0
 306 0078 BA6B     		ldr	r2, [r7, #56]
 307 007a FFF7FEFF 		bl	xQueueGenericSend
 308 007e F862     		str	r0, [r7, #44]
 309 0080 08E0     		b	.L19
 310              	.L22:
 311 0082 074B     		ldr	r3, .L24
 312 0084 1868     		ldr	r0, [r3]
 313 0086 07F11401 		add	r1, r7, #20
 314 008a 0023     		movs	r3, #0
 315 008c 0022     		movs	r2, #0
 316 008e FFF7FEFF 		bl	xQueueGenericSend
 317 0092 F862     		str	r0, [r7, #44]
 318              	.L19:
 319 0094 FB6A     		ldr	r3, [r7, #44]
 320 0096 1846     		mov	r0, r3
 321 0098 3037     		adds	r7, r7, #48
 322 009a BD46     		mov	sp, r7
 323              		@ sp needed
 324 009c 80BD     		pop	{r7, pc}
 325              	.L25:
 326 009e 00BF     		.align	2
 327              	.L24:
 328 00a0 00000000 		.word	xTimerQueue
 330              		.section	.text.xTimerGenericCommandFromISR,"ax",%progbits
 331              		.align	1
 332              		.global	xTimerGenericCommandFromISR
 333              		.syntax unified
 334              		.thumb
 335              		.thumb_func
 337              	xTimerGenericCommandFromISR:
 338              		@ args = 4, pretend = 0, frame = 48
 339              		@ frame_needed = 1, uses_anonymous_args = 0
 340 0000 80B5     		push	{r7, lr}
 341 0002 8CB0     		sub	sp, sp, #48
 342 0004 00AF     		add	r7, sp, #0
 343 0006 F860     		str	r0, [r7, #12]
 344 0008 B960     		str	r1, [r7, #8]
 345 000a 7A60     		str	r2, [r7, #4]
 346 000c 3B60     		str	r3, [r7]
 347 000e 0023     		movs	r3, #0
 348 0010 FB62     		str	r3, [r7, #44]
 349 0012 FB68     		ldr	r3, [r7, #12]
 350 0014 002B     		cmp	r3, #0
 351 0016 0AD1     		bne	.L27
 352              		.syntax unified
 353              	@ 217 "FreeRTOS/portable/GCC/ARM_CM4F/portmacro.h" 1
 354 0018 4FF05003 		   mov r3, #80                                              
ARM GAS  C:\Users\phamt\AppData\Local\Temp\cc0dBbJz.s 			page 7


 355 001c 83F31188 	   msr basepri, r3                                         
 356 0020 BFF36F8F 	   isb                                                     
 357 0024 BFF34F8F 	   dsb                                                     
 358              	
 359              	@ 0 "" 2
 360              		.thumb
 361              		.syntax unified
 362 0028 BB62     		str	r3, [r7, #40]
 363 002a 00BF     		nop
 364              	.L28:
 365 002c FEE7     		b	.L28
 366              	.L27:
 367 002e 144B     		ldr	r3, .L33
 368 0030 1B68     		ldr	r3, [r3]
 369 0032 002B     		cmp	r3, #0
 370 0034 1FD0     		beq	.L29
 371 0036 BB68     		ldr	r3, [r7, #8]
 372 0038 7B61     		str	r3, [r7, #20]
 373 003a 7B68     		ldr	r3, [r7, #4]
 374 003c BB61     		str	r3, [r7, #24]
 375 003e FB68     		ldr	r3, [r7, #12]
 376 0040 FB61     		str	r3, [r7, #28]
 377 0042 BB68     		ldr	r3, [r7, #8]
 378 0044 052B     		cmp	r3, #5
 379 0046 0ADC     		bgt	.L30
 380              		.syntax unified
 381              	@ 217 "FreeRTOS/portable/GCC/ARM_CM4F/portmacro.h" 1
 382 0048 4FF05003 		   mov r3, #80                                              
 383 004c 83F31188 	   msr basepri, r3                                         
 384 0050 BFF36F8F 	   isb                                                     
 385 0054 BFF34F8F 	   dsb                                                     
 386              	
 387              	@ 0 "" 2
 388              		.thumb
 389              		.syntax unified
 390 0058 7B62     		str	r3, [r7, #36]
 391 005a 00BF     		nop
 392              	.L31:
 393 005c FEE7     		b	.L31
 394              	.L30:
 395 005e BB68     		ldr	r3, [r7, #8]
 396 0060 052B     		cmp	r3, #5
 397 0062 08DD     		ble	.L29
 398 0064 064B     		ldr	r3, .L33
 399 0066 1868     		ldr	r0, [r3]
 400 0068 07F11401 		add	r1, r7, #20
 401 006c 0023     		movs	r3, #0
 402 006e 3A68     		ldr	r2, [r7]
 403 0070 FFF7FEFF 		bl	xQueueGenericSendFromISR
 404 0074 F862     		str	r0, [r7, #44]
 405              	.L29:
 406 0076 FB6A     		ldr	r3, [r7, #44]
 407 0078 1846     		mov	r0, r3
 408 007a 3037     		adds	r7, r7, #48
 409 007c BD46     		mov	sp, r7
 410              		@ sp needed
 411 007e 80BD     		pop	{r7, pc}
ARM GAS  C:\Users\phamt\AppData\Local\Temp\cc0dBbJz.s 			page 8


 412              	.L34:
 413              		.align	2
 414              	.L33:
 415 0080 00000000 		.word	xTimerQueue
 417              		.section	.text.xTimerGetTimerDaemonTaskHandle,"ax",%progbits
 418              		.align	1
 419              		.global	xTimerGetTimerDaemonTaskHandle
 420              		.syntax unified
 421              		.thumb
 422              		.thumb_func
 424              	xTimerGetTimerDaemonTaskHandle:
 425              		@ args = 0, pretend = 0, frame = 8
 426              		@ frame_needed = 1, uses_anonymous_args = 0
 427              		@ link register save eliminated.
 428 0000 80B4     		push	{r7}
 429 0002 83B0     		sub	sp, sp, #12
 430 0004 00AF     		add	r7, sp, #0
 431 0006 0B4B     		ldr	r3, .L39
 432 0008 1B68     		ldr	r3, [r3]
 433 000a 002B     		cmp	r3, #0
 434 000c 0AD1     		bne	.L36
 435              		.syntax unified
 436              	@ 217 "FreeRTOS/portable/GCC/ARM_CM4F/portmacro.h" 1
 437 000e 4FF05003 		   mov r3, #80                                              
 438 0012 83F31188 	   msr basepri, r3                                         
 439 0016 BFF36F8F 	   isb                                                     
 440 001a BFF34F8F 	   dsb                                                     
 441              	
 442              	@ 0 "" 2
 443              		.thumb
 444              		.syntax unified
 445 001e 7B60     		str	r3, [r7, #4]
 446 0020 00BF     		nop
 447              	.L37:
 448 0022 FEE7     		b	.L37
 449              	.L36:
 450 0024 034B     		ldr	r3, .L39
 451 0026 1B68     		ldr	r3, [r3]
 452 0028 1846     		mov	r0, r3
 453 002a 0C37     		adds	r7, r7, #12
 454 002c BD46     		mov	sp, r7
 455              		@ sp needed
 456 002e 5DF8047B 		ldr	r7, [sp], #4
 457 0032 7047     		bx	lr
 458              	.L40:
 459              		.align	2
 460              	.L39:
 461 0034 00000000 		.word	xTimerTaskHandle
 463              		.section	.text.xTimerGetPeriod,"ax",%progbits
 464              		.align	1
 465              		.global	xTimerGetPeriod
 466              		.syntax unified
 467              		.thumb
 468              		.thumb_func
 470              	xTimerGetPeriod:
 471              		@ args = 0, pretend = 0, frame = 16
 472              		@ frame_needed = 1, uses_anonymous_args = 0
ARM GAS  C:\Users\phamt\AppData\Local\Temp\cc0dBbJz.s 			page 9


 473              		@ link register save eliminated.
 474 0000 80B4     		push	{r7}
 475 0002 85B0     		sub	sp, sp, #20
 476 0004 00AF     		add	r7, sp, #0
 477 0006 7860     		str	r0, [r7, #4]
 478 0008 7B68     		ldr	r3, [r7, #4]
 479 000a FB60     		str	r3, [r7, #12]
 480 000c 7B68     		ldr	r3, [r7, #4]
 481 000e 002B     		cmp	r3, #0
 482 0010 0AD1     		bne	.L42
 483              		.syntax unified
 484              	@ 217 "FreeRTOS/portable/GCC/ARM_CM4F/portmacro.h" 1
 485 0012 4FF05003 		   mov r3, #80                                              
 486 0016 83F31188 	   msr basepri, r3                                         
 487 001a BFF36F8F 	   isb                                                     
 488 001e BFF34F8F 	   dsb                                                     
 489              	
 490              	@ 0 "" 2
 491              		.thumb
 492              		.syntax unified
 493 0022 BB60     		str	r3, [r7, #8]
 494 0024 00BF     		nop
 495              	.L43:
 496 0026 FEE7     		b	.L43
 497              	.L42:
 498 0028 FB68     		ldr	r3, [r7, #12]
 499 002a 9B69     		ldr	r3, [r3, #24]
 500 002c 1846     		mov	r0, r3
 501 002e 1437     		adds	r7, r7, #20
 502 0030 BD46     		mov	sp, r7
 503              		@ sp needed
 504 0032 5DF8047B 		ldr	r7, [sp], #4
 505 0036 7047     		bx	lr
 507              		.section	.text.vTimerSetReloadMode,"ax",%progbits
 508              		.align	1
 509              		.global	vTimerSetReloadMode
 510              		.syntax unified
 511              		.thumb
 512              		.thumb_func
 514              	vTimerSetReloadMode:
 515              		@ args = 0, pretend = 0, frame = 16
 516              		@ frame_needed = 1, uses_anonymous_args = 0
 517 0000 80B5     		push	{r7, lr}
 518 0002 84B0     		sub	sp, sp, #16
 519 0004 00AF     		add	r7, sp, #0
 520 0006 7860     		str	r0, [r7, #4]
 521 0008 3960     		str	r1, [r7]
 522 000a 7B68     		ldr	r3, [r7, #4]
 523 000c FB60     		str	r3, [r7, #12]
 524 000e 7B68     		ldr	r3, [r7, #4]
 525 0010 002B     		cmp	r3, #0
 526 0012 0AD1     		bne	.L46
 527              		.syntax unified
 528              	@ 217 "FreeRTOS/portable/GCC/ARM_CM4F/portmacro.h" 1
 529 0014 4FF05003 		   mov r3, #80                                              
 530 0018 83F31188 	   msr basepri, r3                                         
 531 001c BFF36F8F 	   isb                                                     
ARM GAS  C:\Users\phamt\AppData\Local\Temp\cc0dBbJz.s 			page 10


 532 0020 BFF34F8F 	   dsb                                                     
 533              	
 534              	@ 0 "" 2
 535              		.thumb
 536              		.syntax unified
 537 0024 BB60     		str	r3, [r7, #8]
 538 0026 00BF     		nop
 539              	.L47:
 540 0028 FEE7     		b	.L47
 541              	.L46:
 542 002a FFF7FEFF 		bl	vPortEnterCritical
 543 002e 3B68     		ldr	r3, [r7]
 544 0030 002B     		cmp	r3, #0
 545 0032 09D0     		beq	.L48
 546 0034 FB68     		ldr	r3, [r7, #12]
 547 0036 93F82830 		ldrb	r3, [r3, #40]	@ zero_extendqisi2
 548 003a 43F00403 		orr	r3, r3, #4
 549 003e DAB2     		uxtb	r2, r3
 550 0040 FB68     		ldr	r3, [r7, #12]
 551 0042 83F82820 		strb	r2, [r3, #40]
 552 0046 08E0     		b	.L49
 553              	.L48:
 554 0048 FB68     		ldr	r3, [r7, #12]
 555 004a 93F82830 		ldrb	r3, [r3, #40]	@ zero_extendqisi2
 556 004e 23F00403 		bic	r3, r3, #4
 557 0052 DAB2     		uxtb	r2, r3
 558 0054 FB68     		ldr	r3, [r7, #12]
 559 0056 83F82820 		strb	r2, [r3, #40]
 560              	.L49:
 561 005a FFF7FEFF 		bl	vPortExitCritical
 562 005e 00BF     		nop
 563 0060 1037     		adds	r7, r7, #16
 564 0062 BD46     		mov	sp, r7
 565              		@ sp needed
 566 0064 80BD     		pop	{r7, pc}
 568              		.section	.text.xTimerGetReloadMode,"ax",%progbits
 569              		.align	1
 570              		.global	xTimerGetReloadMode
 571              		.syntax unified
 572              		.thumb
 573              		.thumb_func
 575              	xTimerGetReloadMode:
 576              		@ args = 0, pretend = 0, frame = 24
 577              		@ frame_needed = 1, uses_anonymous_args = 0
 578 0000 80B5     		push	{r7, lr}
 579 0002 86B0     		sub	sp, sp, #24
 580 0004 00AF     		add	r7, sp, #0
 581 0006 7860     		str	r0, [r7, #4]
 582 0008 7B68     		ldr	r3, [r7, #4]
 583 000a 3B61     		str	r3, [r7, #16]
 584 000c 7B68     		ldr	r3, [r7, #4]
 585 000e 002B     		cmp	r3, #0
 586 0010 0AD1     		bne	.L51
 587              		.syntax unified
 588              	@ 217 "FreeRTOS/portable/GCC/ARM_CM4F/portmacro.h" 1
 589 0012 4FF05003 		   mov r3, #80                                              
 590 0016 83F31188 	   msr basepri, r3                                         
ARM GAS  C:\Users\phamt\AppData\Local\Temp\cc0dBbJz.s 			page 11


 591 001a BFF36F8F 	   isb                                                     
 592 001e BFF34F8F 	   dsb                                                     
 593              	
 594              	@ 0 "" 2
 595              		.thumb
 596              		.syntax unified
 597 0022 FB60     		str	r3, [r7, #12]
 598 0024 00BF     		nop
 599              	.L52:
 600 0026 FEE7     		b	.L52
 601              	.L51:
 602 0028 FFF7FEFF 		bl	vPortEnterCritical
 603 002c 3B69     		ldr	r3, [r7, #16]
 604 002e 93F82830 		ldrb	r3, [r3, #40]	@ zero_extendqisi2
 605 0032 03F00403 		and	r3, r3, #4
 606 0036 002B     		cmp	r3, #0
 607 0038 02D1     		bne	.L53
 608 003a 0023     		movs	r3, #0
 609 003c 7B61     		str	r3, [r7, #20]
 610 003e 01E0     		b	.L54
 611              	.L53:
 612 0040 0123     		movs	r3, #1
 613 0042 7B61     		str	r3, [r7, #20]
 614              	.L54:
 615 0044 FFF7FEFF 		bl	vPortExitCritical
 616 0048 7B69     		ldr	r3, [r7, #20]
 617 004a 1846     		mov	r0, r3
 618 004c 1837     		adds	r7, r7, #24
 619 004e BD46     		mov	sp, r7
 620              		@ sp needed
 621 0050 80BD     		pop	{r7, pc}
 623              		.section	.text.uxTimerGetReloadMode,"ax",%progbits
 624              		.align	1
 625              		.global	uxTimerGetReloadMode
 626              		.syntax unified
 627              		.thumb
 628              		.thumb_func
 630              	uxTimerGetReloadMode:
 631              		@ args = 0, pretend = 0, frame = 16
 632              		@ frame_needed = 1, uses_anonymous_args = 0
 633 0000 80B5     		push	{r7, lr}
 634 0002 84B0     		sub	sp, sp, #16
 635 0004 00AF     		add	r7, sp, #0
 636 0006 7860     		str	r0, [r7, #4]
 637 0008 7868     		ldr	r0, [r7, #4]
 638 000a FFF7FEFF 		bl	xTimerGetReloadMode
 639 000e 0346     		mov	r3, r0
 640 0010 FB60     		str	r3, [r7, #12]
 641 0012 FB68     		ldr	r3, [r7, #12]
 642 0014 1846     		mov	r0, r3
 643 0016 1037     		adds	r7, r7, #16
 644 0018 BD46     		mov	sp, r7
 645              		@ sp needed
 646 001a 80BD     		pop	{r7, pc}
 648              		.section	.text.xTimerGetExpiryTime,"ax",%progbits
 649              		.align	1
 650              		.global	xTimerGetExpiryTime
ARM GAS  C:\Users\phamt\AppData\Local\Temp\cc0dBbJz.s 			page 12


 651              		.syntax unified
 652              		.thumb
 653              		.thumb_func
 655              	xTimerGetExpiryTime:
 656              		@ args = 0, pretend = 0, frame = 24
 657              		@ frame_needed = 1, uses_anonymous_args = 0
 658              		@ link register save eliminated.
 659 0000 80B4     		push	{r7}
 660 0002 87B0     		sub	sp, sp, #28
 661 0004 00AF     		add	r7, sp, #0
 662 0006 7860     		str	r0, [r7, #4]
 663 0008 7B68     		ldr	r3, [r7, #4]
 664 000a 7B61     		str	r3, [r7, #20]
 665 000c 7B68     		ldr	r3, [r7, #4]
 666 000e 002B     		cmp	r3, #0
 667 0010 0AD1     		bne	.L59
 668              		.syntax unified
 669              	@ 217 "FreeRTOS/portable/GCC/ARM_CM4F/portmacro.h" 1
 670 0012 4FF05003 		   mov r3, #80                                              
 671 0016 83F31188 	   msr basepri, r3                                         
 672 001a BFF36F8F 	   isb                                                     
 673 001e BFF34F8F 	   dsb                                                     
 674              	
 675              	@ 0 "" 2
 676              		.thumb
 677              		.syntax unified
 678 0022 FB60     		str	r3, [r7, #12]
 679 0024 00BF     		nop
 680              	.L60:
 681 0026 FEE7     		b	.L60
 682              	.L59:
 683 0028 7B69     		ldr	r3, [r7, #20]
 684 002a 5B68     		ldr	r3, [r3, #4]
 685 002c 3B61     		str	r3, [r7, #16]
 686 002e 3B69     		ldr	r3, [r7, #16]
 687 0030 1846     		mov	r0, r3
 688 0032 1C37     		adds	r7, r7, #28
 689 0034 BD46     		mov	sp, r7
 690              		@ sp needed
 691 0036 5DF8047B 		ldr	r7, [sp], #4
 692 003a 7047     		bx	lr
 694              		.section	.text.pcTimerGetName,"ax",%progbits
 695              		.align	1
 696              		.global	pcTimerGetName
 697              		.syntax unified
 698              		.thumb
 699              		.thumb_func
 701              	pcTimerGetName:
 702              		@ args = 0, pretend = 0, frame = 16
 703              		@ frame_needed = 1, uses_anonymous_args = 0
 704              		@ link register save eliminated.
 705 0000 80B4     		push	{r7}
 706 0002 85B0     		sub	sp, sp, #20
 707 0004 00AF     		add	r7, sp, #0
 708 0006 7860     		str	r0, [r7, #4]
 709 0008 7B68     		ldr	r3, [r7, #4]
 710 000a FB60     		str	r3, [r7, #12]
ARM GAS  C:\Users\phamt\AppData\Local\Temp\cc0dBbJz.s 			page 13


 711 000c 7B68     		ldr	r3, [r7, #4]
 712 000e 002B     		cmp	r3, #0
 713 0010 0AD1     		bne	.L63
 714              		.syntax unified
 715              	@ 217 "FreeRTOS/portable/GCC/ARM_CM4F/portmacro.h" 1
 716 0012 4FF05003 		   mov r3, #80                                              
 717 0016 83F31188 	   msr basepri, r3                                         
 718 001a BFF36F8F 	   isb                                                     
 719 001e BFF34F8F 	   dsb                                                     
 720              	
 721              	@ 0 "" 2
 722              		.thumb
 723              		.syntax unified
 724 0022 BB60     		str	r3, [r7, #8]
 725 0024 00BF     		nop
 726              	.L64:
 727 0026 FEE7     		b	.L64
 728              	.L63:
 729 0028 FB68     		ldr	r3, [r7, #12]
 730 002a 1B68     		ldr	r3, [r3]
 731 002c 1846     		mov	r0, r3
 732 002e 1437     		adds	r7, r7, #20
 733 0030 BD46     		mov	sp, r7
 734              		@ sp needed
 735 0032 5DF8047B 		ldr	r7, [sp], #4
 736 0036 7047     		bx	lr
 738              		.section	.text.prvReloadTimer,"ax",%progbits
 739              		.align	1
 740              		.syntax unified
 741              		.thumb
 742              		.thumb_func
 744              	prvReloadTimer:
 745              		@ args = 0, pretend = 0, frame = 16
 746              		@ frame_needed = 1, uses_anonymous_args = 0
 747 0000 80B5     		push	{r7, lr}
 748 0002 84B0     		sub	sp, sp, #16
 749 0004 00AF     		add	r7, sp, #0
 750 0006 F860     		str	r0, [r7, #12]
 751 0008 B960     		str	r1, [r7, #8]
 752 000a 7A60     		str	r2, [r7, #4]
 753 000c 08E0     		b	.L67
 754              	.L68:
 755 000e FB68     		ldr	r3, [r7, #12]
 756 0010 9B69     		ldr	r3, [r3, #24]
 757 0012 BA68     		ldr	r2, [r7, #8]
 758 0014 1344     		add	r3, r3, r2
 759 0016 BB60     		str	r3, [r7, #8]
 760 0018 FB68     		ldr	r3, [r7, #12]
 761 001a 1B6A     		ldr	r3, [r3, #32]
 762 001c F868     		ldr	r0, [r7, #12]
 763 001e 9847     		blx	r3
 764              	.L67:
 765 0020 FB68     		ldr	r3, [r7, #12]
 766 0022 9A69     		ldr	r2, [r3, #24]
 767 0024 BB68     		ldr	r3, [r7, #8]
 768 0026 D118     		adds	r1, r2, r3
 769 0028 BB68     		ldr	r3, [r7, #8]
ARM GAS  C:\Users\phamt\AppData\Local\Temp\cc0dBbJz.s 			page 14


 770 002a 7A68     		ldr	r2, [r7, #4]
 771 002c F868     		ldr	r0, [r7, #12]
 772 002e FFF7FEFF 		bl	prvInsertTimerInActiveList
 773 0032 0346     		mov	r3, r0
 774 0034 002B     		cmp	r3, #0
 775 0036 EAD1     		bne	.L68
 776 0038 00BF     		nop
 777 003a 00BF     		nop
 778 003c 1037     		adds	r7, r7, #16
 779 003e BD46     		mov	sp, r7
 780              		@ sp needed
 781 0040 80BD     		pop	{r7, pc}
 783              		.section	.text.prvProcessExpiredTimer,"ax",%progbits
 784              		.align	1
 785              		.syntax unified
 786              		.thumb
 787              		.thumb_func
 789              	prvProcessExpiredTimer:
 790              		@ args = 0, pretend = 0, frame = 16
 791              		@ frame_needed = 1, uses_anonymous_args = 0
 792 0000 80B5     		push	{r7, lr}
 793 0002 84B0     		sub	sp, sp, #16
 794 0004 00AF     		add	r7, sp, #0
 795 0006 7860     		str	r0, [r7, #4]
 796 0008 3960     		str	r1, [r7]
 797 000a 144B     		ldr	r3, .L72
 798 000c 1B68     		ldr	r3, [r3]
 799 000e DB68     		ldr	r3, [r3, #12]
 800 0010 DB68     		ldr	r3, [r3, #12]
 801 0012 FB60     		str	r3, [r7, #12]
 802 0014 FB68     		ldr	r3, [r7, #12]
 803 0016 0433     		adds	r3, r3, #4
 804 0018 1846     		mov	r0, r3
 805 001a FFF7FEFF 		bl	uxListRemove
 806 001e FB68     		ldr	r3, [r7, #12]
 807 0020 93F82830 		ldrb	r3, [r3, #40]	@ zero_extendqisi2
 808 0024 03F00403 		and	r3, r3, #4
 809 0028 002B     		cmp	r3, #0
 810 002a 05D0     		beq	.L70
 811 002c 3A68     		ldr	r2, [r7]
 812 002e 7968     		ldr	r1, [r7, #4]
 813 0030 F868     		ldr	r0, [r7, #12]
 814 0032 FFF7FEFF 		bl	prvReloadTimer
 815 0036 08E0     		b	.L71
 816              	.L70:
 817 0038 FB68     		ldr	r3, [r7, #12]
 818 003a 93F82830 		ldrb	r3, [r3, #40]	@ zero_extendqisi2
 819 003e 23F00103 		bic	r3, r3, #1
 820 0042 DAB2     		uxtb	r2, r3
 821 0044 FB68     		ldr	r3, [r7, #12]
 822 0046 83F82820 		strb	r2, [r3, #40]
 823              	.L71:
 824 004a FB68     		ldr	r3, [r7, #12]
 825 004c 1B6A     		ldr	r3, [r3, #32]
 826 004e F868     		ldr	r0, [r7, #12]
 827 0050 9847     		blx	r3
 828 0052 00BF     		nop
ARM GAS  C:\Users\phamt\AppData\Local\Temp\cc0dBbJz.s 			page 15


 829 0054 1037     		adds	r7, r7, #16
 830 0056 BD46     		mov	sp, r7
 831              		@ sp needed
 832 0058 80BD     		pop	{r7, pc}
 833              	.L73:
 834 005a 00BF     		.align	2
 835              	.L72:
 836 005c 00000000 		.word	pxCurrentTimerList
 838              		.section	.text.prvTimerTask,"ax",%progbits
 839              		.align	1
 840              		.syntax unified
 841              		.thumb
 842              		.thumb_func
 844              	prvTimerTask:
 845              		@ args = 0, pretend = 0, frame = 16
 846              		@ frame_needed = 1, uses_anonymous_args = 0
 847 0000 80B5     		push	{r7, lr}
 848 0002 84B0     		sub	sp, sp, #16
 849 0004 00AF     		add	r7, sp, #0
 850 0006 7860     		str	r0, [r7, #4]
 851              	.L75:
 852 0008 07F10803 		add	r3, r7, #8
 853 000c 1846     		mov	r0, r3
 854 000e FFF7FEFF 		bl	prvGetNextExpireTime
 855 0012 F860     		str	r0, [r7, #12]
 856 0014 BB68     		ldr	r3, [r7, #8]
 857 0016 1946     		mov	r1, r3
 858 0018 F868     		ldr	r0, [r7, #12]
 859 001a FFF7FEFF 		bl	prvProcessTimerOrBlockTask
 860 001e FFF7FEFF 		bl	prvProcessReceivedCommands
 861 0022 F1E7     		b	.L75
 863              		.section	.text.prvProcessTimerOrBlockTask,"ax",%progbits
 864              		.align	1
 865              		.syntax unified
 866              		.thumb
 867              		.thumb_func
 869              	prvProcessTimerOrBlockTask:
 870              		@ args = 0, pretend = 0, frame = 16
 871              		@ frame_needed = 1, uses_anonymous_args = 0
 872 0000 80B5     		push	{r7, lr}
 873 0002 84B0     		sub	sp, sp, #16
 874 0004 00AF     		add	r7, sp, #0
 875 0006 7860     		str	r0, [r7, #4]
 876 0008 3960     		str	r1, [r7]
 877 000a FFF7FEFF 		bl	vTaskSuspendAll
 878 000e 07F10803 		add	r3, r7, #8
 879 0012 1846     		mov	r0, r3
 880 0014 FFF7FEFF 		bl	prvSampleTimeNow
 881 0018 F860     		str	r0, [r7, #12]
 882 001a BB68     		ldr	r3, [r7, #8]
 883 001c 002B     		cmp	r3, #0
 884 001e 30D1     		bne	.L77
 885 0020 3B68     		ldr	r3, [r7]
 886 0022 002B     		cmp	r3, #0
 887 0024 0AD1     		bne	.L78
 888 0026 7A68     		ldr	r2, [r7, #4]
 889 0028 FB68     		ldr	r3, [r7, #12]
ARM GAS  C:\Users\phamt\AppData\Local\Temp\cc0dBbJz.s 			page 16


 890 002a 9A42     		cmp	r2, r3
 891 002c 06D8     		bhi	.L78
 892 002e FFF7FEFF 		bl	xTaskResumeAll
 893 0032 F968     		ldr	r1, [r7, #12]
 894 0034 7868     		ldr	r0, [r7, #4]
 895 0036 FFF7FEFF 		bl	prvProcessExpiredTimer
 896 003a 24E0     		b	.L84
 897              	.L78:
 898 003c 3B68     		ldr	r3, [r7]
 899 003e 002B     		cmp	r3, #0
 900 0040 08D0     		beq	.L80
 901 0042 134B     		ldr	r3, .L85
 902 0044 1B68     		ldr	r3, [r3]
 903 0046 1B68     		ldr	r3, [r3]
 904 0048 002B     		cmp	r3, #0
 905 004a 01D1     		bne	.L81
 906 004c 0123     		movs	r3, #1
 907 004e 00E0     		b	.L82
 908              	.L81:
 909 0050 0023     		movs	r3, #0
 910              	.L82:
 911 0052 3B60     		str	r3, [r7]
 912              	.L80:
 913 0054 0F4B     		ldr	r3, .L85+4
 914 0056 1868     		ldr	r0, [r3]
 915 0058 7A68     		ldr	r2, [r7, #4]
 916 005a FB68     		ldr	r3, [r7, #12]
 917 005c D31A     		subs	r3, r2, r3
 918 005e 3A68     		ldr	r2, [r7]
 919 0060 1946     		mov	r1, r3
 920 0062 FFF7FEFF 		bl	vQueueWaitForMessageRestricted
 921 0066 FFF7FEFF 		bl	xTaskResumeAll
 922 006a 0346     		mov	r3, r0
 923 006c 002B     		cmp	r3, #0
 924 006e 0AD1     		bne	.L84
 925 0070 094B     		ldr	r3, .L85+8
 926 0072 4FF08052 		mov	r2, #268435456
 927 0076 1A60     		str	r2, [r3]
 928              		.syntax unified
 929              	@ 828 "FreeRTOS/timers.c" 1
 930 0078 BFF34F8F 		dsb
 931              	@ 0 "" 2
 932              	@ 828 "FreeRTOS/timers.c" 1
 933 007c BFF36F8F 		isb
 934              	@ 0 "" 2
 935              		.thumb
 936              		.syntax unified
 937 0080 01E0     		b	.L84
 938              	.L77:
 939 0082 FFF7FEFF 		bl	xTaskResumeAll
 940              	.L84:
 941 0086 00BF     		nop
 942 0088 1037     		adds	r7, r7, #16
 943 008a BD46     		mov	sp, r7
 944              		@ sp needed
 945 008c 80BD     		pop	{r7, pc}
 946              	.L86:
ARM GAS  C:\Users\phamt\AppData\Local\Temp\cc0dBbJz.s 			page 17


 947 008e 00BF     		.align	2
 948              	.L85:
 949 0090 00000000 		.word	pxOverflowTimerList
 950 0094 00000000 		.word	xTimerQueue
 951 0098 04ED00E0 		.word	-536810236
 953              		.section	.text.prvGetNextExpireTime,"ax",%progbits
 954              		.align	1
 955              		.syntax unified
 956              		.thumb
 957              		.thumb_func
 959              	prvGetNextExpireTime:
 960              		@ args = 0, pretend = 0, frame = 16
 961              		@ frame_needed = 1, uses_anonymous_args = 0
 962              		@ link register save eliminated.
 963 0000 80B4     		push	{r7}
 964 0002 85B0     		sub	sp, sp, #20
 965 0004 00AF     		add	r7, sp, #0
 966 0006 7860     		str	r0, [r7, #4]
 967 0008 0E4B     		ldr	r3, .L93
 968 000a 1B68     		ldr	r3, [r3]
 969 000c 1B68     		ldr	r3, [r3]
 970 000e 002B     		cmp	r3, #0
 971 0010 01D1     		bne	.L88
 972 0012 0122     		movs	r2, #1
 973 0014 00E0     		b	.L89
 974              	.L88:
 975 0016 0022     		movs	r2, #0
 976              	.L89:
 977 0018 7B68     		ldr	r3, [r7, #4]
 978 001a 1A60     		str	r2, [r3]
 979 001c 7B68     		ldr	r3, [r7, #4]
 980 001e 1B68     		ldr	r3, [r3]
 981 0020 002B     		cmp	r3, #0
 982 0022 05D1     		bne	.L90
 983 0024 074B     		ldr	r3, .L93
 984 0026 1B68     		ldr	r3, [r3]
 985 0028 DB68     		ldr	r3, [r3, #12]
 986 002a 1B68     		ldr	r3, [r3]
 987 002c FB60     		str	r3, [r7, #12]
 988 002e 01E0     		b	.L91
 989              	.L90:
 990 0030 0023     		movs	r3, #0
 991 0032 FB60     		str	r3, [r7, #12]
 992              	.L91:
 993 0034 FB68     		ldr	r3, [r7, #12]
 994 0036 1846     		mov	r0, r3
 995 0038 1437     		adds	r7, r7, #20
 996 003a BD46     		mov	sp, r7
 997              		@ sp needed
 998 003c 5DF8047B 		ldr	r7, [sp], #4
 999 0040 7047     		bx	lr
 1000              	.L94:
 1001 0042 00BF     		.align	2
 1002              	.L93:
 1003 0044 00000000 		.word	pxCurrentTimerList
 1005              		.section	.text.prvSampleTimeNow,"ax",%progbits
 1006              		.align	1
ARM GAS  C:\Users\phamt\AppData\Local\Temp\cc0dBbJz.s 			page 18


 1007              		.syntax unified
 1008              		.thumb
 1009              		.thumb_func
 1011              	prvSampleTimeNow:
 1012              		@ args = 0, pretend = 0, frame = 16
 1013              		@ frame_needed = 1, uses_anonymous_args = 0
 1014 0000 80B5     		push	{r7, lr}
 1015 0002 84B0     		sub	sp, sp, #16
 1016 0004 00AF     		add	r7, sp, #0
 1017 0006 7860     		str	r0, [r7, #4]
 1018 0008 FFF7FEFF 		bl	xTaskGetTickCount
 1019 000c F860     		str	r0, [r7, #12]
 1020 000e 0B4B     		ldr	r3, .L99
 1021 0010 1B68     		ldr	r3, [r3]
 1022 0012 FA68     		ldr	r2, [r7, #12]
 1023 0014 9A42     		cmp	r2, r3
 1024 0016 05D2     		bcs	.L96
 1025 0018 FFF7FEFF 		bl	prvSwitchTimerLists
 1026 001c 7B68     		ldr	r3, [r7, #4]
 1027 001e 0122     		movs	r2, #1
 1028 0020 1A60     		str	r2, [r3]
 1029 0022 02E0     		b	.L97
 1030              	.L96:
 1031 0024 7B68     		ldr	r3, [r7, #4]
 1032 0026 0022     		movs	r2, #0
 1033 0028 1A60     		str	r2, [r3]
 1034              	.L97:
 1035 002a 044A     		ldr	r2, .L99
 1036 002c FB68     		ldr	r3, [r7, #12]
 1037 002e 1360     		str	r3, [r2]
 1038 0030 FB68     		ldr	r3, [r7, #12]
 1039 0032 1846     		mov	r0, r3
 1040 0034 1037     		adds	r7, r7, #16
 1041 0036 BD46     		mov	sp, r7
 1042              		@ sp needed
 1043 0038 80BD     		pop	{r7, pc}
 1044              	.L100:
 1045 003a 00BF     		.align	2
 1046              	.L99:
 1047 003c 00000000 		.word	xLastTime.0
 1049              		.section	.text.prvInsertTimerInActiveList,"ax",%progbits
 1050              		.align	1
 1051              		.syntax unified
 1052              		.thumb
 1053              		.thumb_func
 1055              	prvInsertTimerInActiveList:
 1056              		@ args = 0, pretend = 0, frame = 24
 1057              		@ frame_needed = 1, uses_anonymous_args = 0
 1058 0000 80B5     		push	{r7, lr}
 1059 0002 86B0     		sub	sp, sp, #24
 1060 0004 00AF     		add	r7, sp, #0
 1061 0006 F860     		str	r0, [r7, #12]
 1062 0008 B960     		str	r1, [r7, #8]
 1063 000a 7A60     		str	r2, [r7, #4]
 1064 000c 3B60     		str	r3, [r7]
 1065 000e 0023     		movs	r3, #0
 1066 0010 7B61     		str	r3, [r7, #20]
ARM GAS  C:\Users\phamt\AppData\Local\Temp\cc0dBbJz.s 			page 19


 1067 0012 FB68     		ldr	r3, [r7, #12]
 1068 0014 BA68     		ldr	r2, [r7, #8]
 1069 0016 5A60     		str	r2, [r3, #4]
 1070 0018 FB68     		ldr	r3, [r7, #12]
 1071 001a FA68     		ldr	r2, [r7, #12]
 1072 001c 1A61     		str	r2, [r3, #16]
 1073 001e BA68     		ldr	r2, [r7, #8]
 1074 0020 7B68     		ldr	r3, [r7, #4]
 1075 0022 9A42     		cmp	r2, r3
 1076 0024 12D8     		bhi	.L102
 1077 0026 7A68     		ldr	r2, [r7, #4]
 1078 0028 3B68     		ldr	r3, [r7]
 1079 002a D21A     		subs	r2, r2, r3
 1080 002c FB68     		ldr	r3, [r7, #12]
 1081 002e 9B69     		ldr	r3, [r3, #24]
 1082 0030 9A42     		cmp	r2, r3
 1083 0032 02D3     		bcc	.L103
 1084 0034 0123     		movs	r3, #1
 1085 0036 7B61     		str	r3, [r7, #20]
 1086 0038 1BE0     		b	.L104
 1087              	.L103:
 1088 003a 104B     		ldr	r3, .L107
 1089 003c 1A68     		ldr	r2, [r3]
 1090 003e FB68     		ldr	r3, [r7, #12]
 1091 0040 0433     		adds	r3, r3, #4
 1092 0042 1946     		mov	r1, r3
 1093 0044 1046     		mov	r0, r2
 1094 0046 FFF7FEFF 		bl	vListInsert
 1095 004a 12E0     		b	.L104
 1096              	.L102:
 1097 004c 7A68     		ldr	r2, [r7, #4]
 1098 004e 3B68     		ldr	r3, [r7]
 1099 0050 9A42     		cmp	r2, r3
 1100 0052 06D2     		bcs	.L105
 1101 0054 BA68     		ldr	r2, [r7, #8]
 1102 0056 3B68     		ldr	r3, [r7]
 1103 0058 9A42     		cmp	r2, r3
 1104 005a 02D3     		bcc	.L105
 1105 005c 0123     		movs	r3, #1
 1106 005e 7B61     		str	r3, [r7, #20]
 1107 0060 07E0     		b	.L104
 1108              	.L105:
 1109 0062 074B     		ldr	r3, .L107+4
 1110 0064 1A68     		ldr	r2, [r3]
 1111 0066 FB68     		ldr	r3, [r7, #12]
 1112 0068 0433     		adds	r3, r3, #4
 1113 006a 1946     		mov	r1, r3
 1114 006c 1046     		mov	r0, r2
 1115 006e FFF7FEFF 		bl	vListInsert
 1116              	.L104:
 1117 0072 7B69     		ldr	r3, [r7, #20]
 1118 0074 1846     		mov	r0, r3
 1119 0076 1837     		adds	r7, r7, #24
 1120 0078 BD46     		mov	sp, r7
 1121              		@ sp needed
 1122 007a 80BD     		pop	{r7, pc}
 1123              	.L108:
ARM GAS  C:\Users\phamt\AppData\Local\Temp\cc0dBbJz.s 			page 20


 1124              		.align	2
 1125              	.L107:
 1126 007c 00000000 		.word	pxOverflowTimerList
 1127 0080 00000000 		.word	pxCurrentTimerList
 1129              		.section	.text.prvProcessReceivedCommands,"ax",%progbits
 1130              		.align	1
 1131              		.syntax unified
 1132              		.thumb
 1133              		.thumb_func
 1135              	prvProcessReceivedCommands:
 1136              		@ args = 0, pretend = 0, frame = 40
 1137              		@ frame_needed = 1, uses_anonymous_args = 0
 1138 0000 80B5     		push	{r7, lr}
 1139 0002 8AB0     		sub	sp, sp, #40
 1140 0004 00AF     		add	r7, sp, #0
 1141 0006 3B1D     		adds	r3, r7, #4
 1142 0008 0022     		movs	r2, #0
 1143 000a 1A60     		str	r2, [r3]
 1144 000c 5A60     		str	r2, [r3, #4]
 1145 000e 9A60     		str	r2, [r3, #8]
 1146 0010 DA60     		str	r2, [r3, #12]
 1147 0012 C2E0     		b	.L110
 1148              	.L128:
 1149 0014 7B68     		ldr	r3, [r7, #4]
 1150 0016 002B     		cmp	r3, #0
 1151 0018 18DA     		bge	.L111
 1152 001a 3B1D     		adds	r3, r7, #4
 1153 001c 0433     		adds	r3, r3, #4
 1154 001e 7B62     		str	r3, [r7, #36]
 1155 0020 7B6A     		ldr	r3, [r7, #36]
 1156 0022 002B     		cmp	r3, #0
 1157 0024 0AD1     		bne	.L112
 1158              		.syntax unified
 1159              	@ 217 "FreeRTOS/portable/GCC/ARM_CM4F/portmacro.h" 1
 1160 0026 4FF05003 		   mov r3, #80                                              
 1161 002a 83F31188 	   msr basepri, r3                                         
 1162 002e BFF36F8F 	   isb                                                     
 1163 0032 BFF34F8F 	   dsb                                                     
 1164              	
 1165              	@ 0 "" 2
 1166              		.thumb
 1167              		.syntax unified
 1168 0036 BB61     		str	r3, [r7, #24]
 1169 0038 00BF     		nop
 1170              	.L113:
 1171 003a FEE7     		b	.L113
 1172              	.L112:
 1173 003c 7B6A     		ldr	r3, [r7, #36]
 1174 003e 1B68     		ldr	r3, [r3]
 1175 0040 7A6A     		ldr	r2, [r7, #36]
 1176 0042 5068     		ldr	r0, [r2, #4]
 1177 0044 7A6A     		ldr	r2, [r7, #36]
 1178 0046 9268     		ldr	r2, [r2, #8]
 1179 0048 1146     		mov	r1, r2
 1180 004a 9847     		blx	r3
 1181              	.L111:
 1182 004c 7B68     		ldr	r3, [r7, #4]
ARM GAS  C:\Users\phamt\AppData\Local\Temp\cc0dBbJz.s 			page 21


 1183 004e 002B     		cmp	r3, #0
 1184 0050 C0F2A280 		blt	.L129
 1185 0054 FB68     		ldr	r3, [r7, #12]
 1186 0056 3B62     		str	r3, [r7, #32]
 1187 0058 3B6A     		ldr	r3, [r7, #32]
 1188 005a 5B69     		ldr	r3, [r3, #20]
 1189 005c 002B     		cmp	r3, #0
 1190 005e 04D0     		beq	.L114
 1191 0060 3B6A     		ldr	r3, [r7, #32]
 1192 0062 0433     		adds	r3, r3, #4
 1193 0064 1846     		mov	r0, r3
 1194 0066 FFF7FEFF 		bl	uxListRemove
 1195              	.L114:
 1196 006a 3B46     		mov	r3, r7
 1197 006c 1846     		mov	r0, r3
 1198 006e FFF7FEFF 		bl	prvSampleTimeNow
 1199 0072 F861     		str	r0, [r7, #28]
 1200 0074 7B68     		ldr	r3, [r7, #4]
 1201 0076 013B     		subs	r3, r3, #1
 1202 0078 082B     		cmp	r3, #8
 1203 007a 00F28E80 		bhi	.L110
 1204 007e 01A2     		adr	r2, .L117
 1205 0080 52F823F0 		ldr	pc, [r2, r3, lsl #2]
 1206              		.p2align 2
 1207              	.L117:
 1208 0084 A9000000 		.word	.L119+1
 1209 0088 A9000000 		.word	.L119+1
 1210 008c 11010000 		.word	.L118+1
 1211 0090 25010000 		.word	.L116+1
 1212 0094 6F010000 		.word	.L120+1
 1213 0098 A9000000 		.word	.L119+1
 1214 009c A9000000 		.word	.L119+1
 1215 00a0 11010000 		.word	.L118+1
 1216 00a4 25010000 		.word	.L116+1
 1217              		.p2align 1
 1218              	.L119:
 1219 00a8 3B6A     		ldr	r3, [r7, #32]
 1220 00aa 93F82830 		ldrb	r3, [r3, #40]	@ zero_extendqisi2
 1221 00ae 43F00103 		orr	r3, r3, #1
 1222 00b2 DAB2     		uxtb	r2, r3
 1223 00b4 3B6A     		ldr	r3, [r7, #32]
 1224 00b6 83F82820 		strb	r2, [r3, #40]
 1225 00ba BA68     		ldr	r2, [r7, #8]
 1226 00bc 3B6A     		ldr	r3, [r7, #32]
 1227 00be 9B69     		ldr	r3, [r3, #24]
 1228 00c0 D118     		adds	r1, r2, r3
 1229 00c2 BB68     		ldr	r3, [r7, #8]
 1230 00c4 FA69     		ldr	r2, [r7, #28]
 1231 00c6 386A     		ldr	r0, [r7, #32]
 1232 00c8 FFF7FEFF 		bl	prvInsertTimerInActiveList
 1233 00cc 0346     		mov	r3, r0
 1234 00ce 002B     		cmp	r3, #0
 1235 00d0 63D0     		beq	.L110
 1236 00d2 3B6A     		ldr	r3, [r7, #32]
 1237 00d4 93F82830 		ldrb	r3, [r3, #40]	@ zero_extendqisi2
 1238 00d8 03F00403 		and	r3, r3, #4
 1239 00dc 002B     		cmp	r3, #0
ARM GAS  C:\Users\phamt\AppData\Local\Temp\cc0dBbJz.s 			page 22


 1240 00de 09D0     		beq	.L122
 1241 00e0 BA68     		ldr	r2, [r7, #8]
 1242 00e2 3B6A     		ldr	r3, [r7, #32]
 1243 00e4 9B69     		ldr	r3, [r3, #24]
 1244 00e6 1344     		add	r3, r3, r2
 1245 00e8 FA69     		ldr	r2, [r7, #28]
 1246 00ea 1946     		mov	r1, r3
 1247 00ec 386A     		ldr	r0, [r7, #32]
 1248 00ee FFF7FEFF 		bl	prvReloadTimer
 1249 00f2 08E0     		b	.L123
 1250              	.L122:
 1251 00f4 3B6A     		ldr	r3, [r7, #32]
 1252 00f6 93F82830 		ldrb	r3, [r3, #40]	@ zero_extendqisi2
 1253 00fa 23F00103 		bic	r3, r3, #1
 1254 00fe DAB2     		uxtb	r2, r3
 1255 0100 3B6A     		ldr	r3, [r7, #32]
 1256 0102 83F82820 		strb	r2, [r3, #40]
 1257              	.L123:
 1258 0106 3B6A     		ldr	r3, [r7, #32]
 1259 0108 1B6A     		ldr	r3, [r3, #32]
 1260 010a 386A     		ldr	r0, [r7, #32]
 1261 010c 9847     		blx	r3
 1262 010e 44E0     		b	.L110
 1263              	.L118:
 1264 0110 3B6A     		ldr	r3, [r7, #32]
 1265 0112 93F82830 		ldrb	r3, [r3, #40]	@ zero_extendqisi2
 1266 0116 23F00103 		bic	r3, r3, #1
 1267 011a DAB2     		uxtb	r2, r3
 1268 011c 3B6A     		ldr	r3, [r7, #32]
 1269 011e 83F82820 		strb	r2, [r3, #40]
 1270 0122 3AE0     		b	.L110
 1271              	.L116:
 1272 0124 3B6A     		ldr	r3, [r7, #32]
 1273 0126 93F82830 		ldrb	r3, [r3, #40]	@ zero_extendqisi2
 1274 012a 43F00103 		orr	r3, r3, #1
 1275 012e DAB2     		uxtb	r2, r3
 1276 0130 3B6A     		ldr	r3, [r7, #32]
 1277 0132 83F82820 		strb	r2, [r3, #40]
 1278 0136 BA68     		ldr	r2, [r7, #8]
 1279 0138 3B6A     		ldr	r3, [r7, #32]
 1280 013a 9A61     		str	r2, [r3, #24]
 1281 013c 3B6A     		ldr	r3, [r7, #32]
 1282 013e 9B69     		ldr	r3, [r3, #24]
 1283 0140 002B     		cmp	r3, #0
 1284 0142 0AD1     		bne	.L124
 1285              		.syntax unified
 1286              	@ 217 "FreeRTOS/portable/GCC/ARM_CM4F/portmacro.h" 1
 1287 0144 4FF05003 		   mov r3, #80                                              
 1288 0148 83F31188 	   msr basepri, r3                                         
 1289 014c BFF36F8F 	   isb                                                     
 1290 0150 BFF34F8F 	   dsb                                                     
 1291              	
 1292              	@ 0 "" 2
 1293              		.thumb
 1294              		.syntax unified
 1295 0154 7B61     		str	r3, [r7, #20]
 1296 0156 00BF     		nop
ARM GAS  C:\Users\phamt\AppData\Local\Temp\cc0dBbJz.s 			page 23


 1297              	.L125:
 1298 0158 FEE7     		b	.L125
 1299              	.L124:
 1300 015a 3B6A     		ldr	r3, [r7, #32]
 1301 015c 9A69     		ldr	r2, [r3, #24]
 1302 015e FB69     		ldr	r3, [r7, #28]
 1303 0160 D118     		adds	r1, r2, r3
 1304 0162 FB69     		ldr	r3, [r7, #28]
 1305 0164 FA69     		ldr	r2, [r7, #28]
 1306 0166 386A     		ldr	r0, [r7, #32]
 1307 0168 FFF7FEFF 		bl	prvInsertTimerInActiveList
 1308 016c 15E0     		b	.L110
 1309              	.L120:
 1310 016e 3B6A     		ldr	r3, [r7, #32]
 1311 0170 93F82830 		ldrb	r3, [r3, #40]	@ zero_extendqisi2
 1312 0174 03F00203 		and	r3, r3, #2
 1313 0178 002B     		cmp	r3, #0
 1314 017a 03D1     		bne	.L126
 1315 017c 386A     		ldr	r0, [r7, #32]
 1316 017e FFF7FEFF 		bl	vPortFree
 1317 0182 0AE0     		b	.L110
 1318              	.L126:
 1319 0184 3B6A     		ldr	r3, [r7, #32]
 1320 0186 93F82830 		ldrb	r3, [r3, #40]	@ zero_extendqisi2
 1321 018a 23F00103 		bic	r3, r3, #1
 1322 018e DAB2     		uxtb	r2, r3
 1323 0190 3B6A     		ldr	r3, [r7, #32]
 1324 0192 83F82820 		strb	r2, [r3, #40]
 1325 0196 00E0     		b	.L110
 1326              	.L129:
 1327 0198 00BF     		nop
 1328              	.L110:
 1329 019a 084B     		ldr	r3, .L130
 1330 019c 1B68     		ldr	r3, [r3]
 1331 019e 391D     		adds	r1, r7, #4
 1332 01a0 0022     		movs	r2, #0
 1333 01a2 1846     		mov	r0, r3
 1334 01a4 FFF7FEFF 		bl	xQueueReceive
 1335 01a8 0346     		mov	r3, r0
 1336 01aa 002B     		cmp	r3, #0
 1337 01ac 7FF432AF 		bne	.L128
 1338 01b0 00BF     		nop
 1339 01b2 00BF     		nop
 1340 01b4 2837     		adds	r7, r7, #40
 1341 01b6 BD46     		mov	sp, r7
 1342              		@ sp needed
 1343 01b8 80BD     		pop	{r7, pc}
 1344              	.L131:
 1345 01ba 00BF     		.align	2
 1346              	.L130:
 1347 01bc 00000000 		.word	xTimerQueue
 1349              		.section	.text.prvSwitchTimerLists,"ax",%progbits
 1350              		.align	1
 1351              		.syntax unified
 1352              		.thumb
 1353              		.thumb_func
 1355              	prvSwitchTimerLists:
ARM GAS  C:\Users\phamt\AppData\Local\Temp\cc0dBbJz.s 			page 24


 1356              		@ args = 0, pretend = 0, frame = 8
 1357              		@ frame_needed = 1, uses_anonymous_args = 0
 1358 0000 80B5     		push	{r7, lr}
 1359 0002 82B0     		sub	sp, sp, #8
 1360 0004 00AF     		add	r7, sp, #0
 1361 0006 09E0     		b	.L133
 1362              	.L134:
 1363 0008 0E4B     		ldr	r3, .L135
 1364 000a 1B68     		ldr	r3, [r3]
 1365 000c DB68     		ldr	r3, [r3, #12]
 1366 000e 1B68     		ldr	r3, [r3]
 1367 0010 3B60     		str	r3, [r7]
 1368 0012 4FF0FF31 		mov	r1, #-1
 1369 0016 3868     		ldr	r0, [r7]
 1370 0018 FFF7FEFF 		bl	prvProcessExpiredTimer
 1371              	.L133:
 1372 001c 094B     		ldr	r3, .L135
 1373 001e 1B68     		ldr	r3, [r3]
 1374 0020 1B68     		ldr	r3, [r3]
 1375 0022 002B     		cmp	r3, #0
 1376 0024 F0D1     		bne	.L134
 1377 0026 074B     		ldr	r3, .L135
 1378 0028 1B68     		ldr	r3, [r3]
 1379 002a 7B60     		str	r3, [r7, #4]
 1380 002c 064B     		ldr	r3, .L135+4
 1381 002e 1B68     		ldr	r3, [r3]
 1382 0030 044A     		ldr	r2, .L135
 1383 0032 1360     		str	r3, [r2]
 1384 0034 044A     		ldr	r2, .L135+4
 1385 0036 7B68     		ldr	r3, [r7, #4]
 1386 0038 1360     		str	r3, [r2]
 1387 003a 00BF     		nop
 1388 003c 0837     		adds	r7, r7, #8
 1389 003e BD46     		mov	sp, r7
 1390              		@ sp needed
 1391 0040 80BD     		pop	{r7, pc}
 1392              	.L136:
 1393 0042 00BF     		.align	2
 1394              	.L135:
 1395 0044 00000000 		.word	pxCurrentTimerList
 1396 0048 00000000 		.word	pxOverflowTimerList
 1398              		.section	.rodata
 1399              		.align	2
 1400              	.LC1:
 1401 0008 546D7251 		.ascii	"TmrQ\000"
 1401      00
 1402              		.section	.text.prvCheckForValidListAndQueue,"ax",%progbits
 1403              		.align	1
 1404              		.syntax unified
 1405              		.thumb
 1406              		.thumb_func
 1408              	prvCheckForValidListAndQueue:
 1409              		@ args = 0, pretend = 0, frame = 0
 1410              		@ frame_needed = 1, uses_anonymous_args = 0
 1411 0000 80B5     		push	{r7, lr}
 1412 0002 00AF     		add	r7, sp, #0
 1413 0004 FFF7FEFF 		bl	vPortEnterCritical
ARM GAS  C:\Users\phamt\AppData\Local\Temp\cc0dBbJz.s 			page 25


 1414 0008 124B     		ldr	r3, .L139
 1415 000a 1B68     		ldr	r3, [r3]
 1416 000c 002B     		cmp	r3, #0
 1417 000e 1DD1     		bne	.L138
 1418 0010 1148     		ldr	r0, .L139+4
 1419 0012 FFF7FEFF 		bl	vListInitialise
 1420 0016 1148     		ldr	r0, .L139+8
 1421 0018 FFF7FEFF 		bl	vListInitialise
 1422 001c 104B     		ldr	r3, .L139+12
 1423 001e 0E4A     		ldr	r2, .L139+4
 1424 0020 1A60     		str	r2, [r3]
 1425 0022 104B     		ldr	r3, .L139+16
 1426 0024 0D4A     		ldr	r2, .L139+8
 1427 0026 1A60     		str	r2, [r3]
 1428 0028 0022     		movs	r2, #0
 1429 002a 1021     		movs	r1, #16
 1430 002c 0A20     		movs	r0, #10
 1431 002e FFF7FEFF 		bl	xQueueGenericCreate
 1432 0032 0346     		mov	r3, r0
 1433 0034 074A     		ldr	r2, .L139
 1434 0036 1360     		str	r3, [r2]
 1435 0038 064B     		ldr	r3, .L139
 1436 003a 1B68     		ldr	r3, [r3]
 1437 003c 002B     		cmp	r3, #0
 1438 003e 05D0     		beq	.L138
 1439 0040 044B     		ldr	r3, .L139
 1440 0042 1B68     		ldr	r3, [r3]
 1441 0044 0849     		ldr	r1, .L139+20
 1442 0046 1846     		mov	r0, r3
 1443 0048 FFF7FEFF 		bl	vQueueAddToRegistry
 1444              	.L138:
 1445 004c FFF7FEFF 		bl	vPortExitCritical
 1446 0050 00BF     		nop
 1447 0052 80BD     		pop	{r7, pc}
 1448              	.L140:
 1449              		.align	2
 1450              	.L139:
 1451 0054 00000000 		.word	xTimerQueue
 1452 0058 00000000 		.word	xActiveTimerList1
 1453 005c 00000000 		.word	xActiveTimerList2
 1454 0060 00000000 		.word	pxCurrentTimerList
 1455 0064 00000000 		.word	pxOverflowTimerList
 1456 0068 08000000 		.word	.LC1
 1458              		.section	.text.xTimerIsTimerActive,"ax",%progbits
 1459              		.align	1
 1460              		.global	xTimerIsTimerActive
 1461              		.syntax unified
 1462              		.thumb
 1463              		.thumb_func
 1465              	xTimerIsTimerActive:
 1466              		@ args = 0, pretend = 0, frame = 24
 1467              		@ frame_needed = 1, uses_anonymous_args = 0
 1468 0000 80B5     		push	{r7, lr}
 1469 0002 86B0     		sub	sp, sp, #24
 1470 0004 00AF     		add	r7, sp, #0
 1471 0006 7860     		str	r0, [r7, #4]
 1472 0008 7B68     		ldr	r3, [r7, #4]
ARM GAS  C:\Users\phamt\AppData\Local\Temp\cc0dBbJz.s 			page 26


 1473 000a 3B61     		str	r3, [r7, #16]
 1474 000c 7B68     		ldr	r3, [r7, #4]
 1475 000e 002B     		cmp	r3, #0
 1476 0010 0AD1     		bne	.L142
 1477              		.syntax unified
 1478              	@ 217 "FreeRTOS/portable/GCC/ARM_CM4F/portmacro.h" 1
 1479 0012 4FF05003 		   mov r3, #80                                              
 1480 0016 83F31188 	   msr basepri, r3                                         
 1481 001a BFF36F8F 	   isb                                                     
 1482 001e BFF34F8F 	   dsb                                                     
 1483              	
 1484              	@ 0 "" 2
 1485              		.thumb
 1486              		.syntax unified
 1487 0022 FB60     		str	r3, [r7, #12]
 1488 0024 00BF     		nop
 1489              	.L143:
 1490 0026 FEE7     		b	.L143
 1491              	.L142:
 1492 0028 FFF7FEFF 		bl	vPortEnterCritical
 1493 002c 3B69     		ldr	r3, [r7, #16]
 1494 002e 93F82830 		ldrb	r3, [r3, #40]	@ zero_extendqisi2
 1495 0032 03F00103 		and	r3, r3, #1
 1496 0036 002B     		cmp	r3, #0
 1497 0038 02D1     		bne	.L144
 1498 003a 0023     		movs	r3, #0
 1499 003c 7B61     		str	r3, [r7, #20]
 1500 003e 01E0     		b	.L145
 1501              	.L144:
 1502 0040 0123     		movs	r3, #1
 1503 0042 7B61     		str	r3, [r7, #20]
 1504              	.L145:
 1505 0044 FFF7FEFF 		bl	vPortExitCritical
 1506 0048 7B69     		ldr	r3, [r7, #20]
 1507 004a 1846     		mov	r0, r3
 1508 004c 1837     		adds	r7, r7, #24
 1509 004e BD46     		mov	sp, r7
 1510              		@ sp needed
 1511 0050 80BD     		pop	{r7, pc}
 1513              		.section	.text.pvTimerGetTimerID,"ax",%progbits
 1514              		.align	1
 1515              		.global	pvTimerGetTimerID
 1516              		.syntax unified
 1517              		.thumb
 1518              		.thumb_func
 1520              	pvTimerGetTimerID:
 1521              		@ args = 0, pretend = 0, frame = 24
 1522              		@ frame_needed = 1, uses_anonymous_args = 0
 1523 0000 80B5     		push	{r7, lr}
 1524 0002 86B0     		sub	sp, sp, #24
 1525 0004 00AF     		add	r7, sp, #0
 1526 0006 7860     		str	r0, [r7, #4]
 1527 0008 7B68     		ldr	r3, [r7, #4]
 1528 000a 7B61     		str	r3, [r7, #20]
 1529 000c 7B68     		ldr	r3, [r7, #4]
 1530 000e 002B     		cmp	r3, #0
 1531 0010 0AD1     		bne	.L148
ARM GAS  C:\Users\phamt\AppData\Local\Temp\cc0dBbJz.s 			page 27


 1532              		.syntax unified
 1533              	@ 217 "FreeRTOS/portable/GCC/ARM_CM4F/portmacro.h" 1
 1534 0012 4FF05003 		   mov r3, #80                                              
 1535 0016 83F31188 	   msr basepri, r3                                         
 1536 001a BFF36F8F 	   isb                                                     
 1537 001e BFF34F8F 	   dsb                                                     
 1538              	
 1539              	@ 0 "" 2
 1540              		.thumb
 1541              		.syntax unified
 1542 0022 FB60     		str	r3, [r7, #12]
 1543 0024 00BF     		nop
 1544              	.L149:
 1545 0026 FEE7     		b	.L149
 1546              	.L148:
 1547 0028 FFF7FEFF 		bl	vPortEnterCritical
 1548 002c 7B69     		ldr	r3, [r7, #20]
 1549 002e DB69     		ldr	r3, [r3, #28]
 1550 0030 3B61     		str	r3, [r7, #16]
 1551 0032 FFF7FEFF 		bl	vPortExitCritical
 1552 0036 3B69     		ldr	r3, [r7, #16]
 1553 0038 1846     		mov	r0, r3
 1554 003a 1837     		adds	r7, r7, #24
 1555 003c BD46     		mov	sp, r7
 1556              		@ sp needed
 1557 003e 80BD     		pop	{r7, pc}
 1559              		.section	.text.vTimerSetTimerID,"ax",%progbits
 1560              		.align	1
 1561              		.global	vTimerSetTimerID
 1562              		.syntax unified
 1563              		.thumb
 1564              		.thumb_func
 1566              	vTimerSetTimerID:
 1567              		@ args = 0, pretend = 0, frame = 16
 1568              		@ frame_needed = 1, uses_anonymous_args = 0
 1569 0000 80B5     		push	{r7, lr}
 1570 0002 84B0     		sub	sp, sp, #16
 1571 0004 00AF     		add	r7, sp, #0
 1572 0006 7860     		str	r0, [r7, #4]
 1573 0008 3960     		str	r1, [r7]
 1574 000a 7B68     		ldr	r3, [r7, #4]
 1575 000c FB60     		str	r3, [r7, #12]
 1576 000e 7B68     		ldr	r3, [r7, #4]
 1577 0010 002B     		cmp	r3, #0
 1578 0012 0AD1     		bne	.L152
 1579              		.syntax unified
 1580              	@ 217 "FreeRTOS/portable/GCC/ARM_CM4F/portmacro.h" 1
 1581 0014 4FF05003 		   mov r3, #80                                              
 1582 0018 83F31188 	   msr basepri, r3                                         
 1583 001c BFF36F8F 	   isb                                                     
 1584 0020 BFF34F8F 	   dsb                                                     
 1585              	
 1586              	@ 0 "" 2
 1587              		.thumb
 1588              		.syntax unified
 1589 0024 BB60     		str	r3, [r7, #8]
 1590 0026 00BF     		nop
ARM GAS  C:\Users\phamt\AppData\Local\Temp\cc0dBbJz.s 			page 28


 1591              	.L153:
 1592 0028 FEE7     		b	.L153
 1593              	.L152:
 1594 002a FFF7FEFF 		bl	vPortEnterCritical
 1595 002e FB68     		ldr	r3, [r7, #12]
 1596 0030 3A68     		ldr	r2, [r7]
 1597 0032 DA61     		str	r2, [r3, #28]
 1598 0034 FFF7FEFF 		bl	vPortExitCritical
 1599 0038 00BF     		nop
 1600 003a 1037     		adds	r7, r7, #16
 1601 003c BD46     		mov	sp, r7
 1602              		@ sp needed
 1603 003e 80BD     		pop	{r7, pc}
 1605              		.section	.text.xTimerPendFunctionCallFromISR,"ax",%progbits
 1606              		.align	1
 1607              		.global	xTimerPendFunctionCallFromISR
 1608              		.syntax unified
 1609              		.thumb
 1610              		.thumb_func
 1612              	xTimerPendFunctionCallFromISR:
 1613              		@ args = 0, pretend = 0, frame = 40
 1614              		@ frame_needed = 1, uses_anonymous_args = 0
 1615 0000 80B5     		push	{r7, lr}
 1616 0002 8AB0     		sub	sp, sp, #40
 1617 0004 00AF     		add	r7, sp, #0
 1618 0006 F860     		str	r0, [r7, #12]
 1619 0008 B960     		str	r1, [r7, #8]
 1620 000a 7A60     		str	r2, [r7, #4]
 1621 000c 3B60     		str	r3, [r7]
 1622 000e 6FF00103 		mvn	r3, #1
 1623 0012 7B61     		str	r3, [r7, #20]
 1624 0014 FB68     		ldr	r3, [r7, #12]
 1625 0016 BB61     		str	r3, [r7, #24]
 1626 0018 BB68     		ldr	r3, [r7, #8]
 1627 001a FB61     		str	r3, [r7, #28]
 1628 001c 7B68     		ldr	r3, [r7, #4]
 1629 001e 3B62     		str	r3, [r7, #32]
 1630 0020 064B     		ldr	r3, .L156
 1631 0022 1868     		ldr	r0, [r3]
 1632 0024 07F11401 		add	r1, r7, #20
 1633 0028 0023     		movs	r3, #0
 1634 002a 3A68     		ldr	r2, [r7]
 1635 002c FFF7FEFF 		bl	xQueueGenericSendFromISR
 1636 0030 7862     		str	r0, [r7, #36]
 1637 0032 7B6A     		ldr	r3, [r7, #36]
 1638 0034 1846     		mov	r0, r3
 1639 0036 2837     		adds	r7, r7, #40
 1640 0038 BD46     		mov	sp, r7
 1641              		@ sp needed
 1642 003a 80BD     		pop	{r7, pc}
 1643              	.L157:
 1644              		.align	2
 1645              	.L156:
 1646 003c 00000000 		.word	xTimerQueue
 1648              		.section	.text.xTimerPendFunctionCall,"ax",%progbits
 1649              		.align	1
 1650              		.global	xTimerPendFunctionCall
ARM GAS  C:\Users\phamt\AppData\Local\Temp\cc0dBbJz.s 			page 29


 1651              		.syntax unified
 1652              		.thumb
 1653              		.thumb_func
 1655              	xTimerPendFunctionCall:
 1656              		@ args = 0, pretend = 0, frame = 40
 1657              		@ frame_needed = 1, uses_anonymous_args = 0
 1658 0000 80B5     		push	{r7, lr}
 1659 0002 8AB0     		sub	sp, sp, #40
 1660 0004 00AF     		add	r7, sp, #0
 1661 0006 F860     		str	r0, [r7, #12]
 1662 0008 B960     		str	r1, [r7, #8]
 1663 000a 7A60     		str	r2, [r7, #4]
 1664 000c 3B60     		str	r3, [r7]
 1665 000e 134B     		ldr	r3, .L162
 1666 0010 1B68     		ldr	r3, [r3]
 1667 0012 002B     		cmp	r3, #0
 1668 0014 0AD1     		bne	.L159
 1669              		.syntax unified
 1670              	@ 217 "FreeRTOS/portable/GCC/ARM_CM4F/portmacro.h" 1
 1671 0016 4FF05003 		   mov r3, #80                                              
 1672 001a 83F31188 	   msr basepri, r3                                         
 1673 001e BFF36F8F 	   isb                                                     
 1674 0022 BFF34F8F 	   dsb                                                     
 1675              	
 1676              	@ 0 "" 2
 1677              		.thumb
 1678              		.syntax unified
 1679 0026 3B62     		str	r3, [r7, #32]
 1680 0028 00BF     		nop
 1681              	.L160:
 1682 002a FEE7     		b	.L160
 1683              	.L159:
 1684 002c 4FF0FF33 		mov	r3, #-1
 1685 0030 3B61     		str	r3, [r7, #16]
 1686 0032 FB68     		ldr	r3, [r7, #12]
 1687 0034 7B61     		str	r3, [r7, #20]
 1688 0036 BB68     		ldr	r3, [r7, #8]
 1689 0038 BB61     		str	r3, [r7, #24]
 1690 003a 7B68     		ldr	r3, [r7, #4]
 1691 003c FB61     		str	r3, [r7, #28]
 1692 003e 074B     		ldr	r3, .L162
 1693 0040 1868     		ldr	r0, [r3]
 1694 0042 07F11001 		add	r1, r7, #16
 1695 0046 0023     		movs	r3, #0
 1696 0048 3A68     		ldr	r2, [r7]
 1697 004a FFF7FEFF 		bl	xQueueGenericSend
 1698 004e 7862     		str	r0, [r7, #36]
 1699 0050 7B6A     		ldr	r3, [r7, #36]
 1700 0052 1846     		mov	r0, r3
 1701 0054 2837     		adds	r7, r7, #40
 1702 0056 BD46     		mov	sp, r7
 1703              		@ sp needed
 1704 0058 80BD     		pop	{r7, pc}
 1705              	.L163:
 1706 005a 00BF     		.align	2
 1707              	.L162:
 1708 005c 00000000 		.word	xTimerQueue
ARM GAS  C:\Users\phamt\AppData\Local\Temp\cc0dBbJz.s 			page 30


 1710              		.section	.text.uxTimerGetTimerNumber,"ax",%progbits
 1711              		.align	1
 1712              		.global	uxTimerGetTimerNumber
 1713              		.syntax unified
 1714              		.thumb
 1715              		.thumb_func
 1717              	uxTimerGetTimerNumber:
 1718              		@ args = 0, pretend = 0, frame = 8
 1719              		@ frame_needed = 1, uses_anonymous_args = 0
 1720              		@ link register save eliminated.
 1721 0000 80B4     		push	{r7}
 1722 0002 83B0     		sub	sp, sp, #12
 1723 0004 00AF     		add	r7, sp, #0
 1724 0006 7860     		str	r0, [r7, #4]
 1725 0008 7B68     		ldr	r3, [r7, #4]
 1726 000a 5B6A     		ldr	r3, [r3, #36]
 1727 000c 1846     		mov	r0, r3
 1728 000e 0C37     		adds	r7, r7, #12
 1729 0010 BD46     		mov	sp, r7
 1730              		@ sp needed
 1731 0012 5DF8047B 		ldr	r7, [sp], #4
 1732 0016 7047     		bx	lr
 1734              		.section	.text.vTimerSetTimerNumber,"ax",%progbits
 1735              		.align	1
 1736              		.global	vTimerSetTimerNumber
 1737              		.syntax unified
 1738              		.thumb
 1739              		.thumb_func
 1741              	vTimerSetTimerNumber:
 1742              		@ args = 0, pretend = 0, frame = 8
 1743              		@ frame_needed = 1, uses_anonymous_args = 0
 1744              		@ link register save eliminated.
 1745 0000 80B4     		push	{r7}
 1746 0002 83B0     		sub	sp, sp, #12
 1747 0004 00AF     		add	r7, sp, #0
 1748 0006 7860     		str	r0, [r7, #4]
 1749 0008 3960     		str	r1, [r7]
 1750 000a 7B68     		ldr	r3, [r7, #4]
 1751 000c 3A68     		ldr	r2, [r7]
 1752 000e 5A62     		str	r2, [r3, #36]
 1753 0010 00BF     		nop
 1754 0012 0C37     		adds	r7, r7, #12
 1755 0014 BD46     		mov	sp, r7
 1756              		@ sp needed
 1757 0016 5DF8047B 		ldr	r7, [sp], #4
 1758 001a 7047     		bx	lr
 1760              		.section	.text.vTimerResetState,"ax",%progbits
 1761              		.align	1
 1762              		.global	vTimerResetState
 1763              		.syntax unified
 1764              		.thumb
 1765              		.thumb_func
 1767              	vTimerResetState:
 1768              		@ args = 0, pretend = 0, frame = 0
 1769              		@ frame_needed = 1, uses_anonymous_args = 0
 1770              		@ link register save eliminated.
 1771 0000 80B4     		push	{r7}
ARM GAS  C:\Users\phamt\AppData\Local\Temp\cc0dBbJz.s 			page 31


 1772 0002 00AF     		add	r7, sp, #0
 1773 0004 054B     		ldr	r3, .L168
 1774 0006 0022     		movs	r2, #0
 1775 0008 1A60     		str	r2, [r3]
 1776 000a 054B     		ldr	r3, .L168+4
 1777 000c 0022     		movs	r2, #0
 1778 000e 1A60     		str	r2, [r3]
 1779 0010 00BF     		nop
 1780 0012 BD46     		mov	sp, r7
 1781              		@ sp needed
 1782 0014 5DF8047B 		ldr	r7, [sp], #4
 1783 0018 7047     		bx	lr
 1784              	.L169:
 1785 001a 00BF     		.align	2
 1786              	.L168:
 1787 001c 00000000 		.word	xTimerQueue
 1788 0020 00000000 		.word	xTimerTaskHandle
 1790              		.section	.bss.xLastTime.0,"aw",%nobits
 1791              		.align	2
 1794              	xLastTime.0:
 1795 0000 00000000 		.space	4
 1796              		.ident	"GCC: (GNU Arm Embedded Toolchain 10.3-2021.10) 10.3.1 20210824 (release)"
ARM GAS  C:\Users\phamt\AppData\Local\Temp\cc0dBbJz.s 			page 32


DEFINED SYMBOLS
                            *ABS*:00000000 timers.c
C:\Users\phamt\AppData\Local\Temp\cc0dBbJz.s:18     .bss.xActiveTimerList1:00000000 $d
C:\Users\phamt\AppData\Local\Temp\cc0dBbJz.s:21     .bss.xActiveTimerList1:00000000 xActiveTimerList1
C:\Users\phamt\AppData\Local\Temp\cc0dBbJz.s:24     .bss.xActiveTimerList2:00000000 $d
C:\Users\phamt\AppData\Local\Temp\cc0dBbJz.s:27     .bss.xActiveTimerList2:00000000 xActiveTimerList2
C:\Users\phamt\AppData\Local\Temp\cc0dBbJz.s:30     .bss.pxCurrentTimerList:00000000 $d
C:\Users\phamt\AppData\Local\Temp\cc0dBbJz.s:33     .bss.pxCurrentTimerList:00000000 pxCurrentTimerList
C:\Users\phamt\AppData\Local\Temp\cc0dBbJz.s:36     .bss.pxOverflowTimerList:00000000 $d
C:\Users\phamt\AppData\Local\Temp\cc0dBbJz.s:39     .bss.pxOverflowTimerList:00000000 pxOverflowTimerList
C:\Users\phamt\AppData\Local\Temp\cc0dBbJz.s:42     .bss.xTimerQueue:00000000 $d
C:\Users\phamt\AppData\Local\Temp\cc0dBbJz.s:45     .bss.xTimerQueue:00000000 xTimerQueue
C:\Users\phamt\AppData\Local\Temp\cc0dBbJz.s:48     .bss.xTimerTaskHandle:00000000 $d
C:\Users\phamt\AppData\Local\Temp\cc0dBbJz.s:51     .bss.xTimerTaskHandle:00000000 xTimerTaskHandle
C:\Users\phamt\AppData\Local\Temp\cc0dBbJz.s:54     .rodata:00000000 $d
C:\Users\phamt\AppData\Local\Temp\cc0dBbJz.s:58     .text.xTimerCreateTimerTask:00000000 $t
C:\Users\phamt\AppData\Local\Temp\cc0dBbJz.s:64     .text.xTimerCreateTimerTask:00000000 xTimerCreateTimerTask
C:\Users\phamt\AppData\Local\Temp\cc0dBbJz.s:1408   .text.prvCheckForValidListAndQueue:00000000 prvCheckForValidListAndQueue
C:\Users\phamt\AppData\Local\Temp\cc0dBbJz.s:115    .text.xTimerCreateTimerTask:00000054 $d
C:\Users\phamt\AppData\Local\Temp\cc0dBbJz.s:844    .text.prvTimerTask:00000000 prvTimerTask
C:\Users\phamt\AppData\Local\Temp\cc0dBbJz.s:121    .text.xTimerCreate:00000000 $t
C:\Users\phamt\AppData\Local\Temp\cc0dBbJz.s:127    .text.xTimerCreate:00000000 xTimerCreate
C:\Users\phamt\AppData\Local\Temp\cc0dBbJz.s:169    .text.prvInitialiseNewTimer:00000000 prvInitialiseNewTimer
C:\Users\phamt\AppData\Local\Temp\cc0dBbJz.s:164    .text.prvInitialiseNewTimer:00000000 $t
C:\Users\phamt\AppData\Local\Temp\cc0dBbJz.s:231    .text.xTimerGenericCommandFromTask:00000000 $t
C:\Users\phamt\AppData\Local\Temp\cc0dBbJz.s:237    .text.xTimerGenericCommandFromTask:00000000 xTimerGenericCommandFromTask
C:\Users\phamt\AppData\Local\Temp\cc0dBbJz.s:328    .text.xTimerGenericCommandFromTask:000000a0 $d
C:\Users\phamt\AppData\Local\Temp\cc0dBbJz.s:331    .text.xTimerGenericCommandFromISR:00000000 $t
C:\Users\phamt\AppData\Local\Temp\cc0dBbJz.s:337    .text.xTimerGenericCommandFromISR:00000000 xTimerGenericCommandFromISR
C:\Users\phamt\AppData\Local\Temp\cc0dBbJz.s:415    .text.xTimerGenericCommandFromISR:00000080 $d
C:\Users\phamt\AppData\Local\Temp\cc0dBbJz.s:418    .text.xTimerGetTimerDaemonTaskHandle:00000000 $t
C:\Users\phamt\AppData\Local\Temp\cc0dBbJz.s:424    .text.xTimerGetTimerDaemonTaskHandle:00000000 xTimerGetTimerDaemonTaskHandle
C:\Users\phamt\AppData\Local\Temp\cc0dBbJz.s:461    .text.xTimerGetTimerDaemonTaskHandle:00000034 $d
C:\Users\phamt\AppData\Local\Temp\cc0dBbJz.s:464    .text.xTimerGetPeriod:00000000 $t
C:\Users\phamt\AppData\Local\Temp\cc0dBbJz.s:470    .text.xTimerGetPeriod:00000000 xTimerGetPeriod
C:\Users\phamt\AppData\Local\Temp\cc0dBbJz.s:508    .text.vTimerSetReloadMode:00000000 $t
C:\Users\phamt\AppData\Local\Temp\cc0dBbJz.s:514    .text.vTimerSetReloadMode:00000000 vTimerSetReloadMode
C:\Users\phamt\AppData\Local\Temp\cc0dBbJz.s:569    .text.xTimerGetReloadMode:00000000 $t
C:\Users\phamt\AppData\Local\Temp\cc0dBbJz.s:575    .text.xTimerGetReloadMode:00000000 xTimerGetReloadMode
C:\Users\phamt\AppData\Local\Temp\cc0dBbJz.s:624    .text.uxTimerGetReloadMode:00000000 $t
C:\Users\phamt\AppData\Local\Temp\cc0dBbJz.s:630    .text.uxTimerGetReloadMode:00000000 uxTimerGetReloadMode
C:\Users\phamt\AppData\Local\Temp\cc0dBbJz.s:649    .text.xTimerGetExpiryTime:00000000 $t
C:\Users\phamt\AppData\Local\Temp\cc0dBbJz.s:655    .text.xTimerGetExpiryTime:00000000 xTimerGetExpiryTime
C:\Users\phamt\AppData\Local\Temp\cc0dBbJz.s:695    .text.pcTimerGetName:00000000 $t
C:\Users\phamt\AppData\Local\Temp\cc0dBbJz.s:701    .text.pcTimerGetName:00000000 pcTimerGetName
C:\Users\phamt\AppData\Local\Temp\cc0dBbJz.s:739    .text.prvReloadTimer:00000000 $t
C:\Users\phamt\AppData\Local\Temp\cc0dBbJz.s:744    .text.prvReloadTimer:00000000 prvReloadTimer
C:\Users\phamt\AppData\Local\Temp\cc0dBbJz.s:1055   .text.prvInsertTimerInActiveList:00000000 prvInsertTimerInActiveList
C:\Users\phamt\AppData\Local\Temp\cc0dBbJz.s:784    .text.prvProcessExpiredTimer:00000000 $t
C:\Users\phamt\AppData\Local\Temp\cc0dBbJz.s:789    .text.prvProcessExpiredTimer:00000000 prvProcessExpiredTimer
C:\Users\phamt\AppData\Local\Temp\cc0dBbJz.s:836    .text.prvProcessExpiredTimer:0000005c $d
C:\Users\phamt\AppData\Local\Temp\cc0dBbJz.s:839    .text.prvTimerTask:00000000 $t
C:\Users\phamt\AppData\Local\Temp\cc0dBbJz.s:959    .text.prvGetNextExpireTime:00000000 prvGetNextExpireTime
C:\Users\phamt\AppData\Local\Temp\cc0dBbJz.s:869    .text.prvProcessTimerOrBlockTask:00000000 prvProcessTimerOrBlockTask
C:\Users\phamt\AppData\Local\Temp\cc0dBbJz.s:1135   .text.prvProcessReceivedCommands:00000000 prvProcessReceivedCommands
C:\Users\phamt\AppData\Local\Temp\cc0dBbJz.s:864    .text.prvProcessTimerOrBlockTask:00000000 $t
C:\Users\phamt\AppData\Local\Temp\cc0dBbJz.s:1011   .text.prvSampleTimeNow:00000000 prvSampleTimeNow
ARM GAS  C:\Users\phamt\AppData\Local\Temp\cc0dBbJz.s 			page 33


C:\Users\phamt\AppData\Local\Temp\cc0dBbJz.s:949    .text.prvProcessTimerOrBlockTask:00000090 $d
C:\Users\phamt\AppData\Local\Temp\cc0dBbJz.s:954    .text.prvGetNextExpireTime:00000000 $t
C:\Users\phamt\AppData\Local\Temp\cc0dBbJz.s:1003   .text.prvGetNextExpireTime:00000044 $d
C:\Users\phamt\AppData\Local\Temp\cc0dBbJz.s:1006   .text.prvSampleTimeNow:00000000 $t
C:\Users\phamt\AppData\Local\Temp\cc0dBbJz.s:1355   .text.prvSwitchTimerLists:00000000 prvSwitchTimerLists
C:\Users\phamt\AppData\Local\Temp\cc0dBbJz.s:1047   .text.prvSampleTimeNow:0000003c $d
C:\Users\phamt\AppData\Local\Temp\cc0dBbJz.s:1794   .bss.xLastTime.0:00000000 xLastTime.0
C:\Users\phamt\AppData\Local\Temp\cc0dBbJz.s:1050   .text.prvInsertTimerInActiveList:00000000 $t
C:\Users\phamt\AppData\Local\Temp\cc0dBbJz.s:1126   .text.prvInsertTimerInActiveList:0000007c $d
C:\Users\phamt\AppData\Local\Temp\cc0dBbJz.s:1130   .text.prvProcessReceivedCommands:00000000 $t
C:\Users\phamt\AppData\Local\Temp\cc0dBbJz.s:1208   .text.prvProcessReceivedCommands:00000084 $d
C:\Users\phamt\AppData\Local\Temp\cc0dBbJz.s:1217   .text.prvProcessReceivedCommands:000000a8 $t
C:\Users\phamt\AppData\Local\Temp\cc0dBbJz.s:1347   .text.prvProcessReceivedCommands:000001bc $d
C:\Users\phamt\AppData\Local\Temp\cc0dBbJz.s:1350   .text.prvSwitchTimerLists:00000000 $t
C:\Users\phamt\AppData\Local\Temp\cc0dBbJz.s:1395   .text.prvSwitchTimerLists:00000044 $d
C:\Users\phamt\AppData\Local\Temp\cc0dBbJz.s:1403   .text.prvCheckForValidListAndQueue:00000000 $t
C:\Users\phamt\AppData\Local\Temp\cc0dBbJz.s:1451   .text.prvCheckForValidListAndQueue:00000054 $d
C:\Users\phamt\AppData\Local\Temp\cc0dBbJz.s:1459   .text.xTimerIsTimerActive:00000000 $t
C:\Users\phamt\AppData\Local\Temp\cc0dBbJz.s:1465   .text.xTimerIsTimerActive:00000000 xTimerIsTimerActive
C:\Users\phamt\AppData\Local\Temp\cc0dBbJz.s:1514   .text.pvTimerGetTimerID:00000000 $t
C:\Users\phamt\AppData\Local\Temp\cc0dBbJz.s:1520   .text.pvTimerGetTimerID:00000000 pvTimerGetTimerID
C:\Users\phamt\AppData\Local\Temp\cc0dBbJz.s:1560   .text.vTimerSetTimerID:00000000 $t
C:\Users\phamt\AppData\Local\Temp\cc0dBbJz.s:1566   .text.vTimerSetTimerID:00000000 vTimerSetTimerID
C:\Users\phamt\AppData\Local\Temp\cc0dBbJz.s:1606   .text.xTimerPendFunctionCallFromISR:00000000 $t
C:\Users\phamt\AppData\Local\Temp\cc0dBbJz.s:1612   .text.xTimerPendFunctionCallFromISR:00000000 xTimerPendFunctionCallFromISR
C:\Users\phamt\AppData\Local\Temp\cc0dBbJz.s:1646   .text.xTimerPendFunctionCallFromISR:0000003c $d
C:\Users\phamt\AppData\Local\Temp\cc0dBbJz.s:1649   .text.xTimerPendFunctionCall:00000000 $t
C:\Users\phamt\AppData\Local\Temp\cc0dBbJz.s:1655   .text.xTimerPendFunctionCall:00000000 xTimerPendFunctionCall
C:\Users\phamt\AppData\Local\Temp\cc0dBbJz.s:1708   .text.xTimerPendFunctionCall:0000005c $d
C:\Users\phamt\AppData\Local\Temp\cc0dBbJz.s:1711   .text.uxTimerGetTimerNumber:00000000 $t
C:\Users\phamt\AppData\Local\Temp\cc0dBbJz.s:1717   .text.uxTimerGetTimerNumber:00000000 uxTimerGetTimerNumber
C:\Users\phamt\AppData\Local\Temp\cc0dBbJz.s:1735   .text.vTimerSetTimerNumber:00000000 $t
C:\Users\phamt\AppData\Local\Temp\cc0dBbJz.s:1741   .text.vTimerSetTimerNumber:00000000 vTimerSetTimerNumber
C:\Users\phamt\AppData\Local\Temp\cc0dBbJz.s:1761   .text.vTimerResetState:00000000 $t
C:\Users\phamt\AppData\Local\Temp\cc0dBbJz.s:1767   .text.vTimerResetState:00000000 vTimerResetState
C:\Users\phamt\AppData\Local\Temp\cc0dBbJz.s:1787   .text.vTimerResetState:0000001c $d
C:\Users\phamt\AppData\Local\Temp\cc0dBbJz.s:1791   .bss.xLastTime.0:00000000 $d

UNDEFINED SYMBOLS
xTaskCreate
pvPortMalloc
vListInitialiseItem
xTaskGetSchedulerState
xQueueGenericSend
xQueueGenericSendFromISR
vPortEnterCritical
vPortExitCritical
uxListRemove
vTaskSuspendAll
xTaskResumeAll
vQueueWaitForMessageRestricted
xTaskGetTickCount
vListInsert
vPortFree
xQueueReceive
vListInitialise
xQueueGenericCreate
ARM GAS  C:\Users\phamt\AppData\Local\Temp\cc0dBbJz.s 			page 34


vQueueAddToRegistry
