ARM GAS  C:\Users\phamt\AppData\Local\Temp\ccn5HcJo.s 			page 1


   1              		.cpu cortex-m4
   2              		.arch armv7e-m
   3              		.fpu fpv4-sp-d16
   4              		.eabi_attribute 27, 1
   5              		.eabi_attribute 28, 1
   6              		.eabi_attribute 20, 1
   7              		.eabi_attribute 21, 1
   8              		.eabi_attribute 23, 3
   9              		.eabi_attribute 24, 1
  10              		.eabi_attribute 25, 1
  11              		.eabi_attribute 26, 1
  12              		.eabi_attribute 30, 6
  13              		.eabi_attribute 34, 1
  14              		.eabi_attribute 18, 4
  15              		.file	"uart.c"
  16              		.text
  17              		.section	.text.__NVIC_EnableIRQ,"ax",%progbits
  18              		.align	1
  19              		.syntax unified
  20              		.thumb
  21              		.thumb_func
  23              	__NVIC_EnableIRQ:
  24              		@ args = 0, pretend = 0, frame = 8
  25              		@ frame_needed = 1, uses_anonymous_args = 0
  26              		@ link register save eliminated.
  27 0000 80B4     		push	{r7}
  28 0002 83B0     		sub	sp, sp, #12
  29 0004 00AF     		add	r7, sp, #0
  30 0006 0346     		mov	r3, r0
  31 0008 FB71     		strb	r3, [r7, #7]
  32 000a 97F90730 		ldrsb	r3, [r7, #7]
  33 000e 002B     		cmp	r3, #0
  34 0010 0BDB     		blt	.L3
  35 0012 FB79     		ldrb	r3, [r7, #7]	@ zero_extendqisi2
  36 0014 03F01F02 		and	r2, r3, #31
  37 0018 0749     		ldr	r1, .L4
  38 001a 97F90730 		ldrsb	r3, [r7, #7]
  39 001e 5B09     		lsrs	r3, r3, #5
  40 0020 0120     		movs	r0, #1
  41 0022 00FA02F2 		lsl	r2, r0, r2
  42 0026 41F82320 		str	r2, [r1, r3, lsl #2]
  43              	.L3:
  44 002a 00BF     		nop
  45 002c 0C37     		adds	r7, r7, #12
  46 002e BD46     		mov	sp, r7
  47              		@ sp needed
  48 0030 5DF8047B 		ldr	r7, [sp], #4
  49 0034 7047     		bx	lr
  50              	.L5:
  51 0036 00BF     		.align	2
  52              	.L4:
  53 0038 00E100E0 		.word	-536813312
  55              		.section	.text.__NVIC_SetPriority,"ax",%progbits
  56              		.align	1
  57              		.syntax unified
  58              		.thumb
  59              		.thumb_func
ARM GAS  C:\Users\phamt\AppData\Local\Temp\ccn5HcJo.s 			page 2


  61              	__NVIC_SetPriority:
  62              		@ args = 0, pretend = 0, frame = 8
  63              		@ frame_needed = 1, uses_anonymous_args = 0
  64              		@ link register save eliminated.
  65 0000 80B4     		push	{r7}
  66 0002 83B0     		sub	sp, sp, #12
  67 0004 00AF     		add	r7, sp, #0
  68 0006 0346     		mov	r3, r0
  69 0008 3960     		str	r1, [r7]
  70 000a FB71     		strb	r3, [r7, #7]
  71 000c 97F90730 		ldrsb	r3, [r7, #7]
  72 0010 002B     		cmp	r3, #0
  73 0012 0ADB     		blt	.L7
  74 0014 3B68     		ldr	r3, [r7]
  75 0016 DAB2     		uxtb	r2, r3
  76 0018 0C49     		ldr	r1, .L10
  77 001a 97F90730 		ldrsb	r3, [r7, #7]
  78 001e 1201     		lsls	r2, r2, #4
  79 0020 D2B2     		uxtb	r2, r2
  80 0022 0B44     		add	r3, r3, r1
  81 0024 83F80023 		strb	r2, [r3, #768]
  82 0028 0AE0     		b	.L9
  83              	.L7:
  84 002a 3B68     		ldr	r3, [r7]
  85 002c DAB2     		uxtb	r2, r3
  86 002e 0849     		ldr	r1, .L10+4
  87 0030 FB79     		ldrb	r3, [r7, #7]	@ zero_extendqisi2
  88 0032 03F00F03 		and	r3, r3, #15
  89 0036 043B     		subs	r3, r3, #4
  90 0038 1201     		lsls	r2, r2, #4
  91 003a D2B2     		uxtb	r2, r2
  92 003c 0B44     		add	r3, r3, r1
  93 003e 1A76     		strb	r2, [r3, #24]
  94              	.L9:
  95 0040 00BF     		nop
  96 0042 0C37     		adds	r7, r7, #12
  97 0044 BD46     		mov	sp, r7
  98              		@ sp needed
  99 0046 5DF8047B 		ldr	r7, [sp], #4
 100 004a 7047     		bx	lr
 101              	.L11:
 102              		.align	2
 103              	.L10:
 104 004c 00E100E0 		.word	-536813312
 105 0050 00ED00E0 		.word	-536810240
 107              		.section	.text.NVIC_EncodePriority,"ax",%progbits
 108              		.align	1
 109              		.syntax unified
 110              		.thumb
 111              		.thumb_func
 113              	NVIC_EncodePriority:
 114              		@ args = 0, pretend = 0, frame = 32
 115              		@ frame_needed = 1, uses_anonymous_args = 0
 116              		@ link register save eliminated.
 117 0000 80B4     		push	{r7}
 118 0002 89B0     		sub	sp, sp, #36
 119 0004 00AF     		add	r7, sp, #0
ARM GAS  C:\Users\phamt\AppData\Local\Temp\ccn5HcJo.s 			page 3


 120 0006 F860     		str	r0, [r7, #12]
 121 0008 B960     		str	r1, [r7, #8]
 122 000a 7A60     		str	r2, [r7, #4]
 123 000c FB68     		ldr	r3, [r7, #12]
 124 000e 03F00703 		and	r3, r3, #7
 125 0012 FB61     		str	r3, [r7, #28]
 126 0014 FB69     		ldr	r3, [r7, #28]
 127 0016 C3F10703 		rsb	r3, r3, #7
 128 001a 042B     		cmp	r3, #4
 129 001c 28BF     		it	cs
 130 001e 0423     		movcs	r3, #4
 131 0020 BB61     		str	r3, [r7, #24]
 132 0022 FB69     		ldr	r3, [r7, #28]
 133 0024 0433     		adds	r3, r3, #4
 134 0026 062B     		cmp	r3, #6
 135 0028 02D9     		bls	.L13
 136 002a FB69     		ldr	r3, [r7, #28]
 137 002c 033B     		subs	r3, r3, #3
 138 002e 00E0     		b	.L14
 139              	.L13:
 140 0030 0023     		movs	r3, #0
 141              	.L14:
 142 0032 7B61     		str	r3, [r7, #20]
 143 0034 4FF0FF32 		mov	r2, #-1
 144 0038 BB69     		ldr	r3, [r7, #24]
 145 003a 02FA03F3 		lsl	r3, r2, r3
 146 003e DA43     		mvns	r2, r3
 147 0040 BB68     		ldr	r3, [r7, #8]
 148 0042 1A40     		ands	r2, r2, r3
 149 0044 7B69     		ldr	r3, [r7, #20]
 150 0046 9A40     		lsls	r2, r2, r3
 151 0048 4FF0FF31 		mov	r1, #-1
 152 004c 7B69     		ldr	r3, [r7, #20]
 153 004e 01FA03F3 		lsl	r3, r1, r3
 154 0052 D943     		mvns	r1, r3
 155 0054 7B68     		ldr	r3, [r7, #4]
 156 0056 0B40     		ands	r3, r3, r1
 157 0058 1343     		orrs	r3, r3, r2
 158 005a 1846     		mov	r0, r3
 159 005c 2437     		adds	r7, r7, #36
 160 005e BD46     		mov	sp, r7
 161              		@ sp needed
 162 0060 5DF8047B 		ldr	r7, [sp], #4
 163 0064 7047     		bx	lr
 165              		.global	buff_rx_it
 166              		.section	.bss.buff_rx_it,"aw",%nobits
 167              		.align	2
 170              	buff_rx_it:
 171 0000 00000000 		.space	96
 171      00000000 
 171      00000000 
 171      00000000 
 171      00000000 
 172              		.global	_posdata
 173              		.section	.bss._posdata,"aw",%nobits
 174              		.align	2
 177              	_posdata:
ARM GAS  C:\Users\phamt\AppData\Local\Temp\ccn5HcJo.s 			page 4


 178 0000 00000000 		.space	6
 178      0000
 179              		.section	.text.USART1_Init,"ax",%progbits
 180              		.align	1
 181              		.global	USART1_Init
 182              		.syntax unified
 183              		.thumb
 184              		.thumb_func
 186              	USART1_Init:
 187              		@ args = 0, pretend = 0, frame = 8
 188              		@ frame_needed = 1, uses_anonymous_args = 0
 189 0000 80B5     		push	{r7, lr}
 190 0002 82B0     		sub	sp, sp, #8
 191 0004 00AF     		add	r7, sp, #0
 192 0006 0023     		movs	r3, #0
 193 0008 7B60     		str	r3, [r7, #4]
 194 000a 0022     		movs	r2, #0
 195 000c 0521     		movs	r1, #5
 196 000e 7868     		ldr	r0, [r7, #4]
 197 0010 FFF7FEFF 		bl	NVIC_EncodePriority
 198 0014 0346     		mov	r3, r0
 199 0016 1946     		mov	r1, r3
 200 0018 2520     		movs	r0, #37
 201 001a FFF7FEFF 		bl	__NVIC_SetPriority
 202 001e 2520     		movs	r0, #37
 203 0020 FFF7FEFF 		bl	__NVIC_EnableIRQ
 204 0024 454B     		ldr	r3, .L21
 205 0026 DB68     		ldr	r3, [r3, #12]
 206 0028 444A     		ldr	r2, .L21
 207 002a 23F40053 		bic	r3, r3, #8192
 208 002e D360     		str	r3, [r2, #12]
 209 0030 424B     		ldr	r3, .L21
 210 0032 1B69     		ldr	r3, [r3, #16]
 211 0034 414A     		ldr	r2, .L21
 212 0036 23F44053 		bic	r3, r3, #12288
 213 003a 1361     		str	r3, [r2, #16]
 214 003c 3F4B     		ldr	r3, .L21
 215 003e DB68     		ldr	r3, [r3, #12]
 216 0040 3E4A     		ldr	r2, .L21
 217 0042 23F40043 		bic	r3, r3, #32768
 218 0046 D360     		str	r3, [r2, #12]
 219 0048 3C4B     		ldr	r3, .L21
 220 004a DB68     		ldr	r3, [r3, #12]
 221 004c 3B4A     		ldr	r2, .L21
 222 004e 23F48053 		bic	r3, r3, #4096
 223 0052 D360     		str	r3, [r2, #12]
 224 0054 394B     		ldr	r3, .L21
 225 0056 DB68     		ldr	r3, [r3, #12]
 226 0058 384A     		ldr	r2, .L21
 227 005a 23F48063 		bic	r3, r3, #1024
 228 005e D360     		str	r3, [r2, #12]
 229 0060 364B     		ldr	r3, .L21
 230 0062 DB68     		ldr	r3, [r3, #12]
 231 0064 354A     		ldr	r2, .L21
 232 0066 43F00803 		orr	r3, r3, #8
 233 006a D360     		str	r3, [r2, #12]
 234 006c 334B     		ldr	r3, .L21
ARM GAS  C:\Users\phamt\AppData\Local\Temp\ccn5HcJo.s 			page 5


 235 006e DB68     		ldr	r3, [r3, #12]
 236 0070 324A     		ldr	r2, .L21
 237 0072 43F00403 		orr	r3, r3, #4
 238 0076 D360     		str	r3, [r2, #12]
 239 0078 304B     		ldr	r3, .L21
 240 007a 5B69     		ldr	r3, [r3, #20]
 241 007c 2F4A     		ldr	r2, .L21
 242 007e 23F44073 		bic	r3, r3, #768
 243 0082 5361     		str	r3, [r2, #20]
 244 0084 2D4B     		ldr	r3, .L21
 245 0086 40F2D922 		movw	r2, #729
 246 008a 9A60     		str	r2, [r3, #8]
 247 008c 2B4B     		ldr	r3, .L21
 248 008e 1B69     		ldr	r3, [r3, #16]
 249 0090 2A4A     		ldr	r2, .L21
 250 0092 23F49043 		bic	r3, r3, #18432
 251 0096 1361     		str	r3, [r2, #16]
 252 0098 284B     		ldr	r3, .L21
 253 009a 5B69     		ldr	r3, [r3, #20]
 254 009c 274A     		ldr	r2, .L21
 255 009e 23F02A03 		bic	r3, r3, #42
 256 00a2 5361     		str	r3, [r2, #20]
 257 00a4 254B     		ldr	r3, .L21
 258 00a6 5B69     		ldr	r3, [r3, #20]
 259 00a8 244A     		ldr	r2, .L21
 260 00aa 43F04003 		orr	r3, r3, #64
 261 00ae 5361     		str	r3, [r2, #20]
 262 00b0 234B     		ldr	r3, .L21+4
 263 00b2 1B6B     		ldr	r3, [r3, #48]
 264 00b4 224A     		ldr	r2, .L21+4
 265 00b6 43F48003 		orr	r3, r3, #4194304
 266 00ba 1363     		str	r3, [r2, #48]
 267 00bc 214B     		ldr	r3, .L21+8
 268 00be 0022     		movs	r2, #0
 269 00c0 1A60     		str	r2, [r3]
 270 00c2 FFF7FEFF 		bl	Get_Tick
 271 00c6 3860     		str	r0, [r7]
 272 00c8 07E0     		b	.L17
 273              	.L19:
 274 00ca FFF7FEFF 		bl	Get_Tick
 275 00ce 0246     		mov	r2, r0
 276 00d0 3B68     		ldr	r3, [r7]
 277 00d2 D31A     		subs	r3, r2, r3
 278 00d4 B3F57A7F 		cmp	r3, #1000
 279 00d8 06D8     		bhi	.L20
 280              	.L17:
 281 00da 1A4B     		ldr	r3, .L21+8
 282 00dc 1B68     		ldr	r3, [r3]
 283 00de 03F00103 		and	r3, r3, #1
 284 00e2 002B     		cmp	r3, #0
 285 00e4 F1D1     		bne	.L19
 286 00e6 00E0     		b	.L18
 287              	.L20:
 288 00e8 00BF     		nop
 289              	.L18:
 290 00ea 164B     		ldr	r3, .L21+8
 291 00ec 1B68     		ldr	r3, [r3]
ARM GAS  C:\Users\phamt\AppData\Local\Temp\ccn5HcJo.s 			page 6


 292 00ee 154A     		ldr	r2, .L21+8
 293 00f0 43F4A063 		orr	r3, r3, #1280
 294 00f4 1360     		str	r3, [r2]
 295 00f6 134B     		ldr	r3, .L21+8
 296 00f8 1B68     		ldr	r3, [r3]
 297 00fa 124A     		ldr	r2, .L21+8
 298 00fc 43F00063 		orr	r3, r3, #134217728
 299 0100 1360     		str	r3, [r2]
 300 0102 104B     		ldr	r3, .L21+8
 301 0104 1B68     		ldr	r3, [r3]
 302 0106 0F4A     		ldr	r2, .L21+8
 303 0108 43F44033 		orr	r3, r3, #196608
 304 010c 1360     		str	r3, [r2]
 305 010e 0022     		movs	r2, #0
 306 0110 0521     		movs	r1, #5
 307 0112 7868     		ldr	r0, [r7, #4]
 308 0114 FFF7FEFF 		bl	NVIC_EncodePriority
 309 0118 0346     		mov	r3, r0
 310 011a 1946     		mov	r1, r3
 311 011c 3A20     		movs	r0, #58
 312 011e FFF7FEFF 		bl	__NVIC_SetPriority
 313 0122 3A20     		movs	r0, #58
 314 0124 FFF7FEFF 		bl	__NVIC_EnableIRQ
 315 0128 044B     		ldr	r3, .L21
 316 012a DB68     		ldr	r3, [r3, #12]
 317 012c 034A     		ldr	r2, .L21
 318 012e 43F40053 		orr	r3, r3, #8192
 319 0132 D360     		str	r3, [r2, #12]
 320 0134 00BF     		nop
 321 0136 0837     		adds	r7, r7, #8
 322 0138 BD46     		mov	sp, r7
 323              		@ sp needed
 324 013a 80BD     		pop	{r7, pc}
 325              	.L22:
 326              		.align	2
 327              	.L21:
 328 013c 00100140 		.word	1073811456
 329 0140 00380240 		.word	1073887232
 330 0144 40640240 		.word	1073898560
 332              		.section	.text.Usart_Send_Char,"ax",%progbits
 333              		.align	1
 334              		.global	Usart_Send_Char
 335              		.syntax unified
 336              		.thumb
 337              		.thumb_func
 339              	Usart_Send_Char:
 340              		@ args = 0, pretend = 0, frame = 8
 341              		@ frame_needed = 1, uses_anonymous_args = 0
 342              		@ link register save eliminated.
 343 0000 80B4     		push	{r7}
 344 0002 83B0     		sub	sp, sp, #12
 345 0004 00AF     		add	r7, sp, #0
 346 0006 0346     		mov	r3, r0
 347 0008 FB71     		strb	r3, [r7, #7]
 348 000a 00BF     		nop
 349              	.L24:
 350 000c 0B4B     		ldr	r3, .L26
ARM GAS  C:\Users\phamt\AppData\Local\Temp\ccn5HcJo.s 			page 7


 351 000e 1B68     		ldr	r3, [r3]
 352 0010 03F08003 		and	r3, r3, #128
 353 0014 002B     		cmp	r3, #0
 354 0016 F9D0     		beq	.L24
 355 0018 084A     		ldr	r2, .L26
 356 001a FB79     		ldrb	r3, [r7, #7]	@ zero_extendqisi2
 357 001c 5360     		str	r3, [r2, #4]
 358 001e 00BF     		nop
 359              	.L25:
 360 0020 064B     		ldr	r3, .L26
 361 0022 1B68     		ldr	r3, [r3]
 362 0024 03F08003 		and	r3, r3, #128
 363 0028 002B     		cmp	r3, #0
 364 002a F9D0     		beq	.L25
 365 002c 00BF     		nop
 366 002e 00BF     		nop
 367 0030 0C37     		adds	r7, r7, #12
 368 0032 BD46     		mov	sp, r7
 369              		@ sp needed
 370 0034 5DF8047B 		ldr	r7, [sp], #4
 371 0038 7047     		bx	lr
 372              	.L27:
 373 003a 00BF     		.align	2
 374              	.L26:
 375 003c 00100140 		.word	1073811456
 377              		.section	.text.Usart_Send_String,"ax",%progbits
 378              		.align	1
 379              		.global	Usart_Send_String
 380              		.syntax unified
 381              		.thumb
 382              		.thumb_func
 384              	Usart_Send_String:
 385              		@ args = 0, pretend = 0, frame = 16
 386              		@ frame_needed = 1, uses_anonymous_args = 0
 387 0000 80B5     		push	{r7, lr}
 388 0002 84B0     		sub	sp, sp, #16
 389 0004 00AF     		add	r7, sp, #0
 390 0006 7860     		str	r0, [r7, #4]
 391 0008 0023     		movs	r3, #0
 392 000a FB81     		strh	r3, [r7, #14]	@ movhi
 393 000c 09E0     		b	.L29
 394              	.L30:
 395 000e FB89     		ldrh	r3, [r7, #14]
 396 0010 7A68     		ldr	r2, [r7, #4]
 397 0012 1344     		add	r3, r3, r2
 398 0014 1B78     		ldrb	r3, [r3]	@ zero_extendqisi2
 399 0016 1846     		mov	r0, r3
 400 0018 FFF7FEFF 		bl	Usart_Send_Char
 401 001c FB89     		ldrh	r3, [r7, #14]
 402 001e 0133     		adds	r3, r3, #1
 403 0020 FB81     		strh	r3, [r7, #14]	@ movhi
 404              	.L29:
 405 0022 FB89     		ldrh	r3, [r7, #14]
 406 0024 7A68     		ldr	r2, [r7, #4]
 407 0026 1344     		add	r3, r3, r2
 408 0028 1B78     		ldrb	r3, [r3]	@ zero_extendqisi2
 409 002a 002B     		cmp	r3, #0
ARM GAS  C:\Users\phamt\AppData\Local\Temp\ccn5HcJo.s 			page 8


 410 002c EFD1     		bne	.L30
 411 002e 00BF     		nop
 412 0030 00BF     		nop
 413 0032 1037     		adds	r7, r7, #16
 414 0034 BD46     		mov	sp, r7
 415              		@ sp needed
 416 0036 80BD     		pop	{r7, pc}
 418              		.section	.text.Usart_Transmit,"ax",%progbits
 419              		.align	1
 420              		.global	Usart_Transmit
 421              		.syntax unified
 422              		.thumb
 423              		.thumb_func
 425              	Usart_Transmit:
 426              		@ args = 0, pretend = 0, frame = 24
 427              		@ frame_needed = 1, uses_anonymous_args = 0
 428 0000 80B5     		push	{r7, lr}
 429 0002 86B0     		sub	sp, sp, #24
 430 0004 00AF     		add	r7, sp, #0
 431 0006 F860     		str	r0, [r7, #12]
 432 0008 B960     		str	r1, [r7, #8]
 433 000a 7A60     		str	r2, [r7, #4]
 434 000c FFF7FEFF 		bl	Get_Tick
 435 0010 3861     		str	r0, [r7, #16]
 436 0012 0023     		movs	r3, #0
 437 0014 7B61     		str	r3, [r7, #20]
 438 0016 21E0     		b	.L32
 439              	.L38:
 440 0018 FFF7FEFF 		bl	Get_Tick
 441 001c 0246     		mov	r2, r0
 442 001e 3B69     		ldr	r3, [r7, #16]
 443 0020 D31A     		subs	r3, r2, r3
 444 0022 7A68     		ldr	r2, [r7, #4]
 445 0024 9A42     		cmp	r2, r3
 446 0026 1ED3     		bcc	.L39
 447 0028 07E0     		b	.L35
 448              	.L37:
 449 002a FFF7FEFF 		bl	Get_Tick
 450 002e 0246     		mov	r2, r0
 451 0030 3B69     		ldr	r3, [r7, #16]
 452 0032 D31A     		subs	r3, r2, r3
 453 0034 7A68     		ldr	r2, [r7, #4]
 454 0036 9A42     		cmp	r2, r3
 455 0038 06D3     		bcc	.L40
 456              	.L35:
 457 003a 0D4B     		ldr	r3, .L42
 458 003c 1B68     		ldr	r3, [r3]
 459 003e 03F08003 		and	r3, r3, #128
 460 0042 002B     		cmp	r3, #0
 461 0044 F1D0     		beq	.L37
 462 0046 00E0     		b	.L36
 463              	.L40:
 464 0048 00BF     		nop
 465              	.L36:
 466 004a FA68     		ldr	r2, [r7, #12]
 467 004c 7B69     		ldr	r3, [r7, #20]
 468 004e 1344     		add	r3, r3, r2
ARM GAS  C:\Users\phamt\AppData\Local\Temp\ccn5HcJo.s 			page 9


 469 0050 1A78     		ldrb	r2, [r3]	@ zero_extendqisi2
 470 0052 074B     		ldr	r3, .L42
 471 0054 5A60     		str	r2, [r3, #4]
 472 0056 7B69     		ldr	r3, [r7, #20]
 473 0058 0133     		adds	r3, r3, #1
 474 005a 7B61     		str	r3, [r7, #20]
 475              	.L32:
 476 005c 7A69     		ldr	r2, [r7, #20]
 477 005e BB68     		ldr	r3, [r7, #8]
 478 0060 9A42     		cmp	r2, r3
 479 0062 D9D3     		bcc	.L38
 480 0064 00E0     		b	.L41
 481              	.L39:
 482 0066 00BF     		nop
 483              	.L41:
 484 0068 00BF     		nop
 485 006a 1837     		adds	r7, r7, #24
 486 006c BD46     		mov	sp, r7
 487              		@ sp needed
 488 006e 80BD     		pop	{r7, pc}
 489              	.L43:
 490              		.align	2
 491              	.L42:
 492 0070 00100140 		.word	1073811456
 494              		.section	.text.ProcessNewData,"ax",%progbits
 495              		.align	1
 496              		.global	ProcessNewData
 497              		.syntax unified
 498              		.thumb
 499              		.thumb_func
 501              	ProcessNewData:
 502              		@ args = 0, pretend = 0, frame = 24
 503              		@ frame_needed = 1, uses_anonymous_args = 0
 504              		@ link register save eliminated.
 505 0000 80B4     		push	{r7}
 506 0002 87B0     		sub	sp, sp, #28
 507 0004 00AF     		add	r7, sp, #0
 508 0006 F860     		str	r0, [r7, #12]
 509 0008 0846     		mov	r0, r1
 510 000a 1146     		mov	r1, r2
 511 000c 1A46     		mov	r2, r3
 512 000e 0346     		mov	r3, r0	@ movhi
 513 0010 7B81     		strh	r3, [r7, #10]	@ movhi
 514 0012 0B46     		mov	r3, r1	@ movhi
 515 0014 3B81     		strh	r3, [r7, #8]	@ movhi
 516 0016 1346     		mov	r3, r2	@ movhi
 517 0018 FB80     		strh	r3, [r7, #6]	@ movhi
 518 001a 0023     		movs	r3, #0
 519 001c FB82     		strh	r3, [r7, #22]	@ movhi
 520 001e 19E0     		b	.L45
 521              	.L46:
 522 0020 3A89     		ldrh	r2, [r7, #8]
 523 0022 FB8A     		ldrh	r3, [r7, #22]
 524 0024 1344     		add	r3, r3, r2
 525 0026 1946     		mov	r1, r3
 526 0028 104B     		ldr	r3, .L48
 527 002a A3FB0123 		umull	r2, r3, r3, r1
ARM GAS  C:\Users\phamt\AppData\Local\Temp\ccn5HcJo.s 			page 10


 528 002e 9A09     		lsrs	r2, r3, #6
 529 0030 1346     		mov	r3, r2
 530 0032 5B00     		lsls	r3, r3, #1
 531 0034 1344     		add	r3, r3, r2
 532 0036 5B01     		lsls	r3, r3, #5
 533 0038 CA1A     		subs	r2, r1, r3
 534 003a 7B89     		ldrh	r3, [r7, #10]
 535 003c F968     		ldr	r1, [r7, #12]
 536 003e 0B44     		add	r3, r3, r1
 537 0040 0B49     		ldr	r1, .L48+4
 538 0042 8A5C     		ldrb	r2, [r1, r2]
 539 0044 D2B2     		uxtb	r2, r2
 540 0046 1A70     		strb	r2, [r3]
 541 0048 7B89     		ldrh	r3, [r7, #10]
 542 004a 0133     		adds	r3, r3, #1
 543 004c 7B81     		strh	r3, [r7, #10]	@ movhi
 544 004e FB8A     		ldrh	r3, [r7, #22]
 545 0050 0133     		adds	r3, r3, #1
 546 0052 FB82     		strh	r3, [r7, #22]	@ movhi
 547              	.L45:
 548 0054 FA8A     		ldrh	r2, [r7, #22]
 549 0056 FB88     		ldrh	r3, [r7, #6]
 550 0058 9A42     		cmp	r2, r3
 551 005a E1D3     		bcc	.L46
 552 005c 7B89     		ldrh	r3, [r7, #10]
 553 005e 1846     		mov	r0, r3
 554 0060 1C37     		adds	r7, r7, #28
 555 0062 BD46     		mov	sp, r7
 556              		@ sp needed
 557 0064 5DF8047B 		ldr	r7, [sp], #4
 558 0068 7047     		bx	lr
 559              	.L49:
 560 006a 00BF     		.align	2
 561              	.L48:
 562 006c ABAAAAAA 		.word	-1431655765
 563 0070 00000000 		.word	buff_rx_it
 565              		.section	.text.HandleDMAData,"ax",%progbits
 566              		.align	1
 567              		.global	HandleDMAData
 568              		.syntax unified
 569              		.thumb
 570              		.thumb_func
 572              	HandleDMAData:
 573              		@ args = 0, pretend = 0, frame = 24
 574              		@ frame_needed = 1, uses_anonymous_args = 0
 575 0000 80B5     		push	{r7, lr}
 576 0002 86B0     		sub	sp, sp, #24
 577 0004 00AF     		add	r7, sp, #0
 578 0006 F860     		str	r0, [r7, #12]
 579 0008 0846     		mov	r0, r1
 580 000a 1146     		mov	r1, r2
 581 000c 1A46     		mov	r2, r3
 582 000e 0346     		mov	r3, r0	@ movhi
 583 0010 7B81     		strh	r3, [r7, #10]	@ movhi
 584 0012 0B46     		mov	r3, r1	@ movhi
 585 0014 3B81     		strh	r3, [r7, #8]	@ movhi
 586 0016 1346     		mov	r3, r2	@ movhi
ARM GAS  C:\Users\phamt\AppData\Local\Temp\ccn5HcJo.s 			page 11


 587 0018 FB80     		strh	r3, [r7, #6]	@ movhi
 588 001a 3A89     		ldrh	r2, [r7, #8]
 589 001c 7B89     		ldrh	r3, [r7, #10]
 590 001e 9A42     		cmp	r2, r3
 591 0020 09D3     		bcc	.L51
 592 0022 3A89     		ldrh	r2, [r7, #8]	@ movhi
 593 0024 7B89     		ldrh	r3, [r7, #10]	@ movhi
 594 0026 D31A     		subs	r3, r2, r3
 595 0028 9BB2     		uxth	r3, r3
 596 002a 7A89     		ldrh	r2, [r7, #10]
 597 002c 0021     		movs	r1, #0
 598 002e F868     		ldr	r0, [r7, #12]
 599 0030 FFF7FEFF 		bl	ProcessNewData
 600 0034 10E0     		b	.L53
 601              	.L51:
 602 0036 FA88     		ldrh	r2, [r7, #6]	@ movhi
 603 0038 7B89     		ldrh	r3, [r7, #10]	@ movhi
 604 003a D31A     		subs	r3, r2, r3
 605 003c 9BB2     		uxth	r3, r3
 606 003e 7A89     		ldrh	r2, [r7, #10]
 607 0040 0021     		movs	r1, #0
 608 0042 F868     		ldr	r0, [r7, #12]
 609 0044 FFF7FEFF 		bl	ProcessNewData
 610 0048 0346     		mov	r3, r0
 611 004a FB82     		strh	r3, [r7, #22]	@ movhi
 612 004c 3B89     		ldrh	r3, [r7, #8]
 613 004e F98A     		ldrh	r1, [r7, #22]
 614 0050 0022     		movs	r2, #0
 615 0052 F868     		ldr	r0, [r7, #12]
 616 0054 FFF7FEFF 		bl	ProcessNewData
 617              	.L53:
 618 0058 00BF     		nop
 619 005a 1837     		adds	r7, r7, #24
 620 005c BD46     		mov	sp, r7
 621              		@ sp needed
 622 005e 80BD     		pop	{r7, pc}
 624              		.section	.text.GetFromBuff_DMA,"ax",%progbits
 625              		.align	1
 626              		.global	GetFromBuff_DMA
 627              		.syntax unified
 628              		.thumb
 629              		.thumb_func
 631              	GetFromBuff_DMA:
 632              		@ args = 0, pretend = 0, frame = 16
 633              		@ frame_needed = 1, uses_anonymous_args = 0
 634 0000 80B5     		push	{r7, lr}
 635 0002 84B0     		sub	sp, sp, #16
 636 0004 00AF     		add	r7, sp, #0
 637 0006 7860     		str	r0, [r7, #4]
 638 0008 1A4B     		ldr	r3, .L59
 639 000a 5B68     		ldr	r3, [r3, #4]
 640 000c FB81     		strh	r3, [r7, #14]	@ movhi
 641 000e 1A4B     		ldr	r3, .L59+4
 642 0010 5B88     		ldrh	r3, [r3, #2]	@ movhi
 643 0012 9BB2     		uxth	r3, r3
 644 0014 5F2B     		cmp	r3, #95
 645 0016 09D9     		bls	.L55
ARM GAS  C:\Users\phamt\AppData\Local\Temp\ccn5HcJo.s 			page 12


 646 0018 174B     		ldr	r3, .L59+4
 647 001a 0022     		movs	r2, #0
 648 001c 1A80     		strh	r2, [r3]	@ movhi
 649 001e FB89     		ldrh	r3, [r7, #14]	@ movhi
 650 0020 C3F16003 		rsb	r3, r3, #96
 651 0024 9AB2     		uxth	r2, r3
 652 0026 144B     		ldr	r3, .L59+4
 653 0028 5A80     		strh	r2, [r3, #2]	@ movhi
 654 002a 0AE0     		b	.L56
 655              	.L55:
 656 002c 124B     		ldr	r3, .L59+4
 657 002e 5B88     		ldrh	r3, [r3, #2]	@ movhi
 658 0030 9AB2     		uxth	r2, r3
 659 0032 114B     		ldr	r3, .L59+4
 660 0034 1A80     		strh	r2, [r3]	@ movhi
 661 0036 FB89     		ldrh	r3, [r7, #14]	@ movhi
 662 0038 C3F16003 		rsb	r3, r3, #96
 663 003c 9AB2     		uxth	r2, r3
 664 003e 0E4B     		ldr	r3, .L59+4
 665 0040 5A80     		strh	r2, [r3, #2]	@ movhi
 666              	.L56:
 667 0042 0D4B     		ldr	r3, .L59+4
 668 0044 1B88     		ldrh	r3, [r3]	@ movhi
 669 0046 9AB2     		uxth	r2, r3
 670 0048 0B4B     		ldr	r3, .L59+4
 671 004a 5B88     		ldrh	r3, [r3, #2]	@ movhi
 672 004c 9BB2     		uxth	r3, r3
 673 004e 9A42     		cmp	r2, r3
 674 0050 01D1     		bne	.L57
 675 0052 0023     		movs	r3, #0
 676 0054 0AE0     		b	.L58
 677              	.L57:
 678 0056 084B     		ldr	r3, .L59+4
 679 0058 1B88     		ldrh	r3, [r3]	@ movhi
 680 005a 99B2     		uxth	r1, r3
 681 005c 064B     		ldr	r3, .L59+4
 682 005e 5B88     		ldrh	r3, [r3, #2]	@ movhi
 683 0060 9AB2     		uxth	r2, r3
 684 0062 6023     		movs	r3, #96
 685 0064 7868     		ldr	r0, [r7, #4]
 686 0066 FFF7FEFF 		bl	HandleDMAData
 687 006a 0123     		movs	r3, #1
 688              	.L58:
 689 006c 1846     		mov	r0, r3
 690 006e 1037     		adds	r7, r7, #16
 691 0070 BD46     		mov	sp, r7
 692              		@ sp needed
 693 0072 80BD     		pop	{r7, pc}
 694              	.L60:
 695              		.align	2
 696              	.L59:
 697 0074 40640240 		.word	1073898560
 698 0078 00000000 		.word	_posdata
 700              		.section	.text.Uart1_Cancel_DMA2_Stream2,"ax",%progbits
 701              		.align	1
 702              		.global	Uart1_Cancel_DMA2_Stream2
 703              		.syntax unified
ARM GAS  C:\Users\phamt\AppData\Local\Temp\ccn5HcJo.s 			page 13


 704              		.thumb
 705              		.thumb_func
 707              	Uart1_Cancel_DMA2_Stream2:
 708              		@ args = 0, pretend = 0, frame = 8
 709              		@ frame_needed = 1, uses_anonymous_args = 0
 710 0000 80B5     		push	{r7, lr}
 711 0002 82B0     		sub	sp, sp, #8
 712 0004 00AF     		add	r7, sp, #0
 713 0006 FFF7FEFF 		bl	Get_Tick
 714 000a 7860     		str	r0, [r7, #4]
 715 000c 164B     		ldr	r3, .L67
 716 000e 1B68     		ldr	r3, [r3]
 717 0010 154A     		ldr	r2, .L67
 718 0012 23F01E03 		bic	r3, r3, #30
 719 0016 1360     		str	r3, [r2]
 720 0018 134B     		ldr	r3, .L67
 721 001a 5B69     		ldr	r3, [r3, #20]
 722 001c 124A     		ldr	r2, .L67
 723 001e 23F08003 		bic	r3, r3, #128
 724 0022 5361     		str	r3, [r2, #20]
 725 0024 114B     		ldr	r3, .L67+4
 726 0026 9B68     		ldr	r3, [r3, #8]
 727 0028 104A     		ldr	r2, .L67+4
 728 002a 43F47C13 		orr	r3, r3, #4128768
 729 002e 9360     		str	r3, [r2, #8]
 730 0030 0D4B     		ldr	r3, .L67
 731 0032 1B68     		ldr	r3, [r3]
 732 0034 0C4A     		ldr	r2, .L67
 733 0036 23F00103 		bic	r3, r3, #1
 734 003a 1360     		str	r3, [r2]
 735 003c 07E0     		b	.L62
 736              	.L64:
 737 003e FFF7FEFF 		bl	Get_Tick
 738 0042 0246     		mov	r2, r0
 739 0044 7B68     		ldr	r3, [r7, #4]
 740 0046 D31A     		subs	r3, r2, r3
 741 0048 B3F57A7F 		cmp	r3, #1000
 742 004c 06D8     		bhi	.L65
 743              	.L62:
 744 004e 064B     		ldr	r3, .L67
 745 0050 1B68     		ldr	r3, [r3]
 746 0052 03F00103 		and	r3, r3, #1
 747 0056 002B     		cmp	r3, #0
 748 0058 F1D1     		bne	.L64
 749 005a 00E0     		b	.L66
 750              	.L65:
 751 005c 00BF     		nop
 752              	.L66:
 753 005e 00BF     		nop
 754 0060 0837     		adds	r7, r7, #8
 755 0062 BD46     		mov	sp, r7
 756              		@ sp needed
 757 0064 80BD     		pop	{r7, pc}
 758              	.L68:
 759 0066 00BF     		.align	2
 760              	.L67:
 761 0068 40640240 		.word	1073898560
ARM GAS  C:\Users\phamt\AppData\Local\Temp\ccn5HcJo.s 			page 14


 762 006c 00640240 		.word	1073898496
 764              		.section	.text.Uart1_Transmit_DMA,"ax",%progbits
 765              		.align	1
 766              		.global	Uart1_Transmit_DMA
 767              		.syntax unified
 768              		.thumb
 769              		.thumb_func
 771              	Uart1_Transmit_DMA:
 772              		@ args = 0, pretend = 0, frame = 16
 773              		@ frame_needed = 1, uses_anonymous_args = 0
 774              		@ link register save eliminated.
 775 0000 80B4     		push	{r7}
 776 0002 85B0     		sub	sp, sp, #20
 777 0004 00AF     		add	r7, sp, #0
 778 0006 7860     		str	r0, [r7, #4]
 779 0008 0B46     		mov	r3, r1
 780 000a FB70     		strb	r3, [r7, #3]
 781 000c 3B1D     		adds	r3, r7, #4
 782 000e FB60     		str	r3, [r7, #12]
 783 0010 0F4A     		ldr	r2, .L70
 784 0012 FB78     		ldrb	r3, [r7, #3]	@ zero_extendqisi2
 785 0014 5360     		str	r3, [r2, #4]
 786 0016 0E4B     		ldr	r3, .L70
 787 0018 0E4A     		ldr	r2, .L70+4
 788 001a 9A60     		str	r2, [r3, #8]
 789 001c 0C4A     		ldr	r2, .L70
 790 001e FB68     		ldr	r3, [r7, #12]
 791 0020 1B68     		ldr	r3, [r3]
 792 0022 D360     		str	r3, [r2, #12]
 793 0024 0A4B     		ldr	r3, .L70
 794 0026 1B68     		ldr	r3, [r3]
 795 0028 094A     		ldr	r2, .L70
 796 002a 43F01803 		orr	r3, r3, #24
 797 002e 1360     		str	r3, [r2]
 798 0030 074B     		ldr	r3, .L70
 799 0032 1B68     		ldr	r3, [r3]
 800 0034 064A     		ldr	r2, .L70
 801 0036 43F00103 		orr	r3, r3, #1
 802 003a 1360     		str	r3, [r2]
 803 003c 064B     		ldr	r3, .L70+8
 804 003e 6FF04002 		mvn	r2, #64
 805 0042 1A60     		str	r2, [r3]
 806 0044 00BF     		nop
 807 0046 1437     		adds	r7, r7, #20
 808 0048 BD46     		mov	sp, r7
 809              		@ sp needed
 810 004a 5DF8047B 		ldr	r7, [sp], #4
 811 004e 7047     		bx	lr
 812              	.L71:
 813              		.align	2
 814              	.L70:
 815 0050 B8640240 		.word	1073898680
 816 0054 04100140 		.word	1073811460
 817 0058 00100140 		.word	1073811456
 819              		.section	.text.Uart1_Receive_DMA,"ax",%progbits
 820              		.align	1
 821              		.global	Uart1_Receive_DMA
ARM GAS  C:\Users\phamt\AppData\Local\Temp\ccn5HcJo.s 			page 15


 822              		.syntax unified
 823              		.thumb
 824              		.thumb_func
 826              	Uart1_Receive_DMA:
 827              		@ args = 0, pretend = 0, frame = 0
 828              		@ frame_needed = 1, uses_anonymous_args = 0
 829              		@ link register save eliminated.
 830 0000 80B4     		push	{r7}
 831 0002 00AF     		add	r7, sp, #0
 832 0004 0C4B     		ldr	r3, .L73
 833 0006 0D4A     		ldr	r2, .L73+4
 834 0008 9A60     		str	r2, [r3, #8]
 835 000a 0B4B     		ldr	r3, .L73
 836 000c 0C4A     		ldr	r2, .L73+8
 837 000e DA60     		str	r2, [r3, #12]
 838 0010 094B     		ldr	r3, .L73
 839 0012 6022     		movs	r2, #96
 840 0014 5A60     		str	r2, [r3, #4]
 841 0016 084B     		ldr	r3, .L73
 842 0018 1B68     		ldr	r3, [r3]
 843 001a 074A     		ldr	r2, .L73
 844 001c 43F01003 		orr	r3, r3, #16
 845 0020 1360     		str	r3, [r2]
 846 0022 054B     		ldr	r3, .L73
 847 0024 1B68     		ldr	r3, [r3]
 848 0026 044A     		ldr	r2, .L73
 849 0028 43F00103 		orr	r3, r3, #1
 850 002c 1360     		str	r3, [r2]
 851 002e 00BF     		nop
 852 0030 BD46     		mov	sp, r7
 853              		@ sp needed
 854 0032 5DF8047B 		ldr	r7, [sp], #4
 855 0036 7047     		bx	lr
 856              	.L74:
 857              		.align	2
 858              	.L73:
 859 0038 40640240 		.word	1073898560
 860 003c 04100140 		.word	1073811460
 861 0040 00000000 		.word	buff_rx_it
 863              		.section	.text.UART1_IRQHandlerRxCallback,"ax",%progbits
 864              		.align	1
 865              		.global	UART1_IRQHandlerRxCallback
 866              		.syntax unified
 867              		.thumb
 868              		.thumb_func
 870              	UART1_IRQHandlerRxCallback:
 871              		@ args = 0, pretend = 0, frame = 8
 872              		@ frame_needed = 1, uses_anonymous_args = 0
 873              		@ link register save eliminated.
 874 0000 80B4     		push	{r7}
 875 0002 83B0     		sub	sp, sp, #12
 876 0004 00AF     		add	r7, sp, #0
 877 0006 0A4B     		ldr	r3, .L78
 878 0008 1B68     		ldr	r3, [r3]
 879 000a 7B60     		str	r3, [r7, #4]
 880 000c 084B     		ldr	r3, .L78
 881 000e DB68     		ldr	r3, [r3, #12]
ARM GAS  C:\Users\phamt\AppData\Local\Temp\ccn5HcJo.s 			page 16


 882 0010 3B60     		str	r3, [r7]
 883 0012 7B68     		ldr	r3, [r7, #4]
 884 0014 03F02003 		and	r3, r3, #32
 885 0018 002B     		cmp	r3, #0
 886 001a 7B68     		ldr	r3, [r7, #4]
 887 001c 03F01003 		and	r3, r3, #16
 888 0020 002B     		cmp	r3, #0
 889 0022 00BF     		nop
 890 0024 0C37     		adds	r7, r7, #12
 891 0026 BD46     		mov	sp, r7
 892              		@ sp needed
 893 0028 5DF8047B 		ldr	r7, [sp], #4
 894 002c 7047     		bx	lr
 895              	.L79:
 896 002e 00BF     		.align	2
 897              	.L78:
 898 0030 00100140 		.word	1073811456
 900              		.section	.text.TranCompleteITCallback,"ax",%progbits
 901              		.align	1
 902              		.weak	TranCompleteITCallback
 903              		.syntax unified
 904              		.thumb
 905              		.thumb_func
 907              	TranCompleteITCallback:
 908              		@ args = 0, pretend = 0, frame = 0
 909              		@ frame_needed = 1, uses_anonymous_args = 0
 910              		@ link register save eliminated.
 911 0000 80B4     		push	{r7}
 912 0002 00AF     		add	r7, sp, #0
 913 0004 034B     		ldr	r3, .L81
 914 0006 0122     		movs	r2, #1
 915 0008 1A71     		strb	r2, [r3, #4]
 916 000a 00BF     		nop
 917 000c BD46     		mov	sp, r7
 918              		@ sp needed
 919 000e 5DF8047B 		ldr	r7, [sp], #4
 920 0012 7047     		bx	lr
 921              	.L82:
 922              		.align	2
 923              	.L81:
 924 0014 00000000 		.word	_posdata
 926              		.section	.text.UART1_DMA2_RX_IRQHandler,"ax",%progbits
 927              		.align	1
 928              		.weak	UART1_DMA2_RX_IRQHandler
 929              		.syntax unified
 930              		.thumb
 931              		.thumb_func
 933              	UART1_DMA2_RX_IRQHandler:
 934              		@ args = 0, pretend = 0, frame = 8
 935              		@ frame_needed = 1, uses_anonymous_args = 0
 936 0000 80B5     		push	{r7, lr}
 937 0002 82B0     		sub	sp, sp, #8
 938 0004 00AF     		add	r7, sp, #0
 939 0006 0F4B     		ldr	r3, .L87
 940 0008 1B68     		ldr	r3, [r3]
 941 000a 7B60     		str	r3, [r7, #4]
 942 000c 7B68     		ldr	r3, [r7, #4]
ARM GAS  C:\Users\phamt\AppData\Local\Temp\ccn5HcJo.s 			page 17


 943 000e 03F40013 		and	r3, r3, #2097152
 944 0012 002B     		cmp	r3, #0
 945 0014 07D0     		beq	.L84
 946 0016 0B4B     		ldr	r3, .L87
 947 0018 9B68     		ldr	r3, [r3, #8]
 948 001a 0A4A     		ldr	r2, .L87
 949 001c 43F47C13 		orr	r3, r3, #4128768
 950 0020 9360     		str	r3, [r2, #8]
 951 0022 FFF7FEFF 		bl	TranCompleteITCallback
 952              	.L84:
 953 0026 7B68     		ldr	r3, [r7, #4]
 954 0028 03F48013 		and	r3, r3, #1048576
 955 002c 002B     		cmp	r3, #0
 956 002e 05D0     		beq	.L86
 957 0030 044B     		ldr	r3, .L87
 958 0032 9B68     		ldr	r3, [r3, #8]
 959 0034 034A     		ldr	r2, .L87
 960 0036 43F48013 		orr	r3, r3, #1048576
 961 003a 9360     		str	r3, [r2, #8]
 962              	.L86:
 963 003c 00BF     		nop
 964 003e 0837     		adds	r7, r7, #8
 965 0040 BD46     		mov	sp, r7
 966              		@ sp needed
 967 0042 80BD     		pop	{r7, pc}
 968              	.L88:
 969              		.align	2
 970              	.L87:
 971 0044 00640240 		.word	1073898496
 973              		.ident	"GCC: (GNU Arm Embedded Toolchain 10.3-2021.10) 10.3.1 20210824 (release)"
ARM GAS  C:\Users\phamt\AppData\Local\Temp\ccn5HcJo.s 			page 18


DEFINED SYMBOLS
                            *ABS*:00000000 uart.c
C:\Users\phamt\AppData\Local\Temp\ccn5HcJo.s:18     .text.__NVIC_EnableIRQ:00000000 $t
C:\Users\phamt\AppData\Local\Temp\ccn5HcJo.s:23     .text.__NVIC_EnableIRQ:00000000 __NVIC_EnableIRQ
C:\Users\phamt\AppData\Local\Temp\ccn5HcJo.s:53     .text.__NVIC_EnableIRQ:00000038 $d
C:\Users\phamt\AppData\Local\Temp\ccn5HcJo.s:56     .text.__NVIC_SetPriority:00000000 $t
C:\Users\phamt\AppData\Local\Temp\ccn5HcJo.s:61     .text.__NVIC_SetPriority:00000000 __NVIC_SetPriority
C:\Users\phamt\AppData\Local\Temp\ccn5HcJo.s:104    .text.__NVIC_SetPriority:0000004c $d
C:\Users\phamt\AppData\Local\Temp\ccn5HcJo.s:108    .text.NVIC_EncodePriority:00000000 $t
C:\Users\phamt\AppData\Local\Temp\ccn5HcJo.s:113    .text.NVIC_EncodePriority:00000000 NVIC_EncodePriority
C:\Users\phamt\AppData\Local\Temp\ccn5HcJo.s:170    .bss.buff_rx_it:00000000 buff_rx_it
C:\Users\phamt\AppData\Local\Temp\ccn5HcJo.s:167    .bss.buff_rx_it:00000000 $d
C:\Users\phamt\AppData\Local\Temp\ccn5HcJo.s:177    .bss._posdata:00000000 _posdata
C:\Users\phamt\AppData\Local\Temp\ccn5HcJo.s:174    .bss._posdata:00000000 $d
C:\Users\phamt\AppData\Local\Temp\ccn5HcJo.s:180    .text.USART1_Init:00000000 $t
C:\Users\phamt\AppData\Local\Temp\ccn5HcJo.s:186    .text.USART1_Init:00000000 USART1_Init
C:\Users\phamt\AppData\Local\Temp\ccn5HcJo.s:328    .text.USART1_Init:0000013c $d
C:\Users\phamt\AppData\Local\Temp\ccn5HcJo.s:333    .text.Usart_Send_Char:00000000 $t
C:\Users\phamt\AppData\Local\Temp\ccn5HcJo.s:339    .text.Usart_Send_Char:00000000 Usart_Send_Char
C:\Users\phamt\AppData\Local\Temp\ccn5HcJo.s:375    .text.Usart_Send_Char:0000003c $d
C:\Users\phamt\AppData\Local\Temp\ccn5HcJo.s:378    .text.Usart_Send_String:00000000 $t
C:\Users\phamt\AppData\Local\Temp\ccn5HcJo.s:384    .text.Usart_Send_String:00000000 Usart_Send_String
C:\Users\phamt\AppData\Local\Temp\ccn5HcJo.s:419    .text.Usart_Transmit:00000000 $t
C:\Users\phamt\AppData\Local\Temp\ccn5HcJo.s:425    .text.Usart_Transmit:00000000 Usart_Transmit
C:\Users\phamt\AppData\Local\Temp\ccn5HcJo.s:492    .text.Usart_Transmit:00000070 $d
C:\Users\phamt\AppData\Local\Temp\ccn5HcJo.s:495    .text.ProcessNewData:00000000 $t
C:\Users\phamt\AppData\Local\Temp\ccn5HcJo.s:501    .text.ProcessNewData:00000000 ProcessNewData
C:\Users\phamt\AppData\Local\Temp\ccn5HcJo.s:562    .text.ProcessNewData:0000006c $d
C:\Users\phamt\AppData\Local\Temp\ccn5HcJo.s:566    .text.HandleDMAData:00000000 $t
C:\Users\phamt\AppData\Local\Temp\ccn5HcJo.s:572    .text.HandleDMAData:00000000 HandleDMAData
C:\Users\phamt\AppData\Local\Temp\ccn5HcJo.s:625    .text.GetFromBuff_DMA:00000000 $t
C:\Users\phamt\AppData\Local\Temp\ccn5HcJo.s:631    .text.GetFromBuff_DMA:00000000 GetFromBuff_DMA
C:\Users\phamt\AppData\Local\Temp\ccn5HcJo.s:697    .text.GetFromBuff_DMA:00000074 $d
C:\Users\phamt\AppData\Local\Temp\ccn5HcJo.s:701    .text.Uart1_Cancel_DMA2_Stream2:00000000 $t
C:\Users\phamt\AppData\Local\Temp\ccn5HcJo.s:707    .text.Uart1_Cancel_DMA2_Stream2:00000000 Uart1_Cancel_DMA2_Stream2
C:\Users\phamt\AppData\Local\Temp\ccn5HcJo.s:761    .text.Uart1_Cancel_DMA2_Stream2:00000068 $d
C:\Users\phamt\AppData\Local\Temp\ccn5HcJo.s:765    .text.Uart1_Transmit_DMA:00000000 $t
C:\Users\phamt\AppData\Local\Temp\ccn5HcJo.s:771    .text.Uart1_Transmit_DMA:00000000 Uart1_Transmit_DMA
C:\Users\phamt\AppData\Local\Temp\ccn5HcJo.s:815    .text.Uart1_Transmit_DMA:00000050 $d
C:\Users\phamt\AppData\Local\Temp\ccn5HcJo.s:820    .text.Uart1_Receive_DMA:00000000 $t
C:\Users\phamt\AppData\Local\Temp\ccn5HcJo.s:826    .text.Uart1_Receive_DMA:00000000 Uart1_Receive_DMA
C:\Users\phamt\AppData\Local\Temp\ccn5HcJo.s:859    .text.Uart1_Receive_DMA:00000038 $d
C:\Users\phamt\AppData\Local\Temp\ccn5HcJo.s:864    .text.UART1_IRQHandlerRxCallback:00000000 $t
C:\Users\phamt\AppData\Local\Temp\ccn5HcJo.s:870    .text.UART1_IRQHandlerRxCallback:00000000 UART1_IRQHandlerRxCallback
C:\Users\phamt\AppData\Local\Temp\ccn5HcJo.s:898    .text.UART1_IRQHandlerRxCallback:00000030 $d
C:\Users\phamt\AppData\Local\Temp\ccn5HcJo.s:901    .text.TranCompleteITCallback:00000000 $t
C:\Users\phamt\AppData\Local\Temp\ccn5HcJo.s:907    .text.TranCompleteITCallback:00000000 TranCompleteITCallback
C:\Users\phamt\AppData\Local\Temp\ccn5HcJo.s:924    .text.TranCompleteITCallback:00000014 $d
C:\Users\phamt\AppData\Local\Temp\ccn5HcJo.s:927    .text.UART1_DMA2_RX_IRQHandler:00000000 $t
C:\Users\phamt\AppData\Local\Temp\ccn5HcJo.s:933    .text.UART1_DMA2_RX_IRQHandler:00000000 UART1_DMA2_RX_IRQHandler
C:\Users\phamt\AppData\Local\Temp\ccn5HcJo.s:971    .text.UART1_DMA2_RX_IRQHandler:00000044 $d

UNDEFINED SYMBOLS
Get_Tick
